[0.013s] Invoking command in '/home/nkh/ROS2/CHAPT4/build/demo_cpp_service': AMENT_PREFIX_PATH=/home/nkh/ROS2/CHAPT4/install/chapt4_interfaces:${AMENT_PREFIX_PATH} CMAKE_PREFIX_PATH=/home/nkh/ROS2/CHAPT4/install/chapt4_interfaces:/opt/ros/humble LD_LIBRARY_PATH=/home/nkh/ROS2/CHAPT4/install/chapt4_interfaces/lib:${LD_LIBRARY_PATH} PYTHONPATH=/home/nkh/ROS2/CHAPT4/install/chapt4_interfaces/local/lib/python3.10/dist-packages:${PYTHONPATH} /usr/bin/cmake --build /home/nkh/ROS2/CHAPT4/build/demo_cpp_service -- -j8 -l8
[0.034s] [35m[1mConsolidate compiler generated dependencies of target partol_client[0m
[0.039s] [ 50%] Built target turtle_control
[0.043s] [100%] Built target partol_client
[0.141s] Invoked command in '/home/nkh/ROS2/CHAPT4/build/demo_cpp_service' returned '0': AMENT_PREFIX_PATH=/home/nkh/ROS2/CHAPT4/install/chapt4_interfaces:${AMENT_PREFIX_PATH} CMAKE_PREFIX_PATH=/home/nkh/ROS2/CHAPT4/install/chapt4_interfaces:/opt/ros/humble LD_LIBRARY_PATH=/home/nkh/ROS2/CHAPT4/install/chapt4_interfaces/lib:${LD_LIBRARY_PATH} PYTHONPATH=/home/nkh/ROS2/CHAPT4/install/chapt4_interfaces/local/lib/python3.10/dist-packages:${PYTHONPATH} /usr/bin/cmake --build /home/nkh/ROS2/CHAPT4/build/demo_cpp_service -- -j8 -l8
[0.142s] Invoking command in '/home/nkh/ROS2/CHAPT4/build/demo_cpp_service': AMENT_PREFIX_PATH=/home/nkh/ROS2/CHAPT4/install/chapt4_interfaces:${AMENT_PREFIX_PATH} CMAKE_PREFIX_PATH=/home/nkh/ROS2/CHAPT4/install/chapt4_interfaces:/opt/ros/humble LD_LIBRARY_PATH=/home/nkh/ROS2/CHAPT4/install/chapt4_interfaces/lib:${LD_LIBRARY_PATH} PYTHONPATH=/home/nkh/ROS2/CHAPT4/install/chapt4_interfaces/local/lib/python3.10/dist-packages:${PYTHONPATH} /usr/bin/cmake --install /home/nkh/ROS2/CHAPT4/build/demo_cpp_service
[0.143s] -- Install configuration: ""
[0.144s] -- Up-to-date: /home/nkh/ROS2/CHAPT4/install/demo_cpp_service/lib/demo_cpp_service/turtle_control
[0.144s] -- Up-to-date: /home/nkh/ROS2/CHAPT4/install/demo_cpp_service/lib/demo_cpp_service/partol_client
[0.144s] -- Up-to-date: /home/nkh/ROS2/CHAPT4/install/demo_cpp_service/share/ament_index/resource_index/package_run_dependencies/demo_cpp_service
[0.144s] -- Up-to-date: /home/nkh/ROS2/CHAPT4/install/demo_cpp_service/share/ament_index/resource_index/parent_prefix_path/demo_cpp_service
[0.144s] -- Up-to-date: /home/nkh/ROS2/CHAPT4/install/demo_cpp_service/share/demo_cpp_service/environment/ament_prefix_path.sh
[0.144s] -- Up-to-date: /home/nkh/ROS2/CHAPT4/install/demo_cpp_service/share/demo_cpp_service/environment/ament_prefix_path.dsv
[0.144s] -- Up-to-date: /home/nkh/ROS2/CHAPT4/install/demo_cpp_service/share/demo_cpp_service/environment/path.sh
[0.144s] -- Up-to-date: /home/nkh/ROS2/CHAPT4/install/demo_cpp_service/share/demo_cpp_service/environment/path.dsv
[0.144s] -- Up-to-date: /home/nkh/ROS2/CHAPT4/install/demo_cpp_service/share/demo_cpp_service/local_setup.bash
[0.144s] -- Up-to-date: /home/nkh/ROS2/CHAPT4/install/demo_cpp_service/share/demo_cpp_service/local_setup.sh
[0.144s] -- Up-to-date: /home/nkh/ROS2/CHAPT4/install/demo_cpp_service/share/demo_cpp_service/local_setup.zsh
[0.144s] -- Up-to-date: /home/nkh/ROS2/CHAPT4/install/demo_cpp_service/share/demo_cpp_service/local_setup.dsv
[0.144s] -- Installing: /home/nkh/ROS2/CHAPT4/install/demo_cpp_service/share/demo_cpp_service/package.dsv
[0.144s] -- Up-to-date: /home/nkh/ROS2/CHAPT4/install/demo_cpp_service/share/ament_index/resource_index/packages/demo_cpp_service
[0.144s] -- Up-to-date: /home/nkh/ROS2/CHAPT4/install/demo_cpp_service/share/demo_cpp_service/cmake/demo_cpp_serviceConfig.cmake
[0.144s] -- Up-to-date: /home/nkh/ROS2/CHAPT4/install/demo_cpp_service/share/demo_cpp_service/cmake/demo_cpp_serviceConfig-version.cmake
[0.144s] -- Up-to-date: /home/nkh/ROS2/CHAPT4/install/demo_cpp_service/share/demo_cpp_service/package.xml
[0.146s] Invoked command in '/home/nkh/ROS2/CHAPT4/build/demo_cpp_service' returned '0': AMENT_PREFIX_PATH=/home/nkh/ROS2/CHAPT4/install/chapt4_interfaces:${AMENT_PREFIX_PATH} CMAKE_PREFIX_PATH=/home/nkh/ROS2/CHAPT4/install/chapt4_interfaces:/opt/ros/humble LD_LIBRARY_PATH=/home/nkh/ROS2/CHAPT4/install/chapt4_interfaces/lib:${LD_LIBRARY_PATH} PYTHONPATH=/home/nkh/ROS2/CHAPT4/install/chapt4_interfaces/local/lib/python3.10/dist-packages:${PYTHONPATH} /usr/bin/cmake --install /home/nkh/ROS2/CHAPT4/build/demo_cpp_service
