[0.010s] Invoking command in '/home/nkh/ROS2/CHAPT4/build/demo_cpp_service': CMAKE_PREFIX_PATH=/home/nkh/ROS2/CHAPT4/install/chapt4_interfaces:/home/nkh/ROS2/CHAPT4/install/demo_cpp_service:/home/nkh/ROS2/CHAPT4/install/demo_python_service:/opt/ros/humble /usr/bin/cmake --build /home/nkh/ROS2/CHAPT4/build/demo_cpp_service -- -j8 -l8
[0.036s] [35m[1mConsolidate compiler generated dependencies of target partol_client[0m
[0.044s] [ 50%] Built target turtle_control
[0.044s] [ 75%] [32mBuilding CXX object CMakeFiles/partol_client.dir/src/partol_client.cpp.o[0m
[2.239s] [100%] [32m[1mLinking CXX executable partol_client[0m
[2.344s] [100%] Built target partol_client
[2.351s] Invoked command in '/home/nkh/ROS2/CHAPT4/build/demo_cpp_service' returned '0': CMAKE_PREFIX_PATH=/home/nkh/ROS2/CHAPT4/install/chapt4_interfaces:/home/nkh/ROS2/CHAPT4/install/demo_cpp_service:/home/nkh/ROS2/CHAPT4/install/demo_python_service:/opt/ros/humble /usr/bin/cmake --build /home/nkh/ROS2/CHAPT4/build/demo_cpp_service -- -j8 -l8
[2.351s] Invoking command in '/home/nkh/ROS2/CHAPT4/build/demo_cpp_service': CMAKE_PREFIX_PATH=/home/nkh/ROS2/CHAPT4/install/chapt4_interfaces:/home/nkh/ROS2/CHAPT4/install/demo_cpp_service:/home/nkh/ROS2/CHAPT4/install/demo_python_service:/opt/ros/humble /usr/bin/cmake --install /home/nkh/ROS2/CHAPT4/build/demo_cpp_service
[2.355s] -- Install configuration: ""
[2.355s] -- Up-to-date: /home/nkh/ROS2/CHAPT4/install/demo_cpp_service/lib/demo_cpp_service/turtle_control
[2.355s] -- Installing: /home/nkh/ROS2/CHAPT4/install/demo_cpp_service/lib/demo_cpp_service/partol_client
[2.356s] -- Set runtime path of "/home/nkh/ROS2/CHAPT4/install/demo_cpp_service/lib/demo_cpp_service/partol_client" to ""
[2.356s] -- Up-to-date: /home/nkh/ROS2/CHAPT4/install/demo_cpp_service/share/ament_index/resource_index/package_run_dependencies/demo_cpp_service
[2.356s] -- Up-to-date: /home/nkh/ROS2/CHAPT4/install/demo_cpp_service/share/ament_index/resource_index/parent_prefix_path/demo_cpp_service
[2.356s] -- Up-to-date: /home/nkh/ROS2/CHAPT4/install/demo_cpp_service/share/demo_cpp_service/environment/ament_prefix_path.sh
[2.356s] -- Up-to-date: /home/nkh/ROS2/CHAPT4/install/demo_cpp_service/share/demo_cpp_service/environment/ament_prefix_path.dsv
[2.358s] -- Up-to-date: /home/nkh/ROS2/CHAPT4/install/demo_cpp_service/share/demo_cpp_service/environment/path.sh
[2.358s] -- Up-to-date: /home/nkh/ROS2/CHAPT4/install/demo_cpp_service/share/demo_cpp_service/environment/path.dsv
[2.358s] -- Up-to-date: /home/nkh/ROS2/CHAPT4/install/demo_cpp_service/share/demo_cpp_service/local_setup.bash
[2.358s] -- Up-to-date: /home/nkh/ROS2/CHAPT4/install/demo_cpp_service/share/demo_cpp_service/local_setup.sh
[2.358s] -- Up-to-date: /home/nkh/ROS2/CHAPT4/install/demo_cpp_service/share/demo_cpp_service/local_setup.zsh
[2.359s] -- Up-to-date: /home/nkh/ROS2/CHAPT4/install/demo_cpp_service/share/demo_cpp_service/local_setup.dsv
[2.359s] -- Installing: /home/nkh/ROS2/CHAPT4/install/demo_cpp_service/share/demo_cpp_service/package.dsv
[2.359s] -- Up-to-date: /home/nkh/ROS2/CHAPT4/install/demo_cpp_service/share/ament_index/resource_index/packages/demo_cpp_service
[2.359s] -- Up-to-date: /home/nkh/ROS2/CHAPT4/install/demo_cpp_service/share/demo_cpp_service/cmake/demo_cpp_serviceConfig.cmake
[2.359s] -- Up-to-date: /home/nkh/ROS2/CHAPT4/install/demo_cpp_service/share/demo_cpp_service/cmake/demo_cpp_serviceConfig-version.cmake
[2.359s] -- Up-to-date: /home/nkh/ROS2/CHAPT4/install/demo_cpp_service/share/demo_cpp_service/package.xml
[2.359s] Invoked command in '/home/nkh/ROS2/CHAPT4/build/demo_cpp_service' returned '0': CMAKE_PREFIX_PATH=/home/nkh/ROS2/CHAPT4/install/chapt4_interfaces:/home/nkh/ROS2/CHAPT4/install/demo_cpp_service:/home/nkh/ROS2/CHAPT4/install/demo_python_service:/opt/ros/humble /usr/bin/cmake --install /home/nkh/ROS2/CHAPT4/build/demo_cpp_service
