[0.065s] DEBUG:colcon:Command line arguments: ['/usr/bin/colcon', 'build']
[0.065s] DEBUG:colcon:Parsed command line arguments: Namespace(log_base=None, log_level=None, verb_name='build', build_base='build', install_base='install', merge_install=False, symlink_install=False, test_result_base=None, continue_on_error=False, executor='parallel', parallel_workers=8, event_handlers=None, ignore_user_meta=False, metas=['./colcon.meta'], base_paths=['.'], packages_ignore=None, packages_ignore_regex=None, paths=None, packages_up_to=None, packages_up_to_regex=None, packages_above=None, packages_above_and_dependencies=None, packages_above_depth=None, packages_select_by_dep=None, packages_skip_by_dep=None, packages_skip_up_to=None, packages_select_build_failed=False, packages_skip_build_finished=False, packages_select_test_failures=False, packages_skip_test_passed=False, packages_select=None, packages_skip=None, packages_select_regex=None, packages_skip_regex=None, packages_start=None, packages_end=None, allow_overriding=[], cmake_args=None, cmake_target=None, cmake_target_skip_unavailable=False, cmake_clean_cache=False, cmake_clean_first=False, cmake_force_configure=False, ament_cmake_args=None, catkin_cmake_args=None, catkin_skip_building_tests=False, verb_parser=<colcon_defaults.argument_parser.defaults.DefaultArgumentsDecorator object at 0x706bd1acb130>, verb_extension=<colcon_core.verb.build.BuildVerb object at 0x706bd1c745b0>, main=<bound method BuildVerb.main of <colcon_core.verb.build.BuildVerb object at 0x706bd1c745b0>>)
[0.158s] Level 1:colcon.colcon_core.package_discovery:discover_packages(colcon_meta) check parameters
[0.158s] Level 1:colcon.colcon_core.package_discovery:discover_packages(recursive) check parameters
[0.158s] Level 1:colcon.colcon_core.package_discovery:discover_packages(ignore) check parameters
[0.158s] Level 1:colcon.colcon_core.package_discovery:discover_packages(path) check parameters
[0.158s] Level 1:colcon.colcon_core.package_discovery:discover_packages(colcon_meta) discover
[0.158s] Level 1:colcon.colcon_core.package_discovery:discover_packages(recursive) discover
[0.158s] INFO:colcon.colcon_core.package_discovery:Crawling recursively for packages in '/home/nkh/ROS2/CHAPT2/cpp/chapt2_ws'
[0.158s] Level 1:colcon.colcon_core.package_identification:_identify(.) by extensions ['ignore', 'ignore_ament_install']
[0.158s] Level 1:colcon.colcon_core.package_identification:_identify(.) by extension 'ignore'
[0.158s] Level 1:colcon.colcon_core.package_identification:_identify(.) by extension 'ignore_ament_install'
[0.158s] Level 1:colcon.colcon_core.package_identification:_identify(.) by extensions ['colcon_pkg']
[0.158s] Level 1:colcon.colcon_core.package_identification:_identify(.) by extension 'colcon_pkg'
[0.158s] Level 1:colcon.colcon_core.package_identification:_identify(.) by extensions ['colcon_meta']
[0.158s] Level 1:colcon.colcon_core.package_identification:_identify(.) by extension 'colcon_meta'
[0.158s] Level 1:colcon.colcon_core.package_identification:_identify(.) by extensions ['ros']
[0.158s] Level 1:colcon.colcon_core.package_identification:_identify(.) by extension 'ros'
[0.166s] Level 1:colcon.colcon_core.package_identification:_identify(.) by extensions ['cmake', 'python']
[0.166s] Level 1:colcon.colcon_core.package_identification:_identify(.) by extension 'cmake'
[0.166s] Level 1:colcon.colcon_core.package_identification:_identify(.) by extension 'python'
[0.166s] Level 1:colcon.colcon_core.package_identification:_identify(.) by extensions ['python_setup_py']
[0.166s] Level 1:colcon.colcon_core.package_identification:_identify(.) by extension 'python_setup_py'
[0.166s] Level 1:colcon.colcon_core.package_identification:_identify(build) by extensions ['ignore', 'ignore_ament_install']
[0.166s] Level 1:colcon.colcon_core.package_identification:_identify(build) by extension 'ignore'
[0.166s] Level 1:colcon.colcon_core.package_identification:_identify(build) ignored
[0.166s] Level 1:colcon.colcon_core.package_identification:_identify(install) by extensions ['ignore', 'ignore_ament_install']
[0.166s] Level 1:colcon.colcon_core.package_identification:_identify(install) by extension 'ignore'
[0.166s] Level 1:colcon.colcon_core.package_identification:_identify(install) ignored
[0.166s] Level 1:colcon.colcon_core.package_identification:_identify(log) by extensions ['ignore', 'ignore_ament_install']
[0.166s] Level 1:colcon.colcon_core.package_identification:_identify(log) by extension 'ignore'
[0.166s] Level 1:colcon.colcon_core.package_identification:_identify(log) ignored
[0.166s] Level 1:colcon.colcon_core.package_identification:_identify(src) by extensions ['ignore', 'ignore_ament_install']
[0.166s] Level 1:colcon.colcon_core.package_identification:_identify(src) by extension 'ignore'
[0.166s] Level 1:colcon.colcon_core.package_identification:_identify(src) by extension 'ignore_ament_install'
[0.166s] Level 1:colcon.colcon_core.package_identification:_identify(src) by extensions ['colcon_pkg']
[0.166s] Level 1:colcon.colcon_core.package_identification:_identify(src) by extension 'colcon_pkg'
[0.166s] Level 1:colcon.colcon_core.package_identification:_identify(src) by extensions ['colcon_meta']
[0.166s] Level 1:colcon.colcon_core.package_identification:_identify(src) by extension 'colcon_meta'
[0.166s] Level 1:colcon.colcon_core.package_identification:_identify(src) by extensions ['ros']
[0.167s] Level 1:colcon.colcon_core.package_identification:_identify(src) by extension 'ros'
[0.167s] Level 1:colcon.colcon_core.package_identification:_identify(src) by extensions ['cmake', 'python']
[0.167s] Level 1:colcon.colcon_core.package_identification:_identify(src) by extension 'cmake'
[0.167s] Level 1:colcon.colcon_core.package_identification:_identify(src) by extension 'python'
[0.167s] Level 1:colcon.colcon_core.package_identification:_identify(src) by extensions ['python_setup_py']
[0.167s] Level 1:colcon.colcon_core.package_identification:_identify(src) by extension 'python_setup_py'
[0.167s] Level 1:colcon.colcon_core.package_identification:_identify(src/demo_cpp_pkg) by extensions ['ignore', 'ignore_ament_install']
[0.167s] Level 1:colcon.colcon_core.package_identification:_identify(src/demo_cpp_pkg) by extension 'ignore'
[0.167s] Level 1:colcon.colcon_core.package_identification:_identify(src/demo_cpp_pkg) by extension 'ignore_ament_install'
[0.167s] Level 1:colcon.colcon_core.package_identification:_identify(src/demo_cpp_pkg) by extensions ['colcon_pkg']
[0.167s] Level 1:colcon.colcon_core.package_identification:_identify(src/demo_cpp_pkg) by extension 'colcon_pkg'
[0.167s] Level 1:colcon.colcon_core.package_identification:_identify(src/demo_cpp_pkg) by extensions ['colcon_meta']
[0.167s] Level 1:colcon.colcon_core.package_identification:_identify(src/demo_cpp_pkg) by extension 'colcon_meta'
[0.167s] Level 1:colcon.colcon_core.package_identification:_identify(src/demo_cpp_pkg) by extensions ['ros']
[0.167s] Level 1:colcon.colcon_core.package_identification:_identify(src/demo_cpp_pkg) by extension 'ros'
[0.168s] DEBUG:colcon.colcon_core.package_identification:Package 'src/demo_cpp_pkg' with type 'ros.ament_cmake' and name 'demo_cpp_pkg'
[0.168s] Level 1:colcon.colcon_core.package_discovery:discover_packages(recursive) using defaults
[0.168s] Level 1:colcon.colcon_core.package_discovery:discover_packages(ignore) discover
[0.168s] Level 1:colcon.colcon_core.package_discovery:discover_packages(ignore) using defaults
[0.168s] Level 1:colcon.colcon_core.package_discovery:discover_packages(path) discover
[0.168s] Level 1:colcon.colcon_core.package_discovery:discover_packages(path) using defaults
[0.180s] Level 1:colcon.colcon_core.package_discovery:discover_packages(prefix_path) check parameters
[0.180s] Level 1:colcon.colcon_core.package_discovery:discover_packages(prefix_path) discover
[0.182s] DEBUG:colcon.colcon_installed_package_information.package_discovery:Found 271 installed packages in /opt/ros/humble
[0.183s] Level 1:colcon.colcon_core.package_discovery:discover_packages(prefix_path) using defaults
[0.210s] Level 5:colcon.colcon_core.verb:set package 'demo_cpp_pkg' build argument 'cmake_args' from command line to 'None'
[0.210s] Level 5:colcon.colcon_core.verb:set package 'demo_cpp_pkg' build argument 'cmake_target' from command line to 'None'
[0.210s] Level 5:colcon.colcon_core.verb:set package 'demo_cpp_pkg' build argument 'cmake_target_skip_unavailable' from command line to 'False'
[0.210s] Level 5:colcon.colcon_core.verb:set package 'demo_cpp_pkg' build argument 'cmake_clean_cache' from command line to 'False'
[0.210s] Level 5:colcon.colcon_core.verb:set package 'demo_cpp_pkg' build argument 'cmake_clean_first' from command line to 'False'
[0.210s] Level 5:colcon.colcon_core.verb:set package 'demo_cpp_pkg' build argument 'cmake_force_configure' from command line to 'False'
[0.210s] Level 5:colcon.colcon_core.verb:set package 'demo_cpp_pkg' build argument 'ament_cmake_args' from command line to 'None'
[0.210s] Level 5:colcon.colcon_core.verb:set package 'demo_cpp_pkg' build argument 'catkin_cmake_args' from command line to 'None'
[0.211s] Level 5:colcon.colcon_core.verb:set package 'demo_cpp_pkg' build argument 'catkin_skip_building_tests' from command line to 'False'
[0.211s] DEBUG:colcon.colcon_core.verb:Building package 'demo_cpp_pkg' with the following arguments: {'ament_cmake_args': None, 'build_base': '/home/nkh/ROS2/CHAPT2/cpp/chapt2_ws/build/demo_cpp_pkg', 'catkin_cmake_args': None, 'catkin_skip_building_tests': False, 'cmake_args': None, 'cmake_clean_cache': False, 'cmake_clean_first': False, 'cmake_force_configure': False, 'cmake_target': None, 'cmake_target_skip_unavailable': False, 'install_base': '/home/nkh/ROS2/CHAPT2/cpp/chapt2_ws/install/demo_cpp_pkg', 'merge_install': False, 'path': '/home/nkh/ROS2/CHAPT2/cpp/chapt2_ws/src/demo_cpp_pkg', 'symlink_install': False, 'test_result_base': None}
[0.211s] INFO:colcon.colcon_core.executor:Executing jobs using 'parallel' executor
[0.211s] DEBUG:colcon.colcon_parallel_executor.executor.parallel:run_until_complete
[0.212s] INFO:colcon.colcon_ros.task.ament_cmake.build:Building ROS package in '/home/nkh/ROS2/CHAPT2/cpp/chapt2_ws/src/demo_cpp_pkg' with build type 'ament_cmake'
[0.212s] INFO:colcon.colcon_cmake.task.cmake.build:Building CMake package in '/home/nkh/ROS2/CHAPT2/cpp/chapt2_ws/src/demo_cpp_pkg'
[0.213s] INFO:colcon.colcon_core.plugin_system:Skipping extension 'colcon_core.shell.bat': Not used on non-Windows systems
[0.213s] INFO:colcon.colcon_core.shell:Skip shell extension 'powershell' for command environment: Not usable outside of PowerShell
[0.213s] DEBUG:colcon.colcon_core.shell:Skip shell extension 'dsv' for command environment
[0.220s] DEBUG:colcon.colcon_core.event_handler.log_command:Invoking command in '/home/nkh/ROS2/CHAPT2/cpp/chapt2_ws/build/demo_cpp_pkg': CMAKE_PREFIX_PATH=/opt/ros/humble /usr/bin/cmake /home/nkh/ROS2/CHAPT2/cpp/chapt2_ws/src/demo_cpp_pkg -DCMAKE_INSTALL_PREFIX=/home/nkh/ROS2/CHAPT2/cpp/chapt2_ws/install/demo_cpp_pkg
[0.983s] DEBUG:colcon.colcon_core.event_handler.log_command:Invoked command in '/home/nkh/ROS2/CHAPT2/cpp/chapt2_ws/build/demo_cpp_pkg' returned '0': CMAKE_PREFIX_PATH=/opt/ros/humble /usr/bin/cmake /home/nkh/ROS2/CHAPT2/cpp/chapt2_ws/src/demo_cpp_pkg -DCMAKE_INSTALL_PREFIX=/home/nkh/ROS2/CHAPT2/cpp/chapt2_ws/install/demo_cpp_pkg
[0.985s] DEBUG:colcon.colcon_core.event_handler.log_command:Invoking command in '/home/nkh/ROS2/CHAPT2/cpp/chapt2_ws/build/demo_cpp_pkg': CMAKE_PREFIX_PATH=/opt/ros/humble /usr/bin/cmake --build /home/nkh/ROS2/CHAPT2/cpp/chapt2_ws/build/demo_cpp_pkg -- -j8 -l8
[2.888s] DEBUG:colcon.colcon_core.event_handler.log_command:Invoked command in '/home/nkh/ROS2/CHAPT2/cpp/chapt2_ws/build/demo_cpp_pkg' returned '0': CMAKE_PREFIX_PATH=/opt/ros/humble /usr/bin/cmake --build /home/nkh/ROS2/CHAPT2/cpp/chapt2_ws/build/demo_cpp_pkg -- -j8 -l8
[2.896s] DEBUG:colcon.colcon_core.event_handler.log_command:Invoking command in '/home/nkh/ROS2/CHAPT2/cpp/chapt2_ws/build/demo_cpp_pkg': CMAKE_PREFIX_PATH=/opt/ros/humble /usr/bin/cmake --install /home/nkh/ROS2/CHAPT2/cpp/chapt2_ws/build/demo_cpp_pkg
[2.902s] Level 1:colcon.colcon_core.environment:create_environment_scripts_only(demo_cpp_pkg)
[2.903s] DEBUG:colcon.colcon_core.event_handler.log_command:Invoked command in '/home/nkh/ROS2/CHAPT2/cpp/chapt2_ws/build/demo_cpp_pkg' returned '0': CMAKE_PREFIX_PATH=/opt/ros/humble /usr/bin/cmake --install /home/nkh/ROS2/CHAPT2/cpp/chapt2_ws/build/demo_cpp_pkg
[2.904s] Level 1:colcon.colcon_core.environment:checking '/home/nkh/ROS2/CHAPT2/cpp/chapt2_ws/install/demo_cpp_pkg' for CMake module files
[2.904s] Level 1:colcon.colcon_core.environment:checking '/home/nkh/ROS2/CHAPT2/cpp/chapt2_ws/install/demo_cpp_pkg' for CMake config files
[2.904s] Level 1:colcon.colcon_core.shell:create_environment_hook('demo_cpp_pkg', 'cmake_prefix_path')
[2.905s] INFO:colcon.colcon_core.shell:Creating environment hook '/home/nkh/ROS2/CHAPT2/cpp/chapt2_ws/install/demo_cpp_pkg/share/demo_cpp_pkg/hook/cmake_prefix_path.ps1'
[2.905s] INFO:colcon.colcon_core.shell:Creating environment descriptor '/home/nkh/ROS2/CHAPT2/cpp/chapt2_ws/install/demo_cpp_pkg/share/demo_cpp_pkg/hook/cmake_prefix_path.dsv'
[2.905s] INFO:colcon.colcon_core.shell:Creating environment hook '/home/nkh/ROS2/CHAPT2/cpp/chapt2_ws/install/demo_cpp_pkg/share/demo_cpp_pkg/hook/cmake_prefix_path.sh'
[2.906s] Level 1:colcon.colcon_core.environment:checking '/home/nkh/ROS2/CHAPT2/cpp/chapt2_ws/install/demo_cpp_pkg/lib'
[2.906s] Level 1:colcon.colcon_core.environment:checking '/home/nkh/ROS2/CHAPT2/cpp/chapt2_ws/install/demo_cpp_pkg/bin'
[2.906s] Level 1:colcon.colcon_core.environment:checking '/home/nkh/ROS2/CHAPT2/cpp/chapt2_ws/install/demo_cpp_pkg/lib/pkgconfig/demo_cpp_pkg.pc'
[2.906s] Level 1:colcon.colcon_core.environment:checking '/home/nkh/ROS2/CHAPT2/cpp/chapt2_ws/install/demo_cpp_pkg/lib/python3.10/site-packages'
[2.906s] Level 1:colcon.colcon_core.environment:checking '/home/nkh/ROS2/CHAPT2/cpp/chapt2_ws/install/demo_cpp_pkg/bin'
[2.906s] INFO:colcon.colcon_core.shell:Creating package script '/home/nkh/ROS2/CHAPT2/cpp/chapt2_ws/install/demo_cpp_pkg/share/demo_cpp_pkg/package.ps1'
[2.907s] INFO:colcon.colcon_core.shell:Creating package descriptor '/home/nkh/ROS2/CHAPT2/cpp/chapt2_ws/install/demo_cpp_pkg/share/demo_cpp_pkg/package.dsv'
[2.907s] INFO:colcon.colcon_core.shell:Creating package script '/home/nkh/ROS2/CHAPT2/cpp/chapt2_ws/install/demo_cpp_pkg/share/demo_cpp_pkg/package.sh'
[2.907s] INFO:colcon.colcon_core.shell:Creating package script '/home/nkh/ROS2/CHAPT2/cpp/chapt2_ws/install/demo_cpp_pkg/share/demo_cpp_pkg/package.bash'
[2.908s] INFO:colcon.colcon_core.shell:Creating package script '/home/nkh/ROS2/CHAPT2/cpp/chapt2_ws/install/demo_cpp_pkg/share/demo_cpp_pkg/package.zsh'
[2.908s] Level 1:colcon.colcon_core.environment:create_file_with_runtime_dependencies(/home/nkh/ROS2/CHAPT2/cpp/chapt2_ws/install/demo_cpp_pkg/share/colcon-core/packages/demo_cpp_pkg)
[2.908s] Level 1:colcon.colcon_core.environment:create_environment_scripts_only(demo_cpp_pkg)
[2.909s] Level 1:colcon.colcon_core.environment:checking '/home/nkh/ROS2/CHAPT2/cpp/chapt2_ws/install/demo_cpp_pkg' for CMake module files
[2.909s] Level 1:colcon.colcon_core.environment:checking '/home/nkh/ROS2/CHAPT2/cpp/chapt2_ws/install/demo_cpp_pkg' for CMake config files
[2.909s] Level 1:colcon.colcon_core.shell:create_environment_hook('demo_cpp_pkg', 'cmake_prefix_path')
[2.909s] INFO:colcon.colcon_core.shell:Creating environment hook '/home/nkh/ROS2/CHAPT2/cpp/chapt2_ws/install/demo_cpp_pkg/share/demo_cpp_pkg/hook/cmake_prefix_path.ps1'
[2.909s] INFO:colcon.colcon_core.shell:Creating environment descriptor '/home/nkh/ROS2/CHAPT2/cpp/chapt2_ws/install/demo_cpp_pkg/share/demo_cpp_pkg/hook/cmake_prefix_path.dsv'
[2.910s] INFO:colcon.colcon_core.shell:Creating environment hook '/home/nkh/ROS2/CHAPT2/cpp/chapt2_ws/install/demo_cpp_pkg/share/demo_cpp_pkg/hook/cmake_prefix_path.sh'
[2.910s] Level 1:colcon.colcon_core.environment:checking '/home/nkh/ROS2/CHAPT2/cpp/chapt2_ws/install/demo_cpp_pkg/lib'
[2.910s] Level 1:colcon.colcon_core.environment:checking '/home/nkh/ROS2/CHAPT2/cpp/chapt2_ws/install/demo_cpp_pkg/bin'
[2.910s] Level 1:colcon.colcon_core.environment:checking '/home/nkh/ROS2/CHAPT2/cpp/chapt2_ws/install/demo_cpp_pkg/lib/pkgconfig/demo_cpp_pkg.pc'
[2.910s] Level 1:colcon.colcon_core.environment:checking '/home/nkh/ROS2/CHAPT2/cpp/chapt2_ws/install/demo_cpp_pkg/lib/python3.10/site-packages'
[2.911s] Level 1:colcon.colcon_core.environment:checking '/home/nkh/ROS2/CHAPT2/cpp/chapt2_ws/install/demo_cpp_pkg/bin'
[2.911s] INFO:colcon.colcon_core.shell:Creating package script '/home/nkh/ROS2/CHAPT2/cpp/chapt2_ws/install/demo_cpp_pkg/share/demo_cpp_pkg/package.ps1'
[2.911s] INFO:colcon.colcon_core.shell:Creating package descriptor '/home/nkh/ROS2/CHAPT2/cpp/chapt2_ws/install/demo_cpp_pkg/share/demo_cpp_pkg/package.dsv'
[2.911s] INFO:colcon.colcon_core.shell:Creating package script '/home/nkh/ROS2/CHAPT2/cpp/chapt2_ws/install/demo_cpp_pkg/share/demo_cpp_pkg/package.sh'
[2.912s] INFO:colcon.colcon_core.shell:Creating package script '/home/nkh/ROS2/CHAPT2/cpp/chapt2_ws/install/demo_cpp_pkg/share/demo_cpp_pkg/package.bash'
[2.912s] INFO:colcon.colcon_core.shell:Creating package script '/home/nkh/ROS2/CHAPT2/cpp/chapt2_ws/install/demo_cpp_pkg/share/demo_cpp_pkg/package.zsh'
[2.912s] Level 1:colcon.colcon_core.environment:create_file_with_runtime_dependencies(/home/nkh/ROS2/CHAPT2/cpp/chapt2_ws/install/demo_cpp_pkg/share/colcon-core/packages/demo_cpp_pkg)
[2.913s] DEBUG:colcon.colcon_parallel_executor.executor.parallel:closing loop
[2.913s] DEBUG:colcon.colcon_parallel_executor.executor.parallel:loop closed
[2.913s] DEBUG:colcon.colcon_parallel_executor.executor.parallel:run_until_complete finished with '0'
[2.913s] DEBUG:colcon.colcon_core.event_reactor:joining thread
[2.916s] INFO:colcon.colcon_core.plugin_system:Skipping extension 'colcon_notification.desktop_notification.terminal_notifier': Not used on non-Darwin systems
[2.916s] INFO:colcon.colcon_core.plugin_system:Skipping extension 'colcon_notification.desktop_notification.win32': Not used on non-Windows systems
[2.916s] INFO:colcon.colcon_notification.desktop_notification:Sending desktop notification using 'notify2'
[2.927s] DEBUG:colcon.colcon_core.event_reactor:joined thread
[2.927s] INFO:colcon.colcon_core.shell:Creating prefix script '/home/nkh/ROS2/CHAPT2/cpp/chapt2_ws/install/local_setup.ps1'
[2.927s] INFO:colcon.colcon_core.shell:Creating prefix util module '/home/nkh/ROS2/CHAPT2/cpp/chapt2_ws/install/_local_setup_util_ps1.py'
[2.928s] INFO:colcon.colcon_core.shell:Creating prefix chain script '/home/nkh/ROS2/CHAPT2/cpp/chapt2_ws/install/setup.ps1'
[2.928s] INFO:colcon.colcon_core.shell:Creating prefix script '/home/nkh/ROS2/CHAPT2/cpp/chapt2_ws/install/local_setup.sh'
[2.929s] INFO:colcon.colcon_core.shell:Creating prefix util module '/home/nkh/ROS2/CHAPT2/cpp/chapt2_ws/install/_local_setup_util_sh.py'
[2.929s] INFO:colcon.colcon_core.shell:Creating prefix chain script '/home/nkh/ROS2/CHAPT2/cpp/chapt2_ws/install/setup.sh'
[2.929s] INFO:colcon.colcon_core.shell:Creating prefix script '/home/nkh/ROS2/CHAPT2/cpp/chapt2_ws/install/local_setup.bash'
[2.930s] INFO:colcon.colcon_core.shell:Creating prefix chain script '/home/nkh/ROS2/CHAPT2/cpp/chapt2_ws/install/setup.bash'
[2.930s] INFO:colcon.colcon_core.shell:Creating prefix script '/home/nkh/ROS2/CHAPT2/cpp/chapt2_ws/install/local_setup.zsh'
[2.933s] INFO:colcon.colcon_core.shell:Creating prefix chain script '/home/nkh/ROS2/CHAPT2/cpp/chapt2_ws/install/setup.zsh'
