[0.349s] Invoking command in '/home/nkh/ROS2/CHAPT2/python_1/chapt2_ws/src/demo_python_pkg': PYTHONPATH=/home/nkh/ROS2/CHAPT2/python_1/chapt2_ws/build/demo_python_pkg/prefix_override:/usr/lib/python3/dist-packages/colcon_core/task/python/colcon_distutils_commands:/home/nkh/ROS2/CHAPT2/python_1/chapt2_ws/install/demo_python_pkg/lib/python3.10/site-packages:${PYTHONPATH} /usr/bin/python3 -W ignore:setup.py install is deprecated -W ignore:easy_install command is deprecated setup.py egg_info --egg-base ../../build/demo_python_pkg build --build-base /home/nkh/ROS2/CHAPT2/python_1/chapt2_ws/build/demo_python_pkg/build install --record /home/nkh/ROS2/CHAPT2/python_1/chapt2_ws/build/demo_python_pkg/install.log --single-version-externally-managed install_data
[0.483s] running egg_info
[0.484s] writing ../../build/demo_python_pkg/demo_python_pkg.egg-info/PKG-INFO
[0.484s] writing dependency_links to ../../build/demo_python_pkg/demo_python_pkg.egg-info/dependency_links.txt
[0.485s] writing entry points to ../../build/demo_python_pkg/demo_python_pkg.egg-info/entry_points.txt
[0.485s] writing requirements to ../../build/demo_python_pkg/demo_python_pkg.egg-info/requires.txt
[0.485s] writing top-level names to ../../build/demo_python_pkg/demo_python_pkg.egg-info/top_level.txt
[0.486s] reading manifest file '../../build/demo_python_pkg/demo_python_pkg.egg-info/SOURCES.txt'
[0.486s] adding license file 'LICENSE'
[0.486s] writing manifest file '../../build/demo_python_pkg/demo_python_pkg.egg-info/SOURCES.txt'
[0.487s] running build
[0.487s] running build_py
[0.487s] copying demo_python_pkg/person_node.py -> /home/nkh/ROS2/CHAPT2/python_1/chapt2_ws/build/demo_python_pkg/build/lib/demo_python_pkg
[0.487s] running install
[0.488s] running install_lib
[0.488s] copying /home/nkh/ROS2/CHAPT2/python_1/chapt2_ws/build/demo_python_pkg/build/lib/demo_python_pkg/person_node.py -> /home/nkh/ROS2/CHAPT2/python_1/chapt2_ws/install/demo_python_pkg/lib/python3.10/site-packages/demo_python_pkg
[0.488s] byte-compiling /home/nkh/ROS2/CHAPT2/python_1/chapt2_ws/install/demo_python_pkg/lib/python3.10/site-packages/demo_python_pkg/person_node.py to person_node.cpython-310.pyc
[0.489s] running install_data
[0.489s] running install_egg_info
[0.490s] removing '/home/nkh/ROS2/CHAPT2/python_1/chapt2_ws/install/demo_python_pkg/lib/python3.10/site-packages/demo_python_pkg-0.0.0-py3.10.egg-info' (and everything under it)
[0.490s] Copying ../../build/demo_python_pkg/demo_python_pkg.egg-info to /home/nkh/ROS2/CHAPT2/python_1/chapt2_ws/install/demo_python_pkg/lib/python3.10/site-packages/demo_python_pkg-0.0.0-py3.10.egg-info
[0.490s] running install_scripts
[0.501s] Installing person_node script to /home/nkh/ROS2/CHAPT2/python_1/chapt2_ws/install/demo_python_pkg/lib/demo_python_pkg
[0.502s] Installing python_node script to /home/nkh/ROS2/CHAPT2/python_1/chapt2_ws/install/demo_python_pkg/lib/demo_python_pkg
[0.502s] writing list of installed files to '/home/nkh/ROS2/CHAPT2/python_1/chapt2_ws/build/demo_python_pkg/install.log'
[0.513s] Invoked command in '/home/nkh/ROS2/CHAPT2/python_1/chapt2_ws/src/demo_python_pkg' returned '0': PYTHONPATH=/home/nkh/ROS2/CHAPT2/python_1/chapt2_ws/build/demo_python_pkg/prefix_override:/usr/lib/python3/dist-packages/colcon_core/task/python/colcon_distutils_commands:/home/nkh/ROS2/CHAPT2/python_1/chapt2_ws/install/demo_python_pkg/lib/python3.10/site-packages:${PYTHONPATH} /usr/bin/python3 -W ignore:setup.py install is deprecated -W ignore:easy_install command is deprecated setup.py egg_info --egg-base ../../build/demo_python_pkg build --build-base /home/nkh/ROS2/CHAPT2/python_1/chapt2_ws/build/demo_python_pkg/build install --record /home/nkh/ROS2/CHAPT2/python_1/chapt2_ws/build/demo_python_pkg/install.log --single-version-externally-managed install_data
