[0.365s] Invoking command in '/home/nkh/ROS2/CHAPT2/python_1/chapt2_ws/src/demo_python_pkg': PYTHONPATH=/home/nkh/ROS2/CHAPT2/python_1/chapt2_ws/build/demo_python_pkg/prefix_override:/usr/lib/python3/dist-packages/colcon_core/task/python/colcon_distutils_commands:/home/nkh/ROS2/CHAPT2/python_1/chapt2_ws/install/demo_python_pkg/lib/python3.10/site-packages:${PYTHONPATH} /usr/bin/python3 -W ignore:setup.py install is deprecated -W ignore:easy_install command is deprecated setup.py egg_info --egg-base ../../build/demo_python_pkg build --build-base /home/nkh/ROS2/CHAPT2/python_1/chapt2_ws/build/demo_python_pkg/build install --record /home/nkh/ROS2/CHAPT2/python_1/chapt2_ws/build/demo_python_pkg/install.log --single-version-externally-managed install_data
[0.513s] running egg_info
[0.514s] creating ../../build/demo_python_pkg/demo_python_pkg.egg-info
[0.514s] writing ../../build/demo_python_pkg/demo_python_pkg.egg-info/PKG-INFO
[0.514s] writing dependency_links to ../../build/demo_python_pkg/demo_python_pkg.egg-info/dependency_links.txt
[0.514s] writing entry points to ../../build/demo_python_pkg/demo_python_pkg.egg-info/entry_points.txt
[0.514s] writing requirements to ../../build/demo_python_pkg/demo_python_pkg.egg-info/requires.txt
[0.514s] writing top-level names to ../../build/demo_python_pkg/demo_python_pkg.egg-info/top_level.txt
[0.515s] writing manifest file '../../build/demo_python_pkg/demo_python_pkg.egg-info/SOURCES.txt'
[0.515s] reading manifest file '../../build/demo_python_pkg/demo_python_pkg.egg-info/SOURCES.txt'
[0.515s] adding license file 'LICENSE'
[0.515s] writing manifest file '../../build/demo_python_pkg/demo_python_pkg.egg-info/SOURCES.txt'
[0.515s] running build
[0.515s] running build_py
[0.515s] creating /home/nkh/ROS2/CHAPT2/python_1/chapt2_ws/build/demo_python_pkg/build
[0.515s] creating /home/nkh/ROS2/CHAPT2/python_1/chapt2_ws/build/demo_python_pkg/build/lib
[0.515s] creating /home/nkh/ROS2/CHAPT2/python_1/chapt2_ws/build/demo_python_pkg/build/lib/demo_python_pkg
[0.515s] copying demo_python_pkg/__init__.py -> /home/nkh/ROS2/CHAPT2/python_1/chapt2_ws/build/demo_python_pkg/build/lib/demo_python_pkg
[0.515s] copying demo_python_pkg/python_node.py -> /home/nkh/ROS2/CHAPT2/python_1/chapt2_ws/build/demo_python_pkg/build/lib/demo_python_pkg
[0.515s] copying demo_python_pkg/python_node_1.py -> /home/nkh/ROS2/CHAPT2/python_1/chapt2_ws/build/demo_python_pkg/build/lib/demo_python_pkg
[0.515s] running install
[0.515s] running install_lib
[0.515s] creating /home/nkh/ROS2/CHAPT2/python_1/chapt2_ws/install/demo_python_pkg/lib/python3.10/site-packages/demo_python_pkg
[0.516s] copying /home/nkh/ROS2/CHAPT2/python_1/chapt2_ws/build/demo_python_pkg/build/lib/demo_python_pkg/__init__.py -> /home/nkh/ROS2/CHAPT2/python_1/chapt2_ws/install/demo_python_pkg/lib/python3.10/site-packages/demo_python_pkg
[0.516s] copying /home/nkh/ROS2/CHAPT2/python_1/chapt2_ws/build/demo_python_pkg/build/lib/demo_python_pkg/python_node.py -> /home/nkh/ROS2/CHAPT2/python_1/chapt2_ws/install/demo_python_pkg/lib/python3.10/site-packages/demo_python_pkg
[0.516s] copying /home/nkh/ROS2/CHAPT2/python_1/chapt2_ws/build/demo_python_pkg/build/lib/demo_python_pkg/python_node_1.py -> /home/nkh/ROS2/CHAPT2/python_1/chapt2_ws/install/demo_python_pkg/lib/python3.10/site-packages/demo_python_pkg
[0.516s] byte-compiling /home/nkh/ROS2/CHAPT2/python_1/chapt2_ws/install/demo_python_pkg/lib/python3.10/site-packages/demo_python_pkg/__init__.py to __init__.cpython-310.pyc
[0.516s] byte-compiling /home/nkh/ROS2/CHAPT2/python_1/chapt2_ws/install/demo_python_pkg/lib/python3.10/site-packages/demo_python_pkg/python_node.py to python_node.cpython-310.pyc
[0.516s] byte-compiling /home/nkh/ROS2/CHAPT2/python_1/chapt2_ws/install/demo_python_pkg/lib/python3.10/site-packages/demo_python_pkg/python_node_1.py to python_node_1.cpython-310.pyc
[0.516s] running install_data
[0.516s] creating /home/nkh/ROS2/CHAPT2/python_1/chapt2_ws/install/demo_python_pkg/share/ament_index
[0.516s] creating /home/nkh/ROS2/CHAPT2/python_1/chapt2_ws/install/demo_python_pkg/share/ament_index/resource_index
[0.516s] creating /home/nkh/ROS2/CHAPT2/python_1/chapt2_ws/install/demo_python_pkg/share/ament_index/resource_index/packages
[0.516s] copying resource/demo_python_pkg -> /home/nkh/ROS2/CHAPT2/python_1/chapt2_ws/install/demo_python_pkg/share/ament_index/resource_index/packages
[0.516s] copying package.xml -> /home/nkh/ROS2/CHAPT2/python_1/chapt2_ws/install/demo_python_pkg/share/demo_python_pkg
[0.516s] running install_egg_info
[0.517s] Copying ../../build/demo_python_pkg/demo_python_pkg.egg-info to /home/nkh/ROS2/CHAPT2/python_1/chapt2_ws/install/demo_python_pkg/lib/python3.10/site-packages/demo_python_pkg-0.0.0-py3.10.egg-info
[0.517s] running install_scripts
[0.531s] Installing python_node script to /home/nkh/ROS2/CHAPT2/python_1/chapt2_ws/install/demo_python_pkg/lib/demo_python_pkg
[0.531s] writing list of installed files to '/home/nkh/ROS2/CHAPT2/python_1/chapt2_ws/build/demo_python_pkg/install.log'
[0.544s] Invoked command in '/home/nkh/ROS2/CHAPT2/python_1/chapt2_ws/src/demo_python_pkg' returned '0': PYTHONPATH=/home/nkh/ROS2/CHAPT2/python_1/chapt2_ws/build/demo_python_pkg/prefix_override:/usr/lib/python3/dist-packages/colcon_core/task/python/colcon_distutils_commands:/home/nkh/ROS2/CHAPT2/python_1/chapt2_ws/install/demo_python_pkg/lib/python3.10/site-packages:${PYTHONPATH} /usr/bin/python3 -W ignore:setup.py install is deprecated -W ignore:easy_install command is deprecated setup.py egg_info --egg-base ../../build/demo_python_pkg build --build-base /home/nkh/ROS2/CHAPT2/python_1/chapt2_ws/build/demo_python_pkg/build install --record /home/nkh/ROS2/CHAPT2/python_1/chapt2_ws/build/demo_python_pkg/install.log --single-version-externally-managed install_data
