[0.374s] Invoking command in '/home/nkh/ROS2/CHAPT2/python_1/chapt2_ws/src/demo_python_pkg': PYTHONPATH=/home/nkh/ROS2/CHAPT2/python_1/chapt2_ws/build/demo_python_pkg/prefix_override:/usr/lib/python3/dist-packages/colcon_core/task/python/colcon_distutils_commands:/home/nkh/ROS2/CHAPT2/python_1/chapt2_ws/install/demo_python_pkg/lib/python3.10/site-packages:${PYTHONPATH} /usr/bin/python3 -W ignore:setup.py install is deprecated -W ignore:easy_install command is deprecated setup.py egg_info --egg-base ../../build/demo_python_pkg build --build-base /home/nkh/ROS2/CHAPT2/python_1/chapt2_ws/build/demo_python_pkg/build install --record /home/nkh/ROS2/CHAPT2/python_1/chapt2_ws/build/demo_python_pkg/install.log --single-version-externally-managed install_data
[0.522s] running egg_info
[0.523s] writing ../../build/demo_python_pkg/demo_python_pkg.egg-info/PKG-INFO
[0.523s] writing dependency_links to ../../build/demo_python_pkg/demo_python_pkg.egg-info/dependency_links.txt
[0.523s] writing entry points to ../../build/demo_python_pkg/demo_python_pkg.egg-info/entry_points.txt
[0.524s] writing requirements to ../../build/demo_python_pkg/demo_python_pkg.egg-info/requires.txt
[0.524s] writing top-level names to ../../build/demo_python_pkg/demo_python_pkg.egg-info/top_level.txt
[0.525s] reading manifest file '../../build/demo_python_pkg/demo_python_pkg.egg-info/SOURCES.txt'
[0.526s] adding license file 'LICENSE'
[0.526s] writing manifest file '../../build/demo_python_pkg/demo_python_pkg.egg-info/SOURCES.txt'
[0.527s] running build
[0.527s] running build_py
[0.527s] copying demo_python_pkg/person_node.py -> /home/nkh/ROS2/CHAPT2/python_1/chapt2_ws/build/demo_python_pkg/build/lib/demo_python_pkg
[0.527s] copying demo_python_pkg/writer_node.py -> /home/nkh/ROS2/CHAPT2/python_1/chapt2_ws/build/demo_python_pkg/build/lib/demo_python_pkg
[0.527s] running install
[0.527s] running install_lib
[0.528s] copying /home/nkh/ROS2/CHAPT2/python_1/chapt2_ws/build/demo_python_pkg/build/lib/demo_python_pkg/person_node.py -> /home/nkh/ROS2/CHAPT2/python_1/chapt2_ws/install/demo_python_pkg/lib/python3.10/site-packages/demo_python_pkg
[0.528s] copying /home/nkh/ROS2/CHAPT2/python_1/chapt2_ws/build/demo_python_pkg/build/lib/demo_python_pkg/writer_node.py -> /home/nkh/ROS2/CHAPT2/python_1/chapt2_ws/install/demo_python_pkg/lib/python3.10/site-packages/demo_python_pkg
[0.528s] byte-compiling /home/nkh/ROS2/CHAPT2/python_1/chapt2_ws/install/demo_python_pkg/lib/python3.10/site-packages/demo_python_pkg/person_node.py to person_node.cpython-310.pyc
[0.529s] byte-compiling /home/nkh/ROS2/CHAPT2/python_1/chapt2_ws/install/demo_python_pkg/lib/python3.10/site-packages/demo_python_pkg/writer_node.py to writer_node.cpython-310.pyc
[0.529s] running install_data
[0.531s] running install_egg_info
[0.531s] removing '/home/nkh/ROS2/CHAPT2/python_1/chapt2_ws/install/demo_python_pkg/lib/python3.10/site-packages/demo_python_pkg-0.0.0-py3.10.egg-info' (and everything under it)
[0.533s] Copying ../../build/demo_python_pkg/demo_python_pkg.egg-info to /home/nkh/ROS2/CHAPT2/python_1/chapt2_ws/install/demo_python_pkg/lib/python3.10/site-packages/demo_python_pkg-0.0.0-py3.10.egg-info
[0.533s] running install_scripts
[0.547s] Installing person_node script to /home/nkh/ROS2/CHAPT2/python_1/chapt2_ws/install/demo_python_pkg/lib/demo_python_pkg
[0.547s] Installing python_node script to /home/nkh/ROS2/CHAPT2/python_1/chapt2_ws/install/demo_python_pkg/lib/demo_python_pkg
[0.547s] Installing writer_node script to /home/nkh/ROS2/CHAPT2/python_1/chapt2_ws/install/demo_python_pkg/lib/demo_python_pkg
[0.547s] writing list of installed files to '/home/nkh/ROS2/CHAPT2/python_1/chapt2_ws/build/demo_python_pkg/install.log'
[0.561s] Invoked command in '/home/nkh/ROS2/CHAPT2/python_1/chapt2_ws/src/demo_python_pkg' returned '0': PYTHONPATH=/home/nkh/ROS2/CHAPT2/python_1/chapt2_ws/build/demo_python_pkg/prefix_override:/usr/lib/python3/dist-packages/colcon_core/task/python/colcon_distutils_commands:/home/nkh/ROS2/CHAPT2/python_1/chapt2_ws/install/demo_python_pkg/lib/python3.10/site-packages:${PYTHONPATH} /usr/bin/python3 -W ignore:setup.py install is deprecated -W ignore:easy_install command is deprecated setup.py egg_info --egg-base ../../build/demo_python_pkg build --build-base /home/nkh/ROS2/CHAPT2/python_1/chapt2_ws/build/demo_python_pkg/build install --record /home/nkh/ROS2/CHAPT2/python_1/chapt2_ws/build/demo_python_pkg/install.log --single-version-externally-managed install_data
