[0.052s] DEBUG:colcon:Command line arguments: ['/usr/bin/colcon', 'build']
[0.052s] DEBUG:colcon:Parsed command line arguments: Namespace(log_base=None, log_level=None, verb_name='build', build_base='build', install_base='install', merge_install=False, symlink_install=False, test_result_base=None, continue_on_error=False, executor='parallel', parallel_workers=8, event_handlers=None, ignore_user_meta=False, metas=['./colcon.meta'], base_paths=['.'], packages_ignore=None, packages_ignore_regex=None, paths=None, packages_up_to=None, packages_up_to_regex=None, packages_above=None, packages_above_and_dependencies=None, packages_above_depth=None, packages_select_by_dep=None, packages_skip_by_dep=None, packages_skip_up_to=None, packages_select_build_failed=False, packages_skip_build_finished=False, packages_select_test_failures=False, packages_skip_test_passed=False, packages_select=None, packages_skip=None, packages_select_regex=None, packages_skip_regex=None, packages_start=None, packages_end=None, allow_overriding=[], cmake_args=None, cmake_target=None, cmake_target_skip_unavailable=False, cmake_clean_cache=False, cmake_clean_first=False, cmake_force_configure=False, ament_cmake_args=None, catkin_cmake_args=None, catkin_skip_building_tests=False, verb_parser=<colcon_defaults.argument_parser.defaults.DefaultArgumentsDecorator object at 0x769ac361bb80>, verb_extension=<colcon_core.verb.build.BuildVerb object at 0x769ac361b670>, main=<bound method BuildVerb.main of <colcon_core.verb.build.BuildVerb object at 0x769ac361b670>>)
[0.121s] Level 1:colcon.colcon_core.package_discovery:discover_packages(colcon_meta) check parameters
[0.121s] Level 1:colcon.colcon_core.package_discovery:discover_packages(recursive) check parameters
[0.122s] Level 1:colcon.colcon_core.package_discovery:discover_packages(ignore) check parameters
[0.122s] Level 1:colcon.colcon_core.package_discovery:discover_packages(path) check parameters
[0.122s] Level 1:colcon.colcon_core.package_discovery:discover_packages(colcon_meta) discover
[0.122s] Level 1:colcon.colcon_core.package_discovery:discover_packages(recursive) discover
[0.122s] INFO:colcon.colcon_core.package_discovery:Crawling recursively for packages in '/home/nkh/ROS2/CHAPT5'
[0.122s] Level 1:colcon.colcon_core.package_identification:_identify(.) by extensions ['ignore', 'ignore_ament_install']
[0.122s] Level 1:colcon.colcon_core.package_identification:_identify(.) by extension 'ignore'
[0.122s] Level 1:colcon.colcon_core.package_identification:_identify(.) by extension 'ignore_ament_install'
[0.122s] Level 1:colcon.colcon_core.package_identification:_identify(.) by extensions ['colcon_pkg']
[0.122s] Level 1:colcon.colcon_core.package_identification:_identify(.) by extension 'colcon_pkg'
[0.122s] Level 1:colcon.colcon_core.package_identification:_identify(.) by extensions ['colcon_meta']
[0.122s] Level 1:colcon.colcon_core.package_identification:_identify(.) by extension 'colcon_meta'
[0.122s] Level 1:colcon.colcon_core.package_identification:_identify(.) by extensions ['ros']
[0.122s] Level 1:colcon.colcon_core.package_identification:_identify(.) by extension 'ros'
[0.127s] Level 1:colcon.colcon_core.package_identification:_identify(.) by extensions ['cmake', 'python']
[0.127s] Level 1:colcon.colcon_core.package_identification:_identify(.) by extension 'cmake'
[0.127s] Level 1:colcon.colcon_core.package_identification:_identify(.) by extension 'python'
[0.127s] Level 1:colcon.colcon_core.package_identification:_identify(.) by extensions ['python_setup_py']
[0.127s] Level 1:colcon.colcon_core.package_identification:_identify(.) by extension 'python_setup_py'
[0.127s] Level 1:colcon.colcon_core.package_identification:_identify(build) by extensions ['ignore', 'ignore_ament_install']
[0.127s] Level 1:colcon.colcon_core.package_identification:_identify(build) by extension 'ignore'
[0.127s] Level 1:colcon.colcon_core.package_identification:_identify(build) ignored
[0.127s] Level 1:colcon.colcon_core.package_identification:_identify(install) by extensions ['ignore', 'ignore_ament_install']
[0.128s] Level 1:colcon.colcon_core.package_identification:_identify(install) by extension 'ignore'
[0.128s] Level 1:colcon.colcon_core.package_identification:_identify(install) ignored
[0.128s] Level 1:colcon.colcon_core.package_identification:_identify(log) by extensions ['ignore', 'ignore_ament_install']
[0.128s] Level 1:colcon.colcon_core.package_identification:_identify(log) by extension 'ignore'
[0.128s] Level 1:colcon.colcon_core.package_identification:_identify(log) ignored
[0.128s] Level 1:colcon.colcon_core.package_identification:_identify(src) by extensions ['ignore', 'ignore_ament_install']
[0.128s] Level 1:colcon.colcon_core.package_identification:_identify(src) by extension 'ignore'
[0.128s] Level 1:colcon.colcon_core.package_identification:_identify(src) by extension 'ignore_ament_install'
[0.128s] Level 1:colcon.colcon_core.package_identification:_identify(src) by extensions ['colcon_pkg']
[0.128s] Level 1:colcon.colcon_core.package_identification:_identify(src) by extension 'colcon_pkg'
[0.129s] Level 1:colcon.colcon_core.package_identification:_identify(src) by extensions ['colcon_meta']
[0.129s] Level 1:colcon.colcon_core.package_identification:_identify(src) by extension 'colcon_meta'
[0.129s] Level 1:colcon.colcon_core.package_identification:_identify(src) by extensions ['ros']
[0.129s] Level 1:colcon.colcon_core.package_identification:_identify(src) by extension 'ros'
[0.129s] Level 1:colcon.colcon_core.package_identification:_identify(src) by extensions ['cmake', 'python']
[0.129s] Level 1:colcon.colcon_core.package_identification:_identify(src) by extension 'cmake'
[0.129s] Level 1:colcon.colcon_core.package_identification:_identify(src) by extension 'python'
[0.129s] Level 1:colcon.colcon_core.package_identification:_identify(src) by extensions ['python_setup_py']
[0.129s] Level 1:colcon.colcon_core.package_identification:_identify(src) by extension 'python_setup_py'
[0.129s] Level 1:colcon.colcon_core.package_identification:_identify(src/demo_cpp_tf) by extensions ['ignore', 'ignore_ament_install']
[0.129s] Level 1:colcon.colcon_core.package_identification:_identify(src/demo_cpp_tf) by extension 'ignore'
[0.129s] Level 1:colcon.colcon_core.package_identification:_identify(src/demo_cpp_tf) by extension 'ignore_ament_install'
[0.129s] Level 1:colcon.colcon_core.package_identification:_identify(src/demo_cpp_tf) by extensions ['colcon_pkg']
[0.129s] Level 1:colcon.colcon_core.package_identification:_identify(src/demo_cpp_tf) by extension 'colcon_pkg'
[0.129s] Level 1:colcon.colcon_core.package_identification:_identify(src/demo_cpp_tf) by extensions ['colcon_meta']
[0.129s] Level 1:colcon.colcon_core.package_identification:_identify(src/demo_cpp_tf) by extension 'colcon_meta'
[0.129s] Level 1:colcon.colcon_core.package_identification:_identify(src/demo_cpp_tf) by extensions ['ros']
[0.129s] Level 1:colcon.colcon_core.package_identification:_identify(src/demo_cpp_tf) by extension 'ros'
[0.130s] DEBUG:colcon.colcon_core.package_identification:Package 'src/demo_cpp_tf' with type 'ros.ament_cmake' and name 'demo_cpp_tf'
[0.130s] Level 1:colcon.colcon_core.package_identification:_identify(src/demo_python_tf) by extensions ['ignore', 'ignore_ament_install']
[0.130s] Level 1:colcon.colcon_core.package_identification:_identify(src/demo_python_tf) by extension 'ignore'
[0.130s] Level 1:colcon.colcon_core.package_identification:_identify(src/demo_python_tf) by extension 'ignore_ament_install'
[0.130s] Level 1:colcon.colcon_core.package_identification:_identify(src/demo_python_tf) by extensions ['colcon_pkg']
[0.131s] Level 1:colcon.colcon_core.package_identification:_identify(src/demo_python_tf) by extension 'colcon_pkg'
[0.131s] Level 1:colcon.colcon_core.package_identification:_identify(src/demo_python_tf) by extensions ['colcon_meta']
[0.131s] Level 1:colcon.colcon_core.package_identification:_identify(src/demo_python_tf) by extension 'colcon_meta'
[0.131s] Level 1:colcon.colcon_core.package_identification:_identify(src/demo_python_tf) by extensions ['ros']
[0.131s] Level 1:colcon.colcon_core.package_identification:_identify(src/demo_python_tf) by extension 'ros'
[0.131s] DEBUG:colcon.colcon_core.package_identification:Package 'src/demo_python_tf' with type 'ros.ament_python' and name 'demo_python_tf'
[0.131s] Level 1:colcon.colcon_core.package_discovery:discover_packages(recursive) using defaults
[0.131s] Level 1:colcon.colcon_core.package_discovery:discover_packages(ignore) discover
[0.131s] Level 1:colcon.colcon_core.package_discovery:discover_packages(ignore) using defaults
[0.131s] Level 1:colcon.colcon_core.package_discovery:discover_packages(path) discover
[0.131s] Level 1:colcon.colcon_core.package_discovery:discover_packages(path) using defaults
[0.142s] Level 1:colcon.colcon_core.package_discovery:discover_packages(prefix_path) check parameters
[0.142s] Level 1:colcon.colcon_core.package_discovery:discover_packages(prefix_path) discover
[0.143s] DEBUG:colcon.colcon_installed_package_information.package_discovery:Found 2 installed packages in /home/nkh/ROS2/CHAPT5/install
[0.144s] DEBUG:colcon.colcon_installed_package_information.package_discovery:Found 325 installed packages in /opt/ros/humble
[0.150s] Level 1:colcon.colcon_core.package_discovery:discover_packages(prefix_path) using defaults
[0.170s] Level 5:colcon.colcon_core.verb:set package 'demo_cpp_tf' build argument 'cmake_args' from command line to 'None'
[0.170s] Level 5:colcon.colcon_core.verb:set package 'demo_cpp_tf' build argument 'cmake_target' from command line to 'None'
[0.170s] Level 5:colcon.colcon_core.verb:set package 'demo_cpp_tf' build argument 'cmake_target_skip_unavailable' from command line to 'False'
[0.170s] Level 5:colcon.colcon_core.verb:set package 'demo_cpp_tf' build argument 'cmake_clean_cache' from command line to 'False'
[0.170s] Level 5:colcon.colcon_core.verb:set package 'demo_cpp_tf' build argument 'cmake_clean_first' from command line to 'False'
[0.170s] Level 5:colcon.colcon_core.verb:set package 'demo_cpp_tf' build argument 'cmake_force_configure' from command line to 'False'
[0.170s] Level 5:colcon.colcon_core.verb:set package 'demo_cpp_tf' build argument 'ament_cmake_args' from command line to 'None'
[0.170s] Level 5:colcon.colcon_core.verb:set package 'demo_cpp_tf' build argument 'catkin_cmake_args' from command line to 'None'
[0.170s] Level 5:colcon.colcon_core.verb:set package 'demo_cpp_tf' build argument 'catkin_skip_building_tests' from command line to 'False'
[0.170s] DEBUG:colcon.colcon_core.verb:Building package 'demo_cpp_tf' with the following arguments: {'ament_cmake_args': None, 'build_base': '/home/nkh/ROS2/CHAPT5/build/demo_cpp_tf', 'catkin_cmake_args': None, 'catkin_skip_building_tests': False, 'cmake_args': None, 'cmake_clean_cache': False, 'cmake_clean_first': False, 'cmake_force_configure': False, 'cmake_target': None, 'cmake_target_skip_unavailable': False, 'install_base': '/home/nkh/ROS2/CHAPT5/install/demo_cpp_tf', 'merge_install': False, 'path': '/home/nkh/ROS2/CHAPT5/src/demo_cpp_tf', 'symlink_install': False, 'test_result_base': None}
[0.170s] Level 5:colcon.colcon_core.verb:set package 'demo_python_tf' build argument 'cmake_args' from command line to 'None'
[0.170s] Level 5:colcon.colcon_core.verb:set package 'demo_python_tf' build argument 'cmake_target' from command line to 'None'
[0.170s] Level 5:colcon.colcon_core.verb:set package 'demo_python_tf' build argument 'cmake_target_skip_unavailable' from command line to 'False'
[0.170s] Level 5:colcon.colcon_core.verb:set package 'demo_python_tf' build argument 'cmake_clean_cache' from command line to 'False'
[0.170s] Level 5:colcon.colcon_core.verb:set package 'demo_python_tf' build argument 'cmake_clean_first' from command line to 'False'
[0.170s] Level 5:colcon.colcon_core.verb:set package 'demo_python_tf' build argument 'cmake_force_configure' from command line to 'False'
[0.170s] Level 5:colcon.colcon_core.verb:set package 'demo_python_tf' build argument 'ament_cmake_args' from command line to 'None'
[0.170s] Level 5:colcon.colcon_core.verb:set package 'demo_python_tf' build argument 'catkin_cmake_args' from command line to 'None'
[0.170s] Level 5:colcon.colcon_core.verb:set package 'demo_python_tf' build argument 'catkin_skip_building_tests' from command line to 'False'
[0.170s] DEBUG:colcon.colcon_core.verb:Building package 'demo_python_tf' with the following arguments: {'ament_cmake_args': None, 'build_base': '/home/nkh/ROS2/CHAPT5/build/demo_python_tf', 'catkin_cmake_args': None, 'catkin_skip_building_tests': False, 'cmake_args': None, 'cmake_clean_cache': False, 'cmake_clean_first': False, 'cmake_force_configure': False, 'cmake_target': None, 'cmake_target_skip_unavailable': False, 'install_base': '/home/nkh/ROS2/CHAPT5/install/demo_python_tf', 'merge_install': False, 'path': '/home/nkh/ROS2/CHAPT5/src/demo_python_tf', 'symlink_install': False, 'test_result_base': None}
[0.171s] INFO:colcon.colcon_core.executor:Executing jobs using 'parallel' executor
[0.171s] DEBUG:colcon.colcon_parallel_executor.executor.parallel:run_until_complete
[0.171s] INFO:colcon.colcon_ros.task.ament_cmake.build:Building ROS package in '/home/nkh/ROS2/CHAPT5/src/demo_cpp_tf' with build type 'ament_cmake'
[0.172s] INFO:colcon.colcon_cmake.task.cmake.build:Building CMake package in '/home/nkh/ROS2/CHAPT5/src/demo_cpp_tf'
[0.173s] INFO:colcon.colcon_core.plugin_system:Skipping extension 'colcon_core.shell.bat': Not used on non-Windows systems
[0.173s] INFO:colcon.colcon_core.shell:Skip shell extension 'powershell' for command environment: Not usable outside of PowerShell
[0.173s] DEBUG:colcon.colcon_core.shell:Skip shell extension 'dsv' for command environment
[0.175s] INFO:colcon.colcon_ros.task.ament_python.build:Building ROS package in '/home/nkh/ROS2/CHAPT5/src/demo_python_tf' with build type 'ament_python'
[0.175s] Level 1:colcon.colcon_core.shell:create_environment_hook('demo_python_tf', 'ament_prefix_path')
[0.175s] INFO:colcon.colcon_core.shell:Creating environment hook '/home/nkh/ROS2/CHAPT5/install/demo_python_tf/share/demo_python_tf/hook/ament_prefix_path.ps1'
[0.176s] INFO:colcon.colcon_core.shell:Creating environment descriptor '/home/nkh/ROS2/CHAPT5/install/demo_python_tf/share/demo_python_tf/hook/ament_prefix_path.dsv'
[0.176s] INFO:colcon.colcon_core.shell:Creating environment hook '/home/nkh/ROS2/CHAPT5/install/demo_python_tf/share/demo_python_tf/hook/ament_prefix_path.sh'
[0.177s] INFO:colcon.colcon_core.shell:Skip shell extension 'powershell' for command environment: Not usable outside of PowerShell
[0.177s] DEBUG:colcon.colcon_core.shell:Skip shell extension 'dsv' for command environment
[0.182s] DEBUG:colcon.colcon_core.event_handler.log_command:Invoking command in '/home/nkh/ROS2/CHAPT5/build/demo_cpp_tf': CMAKE_PREFIX_PATH=${CMAKE_PREFIX_PATH}:/home/nkh/ROS2/CHAPT5/install/demo_python_tf:/opt/ros/humble /usr/bin/cmake --build /home/nkh/ROS2/CHAPT5/build/demo_cpp_tf -- -j8 -l8
[0.302s] INFO:colcon.colcon_core.task.python.build:Building Python package in '/home/nkh/ROS2/CHAPT5/src/demo_python_tf'
[0.302s] INFO:colcon.colcon_core.shell:Skip shell extension 'powershell' for command environment: Not usable outside of PowerShell
[0.302s] DEBUG:colcon.colcon_core.shell:Skip shell extension 'dsv' for command environment
[0.455s] DEBUG:colcon.colcon_core.event_handler.log_command:Invoking command in '/home/nkh/ROS2/CHAPT5/src/demo_python_tf': PYTHONPATH=/home/nkh/ROS2/CHAPT5/build/demo_python_tf/prefix_override:/usr/lib/python3/dist-packages/colcon_core/task/python/colcon_distutils_commands:/home/nkh/ROS2/CHAPT5/install/demo_python_tf/lib/python3.10/site-packages:${PYTHONPATH} /usr/bin/python3 -W ignore:setup.py install is deprecated -W ignore:easy_install command is deprecated setup.py egg_info --egg-base ../../build/demo_python_tf build --build-base /home/nkh/ROS2/CHAPT5/build/demo_python_tf/build install --record /home/nkh/ROS2/CHAPT5/build/demo_python_tf/install.log --single-version-externally-managed install_data
[0.602s] DEBUG:colcon.colcon_core.event_handler.log_command:Invoked command in '/home/nkh/ROS2/CHAPT5/src/demo_python_tf' returned '0': PYTHONPATH=/home/nkh/ROS2/CHAPT5/build/demo_python_tf/prefix_override:/usr/lib/python3/dist-packages/colcon_core/task/python/colcon_distutils_commands:/home/nkh/ROS2/CHAPT5/install/demo_python_tf/lib/python3.10/site-packages:${PYTHONPATH} /usr/bin/python3 -W ignore:setup.py install is deprecated -W ignore:easy_install command is deprecated setup.py egg_info --egg-base ../../build/demo_python_tf build --build-base /home/nkh/ROS2/CHAPT5/build/demo_python_tf/build install --record /home/nkh/ROS2/CHAPT5/build/demo_python_tf/install.log --single-version-externally-managed install_data
[0.603s] Level 1:colcon.colcon_core.environment:checking '/home/nkh/ROS2/CHAPT5/install/demo_python_tf' for CMake module files
[0.603s] Level 1:colcon.colcon_core.environment:checking '/home/nkh/ROS2/CHAPT5/install/demo_python_tf' for CMake config files
[0.603s] Level 1:colcon.colcon_core.environment:checking '/home/nkh/ROS2/CHAPT5/install/demo_python_tf/lib'
[0.603s] Level 1:colcon.colcon_core.environment:checking '/home/nkh/ROS2/CHAPT5/install/demo_python_tf/bin'
[0.603s] Level 1:colcon.colcon_core.environment:checking '/home/nkh/ROS2/CHAPT5/install/demo_python_tf/lib/pkgconfig/demo_python_tf.pc'
[0.604s] Level 1:colcon.colcon_core.environment:checking '/home/nkh/ROS2/CHAPT5/install/demo_python_tf/lib/python3.10/site-packages'
[0.604s] Level 1:colcon.colcon_core.shell:create_environment_hook('demo_python_tf', 'pythonpath')
[0.604s] INFO:colcon.colcon_core.shell:Creating environment hook '/home/nkh/ROS2/CHAPT5/install/demo_python_tf/share/demo_python_tf/hook/pythonpath.ps1'
[0.604s] INFO:colcon.colcon_core.shell:Creating environment descriptor '/home/nkh/ROS2/CHAPT5/install/demo_python_tf/share/demo_python_tf/hook/pythonpath.dsv'
[0.605s] INFO:colcon.colcon_core.shell:Creating environment hook '/home/nkh/ROS2/CHAPT5/install/demo_python_tf/share/demo_python_tf/hook/pythonpath.sh'
[0.605s] Level 1:colcon.colcon_core.environment:checking '/home/nkh/ROS2/CHAPT5/install/demo_python_tf/bin'
[0.605s] Level 1:colcon.colcon_core.environment:create_environment_scripts_only(demo_python_tf)
[0.605s] INFO:colcon.colcon_core.shell:Creating package script '/home/nkh/ROS2/CHAPT5/install/demo_python_tf/share/demo_python_tf/package.ps1'
[0.606s] INFO:colcon.colcon_core.shell:Creating package descriptor '/home/nkh/ROS2/CHAPT5/install/demo_python_tf/share/demo_python_tf/package.dsv'
[0.606s] INFO:colcon.colcon_core.shell:Creating package script '/home/nkh/ROS2/CHAPT5/install/demo_python_tf/share/demo_python_tf/package.sh'
[0.607s] INFO:colcon.colcon_core.shell:Creating package script '/home/nkh/ROS2/CHAPT5/install/demo_python_tf/share/demo_python_tf/package.bash'
[0.607s] INFO:colcon.colcon_core.shell:Creating package script '/home/nkh/ROS2/CHAPT5/install/demo_python_tf/share/demo_python_tf/package.zsh'
[0.608s] Level 1:colcon.colcon_core.environment:create_file_with_runtime_dependencies(/home/nkh/ROS2/CHAPT5/install/demo_python_tf/share/colcon-core/packages/demo_python_tf)
[2.892s] DEBUG:colcon.colcon_core.event_handler.log_command:Invoked command in '/home/nkh/ROS2/CHAPT5/build/demo_cpp_tf' returned '0': CMAKE_PREFIX_PATH=${CMAKE_PREFIX_PATH}:/home/nkh/ROS2/CHAPT5/install/demo_python_tf:/opt/ros/humble /usr/bin/cmake --build /home/nkh/ROS2/CHAPT5/build/demo_cpp_tf -- -j8 -l8
[2.915s] DEBUG:colcon.colcon_core.event_handler.log_command:Invoking command in '/home/nkh/ROS2/CHAPT5/build/demo_cpp_tf': CMAKE_PREFIX_PATH=${CMAKE_PREFIX_PATH}:/home/nkh/ROS2/CHAPT5/install/demo_python_tf:/opt/ros/humble /usr/bin/cmake --install /home/nkh/ROS2/CHAPT5/build/demo_cpp_tf
[2.917s] Level 1:colcon.colcon_core.environment:create_environment_scripts_only(demo_cpp_tf)
[2.917s] Level 1:colcon.colcon_core.environment:checking '/home/nkh/ROS2/CHAPT5/install/demo_cpp_tf' for CMake module files
[2.917s] DEBUG:colcon.colcon_core.event_handler.log_command:Invoked command in '/home/nkh/ROS2/CHAPT5/build/demo_cpp_tf' returned '0': CMAKE_PREFIX_PATH=${CMAKE_PREFIX_PATH}:/home/nkh/ROS2/CHAPT5/install/demo_python_tf:/opt/ros/humble /usr/bin/cmake --install /home/nkh/ROS2/CHAPT5/build/demo_cpp_tf
[2.919s] Level 1:colcon.colcon_core.environment:checking '/home/nkh/ROS2/CHAPT5/install/demo_cpp_tf' for CMake config files
[2.919s] Level 1:colcon.colcon_core.shell:create_environment_hook('demo_cpp_tf', 'cmake_prefix_path')
[2.919s] INFO:colcon.colcon_core.shell:Creating environment hook '/home/nkh/ROS2/CHAPT5/install/demo_cpp_tf/share/demo_cpp_tf/hook/cmake_prefix_path.ps1'
[2.919s] INFO:colcon.colcon_core.shell:Creating environment descriptor '/home/nkh/ROS2/CHAPT5/install/demo_cpp_tf/share/demo_cpp_tf/hook/cmake_prefix_path.dsv'
[2.919s] INFO:colcon.colcon_core.shell:Creating environment hook '/home/nkh/ROS2/CHAPT5/install/demo_cpp_tf/share/demo_cpp_tf/hook/cmake_prefix_path.sh'
[2.920s] Level 1:colcon.colcon_core.environment:checking '/home/nkh/ROS2/CHAPT5/install/demo_cpp_tf/lib'
[2.920s] Level 1:colcon.colcon_core.environment:checking '/home/nkh/ROS2/CHAPT5/install/demo_cpp_tf/bin'
[2.920s] Level 1:colcon.colcon_core.environment:checking '/home/nkh/ROS2/CHAPT5/install/demo_cpp_tf/lib/pkgconfig/demo_cpp_tf.pc'
[2.920s] Level 1:colcon.colcon_core.environment:checking '/home/nkh/ROS2/CHAPT5/install/demo_cpp_tf/lib/python3.10/site-packages'
[2.920s] Level 1:colcon.colcon_core.environment:checking '/home/nkh/ROS2/CHAPT5/install/demo_cpp_tf/bin'
[2.920s] INFO:colcon.colcon_core.shell:Creating package script '/home/nkh/ROS2/CHAPT5/install/demo_cpp_tf/share/demo_cpp_tf/package.ps1'
[2.921s] INFO:colcon.colcon_core.shell:Creating package descriptor '/home/nkh/ROS2/CHAPT5/install/demo_cpp_tf/share/demo_cpp_tf/package.dsv'
[2.921s] INFO:colcon.colcon_core.shell:Creating package script '/home/nkh/ROS2/CHAPT5/install/demo_cpp_tf/share/demo_cpp_tf/package.sh'
[2.921s] INFO:colcon.colcon_core.shell:Creating package script '/home/nkh/ROS2/CHAPT5/install/demo_cpp_tf/share/demo_cpp_tf/package.bash'
[2.921s] INFO:colcon.colcon_core.shell:Creating package script '/home/nkh/ROS2/CHAPT5/install/demo_cpp_tf/share/demo_cpp_tf/package.zsh'
[2.922s] Level 1:colcon.colcon_core.environment:create_file_with_runtime_dependencies(/home/nkh/ROS2/CHAPT5/install/demo_cpp_tf/share/colcon-core/packages/demo_cpp_tf)
[2.922s] Level 1:colcon.colcon_core.environment:create_environment_scripts_only(demo_cpp_tf)
[2.922s] Level 1:colcon.colcon_core.environment:checking '/home/nkh/ROS2/CHAPT5/install/demo_cpp_tf' for CMake module files
[2.922s] Level 1:colcon.colcon_core.environment:checking '/home/nkh/ROS2/CHAPT5/install/demo_cpp_tf' for CMake config files
[2.922s] Level 1:colcon.colcon_core.shell:create_environment_hook('demo_cpp_tf', 'cmake_prefix_path')
[2.922s] INFO:colcon.colcon_core.shell:Creating environment hook '/home/nkh/ROS2/CHAPT5/install/demo_cpp_tf/share/demo_cpp_tf/hook/cmake_prefix_path.ps1'
[2.923s] INFO:colcon.colcon_core.shell:Creating environment descriptor '/home/nkh/ROS2/CHAPT5/install/demo_cpp_tf/share/demo_cpp_tf/hook/cmake_prefix_path.dsv'
[2.923s] INFO:colcon.colcon_core.shell:Creating environment hook '/home/nkh/ROS2/CHAPT5/install/demo_cpp_tf/share/demo_cpp_tf/hook/cmake_prefix_path.sh'
[2.923s] Level 1:colcon.colcon_core.environment:checking '/home/nkh/ROS2/CHAPT5/install/demo_cpp_tf/lib'
[2.923s] Level 1:colcon.colcon_core.environment:checking '/home/nkh/ROS2/CHAPT5/install/demo_cpp_tf/bin'
[2.923s] Level 1:colcon.colcon_core.environment:checking '/home/nkh/ROS2/CHAPT5/install/demo_cpp_tf/lib/pkgconfig/demo_cpp_tf.pc'
[2.924s] Level 1:colcon.colcon_core.environment:checking '/home/nkh/ROS2/CHAPT5/install/demo_cpp_tf/lib/python3.10/site-packages'
[2.924s] Level 1:colcon.colcon_core.environment:checking '/home/nkh/ROS2/CHAPT5/install/demo_cpp_tf/bin'
[2.924s] INFO:colcon.colcon_core.shell:Creating package script '/home/nkh/ROS2/CHAPT5/install/demo_cpp_tf/share/demo_cpp_tf/package.ps1'
[2.924s] INFO:colcon.colcon_core.shell:Creating package descriptor '/home/nkh/ROS2/CHAPT5/install/demo_cpp_tf/share/demo_cpp_tf/package.dsv'
[2.924s] INFO:colcon.colcon_core.shell:Creating package script '/home/nkh/ROS2/CHAPT5/install/demo_cpp_tf/share/demo_cpp_tf/package.sh'
[2.925s] INFO:colcon.colcon_core.shell:Creating package script '/home/nkh/ROS2/CHAPT5/install/demo_cpp_tf/share/demo_cpp_tf/package.bash'
[2.925s] INFO:colcon.colcon_core.shell:Creating package script '/home/nkh/ROS2/CHAPT5/install/demo_cpp_tf/share/demo_cpp_tf/package.zsh'
[2.925s] Level 1:colcon.colcon_core.environment:create_file_with_runtime_dependencies(/home/nkh/ROS2/CHAPT5/install/demo_cpp_tf/share/colcon-core/packages/demo_cpp_tf)
[2.926s] DEBUG:colcon.colcon_parallel_executor.executor.parallel:closing loop
[2.926s] DEBUG:colcon.colcon_parallel_executor.executor.parallel:loop closed
[2.926s] DEBUG:colcon.colcon_parallel_executor.executor.parallel:run_until_complete finished with '0'
[2.926s] DEBUG:colcon.colcon_core.event_reactor:joining thread
[2.929s] INFO:colcon.colcon_core.plugin_system:Skipping extension 'colcon_notification.desktop_notification.terminal_notifier': Not used on non-Darwin systems
[2.929s] INFO:colcon.colcon_core.plugin_system:Skipping extension 'colcon_notification.desktop_notification.win32': Not used on non-Windows systems
[2.929s] INFO:colcon.colcon_notification.desktop_notification:Sending desktop notification using 'notify2'
[2.936s] DEBUG:colcon.colcon_core.event_reactor:joined thread
[2.936s] INFO:colcon.colcon_core.shell:Creating prefix script '/home/nkh/ROS2/CHAPT5/install/local_setup.ps1'
[2.937s] INFO:colcon.colcon_core.shell:Creating prefix util module '/home/nkh/ROS2/CHAPT5/install/_local_setup_util_ps1.py'
[2.938s] INFO:colcon.colcon_core.shell:Creating prefix chain script '/home/nkh/ROS2/CHAPT5/install/setup.ps1'
[2.938s] INFO:colcon.colcon_core.shell:Creating prefix script '/home/nkh/ROS2/CHAPT5/install/local_setup.sh'
[2.939s] INFO:colcon.colcon_core.shell:Creating prefix util module '/home/nkh/ROS2/CHAPT5/install/_local_setup_util_sh.py'
[2.939s] INFO:colcon.colcon_core.shell:Creating prefix chain script '/home/nkh/ROS2/CHAPT5/install/setup.sh'
[2.940s] INFO:colcon.colcon_core.shell:Creating prefix script '/home/nkh/ROS2/CHAPT5/install/local_setup.bash'
[2.941s] INFO:colcon.colcon_core.shell:Creating prefix chain script '/home/nkh/ROS2/CHAPT5/install/setup.bash'
[2.941s] INFO:colcon.colcon_core.shell:Creating prefix script '/home/nkh/ROS2/CHAPT5/install/local_setup.zsh'
[2.941s] INFO:colcon.colcon_core.shell:Creating prefix chain script '/home/nkh/ROS2/CHAPT5/install/setup.zsh'
