[0.011s] Invoking command in '/home/nkh/ROS2/CHAPT5/build/demo_cpp_tf': CMAKE_PREFIX_PATH=/opt/ros/humble /usr/bin/cmake /home/nkh/ROS2/CHAPT5/src/demo_cpp_tf -DCMAKE_INSTALL_PREFIX=/home/nkh/ROS2/CHAPT5/install/demo_cpp_tf
[0.109s] -- The C compiler identification is GNU 11.4.0
[0.188s] -- The CXX compiler identification is GNU 11.4.0
[0.202s] -- Detecting C compiler ABI info
[0.262s] -- Detecting C compiler ABI info - done
[0.262s] -- Check for working C compiler: /usr/bin/cc - skipped
[0.263s] -- Detecting C compile features
[0.263s] -- Detecting C compile features - done
[0.266s] -- Detecting CXX compiler ABI info
[0.328s] -- Detecting CXX compiler ABI info - done
[0.329s] -- Check for working CXX compiler: /usr/bin/c++ - skipped
[0.329s] -- Detecting CXX compile features
[0.330s] -- Detecting CXX compile features - done
[0.342s] -- Found ament_cmake: 1.3.12 (/opt/ros/humble/share/ament_cmake/cmake)
[0.432s] -- Found Python3: /usr/bin/python3 (found version "3.10.12") found components: Interpreter 
[0.512s] -- Found rclcpp: 16.0.14 (/opt/ros/humble/share/rclcpp/cmake)
[0.571s] -- Found rosidl_generator_c: 3.1.7 (/opt/ros/humble/share/rosidl_generator_c/cmake)
[0.577s] -- Found rosidl_adapter: 3.1.7 (/opt/ros/humble/share/rosidl_adapter/cmake)
[0.587s] -- Found rosidl_generator_cpp: 3.1.7 (/opt/ros/humble/share/rosidl_generator_cpp/cmake)
[0.605s] -- Using all available rosidl_typesupport_c: rosidl_typesupport_fastrtps_c;rosidl_typesupport_introspection_c
[0.624s] -- Using all available rosidl_typesupport_cpp: rosidl_typesupport_fastrtps_cpp;rosidl_typesupport_introspection_cpp
[0.675s] -- Found rmw_implementation_cmake: 6.1.2 (/opt/ros/humble/share/rmw_implementation_cmake/cmake)
[0.678s] -- Found rmw_fastrtps_cpp: 6.2.8 (/opt/ros/humble/share/rmw_fastrtps_cpp/cmake)
[0.749s] -- Found OpenSSL: /usr/lib/x86_64-linux-gnu/libcrypto.so (found version "3.0.2")  
[0.764s] -- Found FastRTPS: /opt/ros/humble/include  
[0.785s] -- Using RMW implementation 'rmw_fastrtps_cpp' as default
[0.796s] -- Looking for pthread.h
[0.845s] -- Looking for pthread.h - found
[0.845s] -- Performing Test CMAKE_HAVE_LIBC_PTHREAD
[0.896s] -- Performing Test CMAKE_HAVE_LIBC_PTHREAD - Success
[0.898s] -- Found Threads: TRUE  
[0.960s] [31mCMake Error at CMakeLists.txt:11 (find_package):
[0.960s]   By not providing "Findtf2_ros_geometry_msgs.cmake" in CMAKE_MODULE_PATH
[0.960s]   this project has asked CMake to find a package configuration file provided
[0.960s]   by "tf2_ros_geometry_msgs", but CMake did not find one.
[0.960s] 
[0.960s]   Could not find a package configuration file provided by
[0.960s]   "tf2_ros_geometry_msgs" with any of the following names:
[0.960s] 
[0.960s]     tf2_ros_geometry_msgsConfig.cmake
[0.960s]     tf2_ros_geometry_msgs-config.cmake
[0.960s] 
[0.960s]   Add the installation prefix of "tf2_ros_geometry_msgs" to CMAKE_PREFIX_PATH
[0.960s]   or set "tf2_ros_geometry_msgs_DIR" to a directory containing one of the
[0.960s]   above files.  If "tf2_ros_geometry_msgs" provides a separate development
[0.960s]   package or SDK, be sure it has been installed.
[0.960s] 
[0.960s] [0m
[0.961s] -- Configuring incomplete, errors occurred!
[0.961s] See also "/home/nkh/ROS2/CHAPT5/build/demo_cpp_tf/CMakeFiles/CMakeOutput.log".
[0.968s] Invoked command in '/home/nkh/ROS2/CHAPT5/build/demo_cpp_tf' returned '1': CMAKE_PREFIX_PATH=/opt/ros/humble /usr/bin/cmake /home/nkh/ROS2/CHAPT5/src/demo_cpp_tf -DCMAKE_INSTALL_PREFIX=/home/nkh/ROS2/CHAPT5/install/demo_cpp_tf
