[0.302s] Invoking command in '/home/nkh/ROS2/CHAPT4/src/demo_python_service': AMENT_PREFIX_PATH=/home/nkh/ROS2/CHAPT4/install/chapt4_interfaces:${AMENT_PREFIX_PATH} CMAKE_PREFIX_PATH=/home/nkh/ROS2/CHAPT4/install/chapt4_interfaces LD_LIBRARY_PATH=/home/nkh/ROS2/CHAPT4/install/chapt4_interfaces/lib:${LD_LIBRARY_PATH} PYTHONPATH=/home/nkh/ROS2/CHAPT4/build/demo_python_service/prefix_override:/usr/lib/python3/dist-packages/colcon_core/task/python/colcon_distutils_commands:/home/nkh/ROS2/CHAPT4/install/demo_python_service/lib/python3.10/site-packages:/home/nkh/ROS2/CHAPT4/install/chapt4_interfaces/local/lib/python3.10/dist-packages:${PYTHONPATH} /usr/bin/python3 -W ignore:setup.py install is deprecated -W ignore:easy_install command is deprecated setup.py egg_info --egg-base ../../build/demo_python_service build --build-base /home/nkh/ROS2/CHAPT4/build/demo_python_service/build install --record /home/nkh/ROS2/CHAPT4/build/demo_python_service/install.log --single-version-externally-managed install_data
[0.406s] running egg_info
[0.406s] creating ../../build/demo_python_service/demo_python_service.egg-info
[0.406s] writing ../../build/demo_python_service/demo_python_service.egg-info/PKG-INFO
[0.406s] writing dependency_links to ../../build/demo_python_service/demo_python_service.egg-info/dependency_links.txt
[0.406s] writing entry points to ../../build/demo_python_service/demo_python_service.egg-info/entry_points.txt
[0.406s] writing requirements to ../../build/demo_python_service/demo_python_service.egg-info/requires.txt
[0.406s] writing top-level names to ../../build/demo_python_service/demo_python_service.egg-info/top_level.txt
[0.406s] writing manifest file '../../build/demo_python_service/demo_python_service.egg-info/SOURCES.txt'
[0.407s] reading manifest file '../../build/demo_python_service/demo_python_service.egg-info/SOURCES.txt'
[0.407s] adding license file 'LICENSE'
[0.407s] writing manifest file '../../build/demo_python_service/demo_python_service.egg-info/SOURCES.txt'
[0.407s] running build
[0.407s] running build_py
[0.407s] creating /home/nkh/ROS2/CHAPT4/build/demo_python_service/build
[0.408s] creating /home/nkh/ROS2/CHAPT4/build/demo_python_service/build/lib
[0.408s] creating /home/nkh/ROS2/CHAPT4/build/demo_python_service/build/lib/demo_python_service
[0.408s] copying demo_python_service/__init__.py -> /home/nkh/ROS2/CHAPT4/build/demo_python_service/build/lib/demo_python_service
[0.408s] running install
[0.408s] running install_lib
[0.408s] creating /home/nkh/ROS2/CHAPT4/install/demo_python_service/lib/python3.10/site-packages/demo_python_service
[0.408s] copying /home/nkh/ROS2/CHAPT4/build/demo_python_service/build/lib/demo_python_service/__init__.py -> /home/nkh/ROS2/CHAPT4/install/demo_python_service/lib/python3.10/site-packages/demo_python_service
[0.409s] byte-compiling /home/nkh/ROS2/CHAPT4/install/demo_python_service/lib/python3.10/site-packages/demo_python_service/__init__.py to __init__.cpython-310.pyc
[0.409s] running install_data
[0.410s] creating /home/nkh/ROS2/CHAPT4/install/demo_python_service/share/ament_index
[0.410s] creating /home/nkh/ROS2/CHAPT4/install/demo_python_service/share/ament_index/resource_index
[0.410s] creating /home/nkh/ROS2/CHAPT4/install/demo_python_service/share/ament_index/resource_index/packages
[0.410s] copying resource/demo_python_service -> /home/nkh/ROS2/CHAPT4/install/demo_python_service/share/ament_index/resource_index/packages
[0.410s] copying package.xml -> /home/nkh/ROS2/CHAPT4/install/demo_python_service/share/demo_python_service
[0.410s] running install_egg_info
[0.411s] Copying ../../build/demo_python_service/demo_python_service.egg-info to /home/nkh/ROS2/CHAPT4/install/demo_python_service/lib/python3.10/site-packages/demo_python_service-0.0.0-py3.10.egg-info
[0.411s] running install_scripts
[0.422s] writing list of installed files to '/home/nkh/ROS2/CHAPT4/build/demo_python_service/install.log'
[0.434s] Invoked command in '/home/nkh/ROS2/CHAPT4/src/demo_python_service' returned '0': AMENT_PREFIX_PATH=/home/nkh/ROS2/CHAPT4/install/chapt4_interfaces:${AMENT_PREFIX_PATH} CMAKE_PREFIX_PATH=/home/nkh/ROS2/CHAPT4/install/chapt4_interfaces LD_LIBRARY_PATH=/home/nkh/ROS2/CHAPT4/install/chapt4_interfaces/lib:${LD_LIBRARY_PATH} PYTHONPATH=/home/nkh/ROS2/CHAPT4/build/demo_python_service/prefix_override:/usr/lib/python3/dist-packages/colcon_core/task/python/colcon_distutils_commands:/home/nkh/ROS2/CHAPT4/install/demo_python_service/lib/python3.10/site-packages:/home/nkh/ROS2/CHAPT4/install/chapt4_interfaces/local/lib/python3.10/dist-packages:${PYTHONPATH} /usr/bin/python3 -W ignore:setup.py install is deprecated -W ignore:easy_install command is deprecated setup.py egg_info --egg-base ../../build/demo_python_service build --build-base /home/nkh/ROS2/CHAPT4/build/demo_python_service/build install --record /home/nkh/ROS2/CHAPT4/build/demo_python_service/install.log --single-version-externally-managed install_data
