[0.007s] Invoking command in '/home/nkh/ROS2/CHAPT6/build/fishbot_description': CMAKE_PREFIX_PATH=${CMAKE_PREFIX_PATH}:/opt/ros/humble /usr/bin/cmake --build /home/nkh/ROS2/CHAPT6/build/fishbot_description -- -j8 -l8
[0.042s] Invoked command in '/home/nkh/ROS2/CHAPT6/build/fishbot_description' returned '0': CMAKE_PREFIX_PATH=${CMAKE_PREFIX_PATH}:/opt/ros/humble /usr/bin/cmake --build /home/nkh/ROS2/CHAPT6/build/fishbot_description -- -j8 -l8
[0.047s] Invoking command in '/home/nkh/ROS2/CHAPT6/build/fishbot_description': CMAKE_PREFIX_PATH=${CMAKE_PREFIX_PATH}:/opt/ros/humble /usr/bin/cmake --install /home/nkh/ROS2/CHAPT6/build/fishbot_description
[0.052s] -- Install configuration: ""
[0.052s] -- Up-to-date: /home/nkh/ROS2/CHAPT6/install/fishbot_description/share/fishbot_description/launch
[0.052s] -- Up-to-date: /home/nkh/ROS2/CHAPT6/install/fishbot_description/share/fishbot_description/launch/__pycache__
[0.052s] -- Installing: /home/nkh/ROS2/CHAPT6/install/fishbot_description/share/fishbot_description/launch/__pycache__/display_robot_launch.cpython-310.pyc
[0.052s] -- Up-to-date: /home/nkh/ROS2/CHAPT6/install/fishbot_description/share/fishbot_description/launch/display_robot_launch.py
[0.052s] -- Up-to-date: /home/nkh/ROS2/CHAPT6/install/fishbot_description/share/fishbot_description/urdf
[0.052s] -- Up-to-date: /home/nkh/ROS2/CHAPT6/install/fishbot_description/share/fishbot_description/urdf/first_robot.urdf
[0.052s] -- Up-to-date: /home/nkh/ROS2/CHAPT6/install/fishbot_description/share/fishbot_description/urdf/first_robot.pdf
[0.052s] -- Up-to-date: /home/nkh/ROS2/CHAPT6/install/fishbot_description/share/fishbot_description/urdf/fishbot
[0.052s] -- Up-to-date: /home/nkh/ROS2/CHAPT6/install/fishbot_description/share/fishbot_description/urdf/fishbot/base.urdf.xacro
[0.052s] -- Up-to-date: /home/nkh/ROS2/CHAPT6/install/fishbot_description/share/fishbot_description/urdf/fishbot/fishbot.urdf.xacro
[0.052s] -- Up-to-date: /home/nkh/ROS2/CHAPT6/install/fishbot_description/share/fishbot_description/urdf/fishbot/sensor
[0.053s] -- Up-to-date: /home/nkh/ROS2/CHAPT6/install/fishbot_description/share/fishbot_description/urdf/fishbot/sensor/laser.urdf.xacro
[0.053s] -- Up-to-date: /home/nkh/ROS2/CHAPT6/install/fishbot_description/share/fishbot_description/urdf/fishbot/sensor/imu.urdf.xacro
[0.053s] -- Up-to-date: /home/nkh/ROS2/CHAPT6/install/fishbot_description/share/fishbot_description/urdf/fishbot/sensor/camera.urdf.xacro
[0.054s] -- Up-to-date: /home/nkh/ROS2/CHAPT6/install/fishbot_description/share/fishbot_description/urdf/fishbot/actuator
[0.054s] -- Installing: /home/nkh/ROS2/CHAPT6/install/fishbot_description/share/fishbot_description/urdf/fishbot/actuator/wheel.urdf.xacro
[0.054s] -- Up-to-date: /home/nkh/ROS2/CHAPT6/install/fishbot_description/share/fishbot_description/urdf/fishbot/actuator/caster.urdf.xacro
[0.054s] -- Up-to-date: /home/nkh/ROS2/CHAPT6/install/fishbot_description/share/fishbot_description/urdf/fishbot/common_inertial.xacro
[0.054s] -- Up-to-date: /home/nkh/ROS2/CHAPT6/install/fishbot_description/share/fishbot_description/urdf/first_robot.xacro
[0.054s] -- Up-to-date: /home/nkh/ROS2/CHAPT6/install/fishbot_description/share/fishbot_description/urdf/first_robot.gv
[0.054s] -- Up-to-date: /home/nkh/ROS2/CHAPT6/install/fishbot_description/share/fishbot_description/config
[0.054s] -- Up-to-date: /home/nkh/ROS2/CHAPT6/install/fishbot_description/share/fishbot_description/config/display_robot_model.rviz
[0.054s] -- Up-to-date: /home/nkh/ROS2/CHAPT6/install/fishbot_description/share/ament_index/resource_index/package_run_dependencies/fishbot_description
[0.054s] -- Up-to-date: /home/nkh/ROS2/CHAPT6/install/fishbot_description/share/ament_index/resource_index/parent_prefix_path/fishbot_description
[0.054s] -- Up-to-date: /home/nkh/ROS2/CHAPT6/install/fishbot_description/share/fishbot_description/environment/ament_prefix_path.sh
[0.055s] -- Up-to-date: /home/nkh/ROS2/CHAPT6/install/fishbot_description/share/fishbot_description/environment/ament_prefix_path.dsv
[0.055s] -- Up-to-date: /home/nkh/ROS2/CHAPT6/install/fishbot_description/share/fishbot_description/environment/path.sh
[0.055s] -- Up-to-date: /home/nkh/ROS2/CHAPT6/install/fishbot_description/share/fishbot_description/environment/path.dsv
[0.055s] -- Up-to-date: /home/nkh/ROS2/CHAPT6/install/fishbot_description/share/fishbot_description/local_setup.bash
[0.055s] -- Up-to-date: /home/nkh/ROS2/CHAPT6/install/fishbot_description/share/fishbot_description/local_setup.sh
[0.055s] -- Up-to-date: /home/nkh/ROS2/CHAPT6/install/fishbot_description/share/fishbot_description/local_setup.zsh
[0.055s] -- Up-to-date: /home/nkh/ROS2/CHAPT6/install/fishbot_description/share/fishbot_description/local_setup.dsv
[0.056s] -- Installing: /home/nkh/ROS2/CHAPT6/install/fishbot_description/share/fishbot_description/package.dsv
[0.056s] -- Up-to-date: /home/nkh/ROS2/CHAPT6/install/fishbot_description/share/ament_index/resource_index/packages/fishbot_description
[0.056s] -- Up-to-date: /home/nkh/ROS2/CHAPT6/install/fishbot_description/share/fishbot_description/cmake/fishbot_descriptionConfig.cmake
[0.056s] -- Up-to-date: /home/nkh/ROS2/CHAPT6/install/fishbot_description/share/fishbot_description/cmake/fishbot_descriptionConfig-version.cmake
[0.056s] -- Up-to-date: /home/nkh/ROS2/CHAPT6/install/fishbot_description/share/fishbot_description/package.xml
[0.056s] Invoked command in '/home/nkh/ROS2/CHAPT6/build/fishbot_description' returned '0': CMAKE_PREFIX_PATH=${CMAKE_PREFIX_PATH}:/opt/ros/humble /usr/bin/cmake --install /home/nkh/ROS2/CHAPT6/build/fishbot_description
