[0.009s] Invoking command in '/home/nkh/ROS2/CHAPT4/build/chapt4_interfaces': CMAKE_PREFIX_PATH=/opt/ros/humble /usr/bin/cmake --build /home/nkh/ROS2/CHAPT4/build/chapt4_interfaces -- -j8 -l8
[0.038s] [35m[1mConsolidate compiler generated dependencies of target chapt4_interfaces__rosidl_generator_c[0m
[0.045s] [  9%] Built target chapt4_interfaces__rosidl_generator_c
[0.045s] [ 12%] Built target chapt4_interfaces__cpp
[0.050s] [ 12%] Built target ament_cmake_python_copy_chapt4_interfaces
[0.052s] [35m[1mConsolidate compiler generated dependencies of target chapt4_interfaces__rosidl_typesupport_introspection_c[0m
[0.052s] [35m[1mConsolidate compiler generated dependencies of target chapt4_interfaces__rosidl_typesupport_c[0m
[0.052s] [35m[1mConsolidate compiler generated dependencies of target chapt4_interfaces__rosidl_typesupport_fastrtps_c[0m
[0.055s] [35m[1mConsolidate compiler generated dependencies of target chapt4_interfaces__rosidl_typesupport_introspection_cpp[0m
[0.060s] [ 25%] Built target chapt4_interfaces__rosidl_typesupport_c
[0.060s] [ 32%] Built target chapt4_interfaces__rosidl_typesupport_fastrtps_c
[0.060s] [ 41%] Built target chapt4_interfaces__rosidl_typesupport_introspection_c
[0.060s] [35m[1mConsolidate compiler generated dependencies of target chapt4_interfaces__rosidl_typesupport_cpp[0m
[0.061s] [ 51%] Built target chapt4_interfaces__rosidl_typesupport_introspection_cpp
[0.065s] [35m[1mConsolidate compiler generated dependencies of target chapt4_interfaces__rosidl_typesupport_fastrtps_cpp[0m
[0.068s] [ 61%] Built target chapt4_interfaces__rosidl_typesupport_cpp
[0.073s] [ 70%] Built target chapt4_interfaces__rosidl_typesupport_fastrtps_cpp
[0.085s] [ 70%] Built target chapt4_interfaces
[0.096s] [ 74%] Built target chapt4_interfaces__py
[0.104s] [35m[1mConsolidate compiler generated dependencies of target chapt4_interfaces__rosidl_generator_py[0m
[0.111s] [ 80%] Built target chapt4_interfaces__rosidl_generator_py
[0.123s] [35m[1mConsolidate compiler generated dependencies of target chapt4_interfaces__rosidl_typesupport_introspection_c__pyext[0m
[0.123s] [35m[1mConsolidate compiler generated dependencies of target chapt4_interfaces__rosidl_typesupport_c__pyext[0m
[0.131s] [35m[1mConsolidate compiler generated dependencies of target chapt4_interfaces__rosidl_typesupport_fastrtps_c__pyext[0m
[0.131s] [ 87%] Built target chapt4_interfaces__rosidl_typesupport_introspection_c__pyext
[0.138s] [ 93%] Built target chapt4_interfaces__rosidl_typesupport_c__pyext
[0.138s] [100%] Built target chapt4_interfaces__rosidl_typesupport_fastrtps_c__pyext
[0.165s] running egg_info
[0.166s] writing chapt4_interfaces.egg-info/PKG-INFO
[0.166s] writing dependency_links to chapt4_interfaces.egg-info/dependency_links.txt
[0.166s] writing top-level names to chapt4_interfaces.egg-info/top_level.txt
[0.167s] reading manifest file 'chapt4_interfaces.egg-info/SOURCES.txt'
[0.168s] writing manifest file 'chapt4_interfaces.egg-info/SOURCES.txt'
[0.183s] [100%] Built target ament_cmake_python_build_chapt4_interfaces_egg
[0.190s] Invoked command in '/home/nkh/ROS2/CHAPT4/build/chapt4_interfaces' returned '0': CMAKE_PREFIX_PATH=/opt/ros/humble /usr/bin/cmake --build /home/nkh/ROS2/CHAPT4/build/chapt4_interfaces -- -j8 -l8
[0.196s] Invoking command in '/home/nkh/ROS2/CHAPT4/build/chapt4_interfaces': CMAKE_PREFIX_PATH=/opt/ros/humble /usr/bin/cmake --install /home/nkh/ROS2/CHAPT4/build/chapt4_interfaces
[0.199s] -- Install configuration: ""
[0.200s] -- Up-to-date: /home/nkh/ROS2/CHAPT4/install/chapt4_interfaces/share/ament_index/resource_index/rosidl_interfaces/chapt4_interfaces
[0.200s] -- Up-to-date: /home/nkh/ROS2/CHAPT4/install/chapt4_interfaces/include/chapt4_interfaces/chapt4_interfaces
[0.200s] -- Up-to-date: /home/nkh/ROS2/CHAPT4/install/chapt4_interfaces/include/chapt4_interfaces/chapt4_interfaces/msg
[0.200s] -- Up-to-date: /home/nkh/ROS2/CHAPT4/install/chapt4_interfaces/include/chapt4_interfaces/chapt4_interfaces/msg/rosidl_generator_c__visibility_control.h
[0.200s] -- Up-to-date: /home/nkh/ROS2/CHAPT4/install/chapt4_interfaces/include/chapt4_interfaces/chapt4_interfaces/srv
[0.200s] -- Up-to-date: /home/nkh/ROS2/CHAPT4/install/chapt4_interfaces/include/chapt4_interfaces/chapt4_interfaces/srv/face_detector.h
[0.200s] -- Up-to-date: /home/nkh/ROS2/CHAPT4/install/chapt4_interfaces/include/chapt4_interfaces/chapt4_interfaces/srv/detail
[0.200s] -- Up-to-date: /home/nkh/ROS2/CHAPT4/install/chapt4_interfaces/include/chapt4_interfaces/chapt4_interfaces/srv/detail/face_detector__struct.h
[0.200s] -- Up-to-date: /home/nkh/ROS2/CHAPT4/install/chapt4_interfaces/include/chapt4_interfaces/chapt4_interfaces/srv/detail/face_detector__functions.h
[0.200s] -- Up-to-date: /home/nkh/ROS2/CHAPT4/install/chapt4_interfaces/include/chapt4_interfaces/chapt4_interfaces/srv/detail/face_detector__type_support.h
[0.200s] -- Up-to-date: /home/nkh/ROS2/CHAPT4/install/chapt4_interfaces/include/chapt4_interfaces/chapt4_interfaces/srv/detail/face_detector__functions.c
[0.200s] -- Up-to-date: /home/nkh/ROS2/CHAPT4/install/chapt4_interfaces/share/chapt4_interfaces/environment/library_path.sh
[0.200s] -- Up-to-date: /home/nkh/ROS2/CHAPT4/install/chapt4_interfaces/share/chapt4_interfaces/environment/library_path.dsv
[0.201s] -- Up-to-date: /home/nkh/ROS2/CHAPT4/install/chapt4_interfaces/lib/libchapt4_interfaces__rosidl_generator_c.so
[0.201s] -- Up-to-date: /home/nkh/ROS2/CHAPT4/install/chapt4_interfaces/include/chapt4_interfaces/chapt4_interfaces
[0.201s] -- Up-to-date: /home/nkh/ROS2/CHAPT4/install/chapt4_interfaces/include/chapt4_interfaces/chapt4_interfaces/msg
[0.201s] -- Up-to-date: /home/nkh/ROS2/CHAPT4/install/chapt4_interfaces/include/chapt4_interfaces/chapt4_interfaces/msg/rosidl_typesupport_fastrtps_c__visibility_control.h
[0.201s] -- Up-to-date: /home/nkh/ROS2/CHAPT4/install/chapt4_interfaces/include/chapt4_interfaces/chapt4_interfaces/srv
[0.201s] -- Up-to-date: /home/nkh/ROS2/CHAPT4/install/chapt4_interfaces/include/chapt4_interfaces/chapt4_interfaces/srv/detail
[0.201s] -- Up-to-date: /home/nkh/ROS2/CHAPT4/install/chapt4_interfaces/include/chapt4_interfaces/chapt4_interfaces/srv/detail/face_detector__rosidl_typesupport_fastrtps_c.h
[0.202s] -- Up-to-date: /home/nkh/ROS2/CHAPT4/install/chapt4_interfaces/lib/libchapt4_interfaces__rosidl_typesupport_fastrtps_c.so
[0.202s] -- Up-to-date: /home/nkh/ROS2/CHAPT4/install/chapt4_interfaces/include/chapt4_interfaces/chapt4_interfaces
[0.202s] -- Up-to-date: /home/nkh/ROS2/CHAPT4/install/chapt4_interfaces/include/chapt4_interfaces/chapt4_interfaces/msg
[0.202s] -- Up-to-date: /home/nkh/ROS2/CHAPT4/install/chapt4_interfaces/include/chapt4_interfaces/chapt4_interfaces/msg/rosidl_generator_cpp__visibility_control.hpp
[0.202s] -- Up-to-date: /home/nkh/ROS2/CHAPT4/install/chapt4_interfaces/include/chapt4_interfaces/chapt4_interfaces/srv
[0.202s] -- Up-to-date: /home/nkh/ROS2/CHAPT4/install/chapt4_interfaces/include/chapt4_interfaces/chapt4_interfaces/srv/face_detector.hpp
[0.202s] -- Up-to-date: /home/nkh/ROS2/CHAPT4/install/chapt4_interfaces/include/chapt4_interfaces/chapt4_interfaces/srv/detail
[0.202s] -- Up-to-date: /home/nkh/ROS2/CHAPT4/install/chapt4_interfaces/include/chapt4_interfaces/chapt4_interfaces/srv/detail/face_detector__type_support.hpp
[0.202s] -- Up-to-date: /home/nkh/ROS2/CHAPT4/install/chapt4_interfaces/include/chapt4_interfaces/chapt4_interfaces/srv/detail/face_detector__builder.hpp
[0.202s] -- Up-to-date: /home/nkh/ROS2/CHAPT4/install/chapt4_interfaces/include/chapt4_interfaces/chapt4_interfaces/srv/detail/face_detector__traits.hpp
[0.202s] -- Up-to-date: /home/nkh/ROS2/CHAPT4/install/chapt4_interfaces/include/chapt4_interfaces/chapt4_interfaces/srv/detail/face_detector__struct.hpp
[0.202s] -- Up-to-date: /home/nkh/ROS2/CHAPT4/install/chapt4_interfaces/include/chapt4_interfaces/chapt4_interfaces
[0.202s] -- Up-to-date: /home/nkh/ROS2/CHAPT4/install/chapt4_interfaces/include/chapt4_interfaces/chapt4_interfaces/msg
[0.202s] -- Up-to-date: /home/nkh/ROS2/CHAPT4/install/chapt4_interfaces/include/chapt4_interfaces/chapt4_interfaces/msg/rosidl_typesupport_fastrtps_cpp__visibility_control.h
[0.202s] -- Up-to-date: /home/nkh/ROS2/CHAPT4/install/chapt4_interfaces/include/chapt4_interfaces/chapt4_interfaces/srv
[0.203s] -- Up-to-date: /home/nkh/ROS2/CHAPT4/install/chapt4_interfaces/include/chapt4_interfaces/chapt4_interfaces/srv/detail
[0.203s] -- Up-to-date: /home/nkh/ROS2/CHAPT4/install/chapt4_interfaces/include/chapt4_interfaces/chapt4_interfaces/srv/detail/dds_fastrtps
[0.203s] -- Up-to-date: /home/nkh/ROS2/CHAPT4/install/chapt4_interfaces/include/chapt4_interfaces/chapt4_interfaces/srv/detail/face_detector__rosidl_typesupport_fastrtps_cpp.hpp
[0.203s] -- Up-to-date: /home/nkh/ROS2/CHAPT4/install/chapt4_interfaces/lib/libchapt4_interfaces__rosidl_typesupport_fastrtps_cpp.so
[0.203s] -- Up-to-date: /home/nkh/ROS2/CHAPT4/install/chapt4_interfaces/include/chapt4_interfaces/chapt4_interfaces
[0.203s] -- Up-to-date: /home/nkh/ROS2/CHAPT4/install/chapt4_interfaces/include/chapt4_interfaces/chapt4_interfaces/msg
[0.203s] -- Up-to-date: /home/nkh/ROS2/CHAPT4/install/chapt4_interfaces/include/chapt4_interfaces/chapt4_interfaces/msg/rosidl_typesupport_introspection_c__visibility_control.h
[0.203s] -- Up-to-date: /home/nkh/ROS2/CHAPT4/install/chapt4_interfaces/include/chapt4_interfaces/chapt4_interfaces/srv
[0.203s] -- Up-to-date: /home/nkh/ROS2/CHAPT4/install/chapt4_interfaces/include/chapt4_interfaces/chapt4_interfaces/srv/detail
[0.203s] -- Up-to-date: /home/nkh/ROS2/CHAPT4/install/chapt4_interfaces/include/chapt4_interfaces/chapt4_interfaces/srv/detail/face_detector__type_support.c
[0.203s] -- Up-to-date: /home/nkh/ROS2/CHAPT4/install/chapt4_interfaces/include/chapt4_interfaces/chapt4_interfaces/srv/detail/face_detector__rosidl_typesupport_introspection_c.h
[0.203s] -- Up-to-date: /home/nkh/ROS2/CHAPT4/install/chapt4_interfaces/lib/libchapt4_interfaces__rosidl_typesupport_introspection_c.so
[0.203s] -- Up-to-date: /home/nkh/ROS2/CHAPT4/install/chapt4_interfaces/lib/libchapt4_interfaces__rosidl_typesupport_c.so
[0.203s] -- Up-to-date: /home/nkh/ROS2/CHAPT4/install/chapt4_interfaces/include/chapt4_interfaces/chapt4_interfaces
[0.203s] -- Up-to-date: /home/nkh/ROS2/CHAPT4/install/chapt4_interfaces/include/chapt4_interfaces/chapt4_interfaces/srv
[0.203s] -- Up-to-date: /home/nkh/ROS2/CHAPT4/install/chapt4_interfaces/include/chapt4_interfaces/chapt4_interfaces/srv/detail
[0.203s] -- Up-to-date: /home/nkh/ROS2/CHAPT4/install/chapt4_interfaces/include/chapt4_interfaces/chapt4_interfaces/srv/detail/face_detector__rosidl_typesupport_introspection_cpp.hpp
[0.203s] -- Up-to-date: /home/nkh/ROS2/CHAPT4/install/chapt4_interfaces/include/chapt4_interfaces/chapt4_interfaces/srv/detail/face_detector__type_support.cpp
[0.203s] -- Up-to-date: /home/nkh/ROS2/CHAPT4/install/chapt4_interfaces/lib/libchapt4_interfaces__rosidl_typesupport_introspection_cpp.so
[0.204s] -- Up-to-date: /home/nkh/ROS2/CHAPT4/install/chapt4_interfaces/lib/libchapt4_interfaces__rosidl_typesupport_cpp.so
[0.204s] -- Up-to-date: /home/nkh/ROS2/CHAPT4/install/chapt4_interfaces/share/chapt4_interfaces/environment/pythonpath.sh
[0.204s] -- Up-to-date: /home/nkh/ROS2/CHAPT4/install/chapt4_interfaces/share/chapt4_interfaces/environment/pythonpath.dsv
[0.204s] -- Up-to-date: /home/nkh/ROS2/CHAPT4/install/chapt4_interfaces/local/lib/python3.10/dist-packages/chapt4_interfaces-0.0.0-py3.10.egg-info
[0.204s] -- Installing: /home/nkh/ROS2/CHAPT4/install/chapt4_interfaces/local/lib/python3.10/dist-packages/chapt4_interfaces-0.0.0-py3.10.egg-info/dependency_links.txt
[0.204s] -- Installing: /home/nkh/ROS2/CHAPT4/install/chapt4_interfaces/local/lib/python3.10/dist-packages/chapt4_interfaces-0.0.0-py3.10.egg-info/top_level.txt
[0.204s] -- Installing: /home/nkh/ROS2/CHAPT4/install/chapt4_interfaces/local/lib/python3.10/dist-packages/chapt4_interfaces-0.0.0-py3.10.egg-info/PKG-INFO
[0.204s] -- Installing: /home/nkh/ROS2/CHAPT4/install/chapt4_interfaces/local/lib/python3.10/dist-packages/chapt4_interfaces-0.0.0-py3.10.egg-info/SOURCES.txt
[0.204s] -- Up-to-date: /home/nkh/ROS2/CHAPT4/install/chapt4_interfaces/local/lib/python3.10/dist-packages/chapt4_interfaces
[0.204s] -- Up-to-date: /home/nkh/ROS2/CHAPT4/install/chapt4_interfaces/local/lib/python3.10/dist-packages/chapt4_interfaces/__init__.py
[0.204s] -- Up-to-date: /home/nkh/ROS2/CHAPT4/install/chapt4_interfaces/local/lib/python3.10/dist-packages/chapt4_interfaces/chapt4_interfaces_s__rosidl_typesupport_introspection_c.cpython-310-x86_64-linux-gnu.so
[0.204s] -- Up-to-date: /home/nkh/ROS2/CHAPT4/install/chapt4_interfaces/local/lib/python3.10/dist-packages/chapt4_interfaces/chapt4_interfaces_s__rosidl_typesupport_fastrtps_c.cpython-310-x86_64-linux-gnu.so
[0.204s] -- Up-to-date: /home/nkh/ROS2/CHAPT4/install/chapt4_interfaces/local/lib/python3.10/dist-packages/chapt4_interfaces/chapt4_interfaces_s__rosidl_typesupport_c.cpython-310-x86_64-linux-gnu.so
[0.204s] -- Up-to-date: /home/nkh/ROS2/CHAPT4/install/chapt4_interfaces/local/lib/python3.10/dist-packages/chapt4_interfaces/libchapt4_interfaces__rosidl_generator_py.so
[0.204s] -- Up-to-date: /home/nkh/ROS2/CHAPT4/install/chapt4_interfaces/local/lib/python3.10/dist-packages/chapt4_interfaces/srv
[0.204s] -- Up-to-date: /home/nkh/ROS2/CHAPT4/install/chapt4_interfaces/local/lib/python3.10/dist-packages/chapt4_interfaces/srv/__init__.py
[0.205s] -- Up-to-date: /home/nkh/ROS2/CHAPT4/install/chapt4_interfaces/local/lib/python3.10/dist-packages/chapt4_interfaces/srv/_face_detector.py
[0.205s] -- Up-to-date: /home/nkh/ROS2/CHAPT4/install/chapt4_interfaces/local/lib/python3.10/dist-packages/chapt4_interfaces/srv/_face_detector_s.c
[0.205s] -- Up-to-date: /home/nkh/ROS2/CHAPT4/install/chapt4_interfaces/local/lib/python3.10/dist-packages/chapt4_interfaces/_chapt4_interfaces_s.ep.rosidl_typesupport_c.c
[0.205s] -- Up-to-date: /home/nkh/ROS2/CHAPT4/install/chapt4_interfaces/local/lib/python3.10/dist-packages/chapt4_interfaces/_chapt4_interfaces_s.ep.rosidl_typesupport_introspection_c.c
[0.205s] -- Up-to-date: /home/nkh/ROS2/CHAPT4/install/chapt4_interfaces/local/lib/python3.10/dist-packages/chapt4_interfaces/_chapt4_interfaces_s.ep.rosidl_typesupport_fastrtps_c.c
[0.221s] Listing '/home/nkh/ROS2/CHAPT4/install/chapt4_interfaces/local/lib/python3.10/dist-packages/chapt4_interfaces'...
[0.221s] Listing '/home/nkh/ROS2/CHAPT4/install/chapt4_interfaces/local/lib/python3.10/dist-packages/chapt4_interfaces/srv'...
[0.224s] -- Up-to-date: /home/nkh/ROS2/CHAPT4/install/chapt4_interfaces/local/lib/python3.10/dist-packages/chapt4_interfaces/chapt4_interfaces_s__rosidl_typesupport_fastrtps_c.cpython-310-x86_64-linux-gnu.so
[0.225s] -- Up-to-date: /home/nkh/ROS2/CHAPT4/install/chapt4_interfaces/local/lib/python3.10/dist-packages/chapt4_interfaces/chapt4_interfaces_s__rosidl_typesupport_introspection_c.cpython-310-x86_64-linux-gnu.so
[0.225s] -- Up-to-date: /home/nkh/ROS2/CHAPT4/install/chapt4_interfaces/local/lib/python3.10/dist-packages/chapt4_interfaces/chapt4_interfaces_s__rosidl_typesupport_c.cpython-310-x86_64-linux-gnu.so
[0.226s] -- Up-to-date: /home/nkh/ROS2/CHAPT4/install/chapt4_interfaces/lib/libchapt4_interfaces__rosidl_generator_py.so
[0.226s] -- Up-to-date: /home/nkh/ROS2/CHAPT4/install/chapt4_interfaces/share/chapt4_interfaces/srv/FaceDetector.idl
[0.226s] -- Up-to-date: /home/nkh/ROS2/CHAPT4/install/chapt4_interfaces/share/chapt4_interfaces/srv/FaceDetector.srv
[0.226s] -- Up-to-date: /home/nkh/ROS2/CHAPT4/install/chapt4_interfaces/share/chapt4_interfaces/srv/FaceDetector_Request.msg
[0.226s] -- Up-to-date: /home/nkh/ROS2/CHAPT4/install/chapt4_interfaces/share/chapt4_interfaces/srv/FaceDetector_Response.msg
[0.226s] -- Up-to-date: /home/nkh/ROS2/CHAPT4/install/chapt4_interfaces/share/ament_index/resource_index/package_run_dependencies/chapt4_interfaces
[0.226s] -- Up-to-date: /home/nkh/ROS2/CHAPT4/install/chapt4_interfaces/share/ament_index/resource_index/parent_prefix_path/chapt4_interfaces
[0.226s] -- Up-to-date: /home/nkh/ROS2/CHAPT4/install/chapt4_interfaces/share/chapt4_interfaces/environment/ament_prefix_path.sh
[0.226s] -- Up-to-date: /home/nkh/ROS2/CHAPT4/install/chapt4_interfaces/share/chapt4_interfaces/environment/ament_prefix_path.dsv
[0.226s] -- Up-to-date: /home/nkh/ROS2/CHAPT4/install/chapt4_interfaces/share/chapt4_interfaces/environment/path.sh
[0.226s] -- Up-to-date: /home/nkh/ROS2/CHAPT4/install/chapt4_interfaces/share/chapt4_interfaces/environment/path.dsv
[0.226s] -- Up-to-date: /home/nkh/ROS2/CHAPT4/install/chapt4_interfaces/share/chapt4_interfaces/local_setup.bash
[0.226s] -- Up-to-date: /home/nkh/ROS2/CHAPT4/install/chapt4_interfaces/share/chapt4_interfaces/local_setup.sh
[0.226s] -- Up-to-date: /home/nkh/ROS2/CHAPT4/install/chapt4_interfaces/share/chapt4_interfaces/local_setup.zsh
[0.226s] -- Up-to-date: /home/nkh/ROS2/CHAPT4/install/chapt4_interfaces/share/chapt4_interfaces/local_setup.dsv
[0.226s] -- Installing: /home/nkh/ROS2/CHAPT4/install/chapt4_interfaces/share/chapt4_interfaces/package.dsv
[0.226s] -- Up-to-date: /home/nkh/ROS2/CHAPT4/install/chapt4_interfaces/share/ament_index/resource_index/packages/chapt4_interfaces
[0.226s] -- Up-to-date: /home/nkh/ROS2/CHAPT4/install/chapt4_interfaces/share/chapt4_interfaces/cmake/export_chapt4_interfaces__rosidl_generator_cExport.cmake
[0.227s] -- Up-to-date: /home/nkh/ROS2/CHAPT4/install/chapt4_interfaces/share/chapt4_interfaces/cmake/export_chapt4_interfaces__rosidl_generator_cExport-noconfig.cmake
[0.227s] -- Up-to-date: /home/nkh/ROS2/CHAPT4/install/chapt4_interfaces/share/chapt4_interfaces/cmake/export_chapt4_interfaces__rosidl_typesupport_fastrtps_cExport.cmake
[0.227s] -- Up-to-date: /home/nkh/ROS2/CHAPT4/install/chapt4_interfaces/share/chapt4_interfaces/cmake/export_chapt4_interfaces__rosidl_typesupport_fastrtps_cExport-noconfig.cmake
[0.227s] -- Up-to-date: /home/nkh/ROS2/CHAPT4/install/chapt4_interfaces/share/chapt4_interfaces/cmake/export_chapt4_interfaces__rosidl_generator_cppExport.cmake
[0.227s] -- Up-to-date: /home/nkh/ROS2/CHAPT4/install/chapt4_interfaces/share/chapt4_interfaces/cmake/export_chapt4_interfaces__rosidl_typesupport_fastrtps_cppExport.cmake
[0.227s] -- Up-to-date: /home/nkh/ROS2/CHAPT4/install/chapt4_interfaces/share/chapt4_interfaces/cmake/export_chapt4_interfaces__rosidl_typesupport_fastrtps_cppExport-noconfig.cmake
[0.228s] -- Up-to-date: /home/nkh/ROS2/CHAPT4/install/chapt4_interfaces/share/chapt4_interfaces/cmake/chapt4_interfaces__rosidl_typesupport_introspection_cExport.cmake
[0.228s] -- Up-to-date: /home/nkh/ROS2/CHAPT4/install/chapt4_interfaces/share/chapt4_interfaces/cmake/chapt4_interfaces__rosidl_typesupport_introspection_cExport-noconfig.cmake
[0.228s] -- Up-to-date: /home/nkh/ROS2/CHAPT4/install/chapt4_interfaces/share/chapt4_interfaces/cmake/chapt4_interfaces__rosidl_typesupport_cExport.cmake
[0.228s] -- Up-to-date: /home/nkh/ROS2/CHAPT4/install/chapt4_interfaces/share/chapt4_interfaces/cmake/chapt4_interfaces__rosidl_typesupport_cExport-noconfig.cmake
[0.228s] -- Up-to-date: /home/nkh/ROS2/CHAPT4/install/chapt4_interfaces/share/chapt4_interfaces/cmake/chapt4_interfaces__rosidl_typesupport_introspection_cppExport.cmake
[0.228s] -- Up-to-date: /home/nkh/ROS2/CHAPT4/install/chapt4_interfaces/share/chapt4_interfaces/cmake/chapt4_interfaces__rosidl_typesupport_introspection_cppExport-noconfig.cmake
[0.229s] -- Up-to-date: /home/nkh/ROS2/CHAPT4/install/chapt4_interfaces/share/chapt4_interfaces/cmake/chapt4_interfaces__rosidl_typesupport_cppExport.cmake
[0.229s] -- Up-to-date: /home/nkh/ROS2/CHAPT4/install/chapt4_interfaces/share/chapt4_interfaces/cmake/chapt4_interfaces__rosidl_typesupport_cppExport-noconfig.cmake
[0.229s] -- Up-to-date: /home/nkh/ROS2/CHAPT4/install/chapt4_interfaces/share/chapt4_interfaces/cmake/export_chapt4_interfaces__rosidl_generator_pyExport.cmake
[0.229s] -- Up-to-date: /home/nkh/ROS2/CHAPT4/install/chapt4_interfaces/share/chapt4_interfaces/cmake/export_chapt4_interfaces__rosidl_generator_pyExport-noconfig.cmake
[0.229s] -- Up-to-date: /home/nkh/ROS2/CHAPT4/install/chapt4_interfaces/share/chapt4_interfaces/cmake/rosidl_cmake-extras.cmake
[0.229s] -- Up-to-date: /home/nkh/ROS2/CHAPT4/install/chapt4_interfaces/share/chapt4_interfaces/cmake/ament_cmake_export_dependencies-extras.cmake
[0.229s] -- Up-to-date: /home/nkh/ROS2/CHAPT4/install/chapt4_interfaces/share/chapt4_interfaces/cmake/ament_cmake_export_include_directories-extras.cmake
[0.229s] -- Up-to-date: /home/nkh/ROS2/CHAPT4/install/chapt4_interfaces/share/chapt4_interfaces/cmake/ament_cmake_export_libraries-extras.cmake
[0.229s] -- Up-to-date: /home/nkh/ROS2/CHAPT4/install/chapt4_interfaces/share/chapt4_interfaces/cmake/ament_cmake_export_targets-extras.cmake
[0.229s] -- Up-to-date: /home/nkh/ROS2/CHAPT4/install/chapt4_interfaces/share/chapt4_interfaces/cmake/rosidl_cmake_export_typesupport_targets-extras.cmake
[0.230s] -- Up-to-date: /home/nkh/ROS2/CHAPT4/install/chapt4_interfaces/share/chapt4_interfaces/cmake/rosidl_cmake_export_typesupport_libraries-extras.cmake
[0.230s] -- Up-to-date: /home/nkh/ROS2/CHAPT4/install/chapt4_interfaces/share/chapt4_interfaces/cmake/chapt4_interfacesConfig.cmake
[0.230s] -- Up-to-date: /home/nkh/ROS2/CHAPT4/install/chapt4_interfaces/share/chapt4_interfaces/cmake/chapt4_interfacesConfig-version.cmake
[0.230s] -- Up-to-date: /home/nkh/ROS2/CHAPT4/install/chapt4_interfaces/share/chapt4_interfaces/package.xml
[0.231s] Invoked command in '/home/nkh/ROS2/CHAPT4/build/chapt4_interfaces' returned '0': CMAKE_PREFIX_PATH=/opt/ros/humble /usr/bin/cmake --install /home/nkh/ROS2/CHAPT4/build/chapt4_interfaces
