[0.010s] Invoking command in '/home/nkh/ROS2/CHAPT2/cpp_1/chapt2_ws/build/demo_cpp_pkg': CMAKE_PREFIX_PATH=${CMAKE_PREFIX_PATH}:/opt/ros/humble /usr/bin/cmake --build /home/nkh/ROS2/CHAPT2/cpp_1/chapt2_ws/build/demo_cpp_pkg -- -j8 -l8
[0.045s] [35m[1mConsolidate compiler generated dependencies of target learn_thread[0m
[0.052s] [ 14%] Built target learn_auto
[0.052s] [ 28%] Built target cpp_node
[0.053s] [ 42%] Built target learn_shared_ptr
[0.053s] [ 57%] Built target learn_lambda
[0.054s] [ 71%] Built target learn_functional
[0.054s] [ 85%] Built target person_node
[0.060s] [ 92%] [32mBuilding CXX object CMakeFiles/learn_thread.dir/src/learn_thread.cpp.o[0m
[3.030s] [100%] [32m[1mLinking CXX executable learn_thread[0m
[3.161s] [100%] Built target learn_thread
[3.171s] Invoked command in '/home/nkh/ROS2/CHAPT2/cpp_1/chapt2_ws/build/demo_cpp_pkg' returned '0': CMAKE_PREFIX_PATH=${CMAKE_PREFIX_PATH}:/opt/ros/humble /usr/bin/cmake --build /home/nkh/ROS2/CHAPT2/cpp_1/chapt2_ws/build/demo_cpp_pkg -- -j8 -l8
[3.178s] Invoking command in '/home/nkh/ROS2/CHAPT2/cpp_1/chapt2_ws/build/demo_cpp_pkg': CMAKE_PREFIX_PATH=${CMAKE_PREFIX_PATH}:/opt/ros/humble /usr/bin/cmake --install /home/nkh/ROS2/CHAPT2/cpp_1/chapt2_ws/build/demo_cpp_pkg
[3.183s] -- Install configuration: ""
[3.183s] -- Up-to-date: /home/nkh/ROS2/CHAPT2/cpp_1/chapt2_ws/install/demo_cpp_pkg/lib/demo_cpp_pkg/cpp_node
[3.183s] -- Up-to-date: /home/nkh/ROS2/CHAPT2/cpp_1/chapt2_ws/install/demo_cpp_pkg/lib/demo_cpp_pkg/person_node
[3.184s] -- Up-to-date: /home/nkh/ROS2/CHAPT2/cpp_1/chapt2_ws/install/demo_cpp_pkg/lib/demo_cpp_pkg/learn_auto
[3.184s] -- Up-to-date: /home/nkh/ROS2/CHAPT2/cpp_1/chapt2_ws/install/demo_cpp_pkg/lib/demo_cpp_pkg/learn_shared_ptr
[3.184s] -- Up-to-date: /home/nkh/ROS2/CHAPT2/cpp_1/chapt2_ws/install/demo_cpp_pkg/lib/demo_cpp_pkg/learn_lambda
[3.184s] -- Up-to-date: /home/nkh/ROS2/CHAPT2/cpp_1/chapt2_ws/install/demo_cpp_pkg/lib/demo_cpp_pkg/learn_functional
[3.184s] -- Installing: /home/nkh/ROS2/CHAPT2/cpp_1/chapt2_ws/install/demo_cpp_pkg/lib/demo_cpp_pkg/learn_thread
[3.187s] -- Up-to-date: /home/nkh/ROS2/CHAPT2/cpp_1/chapt2_ws/install/demo_cpp_pkg/share/ament_index/resource_index/package_run_dependencies/demo_cpp_pkg
[3.187s] -- Installing: /home/nkh/ROS2/CHAPT2/cpp_1/chapt2_ws/install/demo_cpp_pkg/share/ament_index/resource_index/parent_prefix_path/demo_cpp_pkg
[3.187s] -- Up-to-date: /home/nkh/ROS2/CHAPT2/cpp_1/chapt2_ws/install/demo_cpp_pkg/share/demo_cpp_pkg/environment/ament_prefix_path.sh
[3.187s] -- Installing: /home/nkh/ROS2/CHAPT2/cpp_1/chapt2_ws/install/demo_cpp_pkg/share/demo_cpp_pkg/environment/ament_prefix_path.dsv
[3.187s] -- Up-to-date: /home/nkh/ROS2/CHAPT2/cpp_1/chapt2_ws/install/demo_cpp_pkg/share/demo_cpp_pkg/environment/path.sh
[3.187s] -- Installing: /home/nkh/ROS2/CHAPT2/cpp_1/chapt2_ws/install/demo_cpp_pkg/share/demo_cpp_pkg/environment/path.dsv
[3.187s] -- Up-to-date: /home/nkh/ROS2/CHAPT2/cpp_1/chapt2_ws/install/demo_cpp_pkg/share/demo_cpp_pkg/local_setup.bash
[3.188s] -- Up-to-date: /home/nkh/ROS2/CHAPT2/cpp_1/chapt2_ws/install/demo_cpp_pkg/share/demo_cpp_pkg/local_setup.sh
[3.188s] -- Up-to-date: /home/nkh/ROS2/CHAPT2/cpp_1/chapt2_ws/install/demo_cpp_pkg/share/demo_cpp_pkg/local_setup.zsh
[3.188s] -- Installing: /home/nkh/ROS2/CHAPT2/cpp_1/chapt2_ws/install/demo_cpp_pkg/share/demo_cpp_pkg/local_setup.dsv
[3.188s] -- Installing: /home/nkh/ROS2/CHAPT2/cpp_1/chapt2_ws/install/demo_cpp_pkg/share/demo_cpp_pkg/package.dsv
[3.188s] -- Up-to-date: /home/nkh/ROS2/CHAPT2/cpp_1/chapt2_ws/install/demo_cpp_pkg/share/ament_index/resource_index/packages/demo_cpp_pkg
[3.188s] -- Up-to-date: /home/nkh/ROS2/CHAPT2/cpp_1/chapt2_ws/install/demo_cpp_pkg/share/demo_cpp_pkg/cmake/demo_cpp_pkgConfig.cmake
[3.188s] -- Up-to-date: /home/nkh/ROS2/CHAPT2/cpp_1/chapt2_ws/install/demo_cpp_pkg/share/demo_cpp_pkg/cmake/demo_cpp_pkgConfig-version.cmake
[3.188s] -- Up-to-date: /home/nkh/ROS2/CHAPT2/cpp_1/chapt2_ws/install/demo_cpp_pkg/share/demo_cpp_pkg/package.xml
[3.189s] Invoked command in '/home/nkh/ROS2/CHAPT2/cpp_1/chapt2_ws/build/demo_cpp_pkg' returned '0': CMAKE_PREFIX_PATH=${CMAKE_PREFIX_PATH}:/opt/ros/humble /usr/bin/cmake --install /home/nkh/ROS2/CHAPT2/cpp_1/chapt2_ws/build/demo_cpp_pkg
