[0.007s] Invoking command in '/home/nkh/ROS2/CHAPT6/build/fishbot_description': CMAKE_PREFIX_PATH=/opt/ros/humble /usr/bin/cmake --build /home/nkh/ROS2/CHAPT6/build/fishbot_description -- -j8 -l8
[0.019s] -- Found ament_cmake: 1.3.12 (/opt/ros/humble/share/ament_cmake/cmake)
[0.084s] -- Found ament_lint_auto: 0.12.14 (/opt/ros/humble/share/ament_lint_auto/cmake)
[0.119s] -- Added test 'flake8' to check Python code syntax and style conventions
[0.119s] -- Added test 'lint_cmake' to check CMake code style
[0.119s] -- Added test 'pep257' to check Python code against some of the docstring style conventions in PEP 257
[0.119s] -- Added test 'xmllint' to check XML markup files
[0.119s] -- Configuring done
[0.120s] -- Generating done
[0.122s] -- Build files have been written to: /home/nkh/ROS2/CHAPT6/build/fishbot_description
[0.133s] Invoked command in '/home/nkh/ROS2/CHAPT6/build/fishbot_description' returned '0': CMAKE_PREFIX_PATH=/opt/ros/humble /usr/bin/cmake --build /home/nkh/ROS2/CHAPT6/build/fishbot_description -- -j8 -l8
[0.139s] Invoking command in '/home/nkh/ROS2/CHAPT6/build/fishbot_description': CMAKE_PREFIX_PATH=/opt/ros/humble /usr/bin/cmake --install /home/nkh/ROS2/CHAPT6/build/fishbot_description
[0.143s] -- Install configuration: ""
[0.143s] -- Installing: /home/nkh/ROS2/CHAPT6/install/fishbot_description/share/fishbot_description/launch
[0.143s] -- Installing: /home/nkh/ROS2/CHAPT6/install/fishbot_description/share/fishbot_description/launch/display_robot_launch.py
[0.143s] -- Installing: /home/nkh/ROS2/CHAPT6/install/fishbot_description/share/fishbot_description/urdf
[0.143s] -- Installing: /home/nkh/ROS2/CHAPT6/install/fishbot_description/share/fishbot_description/urdf/first_robot.urdf
[0.143s] -- Installing: /home/nkh/ROS2/CHAPT6/install/fishbot_description/share/fishbot_description/urdf/first_robot.pdf
[0.143s] -- Installing: /home/nkh/ROS2/CHAPT6/install/fishbot_description/share/fishbot_description/urdf/first_robot.gv
[0.143s] -- Installing: /home/nkh/ROS2/CHAPT6/install/fishbot_description/share/ament_index/resource_index/package_run_dependencies/fishbot_description
[0.143s] -- Installing: /home/nkh/ROS2/CHAPT6/install/fishbot_description/share/ament_index/resource_index/parent_prefix_path/fishbot_description
[0.143s] -- Installing: /home/nkh/ROS2/CHAPT6/install/fishbot_description/share/fishbot_description/environment/ament_prefix_path.sh
[0.143s] -- Installing: /home/nkh/ROS2/CHAPT6/install/fishbot_description/share/fishbot_description/environment/ament_prefix_path.dsv
[0.143s] -- Installing: /home/nkh/ROS2/CHAPT6/install/fishbot_description/share/fishbot_description/environment/path.sh
[0.143s] -- Installing: /home/nkh/ROS2/CHAPT6/install/fishbot_description/share/fishbot_description/environment/path.dsv
[0.143s] -- Installing: /home/nkh/ROS2/CHAPT6/install/fishbot_description/share/fishbot_description/local_setup.bash
[0.143s] -- Installing: /home/nkh/ROS2/CHAPT6/install/fishbot_description/share/fishbot_description/local_setup.sh
[0.143s] -- Installing: /home/nkh/ROS2/CHAPT6/install/fishbot_description/share/fishbot_description/local_setup.zsh
[0.143s] -- Installing: /home/nkh/ROS2/CHAPT6/install/fishbot_description/share/fishbot_description/local_setup.dsv
[0.143s] -- Installing: /home/nkh/ROS2/CHAPT6/install/fishbot_description/share/fishbot_description/package.dsv
[0.144s] -- Installing: /home/nkh/ROS2/CHAPT6/install/fishbot_description/share/ament_index/resource_index/packages/fishbot_description
[0.144s] -- Installing: /home/nkh/ROS2/CHAPT6/install/fishbot_description/share/fishbot_description/cmake/fishbot_descriptionConfig.cmake
[0.144s] -- Installing: /home/nkh/ROS2/CHAPT6/install/fishbot_description/share/fishbot_description/cmake/fishbot_descriptionConfig-version.cmake
[0.144s] -- Installing: /home/nkh/ROS2/CHAPT6/install/fishbot_description/share/fishbot_description/package.xml
[0.145s] Invoked command in '/home/nkh/ROS2/CHAPT6/build/fishbot_description' returned '0': CMAKE_PREFIX_PATH=/opt/ros/humble /usr/bin/cmake --install /home/nkh/ROS2/CHAPT6/build/fishbot_description
