[0.294s] Invoking command in '/home/nkh/ROS2/CHAPT5/src/demo_python_tf': PYTHONPATH=/home/nkh/ROS2/CHAPT5/build/demo_python_tf/prefix_override:/usr/lib/python3/dist-packages/colcon_core/task/python/colcon_distutils_commands:/home/nkh/ROS2/CHAPT5/install/demo_python_tf/lib/python3.10/site-packages:${PYTHONPATH} /usr/bin/python3 -W ignore:setup.py install is deprecated -W ignore:easy_install command is deprecated setup.py egg_info --egg-base ../../build/demo_python_tf build --build-base /home/nkh/ROS2/CHAPT5/build/demo_python_tf/build install --record /home/nkh/ROS2/CHAPT5/build/demo_python_tf/install.log --single-version-externally-managed install_data
[0.402s] running egg_info
[0.402s] writing ../../build/demo_python_tf/demo_python_tf.egg-info/PKG-INFO
[0.402s] writing dependency_links to ../../build/demo_python_tf/demo_python_tf.egg-info/dependency_links.txt
[0.402s] writing entry points to ../../build/demo_python_tf/demo_python_tf.egg-info/entry_points.txt
[0.402s] writing requirements to ../../build/demo_python_tf/demo_python_tf.egg-info/requires.txt
[0.403s] writing top-level names to ../../build/demo_python_tf/demo_python_tf.egg-info/top_level.txt
[0.404s] reading manifest file '../../build/demo_python_tf/demo_python_tf.egg-info/SOURCES.txt'
[0.404s] adding license file 'LICENSE'
[0.404s] writing manifest file '../../build/demo_python_tf/demo_python_tf.egg-info/SOURCES.txt'
[0.405s] running build
[0.405s] running build_py
[0.405s] running install
[0.405s] running install_lib
[0.406s] running install_data
[0.406s] running install_egg_info
[0.407s] removing '/home/nkh/ROS2/CHAPT5/install/demo_python_tf/lib/python3.10/site-packages/demo_python_tf-0.0.0-py3.10.egg-info' (and everything under it)
[0.409s] Copying ../../build/demo_python_tf/demo_python_tf.egg-info to /home/nkh/ROS2/CHAPT5/install/demo_python_tf/lib/python3.10/site-packages/demo_python_tf-0.0.0-py3.10.egg-info
[0.410s] running install_scripts
[0.421s] Installing dynamic_tf_boardcaster script to /home/nkh/ROS2/CHAPT5/install/demo_python_tf/lib/demo_python_tf
[0.421s] Installing static_tf_boardcaster script to /home/nkh/ROS2/CHAPT5/install/demo_python_tf/lib/demo_python_tf
[0.421s] Installing tf_listener script to /home/nkh/ROS2/CHAPT5/install/demo_python_tf/lib/demo_python_tf
[0.421s] writing list of installed files to '/home/nkh/ROS2/CHAPT5/build/demo_python_tf/install.log'
[0.436s] Invoked command in '/home/nkh/ROS2/CHAPT5/src/demo_python_tf' returned '0': PYTHONPATH=/home/nkh/ROS2/CHAPT5/build/demo_python_tf/prefix_override:/usr/lib/python3/dist-packages/colcon_core/task/python/colcon_distutils_commands:/home/nkh/ROS2/CHAPT5/install/demo_python_tf/lib/python3.10/site-packages:${PYTHONPATH} /usr/bin/python3 -W ignore:setup.py install is deprecated -W ignore:easy_install command is deprecated setup.py egg_info --egg-base ../../build/demo_python_tf build --build-base /home/nkh/ROS2/CHAPT5/build/demo_python_tf/build install --record /home/nkh/ROS2/CHAPT5/build/demo_python_tf/install.log --single-version-externally-managed install_data
