[0.007s] Invoking command in '/home/nkh/ROS2/CHAPT3_1/topic_ws/build/demo_cpp_topic': CMAKE_PREFIX_PATH=${CMAKE_PREFIX_PATH}:/opt/ros/humble /usr/bin/cmake --build /home/nkh/ROS2/CHAPT3_1/topic_ws/build/demo_cpp_topic -- -j8 -l8
[0.036s] [ 50%] [32mBuilding CXX object CMakeFiles/turtle_circle.dir/src/turtle_circle.cpp.o[0m
[2.247s] [100%] [32m[1mLinking CXX executable turtle_circle[0m
[2.338s] [100%] Built target turtle_circle
[2.350s] Invoked command in '/home/nkh/ROS2/CHAPT3_1/topic_ws/build/demo_cpp_topic' returned '0': CMAKE_PREFIX_PATH=${CMAKE_PREFIX_PATH}:/opt/ros/humble /usr/bin/cmake --build /home/nkh/ROS2/CHAPT3_1/topic_ws/build/demo_cpp_topic -- -j8 -l8
[2.356s] Invoking command in '/home/nkh/ROS2/CHAPT3_1/topic_ws/build/demo_cpp_topic': CMAKE_PREFIX_PATH=${CMAKE_PREFIX_PATH}:/opt/ros/humble /usr/bin/cmake --install /home/nkh/ROS2/CHAPT3_1/topic_ws/build/demo_cpp_topic
[2.360s] -- Install configuration: ""
[2.360s] -- Installing: /home/nkh/ROS2/CHAPT3_1/topic_ws/install/demo_cpp_topic/lib/demo_cpp_topic/turtle_circle
[2.360s] -- Set runtime path of "/home/nkh/ROS2/CHAPT3_1/topic_ws/install/demo_cpp_topic/lib/demo_cpp_topic/turtle_circle" to ""
[2.361s] -- Up-to-date: /home/nkh/ROS2/CHAPT3_1/topic_ws/install/demo_cpp_topic/share/ament_index/resource_index/package_run_dependencies/demo_cpp_topic
[2.361s] -- Up-to-date: /home/nkh/ROS2/CHAPT3_1/topic_ws/install/demo_cpp_topic/share/ament_index/resource_index/parent_prefix_path/demo_cpp_topic
[2.361s] -- Up-to-date: /home/nkh/ROS2/CHAPT3_1/topic_ws/install/demo_cpp_topic/share/demo_cpp_topic/environment/ament_prefix_path.sh
[2.361s] -- Up-to-date: /home/nkh/ROS2/CHAPT3_1/topic_ws/install/demo_cpp_topic/share/demo_cpp_topic/environment/ament_prefix_path.dsv
[2.361s] -- Up-to-date: /home/nkh/ROS2/CHAPT3_1/topic_ws/install/demo_cpp_topic/share/demo_cpp_topic/environment/path.sh
[2.361s] -- Up-to-date: /home/nkh/ROS2/CHAPT3_1/topic_ws/install/demo_cpp_topic/share/demo_cpp_topic/environment/path.dsv
[2.361s] -- Up-to-date: /home/nkh/ROS2/CHAPT3_1/topic_ws/install/demo_cpp_topic/share/demo_cpp_topic/local_setup.bash
[2.361s] -- Up-to-date: /home/nkh/ROS2/CHAPT3_1/topic_ws/install/demo_cpp_topic/share/demo_cpp_topic/local_setup.sh
[2.361s] -- Up-to-date: /home/nkh/ROS2/CHAPT3_1/topic_ws/install/demo_cpp_topic/share/demo_cpp_topic/local_setup.zsh
[2.361s] -- Up-to-date: /home/nkh/ROS2/CHAPT3_1/topic_ws/install/demo_cpp_topic/share/demo_cpp_topic/local_setup.dsv
[2.361s] -- Installing: /home/nkh/ROS2/CHAPT3_1/topic_ws/install/demo_cpp_topic/share/demo_cpp_topic/package.dsv
[2.361s] -- Up-to-date: /home/nkh/ROS2/CHAPT3_1/topic_ws/install/demo_cpp_topic/share/ament_index/resource_index/packages/demo_cpp_topic
[2.361s] -- Up-to-date: /home/nkh/ROS2/CHAPT3_1/topic_ws/install/demo_cpp_topic/share/demo_cpp_topic/cmake/demo_cpp_topicConfig.cmake
[2.361s] -- Up-to-date: /home/nkh/ROS2/CHAPT3_1/topic_ws/install/demo_cpp_topic/share/demo_cpp_topic/cmake/demo_cpp_topicConfig-version.cmake
[2.361s] -- Up-to-date: /home/nkh/ROS2/CHAPT3_1/topic_ws/install/demo_cpp_topic/share/demo_cpp_topic/package.xml
[2.362s] Invoked command in '/home/nkh/ROS2/CHAPT3_1/topic_ws/build/demo_cpp_topic' returned '0': CMAKE_PREFIX_PATH=${CMAKE_PREFIX_PATH}:/opt/ros/humble /usr/bin/cmake --install /home/nkh/ROS2/CHAPT3_1/topic_ws/build/demo_cpp_topic
