[0.282s] Invoking command in '/home/nkh/ROS2/CHAPT4/src/demo_python_service': PYTHONPATH=/home/nkh/ROS2/CHAPT4/build/demo_python_service/prefix_override:/usr/lib/python3/dist-packages/colcon_core/task/python/colcon_distutils_commands:/home/nkh/ROS2/CHAPT4/install/demo_python_service/lib/python3.10/site-packages:${PYTHONPATH} /usr/bin/python3 -W ignore:setup.py install is deprecated -W ignore:easy_install command is deprecated setup.py egg_info --egg-base ../../build/demo_python_service build --build-base /home/nkh/ROS2/CHAPT4/build/demo_python_service/build install --record /home/nkh/ROS2/CHAPT4/build/demo_python_service/install.log --single-version-externally-managed install_data
[0.382s] running egg_info
[0.382s] writing ../../build/demo_python_service/demo_python_service.egg-info/PKG-INFO
[0.382s] writing dependency_links to ../../build/demo_python_service/demo_python_service.egg-info/dependency_links.txt
[0.385s] writing entry points to ../../build/demo_python_service/demo_python_service.egg-info/entry_points.txt
[0.386s] writing requirements to ../../build/demo_python_service/demo_python_service.egg-info/requires.txt
[0.386s] writing top-level names to ../../build/demo_python_service/demo_python_service.egg-info/top_level.txt
[0.386s] reading manifest file '../../build/demo_python_service/demo_python_service.egg-info/SOURCES.txt'
[0.386s] adding license file 'LICENSE'
[0.386s] writing manifest file '../../build/demo_python_service/demo_python_service.egg-info/SOURCES.txt'
[0.386s] running build
[0.386s] running build_py
[0.386s] running install
[0.386s] running install_lib
[0.386s] byte-compiling /home/nkh/ROS2/CHAPT4/install/demo_python_service/lib/python3.10/site-packages/demo_python_service/face_detect_client_node.py to face_detect_client_node.cpython-310.pyc
[0.386s] running install_data
[0.386s] running install_egg_info
[0.388s] removing '/home/nkh/ROS2/CHAPT4/install/demo_python_service/lib/python3.10/site-packages/demo_python_service-0.0.0-py3.10.egg-info' (and everything under it)
[0.389s] Copying ../../build/demo_python_service/demo_python_service.egg-info to /home/nkh/ROS2/CHAPT4/install/demo_python_service/lib/python3.10/site-packages/demo_python_service-0.0.0-py3.10.egg-info
[0.389s] running install_scripts
[0.400s] Installing face_detect_client_node script to /home/nkh/ROS2/CHAPT4/install/demo_python_service/lib/demo_python_service
[0.400s] Installing face_detect_node script to /home/nkh/ROS2/CHAPT4/install/demo_python_service/lib/demo_python_service
[0.402s] Installing learn_face_detect script to /home/nkh/ROS2/CHAPT4/install/demo_python_service/lib/demo_python_service
[0.402s] writing list of installed files to '/home/nkh/ROS2/CHAPT4/build/demo_python_service/install.log'
[0.414s] Invoked command in '/home/nkh/ROS2/CHAPT4/src/demo_python_service' returned '0': PYTHONPATH=/home/nkh/ROS2/CHAPT4/build/demo_python_service/prefix_override:/usr/lib/python3/dist-packages/colcon_core/task/python/colcon_distutils_commands:/home/nkh/ROS2/CHAPT4/install/demo_python_service/lib/python3.10/site-packages:${PYTHONPATH} /usr/bin/python3 -W ignore:setup.py install is deprecated -W ignore:easy_install command is deprecated setup.py egg_info --egg-base ../../build/demo_python_service build --build-base /home/nkh/ROS2/CHAPT4/build/demo_python_service/build install --record /home/nkh/ROS2/CHAPT4/build/demo_python_service/install.log --single-version-externally-managed install_data
