[0.009s] Invoking command in '/home/nkh/ROS2/CHAPT7/build/fishbot_description': CMAKE_PREFIX_PATH=/opt/ros/humble /usr/bin/cmake /home/nkh/ROS2/CHAPT7/src/fishbot_description -DCMAKE_INSTALL_PREFIX=/home/nkh/ROS2/CHAPT7/install/fishbot_description
[0.172s] -- The C compiler identification is GNU 11.4.0
[0.301s] -- The CXX compiler identification is GNU 11.4.0
[0.315s] -- Detecting C compiler ABI info
[0.382s] -- Detecting C compiler ABI info - done
[0.388s] -- Check for working C compiler: /usr/bin/cc - skipped
[0.388s] -- Detecting C compile features
[0.389s] -- Detecting C compile features - done
[0.393s] -- Detecting CXX compiler ABI info
[0.473s] -- Detecting CXX compiler ABI info - done
[0.481s] -- Check for working CXX compiler: /usr/bin/c++ - skipped
[0.481s] -- Detecting CXX compile features
[0.482s] -- Detecting CXX compile features - done
[0.504s] -- Found ament_cmake: 1.3.12 (/opt/ros/humble/share/ament_cmake/cmake)
[0.642s] -- Found Python3: /usr/bin/python3 (found version "3.10.12") found components: Interpreter 
[0.749s] -- Found ament_lint_auto: 0.12.14 (/opt/ros/humble/share/ament_lint_auto/cmake)
[0.828s] -- Added test 'flake8' to check Python code syntax and style conventions
[0.829s] -- Added test 'lint_cmake' to check CMake code style
[0.830s] -- Added test 'pep257' to check Python code against some of the docstring style conventions in PEP 257
[0.832s] -- Added test 'xmllint' to check XML markup files
[0.834s] -- Configuring done
[0.836s] -- Generating done
[0.837s] -- Build files have been written to: /home/nkh/ROS2/CHAPT7/build/fishbot_description
[0.841s] Invoked command in '/home/nkh/ROS2/CHAPT7/build/fishbot_description' returned '0': CMAKE_PREFIX_PATH=/opt/ros/humble /usr/bin/cmake /home/nkh/ROS2/CHAPT7/src/fishbot_description -DCMAKE_INSTALL_PREFIX=/home/nkh/ROS2/CHAPT7/install/fishbot_description
[0.843s] Invoking command in '/home/nkh/ROS2/CHAPT7/build/fishbot_description': CMAKE_PREFIX_PATH=/opt/ros/humble /usr/bin/cmake --build /home/nkh/ROS2/CHAPT7/build/fishbot_description -- -j8 -l8
[0.871s] Invoked command in '/home/nkh/ROS2/CHAPT7/build/fishbot_description' returned '0': CMAKE_PREFIX_PATH=/opt/ros/humble /usr/bin/cmake --build /home/nkh/ROS2/CHAPT7/build/fishbot_description -- -j8 -l8
[0.879s] Invoking command in '/home/nkh/ROS2/CHAPT7/build/fishbot_description': CMAKE_PREFIX_PATH=/opt/ros/humble /usr/bin/cmake --install /home/nkh/ROS2/CHAPT7/build/fishbot_description
[0.886s] -- Install configuration: ""
[0.886s] -- Installing: /home/nkh/ROS2/CHAPT7/install/fishbot_description/share/fishbot_description/launch
[0.886s] -- Installing: /home/nkh/ROS2/CHAPT7/install/fishbot_description/share/fishbot_description/launch/gazebo_sim_launch.py
[0.886s] -- Installing: /home/nkh/ROS2/CHAPT7/install/fishbot_description/share/fishbot_description/launch/__pycache__
[0.886s] -- Installing: /home/nkh/ROS2/CHAPT7/install/fishbot_description/share/fishbot_description/launch/__pycache__/display_robot_launch.cpython-310.pyc
[0.887s] -- Installing: /home/nkh/ROS2/CHAPT7/install/fishbot_description/share/fishbot_description/launch/display_robot_launch.py
[0.887s] -- Installing: /home/nkh/ROS2/CHAPT7/install/fishbot_description/share/fishbot_description/urdf
[0.887s] -- Installing: /home/nkh/ROS2/CHAPT7/install/fishbot_description/share/fishbot_description/urdf/first_robot.urdf
[0.887s] -- Installing: /home/nkh/ROS2/CHAPT7/install/fishbot_description/share/fishbot_description/urdf/first_robot.pdf
[0.887s] -- Installing: /home/nkh/ROS2/CHAPT7/install/fishbot_description/share/fishbot_description/urdf/fishbot
[0.887s] -- Installing: /home/nkh/ROS2/CHAPT7/install/fishbot_description/share/fishbot_description/urdf/fishbot/base.urdf.xacro
[0.887s] -- Installing: /home/nkh/ROS2/CHAPT7/install/fishbot_description/share/fishbot_description/urdf/fishbot/plugins
[0.887s] -- Installing: /home/nkh/ROS2/CHAPT7/install/fishbot_description/share/fishbot_description/urdf/fishbot/plugins/gazebo_control_plugin.xacro
[0.887s] -- Installing: /home/nkh/ROS2/CHAPT7/install/fishbot_description/share/fishbot_description/urdf/fishbot/plugins/gazebo_sensor_plugin.xacro
[0.887s] -- Installing: /home/nkh/ROS2/CHAPT7/install/fishbot_description/share/fishbot_description/urdf/fishbot/fishbot.urdf.xacro
[0.887s] -- Installing: /home/nkh/ROS2/CHAPT7/install/fishbot_description/share/fishbot_description/urdf/fishbot/sensor
[0.887s] -- Installing: /home/nkh/ROS2/CHAPT7/install/fishbot_description/share/fishbot_description/urdf/fishbot/sensor/laser.urdf.xacro
[0.887s] -- Installing: /home/nkh/ROS2/CHAPT7/install/fishbot_description/share/fishbot_description/urdf/fishbot/sensor/imu.urdf.xacro
[0.887s] -- Installing: /home/nkh/ROS2/CHAPT7/install/fishbot_description/share/fishbot_description/urdf/fishbot/sensor/camera.urdf.xacro
[0.887s] -- Installing: /home/nkh/ROS2/CHAPT7/install/fishbot_description/share/fishbot_description/urdf/fishbot/actuator
[0.887s] -- Installing: /home/nkh/ROS2/CHAPT7/install/fishbot_description/share/fishbot_description/urdf/fishbot/actuator/wheel.urdf.xacro
[0.887s] -- Installing: /home/nkh/ROS2/CHAPT7/install/fishbot_description/share/fishbot_description/urdf/fishbot/actuator/caster.urdf.xacro
[0.887s] -- Installing: /home/nkh/ROS2/CHAPT7/install/fishbot_description/share/fishbot_description/urdf/fishbot/fishbot_ros2_control.xacro
[0.887s] -- Installing: /home/nkh/ROS2/CHAPT7/install/fishbot_description/share/fishbot_description/urdf/fishbot/common_inertial.xacro
[0.887s] -- Installing: /home/nkh/ROS2/CHAPT7/install/fishbot_description/share/fishbot_description/urdf/first_robot.xacro
[0.887s] -- Installing: /home/nkh/ROS2/CHAPT7/install/fishbot_description/share/fishbot_description/urdf/first_robot.gv
[0.887s] -- Installing: /home/nkh/ROS2/CHAPT7/install/fishbot_description/share/fishbot_description/config
[0.887s] -- Installing: /home/nkh/ROS2/CHAPT7/install/fishbot_description/share/fishbot_description/config/fishbot_ros2_controller.yaml
[0.887s] -- Installing: /home/nkh/ROS2/CHAPT7/install/fishbot_description/share/fishbot_description/config/display_robot_model.rviz
[0.887s] -- Installing: /home/nkh/ROS2/CHAPT7/install/fishbot_description/share/fishbot_description/world
[0.887s] -- Installing: /home/nkh/ROS2/CHAPT7/install/fishbot_description/share/fishbot_description/world/custom_room.world
[0.887s] -- Installing: /home/nkh/ROS2/CHAPT7/install/fishbot_description/share/fishbot_description/world/1.world
[0.887s] -- Installing: /home/nkh/ROS2/CHAPT7/install/fishbot_description/share/fishbot_description/world/room
[0.887s] -- Installing: /home/nkh/ROS2/CHAPT7/install/fishbot_description/share/fishbot_description/world/room/model.sdf
[0.887s] -- Installing: /home/nkh/ROS2/CHAPT7/install/fishbot_description/share/fishbot_description/world/room/model.config
[0.888s] -- Installing: /home/nkh/ROS2/CHAPT7/install/fishbot_description/share/ament_index/resource_index/package_run_dependencies/fishbot_description
[0.888s] -- Installing: /home/nkh/ROS2/CHAPT7/install/fishbot_description/share/ament_index/resource_index/parent_prefix_path/fishbot_description
[0.888s] -- Installing: /home/nkh/ROS2/CHAPT7/install/fishbot_description/share/fishbot_description/environment/ament_prefix_path.sh
[0.888s] -- Installing: /home/nkh/ROS2/CHAPT7/install/fishbot_description/share/fishbot_description/environment/ament_prefix_path.dsv
[0.888s] -- Installing: /home/nkh/ROS2/CHAPT7/install/fishbot_description/share/fishbot_description/environment/path.sh
[0.888s] -- Installing: /home/nkh/ROS2/CHAPT7/install/fishbot_description/share/fishbot_description/environment/path.dsv
[0.888s] -- Installing: /home/nkh/ROS2/CHAPT7/install/fishbot_description/share/fishbot_description/local_setup.bash
[0.888s] -- Installing: /home/nkh/ROS2/CHAPT7/install/fishbot_description/share/fishbot_description/local_setup.sh
[0.888s] -- Installing: /home/nkh/ROS2/CHAPT7/install/fishbot_description/share/fishbot_description/local_setup.zsh
[0.888s] -- Installing: /home/nkh/ROS2/CHAPT7/install/fishbot_description/share/fishbot_description/local_setup.dsv
[0.888s] -- Installing: /home/nkh/ROS2/CHAPT7/install/fishbot_description/share/fishbot_description/package.dsv
[0.888s] -- Installing: /home/nkh/ROS2/CHAPT7/install/fishbot_description/share/ament_index/resource_index/packages/fishbot_description
[0.888s] -- Installing: /home/nkh/ROS2/CHAPT7/install/fishbot_description/share/fishbot_description/cmake/fishbot_descriptionConfig.cmake
[0.888s] -- Installing: /home/nkh/ROS2/CHAPT7/install/fishbot_description/share/fishbot_description/cmake/fishbot_descriptionConfig-version.cmake
[0.888s] -- Installing: /home/nkh/ROS2/CHAPT7/install/fishbot_description/share/fishbot_description/package.xml
[0.889s] Invoked command in '/home/nkh/ROS2/CHAPT7/build/fishbot_description' returned '0': CMAKE_PREFIX_PATH=/opt/ros/humble /usr/bin/cmake --install /home/nkh/ROS2/CHAPT7/build/fishbot_description
