[0.011s] Invoking command in '/home/nkh/ROS2/CHAPT3_1/topic_ws/build/demo_cpp_topic': CMAKE_PREFIX_PATH=/opt/ros/humble /usr/bin/cmake --build /home/nkh/ROS2/CHAPT3_1/topic_ws/build/demo_cpp_topic -- -j8 -l8
[0.080s] -- Found ament_cmake: 1.3.12 (/opt/ros/humble/share/ament_cmake/cmake)
[0.181s] -- Found rclcpp: 16.0.14 (/opt/ros/humble/share/rclcpp/cmake)
[0.221s] -- Found rosidl_generator_c: 3.1.7 (/opt/ros/humble/share/rosidl_generator_c/cmake)
[0.225s] -- Found rosidl_adapter: 3.1.7 (/opt/ros/humble/share/rosidl_adapter/cmake)
[0.233s] -- Found rosidl_generator_cpp: 3.1.7 (/opt/ros/humble/share/rosidl_generator_cpp/cmake)
[0.244s] -- Using all available rosidl_typesupport_c: rosidl_typesupport_fastrtps_c;rosidl_typesupport_introspection_c
[0.258s] -- Using all available rosidl_typesupport_cpp: rosidl_typesupport_fastrtps_cpp;rosidl_typesupport_introspection_cpp
[0.298s] -- Found rmw_implementation_cmake: 6.1.2 (/opt/ros/humble/share/rmw_implementation_cmake/cmake)
[0.301s] -- Found rmw_fastrtps_cpp: 6.2.8 (/opt/ros/humble/share/rmw_fastrtps_cpp/cmake)
[0.372s] -- Using RMW implementation 'rmw_fastrtps_cpp' as default
[0.427s] -- Found geometry_msgs: 4.9.0 (/opt/ros/humble/share/geometry_msgs/cmake)
[0.440s] -- Found turtlesim: 1.4.2 (/opt/ros/humble/share/turtlesim/cmake)
[0.479s] [31mCMake Error at CMakeLists.txt:17 (add_executable):
[0.479s]   add_executable cannot create target "turtle_circle" because another target
[0.479s]   with the same name already exists.  The existing target is an executable
[0.479s]   created in source directory
[0.479s]   "/home/nkh/ROS2/CHAPT3_1/topic_ws/src/demo_cpp_topic".  See documentation
[0.479s]   for policy CMP0002 for more details.
[0.479s] 
[0.479s] [0m
[0.479s] -- Found ament_lint_auto: 0.12.14 (/opt/ros/humble/share/ament_lint_auto/cmake)
[0.524s] [31mCMake Error at CMakeLists.txt:32 (install):
[0.524s]   install TARGETS given target "turtle_control" which does not exist.
[0.524s] 
[0.524s] [0m
[0.531s] -- Added test 'cppcheck' to perform static code analysis on C / C++ code
[0.531s] -- Configured cppcheck include dirs: 
[0.531s] -- Configured cppcheck exclude dirs and/or files: 
[0.532s] -- Added test 'lint_cmake' to check CMake code style
[0.532s] -- Added test 'uncrustify' to check C / C++ code style
[0.532s] -- Configured uncrustify additional arguments: 
[0.533s] -- Added test 'xmllint' to check XML markup files
[0.535s] -- Configuring incomplete, errors occurred!
[0.535s] See also "/home/nkh/ROS2/CHAPT3_1/topic_ws/build/demo_cpp_topic/CMakeFiles/CMakeOutput.log".
[0.540s] gmake: *** [Makefile:267：cmake_check_build_system] 错误 1
[0.542s] Invoked command in '/home/nkh/ROS2/CHAPT3_1/topic_ws/build/demo_cpp_topic' returned '2': CMAKE_PREFIX_PATH=/opt/ros/humble /usr/bin/cmake --build /home/nkh/ROS2/CHAPT3_1/topic_ws/build/demo_cpp_topic -- -j8 -l8
