[0.008s] Invoking command in '/home/nkh/ROS2/CHAPT5/build/demo_cpp_tf': CMAKE_PREFIX_PATH=/opt/ros/humble /usr/bin/cmake /home/nkh/ROS2/CHAPT5/src/demo_cpp_tf -DCMAKE_INSTALL_PREFIX=/home/nkh/ROS2/CHAPT5/install/demo_cpp_tf
[0.022s] -- Found ament_cmake: 1.3.12 (/opt/ros/humble/share/ament_cmake/cmake)
[0.087s] -- Found rclcpp: 16.0.14 (/opt/ros/humble/share/rclcpp/cmake)
[0.101s] -- Found rosidl_generator_c: 3.1.7 (/opt/ros/humble/share/rosidl_generator_c/cmake)
[0.102s] -- Found rosidl_adapter: 3.1.7 (/opt/ros/humble/share/rosidl_adapter/cmake)
[0.110s] -- Found rosidl_generator_cpp: 3.1.7 (/opt/ros/humble/share/rosidl_generator_cpp/cmake)
[0.110s] -- Using all available rosidl_typesupport_c: rosidl_typesupport_fastrtps_c;rosidl_typesupport_introspection_c
[0.123s] -- Using all available rosidl_typesupport_cpp: rosidl_typesupport_fastrtps_cpp;rosidl_typesupport_introspection_cpp
[0.139s] -- Found rmw_implementation_cmake: 6.1.2 (/opt/ros/humble/share/rmw_implementation_cmake/cmake)
[0.139s] -- Found rmw_fastrtps_cpp: 6.2.8 (/opt/ros/humble/share/rmw_fastrtps_cpp/cmake)
[0.188s] -- Using RMW implementation 'rmw_fastrtps_cpp' as default
[0.214s] -- Found tf2_geometry_msgs: 0.25.15 (/opt/ros/humble/share/tf2_geometry_msgs/cmake)
[0.223s] -- Found eigen3_cmake_module: 0.1.1 (/opt/ros/humble/share/eigen3_cmake_module/cmake)
[0.223s] -- Ensuring Eigen3 include directory is part of orocos-kdl CMake target
[0.269s] -- Found ament_lint_auto: 0.12.14 (/opt/ros/humble/share/ament_lint_auto/cmake)
[0.323s] -- Added test 'cppcheck' to perform static code analysis on C / C++ code
[0.323s] -- Configured cppcheck include dirs: 
[0.323s] -- Configured cppcheck exclude dirs and/or files: 
[0.323s] -- Added test 'lint_cmake' to check CMake code style
[0.323s] -- Added test 'uncrustify' to check C / C++ code style
[0.323s] -- Configured uncrustify additional arguments: 
[0.324s] -- Added test 'xmllint' to check XML markup files
[0.325s] -- Configuring done
[0.332s] -- Generating done
[0.335s] -- Build files have been written to: /home/nkh/ROS2/CHAPT5/build/demo_cpp_tf
[0.339s] Invoked command in '/home/nkh/ROS2/CHAPT5/build/demo_cpp_tf' returned '0': CMAKE_PREFIX_PATH=/opt/ros/humble /usr/bin/cmake /home/nkh/ROS2/CHAPT5/src/demo_cpp_tf -DCMAKE_INSTALL_PREFIX=/home/nkh/ROS2/CHAPT5/install/demo_cpp_tf
[0.340s] Invoking command in '/home/nkh/ROS2/CHAPT5/build/demo_cpp_tf': CMAKE_PREFIX_PATH=/opt/ros/humble /usr/bin/cmake --build /home/nkh/ROS2/CHAPT5/build/demo_cpp_tf -- -j8 -l8
[0.367s] [ 50%] [32mBuilding CXX object CMakeFiles/static_tf_boardcaster.dir/src/static_tf_boardcaster.cpp.o[0m
[2.465s] [100%] [32m[1mLinking CXX executable static_tf_boardcaster[0m
[2.614s] [100%] Built target static_tf_boardcaster
[2.623s] Invoked command in '/home/nkh/ROS2/CHAPT5/build/demo_cpp_tf' returned '0': CMAKE_PREFIX_PATH=/opt/ros/humble /usr/bin/cmake --build /home/nkh/ROS2/CHAPT5/build/demo_cpp_tf -- -j8 -l8
[2.627s] Invoking command in '/home/nkh/ROS2/CHAPT5/build/demo_cpp_tf': CMAKE_PREFIX_PATH=/opt/ros/humble /usr/bin/cmake --install /home/nkh/ROS2/CHAPT5/build/demo_cpp_tf
[2.633s] -- Install configuration: ""
[2.633s] -- Installing: /home/nkh/ROS2/CHAPT5/install/demo_cpp_tf/lib/demo_cpp_tf/static_tf_boardcaster
[2.633s] -- Set runtime path of "/home/nkh/ROS2/CHAPT5/install/demo_cpp_tf/lib/demo_cpp_tf/static_tf_boardcaster" to ""
[2.633s] -- Installing: /home/nkh/ROS2/CHAPT5/install/demo_cpp_tf/share/ament_index/resource_index/package_run_dependencies/demo_cpp_tf
[2.633s] -- Installing: /home/nkh/ROS2/CHAPT5/install/demo_cpp_tf/share/ament_index/resource_index/parent_prefix_path/demo_cpp_tf
[2.633s] -- Installing: /home/nkh/ROS2/CHAPT5/install/demo_cpp_tf/share/demo_cpp_tf/environment/ament_prefix_path.sh
[2.633s] -- Installing: /home/nkh/ROS2/CHAPT5/install/demo_cpp_tf/share/demo_cpp_tf/environment/ament_prefix_path.dsv
[2.633s] -- Installing: /home/nkh/ROS2/CHAPT5/install/demo_cpp_tf/share/demo_cpp_tf/environment/path.sh
[2.633s] -- Installing: /home/nkh/ROS2/CHAPT5/install/demo_cpp_tf/share/demo_cpp_tf/environment/path.dsv
[2.633s] -- Installing: /home/nkh/ROS2/CHAPT5/install/demo_cpp_tf/share/demo_cpp_tf/local_setup.bash
[2.633s] -- Installing: /home/nkh/ROS2/CHAPT5/install/demo_cpp_tf/share/demo_cpp_tf/local_setup.sh
[2.633s] -- Installing: /home/nkh/ROS2/CHAPT5/install/demo_cpp_tf/share/demo_cpp_tf/local_setup.zsh
[2.633s] -- Installing: /home/nkh/ROS2/CHAPT5/install/demo_cpp_tf/share/demo_cpp_tf/local_setup.dsv
[2.633s] -- Installing: /home/nkh/ROS2/CHAPT5/install/demo_cpp_tf/share/demo_cpp_tf/package.dsv
[2.633s] -- Installing: /home/nkh/ROS2/CHAPT5/install/demo_cpp_tf/share/ament_index/resource_index/packages/demo_cpp_tf
[2.633s] -- Installing: /home/nkh/ROS2/CHAPT5/install/demo_cpp_tf/share/demo_cpp_tf/cmake/demo_cpp_tfConfig.cmake
[2.633s] -- Installing: /home/nkh/ROS2/CHAPT5/install/demo_cpp_tf/share/demo_cpp_tf/cmake/demo_cpp_tfConfig-version.cmake
[2.634s] -- Installing: /home/nkh/ROS2/CHAPT5/install/demo_cpp_tf/share/demo_cpp_tf/package.xml
[2.636s] Invoked command in '/home/nkh/ROS2/CHAPT5/build/demo_cpp_tf' returned '0': CMAKE_PREFIX_PATH=/opt/ros/humble /usr/bin/cmake --install /home/nkh/ROS2/CHAPT5/build/demo_cpp_tf
