[0.018s] Invoking command in '/home/nkh/ROS2/CHAPT4/build/demo_cpp_service': CMAKE_PREFIX_PATH=/home/nkh/ROS2/CHAPT4/install/chapt4_interfaces:/home/nkh/ROS2/CHAPT4/install/demo_cpp_service:/home/nkh/ROS2/CHAPT4/install/demo_python_service:/opt/ros/humble /usr/bin/cmake --build /home/nkh/ROS2/CHAPT4/build/demo_cpp_service -- -j8 -l8
[0.026s] -- Found ament_cmake: 1.3.12 (/opt/ros/humble/share/ament_cmake/cmake)
[0.111s] -- Found chapt4_interfaces: 0.0.0 (/home/nkh/ROS2/CHAPT4/install/chapt4_interfaces/share/chapt4_interfaces/cmake)
[0.122s] -- Found rosidl_generator_c: 3.1.7 (/opt/ros/humble/share/rosidl_generator_c/cmake)
[0.123s] -- Found rosidl_adapter: 3.1.7 (/opt/ros/humble/share/rosidl_adapter/cmake)
[0.126s] -- Found rosidl_generator_cpp: 3.1.7 (/opt/ros/humble/share/rosidl_generator_cpp/cmake)
[0.134s] -- Using all available rosidl_typesupport_c: rosidl_typesupport_fastrtps_c;rosidl_typesupport_introspection_c
[0.141s] -- Using all available rosidl_typesupport_cpp: rosidl_typesupport_fastrtps_cpp;rosidl_typesupport_introspection_cpp
[0.184s] -- Found rclcpp: 16.0.14 (/opt/ros/humble/share/rclcpp/cmake)
[0.202s] -- Found rmw_implementation_cmake: 6.1.2 (/opt/ros/humble/share/rmw_implementation_cmake/cmake)
[0.203s] -- Found rmw_fastrtps_cpp: 6.2.8 (/opt/ros/humble/share/rmw_fastrtps_cpp/cmake)
[0.260s] -- Using RMW implementation 'rmw_fastrtps_cpp' as default
[0.281s] -- Found turtlesim: 1.4.2 (/opt/ros/humble/share/turtlesim/cmake)
[0.302s] -- Found ament_lint_auto: 0.12.14 (/opt/ros/humble/share/ament_lint_auto/cmake)
[0.339s] -- Configuring incomplete, errors occurred!
[0.339s] [31mCMake Error at CMakeLists.txt:30 (insatll):
[0.339s]   Unknown CMake command "insatll".
[0.339s] 
[0.339s] [0m
[0.340s] See also "/home/nkh/ROS2/CHAPT4/build/demo_cpp_service/CMakeFiles/CMakeOutput.log".
[0.343s] gmake: *** [Makefile:267：cmake_check_build_system] 错误 1
[0.345s] Invoked command in '/home/nkh/ROS2/CHAPT4/build/demo_cpp_service' returned '2': CMAKE_PREFIX_PATH=/home/nkh/ROS2/CHAPT4/install/chapt4_interfaces:/home/nkh/ROS2/CHAPT4/install/demo_cpp_service:/home/nkh/ROS2/CHAPT4/install/demo_python_service:/opt/ros/humble /usr/bin/cmake --build /home/nkh/ROS2/CHAPT4/build/demo_cpp_service -- -j8 -l8
