[0.368s] Invoking command in '/home/nkh/ROS2/CHAPT2/python_1/chapt2_ws/src/demo_python_pkg': PYTHONPATH=/home/nkh/ROS2/CHAPT2/python_1/chapt2_ws/build/demo_python_pkg/prefix_override:/usr/lib/python3/dist-packages/colcon_core/task/python/colcon_distutils_commands:/home/nkh/ROS2/CHAPT2/python_1/chapt2_ws/install/demo_python_pkg/lib/python3.10/site-packages:${PYTHONPATH} /usr/bin/python3 -W ignore:setup.py install is deprecated -W ignore:easy_install command is deprecated setup.py egg_info --egg-base ../../build/demo_python_pkg build --build-base /home/nkh/ROS2/CHAPT2/python_1/chapt2_ws/build/demo_python_pkg/build install --record /home/nkh/ROS2/CHAPT2/python_1/chapt2_ws/build/demo_python_pkg/install.log --single-version-externally-managed install_data
[0.513s] running egg_info
[0.514s] writing ../../build/demo_python_pkg/demo_python_pkg.egg-info/PKG-INFO
[0.514s] writing dependency_links to ../../build/demo_python_pkg/demo_python_pkg.egg-info/dependency_links.txt
[0.514s] writing entry points to ../../build/demo_python_pkg/demo_python_pkg.egg-info/entry_points.txt
[0.516s] writing requirements to ../../build/demo_python_pkg/demo_python_pkg.egg-info/requires.txt
[0.516s] writing top-level names to ../../build/demo_python_pkg/demo_python_pkg.egg-info/top_level.txt
[0.516s] reading manifest file '../../build/demo_python_pkg/demo_python_pkg.egg-info/SOURCES.txt'
[0.517s] adding license file 'LICENSE'
[0.518s] writing manifest file '../../build/demo_python_pkg/demo_python_pkg.egg-info/SOURCES.txt'
[0.518s] running build
[0.519s] running build_py
[0.519s] running install
[0.520s] running install_lib
[0.520s] running install_data
[0.520s] running install_egg_info
[0.520s] removing '/home/nkh/ROS2/CHAPT2/python_1/chapt2_ws/install/demo_python_pkg/lib/python3.10/site-packages/demo_python_pkg-0.0.0-py3.10.egg-info' (and everything under it)
[0.521s] Copying ../../build/demo_python_pkg/demo_python_pkg.egg-info to /home/nkh/ROS2/CHAPT2/python_1/chapt2_ws/install/demo_python_pkg/lib/python3.10/site-packages/demo_python_pkg-0.0.0-py3.10.egg-info
[0.521s] running install_scripts
[0.536s] Installing person_node script to /home/nkh/ROS2/CHAPT2/python_1/chapt2_ws/install/demo_python_pkg/lib/demo_python_pkg
[0.536s] Installing python_node script to /home/nkh/ROS2/CHAPT2/python_1/chapt2_ws/install/demo_python_pkg/lib/demo_python_pkg
[0.536s] writing list of installed files to '/home/nkh/ROS2/CHAPT2/python_1/chapt2_ws/build/demo_python_pkg/install.log'
[0.550s] Invoked command in '/home/nkh/ROS2/CHAPT2/python_1/chapt2_ws/src/demo_python_pkg' returned '0': PYTHONPATH=/home/nkh/ROS2/CHAPT2/python_1/chapt2_ws/build/demo_python_pkg/prefix_override:/usr/lib/python3/dist-packages/colcon_core/task/python/colcon_distutils_commands:/home/nkh/ROS2/CHAPT2/python_1/chapt2_ws/install/demo_python_pkg/lib/python3.10/site-packages:${PYTHONPATH} /usr/bin/python3 -W ignore:setup.py install is deprecated -W ignore:easy_install command is deprecated setup.py egg_info --egg-base ../../build/demo_python_pkg build --build-base /home/nkh/ROS2/CHAPT2/python_1/chapt2_ws/build/demo_python_pkg/build install --record /home/nkh/ROS2/CHAPT2/python_1/chapt2_ws/build/demo_python_pkg/install.log --single-version-externally-managed install_data
