[0.006s] Invoking command in '/home/nkh/ROS2/CHAPT4/build/chapt4_interfaces': CMAKE_PREFIX_PATH=/opt/ros/humble /usr/bin/cmake /home/nkh/ROS2/CHAPT4/src/chapt4_interfaces -DCMAKE_INSTALL_PREFIX=/home/nkh/ROS2/CHAPT4/install/chapt4_interfaces
[0.044s] -- The C compiler identification is GNU 11.4.0
[0.075s] -- The CXX compiler identification is GNU 11.4.0
[0.079s] -- Detecting C compiler ABI info
[0.120s] -- Detecting C compiler ABI info - done
[0.124s] -- Check for working C compiler: /usr/bin/cc - skipped
[0.124s] -- Detecting C compile features
[0.124s] -- Detecting C compile features - done
[0.126s] -- Detecting CXX compiler ABI info
[0.173s] -- Detecting CXX compiler ABI info - done
[0.177s] -- Check for working CXX compiler: /usr/bin/c++ - skipped
[0.177s] -- Detecting CXX compile features
[0.177s] -- Detecting CXX compile features - done
[0.179s] -- Found ament_cmake: 1.3.12 (/opt/ros/humble/share/ament_cmake/cmake)
[0.258s] -- Found Python3: /usr/bin/python3 (found version "3.10.12") found components: Interpreter 
[0.300s] -- Found sensor_msgs: 4.9.0 (/opt/ros/humble/share/sensor_msgs/cmake)
[0.315s] -- Found rosidl_generator_c: 3.1.7 (/opt/ros/humble/share/rosidl_generator_c/cmake)
[0.317s] -- Found rosidl_adapter: 3.1.7 (/opt/ros/humble/share/rosidl_adapter/cmake)
[0.321s] -- Found rosidl_generator_cpp: 3.1.7 (/opt/ros/humble/share/rosidl_generator_cpp/cmake)
[0.326s] -- Using all available rosidl_typesupport_c: rosidl_typesupport_fastrtps_c;rosidl_typesupport_introspection_c
[0.333s] -- Using all available rosidl_typesupport_cpp: rosidl_typesupport_fastrtps_cpp;rosidl_typesupport_introspection_cpp
[0.362s] -- Found rosidl_default_generators: 1.2.0 (/opt/ros/humble/share/rosidl_default_generators/cmake)
[0.518s] -- Found ament_cmake_ros: 0.10.0 (/opt/ros/humble/share/ament_cmake_ros/cmake)
[0.761s] -- Using all available rosidl_typesupport_c: rosidl_typesupport_fastrtps_c;rosidl_typesupport_introspection_c
[0.856s] -- Using all available rosidl_typesupport_cpp: rosidl_typesupport_fastrtps_cpp;rosidl_typesupport_introspection_cpp
[0.869s] -- Found PythonInterp: /usr/bin/python3 (found suitable version "3.10.12", minimum required is "3.6") 
[0.870s] -- Found python_cmake_module: 0.10.0 (/opt/ros/humble/share/python_cmake_module/cmake)
[0.883s] -- Found PythonLibs: /usr/lib/x86_64-linux-gnu/libpython3.10.so (found suitable version "3.10.12", minimum required is "3.5") 
[0.883s] -- Using PYTHON_EXECUTABLE: /usr/bin/python3
[0.883s] -- Using PYTHON_INCLUDE_DIRS: /usr/include/python3.10
[0.883s] -- Using PYTHON_LIBRARIES: /usr/lib/x86_64-linux-gnu/libpython3.10.so
[0.894s] -- Found PythonExtra: .so  
[0.931s] -- Found ament_lint_auto: 0.12.14 (/opt/ros/humble/share/ament_lint_auto/cmake)
[0.939s] -- Added test 'lint_cmake' to check CMake code style
[0.939s] -- Added test 'xmllint' to check XML markup files
[0.941s] -- Configuring done
[0.960s] -- Generating done
[0.967s] -- Build files have been written to: /home/nkh/ROS2/CHAPT4/build/chapt4_interfaces
[0.972s] Invoked command in '/home/nkh/ROS2/CHAPT4/build/chapt4_interfaces' returned '0': CMAKE_PREFIX_PATH=/opt/ros/humble /usr/bin/cmake /home/nkh/ROS2/CHAPT4/src/chapt4_interfaces -DCMAKE_INSTALL_PREFIX=/home/nkh/ROS2/CHAPT4/install/chapt4_interfaces
[0.974s] Invoking command in '/home/nkh/ROS2/CHAPT4/build/chapt4_interfaces': CMAKE_PREFIX_PATH=/opt/ros/humble /usr/bin/cmake --build /home/nkh/ROS2/CHAPT4/build/chapt4_interfaces -- -j8 -l8
[0.996s] [  3%] [34m[1mGenerating C code for ROS interfaces[0m
[1.000s] [  6%] [34m[1mGenerating C++ code for ROS interfaces[0m
[1.005s] [  6%] Built target ament_cmake_python_copy_chapt4_interfaces
[1.131s] running egg_info
[1.132s] creating chapt4_interfaces.egg-info
[1.132s] writing chapt4_interfaces.egg-info/PKG-INFO
[1.132s] writing dependency_links to chapt4_interfaces.egg-info/dependency_links.txt
[1.133s] writing top-level names to chapt4_interfaces.egg-info/top_level.txt
[1.135s] writing manifest file 'chapt4_interfaces.egg-info/SOURCES.txt'
[1.135s] reading manifest file 'chapt4_interfaces.egg-info/SOURCES.txt'
[1.135s] writing manifest file 'chapt4_interfaces.egg-info/SOURCES.txt'
[1.149s] [  6%] Built target ament_cmake_python_build_chapt4_interfaces_egg
[1.153s] [  6%] Built target chapt4_interfaces__cpp
[1.156s] [  9%] [32mBuilding C object CMakeFiles/chapt4_interfaces__rosidl_generator_c.dir/rosidl_generator_c/chapt4_interfaces/srv/detail/face_detector__functions.c.o[0m
[1.158s] [ 12%] [34m[1mGenerating C++ type support dispatch for ROS interfaces[0m
[1.159s] [ 16%] [34m[1mGenerating C++ type support for eProsima Fast-RTPS[0m
[1.159s] [ 19%] [34m[1mGenerating C++ introspection for ROS interfaces[0m
[1.193s] [ 22%] [32m[1mLinking C shared library libchapt4_interfaces__rosidl_generator_c.so[0m
[1.219s] [ 22%] Built target chapt4_interfaces__rosidl_generator_c
[1.226s] [ 25%] [34m[1mGenerating C type support for eProsima Fast-RTPS[0m
[1.228s] [ 29%] [34m[1mGenerating C introspection for ROS interfaces[0m
[1.229s] [ 32%] [34m[1mGenerating C type support dispatch for ROS interfaces[0m
[1.300s] [ 35%] [32mBuilding CXX object CMakeFiles/chapt4_interfaces__rosidl_typesupport_cpp.dir/rosidl_typesupport_cpp/chapt4_interfaces/srv/face_detector__type_support.cpp.o[0m
[1.310s] [ 38%] [32mBuilding CXX object CMakeFiles/chapt4_interfaces__rosidl_typesupport_introspection_cpp.dir/rosidl_typesupport_introspection_cpp/chapt4_interfaces/srv/detail/face_detector__type_support.cpp.o[0m
[1.321s] [ 41%] [32mBuilding CXX object CMakeFiles/chapt4_interfaces__rosidl_typesupport_fastrtps_cpp.dir/rosidl_typesupport_fastrtps_cpp/chapt4_interfaces/srv/detail/dds_fastrtps/face_detector__type_support.cpp.o[0m
[1.383s] [ 45%] [32mBuilding CXX object CMakeFiles/chapt4_interfaces__rosidl_typesupport_c.dir/rosidl_typesupport_c/chapt4_interfaces/srv/face_detector__type_support.cpp.o[0m
[1.392s] [ 48%] [32mBuilding C object CMakeFiles/chapt4_interfaces__rosidl_typesupport_introspection_c.dir/rosidl_typesupport_introspection_c/chapt4_interfaces/srv/detail/face_detector__type_support.c.o[0m
[1.402s] [ 51%] [32m[1mLinking CXX shared library libchapt4_interfaces__rosidl_typesupport_c.so[0m
[1.412s] [ 54%] [32mBuilding CXX object CMakeFiles/chapt4_interfaces__rosidl_typesupport_fastrtps_c.dir/rosidl_typesupport_fastrtps_c/chapt4_interfaces/srv/detail/face_detector__type_support_c.cpp.o[0m
[1.420s] [ 58%] [32m[1mLinking C shared library libchapt4_interfaces__rosidl_typesupport_introspection_c.so[0m
[1.426s] [ 58%] Built target chapt4_interfaces__rosidl_typesupport_c
[1.441s] [ 58%] Built target chapt4_interfaces__rosidl_typesupport_introspection_c
[1.446s] [ 61%] [32m[1mLinking CXX shared library libchapt4_interfaces__rosidl_typesupport_cpp.so[0m
[1.468s] [ 61%] Built target chapt4_interfaces__rosidl_typesupport_cpp
[1.545s] [ 64%] [32m[1mLinking CXX shared library libchapt4_interfaces__rosidl_typesupport_introspection_cpp.so[0m
[1.583s] [ 64%] Built target chapt4_interfaces__rosidl_typesupport_introspection_cpp
[1.595s] [ 67%] [32m[1mLinking CXX shared library libchapt4_interfaces__rosidl_typesupport_fastrtps_c.so[0m
[1.600s] [ 70%] [32m[1mLinking CXX shared library libchapt4_interfaces__rosidl_typesupport_fastrtps_cpp.so[0m
[1.639s] [ 70%] Built target chapt4_interfaces__rosidl_typesupport_fastrtps_c
[1.645s] [ 70%] Built target chapt4_interfaces__rosidl_typesupport_fastrtps_cpp
[1.656s] [ 70%] Built target chapt4_interfaces
[1.669s] [ 74%] [34m[1mGenerating Python code for ROS interfaces[0m
[1.864s] [ 74%] Built target chapt4_interfaces__py
[1.876s] [ 77%] [32mBuilding C object CMakeFiles/chapt4_interfaces__rosidl_generator_py.dir/rosidl_generator_py/chapt4_interfaces/srv/_face_detector_s.c.o[0m
[1.942s] [ 80%] [32m[1mLinking C shared library rosidl_generator_py/chapt4_interfaces/libchapt4_interfaces__rosidl_generator_py.so[0m
[1.966s] [ 80%] Built target chapt4_interfaces__rosidl_generator_py
[1.977s] [ 83%] [32mBuilding C object CMakeFiles/chapt4_interfaces__rosidl_typesupport_introspection_c__pyext.dir/rosidl_generator_py/chapt4_interfaces/_chapt4_interfaces_s.ep.rosidl_typesupport_introspection_c.c.o[0m
[1.978s] [ 87%] [32mBuilding C object CMakeFiles/chapt4_interfaces__rosidl_typesupport_fastrtps_c__pyext.dir/rosidl_generator_py/chapt4_interfaces/_chapt4_interfaces_s.ep.rosidl_typesupport_fastrtps_c.c.o[0m
[1.978s] [ 90%] [32mBuilding C object CMakeFiles/chapt4_interfaces__rosidl_typesupport_c__pyext.dir/rosidl_generator_py/chapt4_interfaces/_chapt4_interfaces_s.ep.rosidl_typesupport_c.c.o[0m
[2.035s] [ 96%] [32m[1mLinking C shared library rosidl_generator_py/chapt4_interfaces/chapt4_interfaces_s__rosidl_typesupport_fastrtps_c.cpython-310-x86_64-linux-gnu.so[0m
[2.035s] [ 96%] [32m[1mLinking C shared library rosidl_generator_py/chapt4_interfaces/chapt4_interfaces_s__rosidl_typesupport_c.cpython-310-x86_64-linux-gnu.so[0m
[2.035s] [100%] [32m[1mLinking C shared library rosidl_generator_py/chapt4_interfaces/chapt4_interfaces_s__rosidl_typesupport_introspection_c.cpython-310-x86_64-linux-gnu.so[0m
[2.059s] [100%] Built target chapt4_interfaces__rosidl_typesupport_fastrtps_c__pyext
[2.063s] [100%] Built target chapt4_interfaces__rosidl_typesupport_c__pyext
[2.063s] [100%] Built target chapt4_interfaces__rosidl_typesupport_introspection_c__pyext
[2.073s] Invoked command in '/home/nkh/ROS2/CHAPT4/build/chapt4_interfaces' returned '0': CMAKE_PREFIX_PATH=/opt/ros/humble /usr/bin/cmake --build /home/nkh/ROS2/CHAPT4/build/chapt4_interfaces -- -j8 -l8
[2.076s] Invoking command in '/home/nkh/ROS2/CHAPT4/build/chapt4_interfaces': CMAKE_PREFIX_PATH=/opt/ros/humble /usr/bin/cmake --install /home/nkh/ROS2/CHAPT4/build/chapt4_interfaces
[2.080s] -- Install configuration: ""
[2.080s] -- Installing: /home/nkh/ROS2/CHAPT4/install/chapt4_interfaces/share/ament_index/resource_index/rosidl_interfaces/chapt4_interfaces
[2.080s] -- Installing: /home/nkh/ROS2/CHAPT4/install/chapt4_interfaces/include/chapt4_interfaces/chapt4_interfaces
[2.080s] -- Installing: /home/nkh/ROS2/CHAPT4/install/chapt4_interfaces/include/chapt4_interfaces/chapt4_interfaces/msg
[2.080s] -- Installing: /home/nkh/ROS2/CHAPT4/install/chapt4_interfaces/include/chapt4_interfaces/chapt4_interfaces/msg/rosidl_generator_c__visibility_control.h
[2.080s] -- Installing: /home/nkh/ROS2/CHAPT4/install/chapt4_interfaces/include/chapt4_interfaces/chapt4_interfaces/srv
[2.080s] -- Installing: /home/nkh/ROS2/CHAPT4/install/chapt4_interfaces/include/chapt4_interfaces/chapt4_interfaces/srv/face_detector.h
[2.080s] -- Installing: /home/nkh/ROS2/CHAPT4/install/chapt4_interfaces/include/chapt4_interfaces/chapt4_interfaces/srv/detail
[2.080s] -- Installing: /home/nkh/ROS2/CHAPT4/install/chapt4_interfaces/include/chapt4_interfaces/chapt4_interfaces/srv/detail/face_detector__struct.h
[2.080s] -- Installing: /home/nkh/ROS2/CHAPT4/install/chapt4_interfaces/include/chapt4_interfaces/chapt4_interfaces/srv/detail/face_detector__functions.h
[2.080s] -- Installing: /home/nkh/ROS2/CHAPT4/install/chapt4_interfaces/include/chapt4_interfaces/chapt4_interfaces/srv/detail/face_detector__type_support.h
[2.080s] -- Installing: /home/nkh/ROS2/CHAPT4/install/chapt4_interfaces/include/chapt4_interfaces/chapt4_interfaces/srv/detail/face_detector__functions.c
[2.080s] -- Installing: /home/nkh/ROS2/CHAPT4/install/chapt4_interfaces/share/chapt4_interfaces/environment/library_path.sh
[2.080s] -- Installing: /home/nkh/ROS2/CHAPT4/install/chapt4_interfaces/share/chapt4_interfaces/environment/library_path.dsv
[2.080s] -- Installing: /home/nkh/ROS2/CHAPT4/install/chapt4_interfaces/lib/libchapt4_interfaces__rosidl_generator_c.so
[2.081s] -- Set runtime path of "/home/nkh/ROS2/CHAPT4/install/chapt4_interfaces/lib/libchapt4_interfaces__rosidl_generator_c.so" to ""
[2.081s] -- Up-to-date: /home/nkh/ROS2/CHAPT4/install/chapt4_interfaces/include/chapt4_interfaces/chapt4_interfaces
[2.081s] -- Up-to-date: /home/nkh/ROS2/CHAPT4/install/chapt4_interfaces/include/chapt4_interfaces/chapt4_interfaces/msg
[2.081s] -- Installing: /home/nkh/ROS2/CHAPT4/install/chapt4_interfaces/include/chapt4_interfaces/chapt4_interfaces/msg/rosidl_typesupport_fastrtps_c__visibility_control.h
[2.081s] -- Up-to-date: /home/nkh/ROS2/CHAPT4/install/chapt4_interfaces/include/chapt4_interfaces/chapt4_interfaces/srv
[2.081s] -- Up-to-date: /home/nkh/ROS2/CHAPT4/install/chapt4_interfaces/include/chapt4_interfaces/chapt4_interfaces/srv/detail
[2.081s] -- Installing: /home/nkh/ROS2/CHAPT4/install/chapt4_interfaces/include/chapt4_interfaces/chapt4_interfaces/srv/detail/face_detector__rosidl_typesupport_fastrtps_c.h
[2.081s] -- Installing: /home/nkh/ROS2/CHAPT4/install/chapt4_interfaces/lib/libchapt4_interfaces__rosidl_typesupport_fastrtps_c.so
[2.081s] -- Set runtime path of "/home/nkh/ROS2/CHAPT4/install/chapt4_interfaces/lib/libchapt4_interfaces__rosidl_typesupport_fastrtps_c.so" to ""
[2.081s] -- Up-to-date: /home/nkh/ROS2/CHAPT4/install/chapt4_interfaces/include/chapt4_interfaces/chapt4_interfaces
[2.081s] -- Up-to-date: /home/nkh/ROS2/CHAPT4/install/chapt4_interfaces/include/chapt4_interfaces/chapt4_interfaces/msg
[2.081s] -- Installing: /home/nkh/ROS2/CHAPT4/install/chapt4_interfaces/include/chapt4_interfaces/chapt4_interfaces/msg/rosidl_generator_cpp__visibility_control.hpp
[2.081s] -- Up-to-date: /home/nkh/ROS2/CHAPT4/install/chapt4_interfaces/include/chapt4_interfaces/chapt4_interfaces/srv
[2.081s] -- Installing: /home/nkh/ROS2/CHAPT4/install/chapt4_interfaces/include/chapt4_interfaces/chapt4_interfaces/srv/face_detector.hpp
[2.081s] -- Up-to-date: /home/nkh/ROS2/CHAPT4/install/chapt4_interfaces/include/chapt4_interfaces/chapt4_interfaces/srv/detail
[2.082s] -- Installing: /home/nkh/ROS2/CHAPT4/install/chapt4_interfaces/include/chapt4_interfaces/chapt4_interfaces/srv/detail/face_detector__type_support.hpp
[2.082s] -- Installing: /home/nkh/ROS2/CHAPT4/install/chapt4_interfaces/include/chapt4_interfaces/chapt4_interfaces/srv/detail/face_detector__builder.hpp
[2.082s] -- Installing: /home/nkh/ROS2/CHAPT4/install/chapt4_interfaces/include/chapt4_interfaces/chapt4_interfaces/srv/detail/face_detector__traits.hpp
[2.082s] -- Installing: /home/nkh/ROS2/CHAPT4/install/chapt4_interfaces/include/chapt4_interfaces/chapt4_interfaces/srv/detail/face_detector__struct.hpp
[2.082s] -- Up-to-date: /home/nkh/ROS2/CHAPT4/install/chapt4_interfaces/include/chapt4_interfaces/chapt4_interfaces
[2.082s] -- Up-to-date: /home/nkh/ROS2/CHAPT4/install/chapt4_interfaces/include/chapt4_interfaces/chapt4_interfaces/msg
[2.082s] -- Installing: /home/nkh/ROS2/CHAPT4/install/chapt4_interfaces/include/chapt4_interfaces/chapt4_interfaces/msg/rosidl_typesupport_fastrtps_cpp__visibility_control.h
[2.082s] -- Up-to-date: /home/nkh/ROS2/CHAPT4/install/chapt4_interfaces/include/chapt4_interfaces/chapt4_interfaces/srv
[2.082s] -- Up-to-date: /home/nkh/ROS2/CHAPT4/install/chapt4_interfaces/include/chapt4_interfaces/chapt4_interfaces/srv/detail
[2.082s] -- Installing: /home/nkh/ROS2/CHAPT4/install/chapt4_interfaces/include/chapt4_interfaces/chapt4_interfaces/srv/detail/dds_fastrtps
[2.082s] -- Installing: /home/nkh/ROS2/CHAPT4/install/chapt4_interfaces/include/chapt4_interfaces/chapt4_interfaces/srv/detail/face_detector__rosidl_typesupport_fastrtps_cpp.hpp
[2.082s] -- Installing: /home/nkh/ROS2/CHAPT4/install/chapt4_interfaces/lib/libchapt4_interfaces__rosidl_typesupport_fastrtps_cpp.so
[2.082s] -- Set runtime path of "/home/nkh/ROS2/CHAPT4/install/chapt4_interfaces/lib/libchapt4_interfaces__rosidl_typesupport_fastrtps_cpp.so" to ""
[2.082s] -- Up-to-date: /home/nkh/ROS2/CHAPT4/install/chapt4_interfaces/include/chapt4_interfaces/chapt4_interfaces
[2.082s] -- Up-to-date: /home/nkh/ROS2/CHAPT4/install/chapt4_interfaces/include/chapt4_interfaces/chapt4_interfaces/msg
[2.083s] -- Installing: /home/nkh/ROS2/CHAPT4/install/chapt4_interfaces/include/chapt4_interfaces/chapt4_interfaces/msg/rosidl_typesupport_introspection_c__visibility_control.h
[2.083s] -- Up-to-date: /home/nkh/ROS2/CHAPT4/install/chapt4_interfaces/include/chapt4_interfaces/chapt4_interfaces/srv
[2.083s] -- Up-to-date: /home/nkh/ROS2/CHAPT4/install/chapt4_interfaces/include/chapt4_interfaces/chapt4_interfaces/srv/detail
[2.083s] -- Installing: /home/nkh/ROS2/CHAPT4/install/chapt4_interfaces/include/chapt4_interfaces/chapt4_interfaces/srv/detail/face_detector__type_support.c
[2.083s] -- Installing: /home/nkh/ROS2/CHAPT4/install/chapt4_interfaces/include/chapt4_interfaces/chapt4_interfaces/srv/detail/face_detector__rosidl_typesupport_introspection_c.h
[2.083s] -- Installing: /home/nkh/ROS2/CHAPT4/install/chapt4_interfaces/lib/libchapt4_interfaces__rosidl_typesupport_introspection_c.so
[2.083s] -- Set runtime path of "/home/nkh/ROS2/CHAPT4/install/chapt4_interfaces/lib/libchapt4_interfaces__rosidl_typesupport_introspection_c.so" to ""
[2.083s] -- Installing: /home/nkh/ROS2/CHAPT4/install/chapt4_interfaces/lib/libchapt4_interfaces__rosidl_typesupport_c.so
[2.083s] -- Set runtime path of "/home/nkh/ROS2/CHAPT4/install/chapt4_interfaces/lib/libchapt4_interfaces__rosidl_typesupport_c.so" to ""
[2.083s] -- Up-to-date: /home/nkh/ROS2/CHAPT4/install/chapt4_interfaces/include/chapt4_interfaces/chapt4_interfaces
[2.083s] -- Up-to-date: /home/nkh/ROS2/CHAPT4/install/chapt4_interfaces/include/chapt4_interfaces/chapt4_interfaces/srv
[2.083s] -- Up-to-date: /home/nkh/ROS2/CHAPT4/install/chapt4_interfaces/include/chapt4_interfaces/chapt4_interfaces/srv/detail
[2.083s] -- Installing: /home/nkh/ROS2/CHAPT4/install/chapt4_interfaces/include/chapt4_interfaces/chapt4_interfaces/srv/detail/face_detector__rosidl_typesupport_introspection_cpp.hpp
[2.083s] -- Installing: /home/nkh/ROS2/CHAPT4/install/chapt4_interfaces/include/chapt4_interfaces/chapt4_interfaces/srv/detail/face_detector__type_support.cpp
[2.083s] -- Installing: /home/nkh/ROS2/CHAPT4/install/chapt4_interfaces/lib/libchapt4_interfaces__rosidl_typesupport_introspection_cpp.so
[2.084s] -- Set runtime path of "/home/nkh/ROS2/CHAPT4/install/chapt4_interfaces/lib/libchapt4_interfaces__rosidl_typesupport_introspection_cpp.so" to ""
[2.084s] -- Installing: /home/nkh/ROS2/CHAPT4/install/chapt4_interfaces/lib/libchapt4_interfaces__rosidl_typesupport_cpp.so
[2.084s] -- Set runtime path of "/home/nkh/ROS2/CHAPT4/install/chapt4_interfaces/lib/libchapt4_interfaces__rosidl_typesupport_cpp.so" to ""
[2.084s] -- Installing: /home/nkh/ROS2/CHAPT4/install/chapt4_interfaces/share/chapt4_interfaces/environment/pythonpath.sh
[2.084s] -- Installing: /home/nkh/ROS2/CHAPT4/install/chapt4_interfaces/share/chapt4_interfaces/environment/pythonpath.dsv
[2.084s] -- Installing: /home/nkh/ROS2/CHAPT4/install/chapt4_interfaces/local/lib/python3.10/dist-packages/chapt4_interfaces-0.0.0-py3.10.egg-info
[2.084s] -- Installing: /home/nkh/ROS2/CHAPT4/install/chapt4_interfaces/local/lib/python3.10/dist-packages/chapt4_interfaces-0.0.0-py3.10.egg-info/dependency_links.txt
[2.084s] -- Installing: /home/nkh/ROS2/CHAPT4/install/chapt4_interfaces/local/lib/python3.10/dist-packages/chapt4_interfaces-0.0.0-py3.10.egg-info/top_level.txt
[2.084s] -- Installing: /home/nkh/ROS2/CHAPT4/install/chapt4_interfaces/local/lib/python3.10/dist-packages/chapt4_interfaces-0.0.0-py3.10.egg-info/PKG-INFO
[2.084s] -- Installing: /home/nkh/ROS2/CHAPT4/install/chapt4_interfaces/local/lib/python3.10/dist-packages/chapt4_interfaces-0.0.0-py3.10.egg-info/SOURCES.txt
[2.084s] -- Installing: /home/nkh/ROS2/CHAPT4/install/chapt4_interfaces/local/lib/python3.10/dist-packages/chapt4_interfaces
[2.084s] -- Installing: /home/nkh/ROS2/CHAPT4/install/chapt4_interfaces/local/lib/python3.10/dist-packages/chapt4_interfaces/__init__.py
[2.084s] -- Installing: /home/nkh/ROS2/CHAPT4/install/chapt4_interfaces/local/lib/python3.10/dist-packages/chapt4_interfaces/chapt4_interfaces_s__rosidl_typesupport_introspection_c.cpython-310-x86_64-linux-gnu.so
[2.084s] -- Installing: /home/nkh/ROS2/CHAPT4/install/chapt4_interfaces/local/lib/python3.10/dist-packages/chapt4_interfaces/chapt4_interfaces_s__rosidl_typesupport_fastrtps_c.cpython-310-x86_64-linux-gnu.so
[2.084s] -- Installing: /home/nkh/ROS2/CHAPT4/install/chapt4_interfaces/local/lib/python3.10/dist-packages/chapt4_interfaces/chapt4_interfaces_s__rosidl_typesupport_c.cpython-310-x86_64-linux-gnu.so
[2.084s] -- Installing: /home/nkh/ROS2/CHAPT4/install/chapt4_interfaces/local/lib/python3.10/dist-packages/chapt4_interfaces/libchapt4_interfaces__rosidl_generator_py.so
[2.084s] -- Installing: /home/nkh/ROS2/CHAPT4/install/chapt4_interfaces/local/lib/python3.10/dist-packages/chapt4_interfaces/srv
[2.084s] -- Installing: /home/nkh/ROS2/CHAPT4/install/chapt4_interfaces/local/lib/python3.10/dist-packages/chapt4_interfaces/srv/__init__.py
[2.084s] -- Installing: /home/nkh/ROS2/CHAPT4/install/chapt4_interfaces/local/lib/python3.10/dist-packages/chapt4_interfaces/srv/_face_detector.py
[2.084s] -- Installing: /home/nkh/ROS2/CHAPT4/install/chapt4_interfaces/local/lib/python3.10/dist-packages/chapt4_interfaces/srv/_face_detector_s.c
[2.084s] -- Installing: /home/nkh/ROS2/CHAPT4/install/chapt4_interfaces/local/lib/python3.10/dist-packages/chapt4_interfaces/_chapt4_interfaces_s.ep.rosidl_typesupport_c.c
[2.084s] -- Installing: /home/nkh/ROS2/CHAPT4/install/chapt4_interfaces/local/lib/python3.10/dist-packages/chapt4_interfaces/_chapt4_interfaces_s.ep.rosidl_typesupport_introspection_c.c
[2.084s] -- Installing: /home/nkh/ROS2/CHAPT4/install/chapt4_interfaces/local/lib/python3.10/dist-packages/chapt4_interfaces/_chapt4_interfaces_s.ep.rosidl_typesupport_fastrtps_c.c
[2.101s] Listing '/home/nkh/ROS2/CHAPT4/install/chapt4_interfaces/local/lib/python3.10/dist-packages/chapt4_interfaces'...
[2.101s] Compiling '/home/nkh/ROS2/CHAPT4/install/chapt4_interfaces/local/lib/python3.10/dist-packages/chapt4_interfaces/__init__.py'...
[2.101s] Listing '/home/nkh/ROS2/CHAPT4/install/chapt4_interfaces/local/lib/python3.10/dist-packages/chapt4_interfaces/srv'...
[2.101s] Compiling '/home/nkh/ROS2/CHAPT4/install/chapt4_interfaces/local/lib/python3.10/dist-packages/chapt4_interfaces/srv/__init__.py'...
[2.101s] Compiling '/home/nkh/ROS2/CHAPT4/install/chapt4_interfaces/local/lib/python3.10/dist-packages/chapt4_interfaces/srv/_face_detector.py'...
[2.104s] -- Installing: /home/nkh/ROS2/CHAPT4/install/chapt4_interfaces/local/lib/python3.10/dist-packages/chapt4_interfaces/chapt4_interfaces_s__rosidl_typesupport_fastrtps_c.cpython-310-x86_64-linux-gnu.so
[2.104s] -- Set runtime path of "/home/nkh/ROS2/CHAPT4/install/chapt4_interfaces/local/lib/python3.10/dist-packages/chapt4_interfaces/chapt4_interfaces_s__rosidl_typesupport_fastrtps_c.cpython-310-x86_64-linux-gnu.so" to ""
[2.104s] -- Installing: /home/nkh/ROS2/CHAPT4/install/chapt4_interfaces/local/lib/python3.10/dist-packages/chapt4_interfaces/chapt4_interfaces_s__rosidl_typesupport_introspection_c.cpython-310-x86_64-linux-gnu.so
[2.104s] -- Set runtime path of "/home/nkh/ROS2/CHAPT4/install/chapt4_interfaces/local/lib/python3.10/dist-packages/chapt4_interfaces/chapt4_interfaces_s__rosidl_typesupport_introspection_c.cpython-310-x86_64-linux-gnu.so" to ""
[2.104s] -- Installing: /home/nkh/ROS2/CHAPT4/install/chapt4_interfaces/local/lib/python3.10/dist-packages/chapt4_interfaces/chapt4_interfaces_s__rosidl_typesupport_c.cpython-310-x86_64-linux-gnu.so
[2.104s] -- Set runtime path of "/home/nkh/ROS2/CHAPT4/install/chapt4_interfaces/local/lib/python3.10/dist-packages/chapt4_interfaces/chapt4_interfaces_s__rosidl_typesupport_c.cpython-310-x86_64-linux-gnu.so" to ""
[2.104s] -- Installing: /home/nkh/ROS2/CHAPT4/install/chapt4_interfaces/lib/libchapt4_interfaces__rosidl_generator_py.so
[2.104s] -- Set runtime path of "/home/nkh/ROS2/CHAPT4/install/chapt4_interfaces/lib/libchapt4_interfaces__rosidl_generator_py.so" to ""
[2.104s] -- Installing: /home/nkh/ROS2/CHAPT4/install/chapt4_interfaces/share/chapt4_interfaces/srv/FaceDetector.idl
[2.104s] -- Installing: /home/nkh/ROS2/CHAPT4/install/chapt4_interfaces/share/chapt4_interfaces/srv/FaceDetector.srv
[2.104s] -- Installing: /home/nkh/ROS2/CHAPT4/install/chapt4_interfaces/share/chapt4_interfaces/srv/FaceDetector_Request.msg
[2.105s] -- Installing: /home/nkh/ROS2/CHAPT4/install/chapt4_interfaces/share/chapt4_interfaces/srv/FaceDetector_Response.msg
[2.105s] -- Installing: /home/nkh/ROS2/CHAPT4/install/chapt4_interfaces/share/ament_index/resource_index/package_run_dependencies/chapt4_interfaces
[2.105s] -- Installing: /home/nkh/ROS2/CHAPT4/install/chapt4_interfaces/share/ament_index/resource_index/parent_prefix_path/chapt4_interfaces
[2.105s] -- Installing: /home/nkh/ROS2/CHAPT4/install/chapt4_interfaces/share/chapt4_interfaces/environment/ament_prefix_path.sh
[2.105s] -- Installing: /home/nkh/ROS2/CHAPT4/install/chapt4_interfaces/share/chapt4_interfaces/environment/ament_prefix_path.dsv
[2.105s] -- Installing: /home/nkh/ROS2/CHAPT4/install/chapt4_interfaces/share/chapt4_interfaces/environment/path.sh
[2.105s] -- Installing: /home/nkh/ROS2/CHAPT4/install/chapt4_interfaces/share/chapt4_interfaces/environment/path.dsv
[2.105s] -- Installing: /home/nkh/ROS2/CHAPT4/install/chapt4_interfaces/share/chapt4_interfaces/local_setup.bash
[2.105s] -- Installing: /home/nkh/ROS2/CHAPT4/install/chapt4_interfaces/share/chapt4_interfaces/local_setup.sh
[2.105s] -- Installing: /home/nkh/ROS2/CHAPT4/install/chapt4_interfaces/share/chapt4_interfaces/local_setup.zsh
[2.105s] -- Installing: /home/nkh/ROS2/CHAPT4/install/chapt4_interfaces/share/chapt4_interfaces/local_setup.dsv
[2.105s] -- Installing: /home/nkh/ROS2/CHAPT4/install/chapt4_interfaces/share/chapt4_interfaces/package.dsv
[2.105s] -- Installing: /home/nkh/ROS2/CHAPT4/install/chapt4_interfaces/share/ament_index/resource_index/packages/chapt4_interfaces
[2.105s] -- Installing: /home/nkh/ROS2/CHAPT4/install/chapt4_interfaces/share/chapt4_interfaces/cmake/export_chapt4_interfaces__rosidl_generator_cExport.cmake
[2.105s] -- Installing: /home/nkh/ROS2/CHAPT4/install/chapt4_interfaces/share/chapt4_interfaces/cmake/export_chapt4_interfaces__rosidl_generator_cExport-noconfig.cmake
[2.105s] -- Installing: /home/nkh/ROS2/CHAPT4/install/chapt4_interfaces/share/chapt4_interfaces/cmake/export_chapt4_interfaces__rosidl_typesupport_fastrtps_cExport.cmake
[2.105s] -- Installing: /home/nkh/ROS2/CHAPT4/install/chapt4_interfaces/share/chapt4_interfaces/cmake/export_chapt4_interfaces__rosidl_typesupport_fastrtps_cExport-noconfig.cmake
[2.105s] -- Installing: /home/nkh/ROS2/CHAPT4/install/chapt4_interfaces/share/chapt4_interfaces/cmake/export_chapt4_interfaces__rosidl_generator_cppExport.cmake
[2.106s] -- Installing: /home/nkh/ROS2/CHAPT4/install/chapt4_interfaces/share/chapt4_interfaces/cmake/export_chapt4_interfaces__rosidl_typesupport_fastrtps_cppExport.cmake
[2.106s] -- Installing: /home/nkh/ROS2/CHAPT4/install/chapt4_interfaces/share/chapt4_interfaces/cmake/export_chapt4_interfaces__rosidl_typesupport_fastrtps_cppExport-noconfig.cmake
[2.106s] -- Installing: /home/nkh/ROS2/CHAPT4/install/chapt4_interfaces/share/chapt4_interfaces/cmake/chapt4_interfaces__rosidl_typesupport_introspection_cExport.cmake
[2.106s] -- Installing: /home/nkh/ROS2/CHAPT4/install/chapt4_interfaces/share/chapt4_interfaces/cmake/chapt4_interfaces__rosidl_typesupport_introspection_cExport-noconfig.cmake
[2.106s] -- Installing: /home/nkh/ROS2/CHAPT4/install/chapt4_interfaces/share/chapt4_interfaces/cmake/chapt4_interfaces__rosidl_typesupport_cExport.cmake
[2.106s] -- Installing: /home/nkh/ROS2/CHAPT4/install/chapt4_interfaces/share/chapt4_interfaces/cmake/chapt4_interfaces__rosidl_typesupport_cExport-noconfig.cmake
[2.106s] -- Installing: /home/nkh/ROS2/CHAPT4/install/chapt4_interfaces/share/chapt4_interfaces/cmake/chapt4_interfaces__rosidl_typesupport_introspection_cppExport.cmake
[2.106s] -- Installing: /home/nkh/ROS2/CHAPT4/install/chapt4_interfaces/share/chapt4_interfaces/cmake/chapt4_interfaces__rosidl_typesupport_introspection_cppExport-noconfig.cmake
[2.106s] -- Installing: /home/nkh/ROS2/CHAPT4/install/chapt4_interfaces/share/chapt4_interfaces/cmake/chapt4_interfaces__rosidl_typesupport_cppExport.cmake
[2.106s] -- Installing: /home/nkh/ROS2/CHAPT4/install/chapt4_interfaces/share/chapt4_interfaces/cmake/chapt4_interfaces__rosidl_typesupport_cppExport-noconfig.cmake
[2.106s] -- Installing: /home/nkh/ROS2/CHAPT4/install/chapt4_interfaces/share/chapt4_interfaces/cmake/export_chapt4_interfaces__rosidl_generator_pyExport.cmake
[2.106s] -- Installing: /home/nkh/ROS2/CHAPT4/install/chapt4_interfaces/share/chapt4_interfaces/cmake/export_chapt4_interfaces__rosidl_generator_pyExport-noconfig.cmake
[2.106s] -- Installing: /home/nkh/ROS2/CHAPT4/install/chapt4_interfaces/share/chapt4_interfaces/cmake/rosidl_cmake-extras.cmake
[2.106s] -- Installing: /home/nkh/ROS2/CHAPT4/install/chapt4_interfaces/share/chapt4_interfaces/cmake/ament_cmake_export_dependencies-extras.cmake
[2.106s] -- Installing: /home/nkh/ROS2/CHAPT4/install/chapt4_interfaces/share/chapt4_interfaces/cmake/ament_cmake_export_include_directories-extras.cmake
[2.106s] -- Installing: /home/nkh/ROS2/CHAPT4/install/chapt4_interfaces/share/chapt4_interfaces/cmake/ament_cmake_export_libraries-extras.cmake
[2.107s] -- Installing: /home/nkh/ROS2/CHAPT4/install/chapt4_interfaces/share/chapt4_interfaces/cmake/ament_cmake_export_targets-extras.cmake
[2.107s] -- Installing: /home/nkh/ROS2/CHAPT4/install/chapt4_interfaces/share/chapt4_interfaces/cmake/rosidl_cmake_export_typesupport_targets-extras.cmake
[2.107s] -- Installing: /home/nkh/ROS2/CHAPT4/install/chapt4_interfaces/share/chapt4_interfaces/cmake/rosidl_cmake_export_typesupport_libraries-extras.cmake
[2.107s] -- Installing: /home/nkh/ROS2/CHAPT4/install/chapt4_interfaces/share/chapt4_interfaces/cmake/chapt4_interfacesConfig.cmake
[2.107s] -- Installing: /home/nkh/ROS2/CHAPT4/install/chapt4_interfaces/share/chapt4_interfaces/cmake/chapt4_interfacesConfig-version.cmake
[2.107s] -- Installing: /home/nkh/ROS2/CHAPT4/install/chapt4_interfaces/share/chapt4_interfaces/package.xml
[2.109s] Invoked command in '/home/nkh/ROS2/CHAPT4/build/chapt4_interfaces' returned '0': CMAKE_PREFIX_PATH=/opt/ros/humble /usr/bin/cmake --install /home/nkh/ROS2/CHAPT4/build/chapt4_interfaces
