[0.006s] Invoking command in '/home/nkh/ROS2/CHAPT3_1/topic_ws/build/demo_cpp_topic': CMAKE_PREFIX_PATH=/opt/ros/humble /usr/bin/cmake /home/nkh/ROS2/CHAPT3_1/topic_ws/src/demo_cpp_topic -DCMAKE_INSTALL_PREFIX=/home/nkh/ROS2/CHAPT3_1/topic_ws/install/demo_cpp_topic
[0.096s] -- The C compiler identification is GNU 11.4.0
[0.163s] -- The CXX compiler identification is GNU 11.4.0
[0.173s] -- Detecting C compiler ABI info
[0.216s] -- Detecting C compiler ABI info - done
[0.220s] -- Check for working C compiler: /usr/bin/cc - skipped
[0.220s] -- Detecting C compile features
[0.221s] -- Detecting C compile features - done
[0.224s] -- Detecting CXX compiler ABI info
[0.268s] -- Detecting CXX compiler ABI info - done
[0.271s] -- Check for working CXX compiler: /usr/bin/c++ - skipped
[0.271s] -- Detecting CXX compile features
[0.272s] -- Detecting CXX compile features - done
[0.273s] -- Found ament_cmake: 1.3.12 (/opt/ros/humble/share/ament_cmake/cmake)
[0.357s] -- Found Python3: /usr/bin/python3 (found version "3.10.12") found components: Interpreter 
[0.422s] -- Found rclcpp: 16.0.14 (/opt/ros/humble/share/rclcpp/cmake)
[0.464s] -- Found rosidl_generator_c: 3.1.7 (/opt/ros/humble/share/rosidl_generator_c/cmake)
[0.467s] -- Found rosidl_adapter: 3.1.7 (/opt/ros/humble/share/rosidl_adapter/cmake)
[0.475s] -- Found rosidl_generator_cpp: 3.1.7 (/opt/ros/humble/share/rosidl_generator_cpp/cmake)
[0.487s] -- Using all available rosidl_typesupport_c: rosidl_typesupport_fastrtps_c;rosidl_typesupport_introspection_c
[0.501s] -- Using all available rosidl_typesupport_cpp: rosidl_typesupport_fastrtps_cpp;rosidl_typesupport_introspection_cpp
[0.545s] -- Found rmw_implementation_cmake: 6.1.2 (/opt/ros/humble/share/rmw_implementation_cmake/cmake)
[0.547s] -- Found rmw_fastrtps_cpp: 6.2.8 (/opt/ros/humble/share/rmw_fastrtps_cpp/cmake)
[0.603s] -- Found OpenSSL: /usr/lib/x86_64-linux-gnu/libcrypto.so (found version "3.0.2")  
[0.620s] -- Found FastRTPS: /opt/ros/humble/include  
[0.638s] -- Using RMW implementation 'rmw_fastrtps_cpp' as default
[0.648s] -- Looking for pthread.h
[0.693s] -- Looking for pthread.h - found
[0.693s] -- Performing Test CMAKE_HAVE_LIBC_PTHREAD
[0.735s] -- Performing Test CMAKE_HAVE_LIBC_PTHREAD - Success
[0.735s] -- Found Threads: TRUE  
[0.781s] -- Found geometry_msgs: 4.9.0 (/opt/ros/humble/share/geometry_msgs/cmake)
[0.793s] -- Found turtlesim: 1.4.2 (/opt/ros/humble/share/turtlesim/cmake)
[0.839s] -- Found ament_lint_auto: 0.12.14 (/opt/ros/humble/share/ament_lint_auto/cmake)
[0.892s] -- Added test 'cppcheck' to perform static code analysis on C / C++ code
[0.892s] -- Configured cppcheck include dirs: 
[0.892s] -- Configured cppcheck exclude dirs and/or files: 
[0.893s] -- Added test 'lint_cmake' to check CMake code style
[0.893s] -- Added test 'uncrustify' to check C / C++ code style
[0.893s] -- Configured uncrustify additional arguments: 
[0.894s] -- Added test 'xmllint' to check XML markup files
[0.900s] -- Configuring done
[0.900s] [31mCMake Error at CMakeLists.txt:14 (add_executable):
[0.900s]   Cannot find source file:
[0.900s] 
[0.900s]     src/turtle_circle.cpp
[0.901s] 
[0.901s]   Tried extensions .c .C .c++ .cc .cpp .cxx .cu .mpp .m .M .mm .ixx .cppm .h
[0.901s]   .hh .h++ .hm .hpp .hxx .in .txx .f .F .for .f77 .f90 .f95 .f03 .hip .ispc
[0.901s] 
[0.901s] [0m
[0.901s] [31mCMake Error at CMakeLists.txt:14 (add_executable):
[0.901s]   No SOURCES given to target: turtle_circle
[0.901s] 
[0.901s] [0m
[0.901s] [0mCMake Generate step failed.  Build files cannot be regenerated correctly.[0m
[0.902s] Invoked command in '/home/nkh/ROS2/CHAPT3_1/topic_ws/build/demo_cpp_topic' returned '1': CMAKE_PREFIX_PATH=/opt/ros/humble /usr/bin/cmake /home/nkh/ROS2/CHAPT3_1/topic_ws/src/demo_cpp_topic -DCMAKE_INSTALL_PREFIX=/home/nkh/ROS2/CHAPT3_1/topic_ws/install/demo_cpp_topic
