[0.432s] Invoking command in '/home/nkh/ROS2/CHAPT3/topic_ws/src/demo_python_topic': PYTHONPATH=/home/nkh/ROS2/CHAPT3/topic_ws/build/demo_python_topic/prefix_override:/usr/lib/python3/dist-packages/colcon_core/task/python/colcon_distutils_commands:/home/nkh/ROS2/CHAPT3/topic_ws/install/demo_python_topic/lib/python3.10/site-packages:${PYTHONPATH} /usr/bin/python3 -W ignore:setup.py install is deprecated -W ignore:easy_install command is deprecated setup.py egg_info --egg-base ../../build/demo_python_topic build --build-base /home/nkh/ROS2/CHAPT3/topic_ws/build/demo_python_topic/build install --record /home/nkh/ROS2/CHAPT3/topic_ws/build/demo_python_topic/install.log --single-version-externally-managed install_data
[0.583s] running egg_info
[0.583s] creating ../../build/demo_python_topic/demo_python_topic.egg-info
[0.583s] writing ../../build/demo_python_topic/demo_python_topic.egg-info/PKG-INFO
[0.583s] writing dependency_links to ../../build/demo_python_topic/demo_python_topic.egg-info/dependency_links.txt
[0.583s] writing entry points to ../../build/demo_python_topic/demo_python_topic.egg-info/entry_points.txt
[0.583s] writing requirements to ../../build/demo_python_topic/demo_python_topic.egg-info/requires.txt
[0.583s] writing top-level names to ../../build/demo_python_topic/demo_python_topic.egg-info/top_level.txt
[0.583s] writing manifest file '../../build/demo_python_topic/demo_python_topic.egg-info/SOURCES.txt'
[0.584s] reading manifest file '../../build/demo_python_topic/demo_python_topic.egg-info/SOURCES.txt'
[0.584s] adding license file 'LICENSE'
[0.585s] writing manifest file '../../build/demo_python_topic/demo_python_topic.egg-info/SOURCES.txt'
[0.585s] running build
[0.585s] running build_py
[0.585s] creating /home/nkh/ROS2/CHAPT3/topic_ws/build/demo_python_topic/build
[0.585s] creating /home/nkh/ROS2/CHAPT3/topic_ws/build/demo_python_topic/build/lib
[0.585s] creating /home/nkh/ROS2/CHAPT3/topic_ws/build/demo_python_topic/build/lib/demo_python_topic
[0.585s] copying demo_python_topic/__init__.py -> /home/nkh/ROS2/CHAPT3/topic_ws/build/demo_python_topic/build/lib/demo_python_topic
[0.585s] running install
[0.586s] running install_lib
[0.586s] creating /home/nkh/ROS2/CHAPT3/topic_ws/install/demo_python_topic/lib/python3.10/site-packages/demo_python_topic
[0.586s] copying /home/nkh/ROS2/CHAPT3/topic_ws/build/demo_python_topic/build/lib/demo_python_topic/__init__.py -> /home/nkh/ROS2/CHAPT3/topic_ws/install/demo_python_topic/lib/python3.10/site-packages/demo_python_topic
[0.587s] byte-compiling /home/nkh/ROS2/CHAPT3/topic_ws/install/demo_python_topic/lib/python3.10/site-packages/demo_python_topic/__init__.py to __init__.cpython-310.pyc
[0.587s] running install_data
[0.587s] creating /home/nkh/ROS2/CHAPT3/topic_ws/install/demo_python_topic/share/ament_index
[0.587s] creating /home/nkh/ROS2/CHAPT3/topic_ws/install/demo_python_topic/share/ament_index/resource_index
[0.587s] creating /home/nkh/ROS2/CHAPT3/topic_ws/install/demo_python_topic/share/ament_index/resource_index/packages
[0.587s] copying resource/demo_python_topic -> /home/nkh/ROS2/CHAPT3/topic_ws/install/demo_python_topic/share/ament_index/resource_index/packages
[0.587s] copying package.xml -> /home/nkh/ROS2/CHAPT3/topic_ws/install/demo_python_topic/share/demo_python_topic
[0.587s] running install_egg_info
[0.588s] Copying ../../build/demo_python_topic/demo_python_topic.egg-info to /home/nkh/ROS2/CHAPT3/topic_ws/install/demo_python_topic/lib/python3.10/site-packages/demo_python_topic-0.0.0-py3.10.egg-info
[0.589s] running install_scripts
[0.602s] writing list of installed files to '/home/nkh/ROS2/CHAPT3/topic_ws/build/demo_python_topic/install.log'
[0.616s] Invoked command in '/home/nkh/ROS2/CHAPT3/topic_ws/src/demo_python_topic' returned '0': PYTHONPATH=/home/nkh/ROS2/CHAPT3/topic_ws/build/demo_python_topic/prefix_override:/usr/lib/python3/dist-packages/colcon_core/task/python/colcon_distutils_commands:/home/nkh/ROS2/CHAPT3/topic_ws/install/demo_python_topic/lib/python3.10/site-packages:${PYTHONPATH} /usr/bin/python3 -W ignore:setup.py install is deprecated -W ignore:easy_install command is deprecated setup.py egg_info --egg-base ../../build/demo_python_topic build --build-base /home/nkh/ROS2/CHAPT3/topic_ws/build/demo_python_topic/build install --record /home/nkh/ROS2/CHAPT3/topic_ws/build/demo_python_topic/install.log --single-version-externally-managed install_data
