[0.009s] Invoking command in '/home/nkh/ROS2/CHAPT6/build/fishbot_description': CMAKE_PREFIX_PATH=/opt/ros/humble /usr/bin/cmake --build /home/nkh/ROS2/CHAPT6/build/fishbot_description -- -j8 -l8
[0.023s] -- Found ament_cmake: 1.3.12 (/opt/ros/humble/share/ament_cmake/cmake)
[0.099s] -- Found ament_lint_auto: 0.12.14 (/opt/ros/humble/share/ament_lint_auto/cmake)
[0.140s] -- Added test 'flake8' to check Python code syntax and style conventions
[0.140s] -- Added test 'lint_cmake' to check CMake code style
[0.141s] -- Added test 'pep257' to check Python code against some of the docstring style conventions in PEP 257
[0.142s] -- Added test 'xmllint' to check XML markup files
[0.142s] -- Configuring done
[0.143s] -- Generating done
[0.145s] -- Build files have been written to: /home/nkh/ROS2/CHAPT6/build/fishbot_description
[0.157s] Invoked command in '/home/nkh/ROS2/CHAPT6/build/fishbot_description' returned '0': CMAKE_PREFIX_PATH=/opt/ros/humble /usr/bin/cmake --build /home/nkh/ROS2/CHAPT6/build/fishbot_description -- -j8 -l8
[0.163s] Invoking command in '/home/nkh/ROS2/CHAPT6/build/fishbot_description': CMAKE_PREFIX_PATH=/opt/ros/humble /usr/bin/cmake --install /home/nkh/ROS2/CHAPT6/build/fishbot_description
[0.166s] -- Install configuration: ""
[0.167s] -- Up-to-date: /home/nkh/ROS2/CHAPT6/install/fishbot_description/share/fishbot_description/launch
[0.167s] -- Up-to-date: /home/nkh/ROS2/CHAPT6/install/fishbot_description/share/fishbot_description/launch/__pycache__
[0.167s] -- Up-to-date: /home/nkh/ROS2/CHAPT6/install/fishbot_description/share/fishbot_description/launch/__pycache__/display_robot_launch.cpython-310.pyc
[0.167s] -- Installing: /home/nkh/ROS2/CHAPT6/install/fishbot_description/share/fishbot_description/launch/display_robot_launch.py
[0.167s] -- Up-to-date: /home/nkh/ROS2/CHAPT6/install/fishbot_description/share/fishbot_description/urdf
[0.167s] -- Up-to-date: /home/nkh/ROS2/CHAPT6/install/fishbot_description/share/fishbot_description/urdf/first_robot.urdf
[0.167s] -- Up-to-date: /home/nkh/ROS2/CHAPT6/install/fishbot_description/share/fishbot_description/urdf/first_robot.pdf
[0.167s] -- Up-to-date: /home/nkh/ROS2/CHAPT6/install/fishbot_description/share/fishbot_description/urdf/first_robot.gv
[0.168s] -- Installing: /home/nkh/ROS2/CHAPT6/install/fishbot_description/share/fishbot_description/config
[0.168s] -- Installing: /home/nkh/ROS2/CHAPT6/install/fishbot_description/share/fishbot_description/config/display_robot_model.rviz
[0.168s] -- Up-to-date: /home/nkh/ROS2/CHAPT6/install/fishbot_description/share/ament_index/resource_index/package_run_dependencies/fishbot_description
[0.168s] -- Up-to-date: /home/nkh/ROS2/CHAPT6/install/fishbot_description/share/ament_index/resource_index/parent_prefix_path/fishbot_description
[0.168s] -- Up-to-date: /home/nkh/ROS2/CHAPT6/install/fishbot_description/share/fishbot_description/environment/ament_prefix_path.sh
[0.168s] -- Installing: /home/nkh/ROS2/CHAPT6/install/fishbot_description/share/fishbot_description/environment/ament_prefix_path.dsv
[0.168s] -- Up-to-date: /home/nkh/ROS2/CHAPT6/install/fishbot_description/share/fishbot_description/environment/path.sh
[0.168s] -- Installing: /home/nkh/ROS2/CHAPT6/install/fishbot_description/share/fishbot_description/environment/path.dsv
[0.168s] -- Up-to-date: /home/nkh/ROS2/CHAPT6/install/fishbot_description/share/fishbot_description/local_setup.bash
[0.168s] -- Up-to-date: /home/nkh/ROS2/CHAPT6/install/fishbot_description/share/fishbot_description/local_setup.sh
[0.168s] -- Up-to-date: /home/nkh/ROS2/CHAPT6/install/fishbot_description/share/fishbot_description/local_setup.zsh
[0.169s] -- Installing: /home/nkh/ROS2/CHAPT6/install/fishbot_description/share/fishbot_description/local_setup.dsv
[0.169s] -- Installing: /home/nkh/ROS2/CHAPT6/install/fishbot_description/share/fishbot_description/package.dsv
[0.169s] -- Up-to-date: /home/nkh/ROS2/CHAPT6/install/fishbot_description/share/ament_index/resource_index/packages/fishbot_description
[0.169s] -- Up-to-date: /home/nkh/ROS2/CHAPT6/install/fishbot_description/share/fishbot_description/cmake/fishbot_descriptionConfig.cmake
[0.169s] -- Up-to-date: /home/nkh/ROS2/CHAPT6/install/fishbot_description/share/fishbot_description/cmake/fishbot_descriptionConfig-version.cmake
[0.169s] -- Up-to-date: /home/nkh/ROS2/CHAPT6/install/fishbot_description/share/fishbot_description/package.xml
[0.170s] Invoked command in '/home/nkh/ROS2/CHAPT6/build/fishbot_description' returned '0': CMAKE_PREFIX_PATH=/opt/ros/humble /usr/bin/cmake --install /home/nkh/ROS2/CHAPT6/build/fishbot_description
