[0.103s] DEBUG:colcon:Command line arguments: ['/usr/bin/colcon', 'build']
[0.103s] DEBUG:colcon:Parsed command line arguments: Namespace(log_base=None, log_level=None, verb_name='build', build_base='build', install_base='install', merge_install=False, symlink_install=False, test_result_base=None, continue_on_error=False, executor='parallel', parallel_workers=8, event_handlers=None, ignore_user_meta=False, metas=['./colcon.meta'], base_paths=['.'], packages_ignore=None, packages_ignore_regex=None, paths=None, packages_up_to=None, packages_up_to_regex=None, packages_above=None, packages_above_and_dependencies=None, packages_above_depth=None, packages_select_by_dep=None, packages_skip_by_dep=None, packages_skip_up_to=None, packages_select_build_failed=False, packages_skip_build_finished=False, packages_select_test_failures=False, packages_skip_test_passed=False, packages_select=None, packages_skip=None, packages_select_regex=None, packages_skip_regex=None, packages_start=None, packages_end=None, allow_overriding=[], cmake_args=None, cmake_target=None, cmake_target_skip_unavailable=False, cmake_clean_cache=False, cmake_clean_first=False, cmake_force_configure=False, ament_cmake_args=None, catkin_cmake_args=None, catkin_skip_building_tests=False, verb_parser=<colcon_defaults.argument_parser.defaults.DefaultArgumentsDecorator object at 0x7763786f7610>, verb_extension=<colcon_core.verb.build.BuildVerb object at 0x7763786f7100>, main=<bound method BuildVerb.main of <colcon_core.verb.build.BuildVerb object at 0x7763786f7100>>)
[0.223s] Level 1:colcon.colcon_core.package_discovery:discover_packages(colcon_meta) check parameters
[0.224s] Level 1:colcon.colcon_core.package_discovery:discover_packages(recursive) check parameters
[0.224s] Level 1:colcon.colcon_core.package_discovery:discover_packages(ignore) check parameters
[0.224s] Level 1:colcon.colcon_core.package_discovery:discover_packages(path) check parameters
[0.224s] Level 1:colcon.colcon_core.package_discovery:discover_packages(colcon_meta) discover
[0.224s] Level 1:colcon.colcon_core.package_discovery:discover_packages(recursive) discover
[0.224s] INFO:colcon.colcon_core.package_discovery:Crawling recursively for packages in '/home/nkh/ROS2/CHAPT4'
[0.224s] Level 1:colcon.colcon_core.package_identification:_identify(.) by extensions ['ignore', 'ignore_ament_install']
[0.224s] Level 1:colcon.colcon_core.package_identification:_identify(.) by extension 'ignore'
[0.224s] Level 1:colcon.colcon_core.package_identification:_identify(.) by extension 'ignore_ament_install'
[0.224s] Level 1:colcon.colcon_core.package_identification:_identify(.) by extensions ['colcon_pkg']
[0.224s] Level 1:colcon.colcon_core.package_identification:_identify(.) by extension 'colcon_pkg'
[0.224s] Level 1:colcon.colcon_core.package_identification:_identify(.) by extensions ['colcon_meta']
[0.224s] Level 1:colcon.colcon_core.package_identification:_identify(.) by extension 'colcon_meta'
[0.224s] Level 1:colcon.colcon_core.package_identification:_identify(.) by extensions ['ros']
[0.224s] Level 1:colcon.colcon_core.package_identification:_identify(.) by extension 'ros'
[0.233s] Level 1:colcon.colcon_core.package_identification:_identify(.) by extensions ['cmake', 'python']
[0.233s] Level 1:colcon.colcon_core.package_identification:_identify(.) by extension 'cmake'
[0.233s] Level 1:colcon.colcon_core.package_identification:_identify(.) by extension 'python'
[0.233s] Level 1:colcon.colcon_core.package_identification:_identify(.) by extensions ['python_setup_py']
[0.233s] Level 1:colcon.colcon_core.package_identification:_identify(.) by extension 'python_setup_py'
[0.233s] Level 1:colcon.colcon_core.package_identification:_identify(build) by extensions ['ignore', 'ignore_ament_install']
[0.233s] Level 1:colcon.colcon_core.package_identification:_identify(build) by extension 'ignore'
[0.233s] Level 1:colcon.colcon_core.package_identification:_identify(build) ignored
[0.233s] Level 1:colcon.colcon_core.package_identification:_identify(install) by extensions ['ignore', 'ignore_ament_install']
[0.233s] Level 1:colcon.colcon_core.package_identification:_identify(install) by extension 'ignore'
[0.233s] Level 1:colcon.colcon_core.package_identification:_identify(install) ignored
[0.234s] Level 1:colcon.colcon_core.package_identification:_identify(log) by extensions ['ignore', 'ignore_ament_install']
[0.234s] Level 1:colcon.colcon_core.package_identification:_identify(log) by extension 'ignore'
[0.234s] Level 1:colcon.colcon_core.package_identification:_identify(log) ignored
[0.234s] Level 1:colcon.colcon_core.package_identification:_identify(src) by extensions ['ignore', 'ignore_ament_install']
[0.234s] Level 1:colcon.colcon_core.package_identification:_identify(src) by extension 'ignore'
[0.234s] Level 1:colcon.colcon_core.package_identification:_identify(src) by extension 'ignore_ament_install'
[0.234s] Level 1:colcon.colcon_core.package_identification:_identify(src) by extensions ['colcon_pkg']
[0.234s] Level 1:colcon.colcon_core.package_identification:_identify(src) by extension 'colcon_pkg'
[0.234s] Level 1:colcon.colcon_core.package_identification:_identify(src) by extensions ['colcon_meta']
[0.234s] Level 1:colcon.colcon_core.package_identification:_identify(src) by extension 'colcon_meta'
[0.234s] Level 1:colcon.colcon_core.package_identification:_identify(src) by extensions ['ros']
[0.234s] Level 1:colcon.colcon_core.package_identification:_identify(src) by extension 'ros'
[0.234s] Level 1:colcon.colcon_core.package_identification:_identify(src) by extensions ['cmake', 'python']
[0.234s] Level 1:colcon.colcon_core.package_identification:_identify(src) by extension 'cmake'
[0.234s] Level 1:colcon.colcon_core.package_identification:_identify(src) by extension 'python'
[0.234s] Level 1:colcon.colcon_core.package_identification:_identify(src) by extensions ['python_setup_py']
[0.234s] Level 1:colcon.colcon_core.package_identification:_identify(src) by extension 'python_setup_py'
[0.234s] Level 1:colcon.colcon_core.package_identification:_identify(src/chapt4_interfaces) by extensions ['ignore', 'ignore_ament_install']
[0.234s] Level 1:colcon.colcon_core.package_identification:_identify(src/chapt4_interfaces) by extension 'ignore'
[0.234s] Level 1:colcon.colcon_core.package_identification:_identify(src/chapt4_interfaces) by extension 'ignore_ament_install'
[0.234s] Level 1:colcon.colcon_core.package_identification:_identify(src/chapt4_interfaces) by extensions ['colcon_pkg']
[0.234s] Level 1:colcon.colcon_core.package_identification:_identify(src/chapt4_interfaces) by extension 'colcon_pkg'
[0.234s] Level 1:colcon.colcon_core.package_identification:_identify(src/chapt4_interfaces) by extensions ['colcon_meta']
[0.234s] Level 1:colcon.colcon_core.package_identification:_identify(src/chapt4_interfaces) by extension 'colcon_meta'
[0.234s] Level 1:colcon.colcon_core.package_identification:_identify(src/chapt4_interfaces) by extensions ['ros']
[0.234s] Level 1:colcon.colcon_core.package_identification:_identify(src/chapt4_interfaces) by extension 'ros'
[0.236s] DEBUG:colcon.colcon_core.package_identification:Package 'src/chapt4_interfaces' with type 'ros.ament_cmake' and name 'chapt4_interfaces'
[0.236s] Level 1:colcon.colcon_core.package_identification:_identify(src/demo_cpp_service) by extensions ['ignore', 'ignore_ament_install']
[0.236s] Level 1:colcon.colcon_core.package_identification:_identify(src/demo_cpp_service) by extension 'ignore'
[0.236s] Level 1:colcon.colcon_core.package_identification:_identify(src/demo_cpp_service) by extension 'ignore_ament_install'
[0.236s] Level 1:colcon.colcon_core.package_identification:_identify(src/demo_cpp_service) by extensions ['colcon_pkg']
[0.236s] Level 1:colcon.colcon_core.package_identification:_identify(src/demo_cpp_service) by extension 'colcon_pkg'
[0.236s] Level 1:colcon.colcon_core.package_identification:_identify(src/demo_cpp_service) by extensions ['colcon_meta']
[0.236s] Level 1:colcon.colcon_core.package_identification:_identify(src/demo_cpp_service) by extension 'colcon_meta'
[0.236s] Level 1:colcon.colcon_core.package_identification:_identify(src/demo_cpp_service) by extensions ['ros']
[0.236s] Level 1:colcon.colcon_core.package_identification:_identify(src/demo_cpp_service) by extension 'ros'
[0.237s] DEBUG:colcon.colcon_core.package_identification:Package 'src/demo_cpp_service' with type 'ros.ament_cmake' and name 'demo_cpp_service'
[0.237s] Level 1:colcon.colcon_core.package_identification:_identify(src/demo_python_service) by extensions ['ignore', 'ignore_ament_install']
[0.237s] Level 1:colcon.colcon_core.package_identification:_identify(src/demo_python_service) by extension 'ignore'
[0.237s] Level 1:colcon.colcon_core.package_identification:_identify(src/demo_python_service) by extension 'ignore_ament_install'
[0.237s] Level 1:colcon.colcon_core.package_identification:_identify(src/demo_python_service) by extensions ['colcon_pkg']
[0.237s] Level 1:colcon.colcon_core.package_identification:_identify(src/demo_python_service) by extension 'colcon_pkg'
[0.237s] Level 1:colcon.colcon_core.package_identification:_identify(src/demo_python_service) by extensions ['colcon_meta']
[0.237s] Level 1:colcon.colcon_core.package_identification:_identify(src/demo_python_service) by extension 'colcon_meta'
[0.237s] Level 1:colcon.colcon_core.package_identification:_identify(src/demo_python_service) by extensions ['ros']
[0.237s] Level 1:colcon.colcon_core.package_identification:_identify(src/demo_python_service) by extension 'ros'
[0.238s] DEBUG:colcon.colcon_core.package_identification:Package 'src/demo_python_service' with type 'ros.ament_python' and name 'demo_python_service'
[0.238s] Level 1:colcon.colcon_core.package_discovery:discover_packages(recursive) using defaults
[0.238s] Level 1:colcon.colcon_core.package_discovery:discover_packages(ignore) discover
[0.238s] Level 1:colcon.colcon_core.package_discovery:discover_packages(ignore) using defaults
[0.238s] Level 1:colcon.colcon_core.package_discovery:discover_packages(path) discover
[0.238s] Level 1:colcon.colcon_core.package_discovery:discover_packages(path) using defaults
[0.251s] Level 1:colcon.colcon_core.package_discovery:discover_packages(prefix_path) check parameters
[0.251s] Level 1:colcon.colcon_core.package_discovery:discover_packages(prefix_path) discover
[0.253s] DEBUG:colcon.colcon_installed_package_information.package_discovery:Found 271 installed packages in /opt/ros/humble
[0.254s] Level 1:colcon.colcon_core.package_discovery:discover_packages(prefix_path) using defaults
[0.276s] Level 5:colcon.colcon_core.verb:set package 'chapt4_interfaces' build argument 'cmake_args' from command line to 'None'
[0.276s] Level 5:colcon.colcon_core.verb:set package 'chapt4_interfaces' build argument 'cmake_target' from command line to 'None'
[0.276s] Level 5:colcon.colcon_core.verb:set package 'chapt4_interfaces' build argument 'cmake_target_skip_unavailable' from command line to 'False'
[0.276s] Level 5:colcon.colcon_core.verb:set package 'chapt4_interfaces' build argument 'cmake_clean_cache' from command line to 'False'
[0.276s] Level 5:colcon.colcon_core.verb:set package 'chapt4_interfaces' build argument 'cmake_clean_first' from command line to 'False'
[0.276s] Level 5:colcon.colcon_core.verb:set package 'chapt4_interfaces' build argument 'cmake_force_configure' from command line to 'False'
[0.276s] Level 5:colcon.colcon_core.verb:set package 'chapt4_interfaces' build argument 'ament_cmake_args' from command line to 'None'
[0.276s] Level 5:colcon.colcon_core.verb:set package 'chapt4_interfaces' build argument 'catkin_cmake_args' from command line to 'None'
[0.276s] Level 5:colcon.colcon_core.verb:set package 'chapt4_interfaces' build argument 'catkin_skip_building_tests' from command line to 'False'
[0.276s] DEBUG:colcon.colcon_core.verb:Building package 'chapt4_interfaces' with the following arguments: {'ament_cmake_args': None, 'build_base': '/home/nkh/ROS2/CHAPT4/build/chapt4_interfaces', 'catkin_cmake_args': None, 'catkin_skip_building_tests': False, 'cmake_args': None, 'cmake_clean_cache': False, 'cmake_clean_first': False, 'cmake_force_configure': False, 'cmake_target': None, 'cmake_target_skip_unavailable': False, 'install_base': '/home/nkh/ROS2/CHAPT4/install/chapt4_interfaces', 'merge_install': False, 'path': '/home/nkh/ROS2/CHAPT4/src/chapt4_interfaces', 'symlink_install': False, 'test_result_base': None}
[0.276s] Level 5:colcon.colcon_core.verb:set package 'demo_cpp_service' build argument 'cmake_args' from command line to 'None'
[0.276s] Level 5:colcon.colcon_core.verb:set package 'demo_cpp_service' build argument 'cmake_target' from command line to 'None'
[0.276s] Level 5:colcon.colcon_core.verb:set package 'demo_cpp_service' build argument 'cmake_target_skip_unavailable' from command line to 'False'
[0.276s] Level 5:colcon.colcon_core.verb:set package 'demo_cpp_service' build argument 'cmake_clean_cache' from command line to 'False'
[0.276s] Level 5:colcon.colcon_core.verb:set package 'demo_cpp_service' build argument 'cmake_clean_first' from command line to 'False'
[0.276s] Level 5:colcon.colcon_core.verb:set package 'demo_cpp_service' build argument 'cmake_force_configure' from command line to 'False'
[0.276s] Level 5:colcon.colcon_core.verb:set package 'demo_cpp_service' build argument 'ament_cmake_args' from command line to 'None'
[0.276s] Level 5:colcon.colcon_core.verb:set package 'demo_cpp_service' build argument 'catkin_cmake_args' from command line to 'None'
[0.276s] Level 5:colcon.colcon_core.verb:set package 'demo_cpp_service' build argument 'catkin_skip_building_tests' from command line to 'False'
[0.276s] DEBUG:colcon.colcon_core.verb:Building package 'demo_cpp_service' with the following arguments: {'ament_cmake_args': None, 'build_base': '/home/nkh/ROS2/CHAPT4/build/demo_cpp_service', 'catkin_cmake_args': None, 'catkin_skip_building_tests': False, 'cmake_args': None, 'cmake_clean_cache': False, 'cmake_clean_first': False, 'cmake_force_configure': False, 'cmake_target': None, 'cmake_target_skip_unavailable': False, 'install_base': '/home/nkh/ROS2/CHAPT4/install/demo_cpp_service', 'merge_install': False, 'path': '/home/nkh/ROS2/CHAPT4/src/demo_cpp_service', 'symlink_install': False, 'test_result_base': None}
[0.276s] Level 5:colcon.colcon_core.verb:set package 'demo_python_service' build argument 'cmake_args' from command line to 'None'
[0.276s] Level 5:colcon.colcon_core.verb:set package 'demo_python_service' build argument 'cmake_target' from command line to 'None'
[0.276s] Level 5:colcon.colcon_core.verb:set package 'demo_python_service' build argument 'cmake_target_skip_unavailable' from command line to 'False'
[0.276s] Level 5:colcon.colcon_core.verb:set package 'demo_python_service' build argument 'cmake_clean_cache' from command line to 'False'
[0.276s] Level 5:colcon.colcon_core.verb:set package 'demo_python_service' build argument 'cmake_clean_first' from command line to 'False'
[0.276s] Level 5:colcon.colcon_core.verb:set package 'demo_python_service' build argument 'cmake_force_configure' from command line to 'False'
[0.276s] Level 5:colcon.colcon_core.verb:set package 'demo_python_service' build argument 'ament_cmake_args' from command line to 'None'
[0.276s] Level 5:colcon.colcon_core.verb:set package 'demo_python_service' build argument 'catkin_cmake_args' from command line to 'None'
[0.276s] Level 5:colcon.colcon_core.verb:set package 'demo_python_service' build argument 'catkin_skip_building_tests' from command line to 'False'
[0.276s] DEBUG:colcon.colcon_core.verb:Building package 'demo_python_service' with the following arguments: {'ament_cmake_args': None, 'build_base': '/home/nkh/ROS2/CHAPT4/build/demo_python_service', 'catkin_cmake_args': None, 'catkin_skip_building_tests': False, 'cmake_args': None, 'cmake_clean_cache': False, 'cmake_clean_first': False, 'cmake_force_configure': False, 'cmake_target': None, 'cmake_target_skip_unavailable': False, 'install_base': '/home/nkh/ROS2/CHAPT4/install/demo_python_service', 'merge_install': False, 'path': '/home/nkh/ROS2/CHAPT4/src/demo_python_service', 'symlink_install': False, 'test_result_base': None}
[0.276s] INFO:colcon.colcon_core.executor:Executing jobs using 'parallel' executor
[0.277s] DEBUG:colcon.colcon_parallel_executor.executor.parallel:run_until_complete
[0.277s] INFO:colcon.colcon_ros.task.ament_cmake.build:Building ROS package in '/home/nkh/ROS2/CHAPT4/src/chapt4_interfaces' with build type 'ament_cmake'
[0.277s] INFO:colcon.colcon_cmake.task.cmake.build:Building CMake package in '/home/nkh/ROS2/CHAPT4/src/chapt4_interfaces'
[0.280s] INFO:colcon.colcon_core.plugin_system:Skipping extension 'colcon_core.shell.bat': Not used on non-Windows systems
[0.280s] INFO:colcon.colcon_core.shell:Skip shell extension 'powershell' for command environment: Not usable outside of PowerShell
[0.280s] DEBUG:colcon.colcon_core.shell:Skip shell extension 'dsv' for command environment
[0.285s] DEBUG:colcon.colcon_core.event_handler.log_command:Invoking command in '/home/nkh/ROS2/CHAPT4/build/chapt4_interfaces': CMAKE_PREFIX_PATH=/opt/ros/humble /usr/bin/cmake --build /home/nkh/ROS2/CHAPT4/build/chapt4_interfaces -- -j8 -l8
[0.502s] DEBUG:colcon.colcon_core.event_handler.log_command:Invoked command in '/home/nkh/ROS2/CHAPT4/build/chapt4_interfaces' returned '0': CMAKE_PREFIX_PATH=/opt/ros/humble /usr/bin/cmake --build /home/nkh/ROS2/CHAPT4/build/chapt4_interfaces -- -j8 -l8
[0.508s] DEBUG:colcon.colcon_core.event_handler.log_command:Invoking command in '/home/nkh/ROS2/CHAPT4/build/chapt4_interfaces': CMAKE_PREFIX_PATH=/opt/ros/humble /usr/bin/cmake --install /home/nkh/ROS2/CHAPT4/build/chapt4_interfaces
[0.544s] Level 1:colcon.colcon_core.environment:create_environment_scripts_only(chapt4_interfaces)
[0.545s] DEBUG:colcon.colcon_core.event_handler.log_command:Invoked command in '/home/nkh/ROS2/CHAPT4/build/chapt4_interfaces' returned '0': CMAKE_PREFIX_PATH=/opt/ros/humble /usr/bin/cmake --install /home/nkh/ROS2/CHAPT4/build/chapt4_interfaces
[0.547s] Level 1:colcon.colcon_core.environment:checking '/home/nkh/ROS2/CHAPT4/install/chapt4_interfaces' for CMake module files
[0.548s] Level 1:colcon.colcon_core.environment:checking '/home/nkh/ROS2/CHAPT4/install/chapt4_interfaces' for CMake config files
[0.548s] Level 1:colcon.colcon_core.shell:create_environment_hook('chapt4_interfaces', 'cmake_prefix_path')
[0.548s] INFO:colcon.colcon_core.shell:Creating environment hook '/home/nkh/ROS2/CHAPT4/install/chapt4_interfaces/share/chapt4_interfaces/hook/cmake_prefix_path.ps1'
[0.548s] INFO:colcon.colcon_core.shell:Creating environment descriptor '/home/nkh/ROS2/CHAPT4/install/chapt4_interfaces/share/chapt4_interfaces/hook/cmake_prefix_path.dsv'
[0.549s] INFO:colcon.colcon_core.shell:Creating environment hook '/home/nkh/ROS2/CHAPT4/install/chapt4_interfaces/share/chapt4_interfaces/hook/cmake_prefix_path.sh'
[0.550s] Level 1:colcon.colcon_core.environment:checking '/home/nkh/ROS2/CHAPT4/install/chapt4_interfaces/lib'
[0.550s] Level 1:colcon.colcon_core.shell:create_environment_hook('chapt4_interfaces', 'ld_library_path_lib')
[0.550s] INFO:colcon.colcon_core.shell:Creating environment hook '/home/nkh/ROS2/CHAPT4/install/chapt4_interfaces/share/chapt4_interfaces/hook/ld_library_path_lib.ps1'
[0.550s] INFO:colcon.colcon_core.shell:Creating environment descriptor '/home/nkh/ROS2/CHAPT4/install/chapt4_interfaces/share/chapt4_interfaces/hook/ld_library_path_lib.dsv'
[0.550s] INFO:colcon.colcon_core.shell:Creating environment hook '/home/nkh/ROS2/CHAPT4/install/chapt4_interfaces/share/chapt4_interfaces/hook/ld_library_path_lib.sh'
[0.551s] Level 1:colcon.colcon_core.environment:checking '/home/nkh/ROS2/CHAPT4/install/chapt4_interfaces/bin'
[0.551s] Level 1:colcon.colcon_core.environment:checking '/home/nkh/ROS2/CHAPT4/install/chapt4_interfaces/lib/pkgconfig/chapt4_interfaces.pc'
[0.551s] Level 1:colcon.colcon_core.environment:checking '/home/nkh/ROS2/CHAPT4/install/chapt4_interfaces/lib/python3.10/site-packages'
[0.551s] Level 1:colcon.colcon_core.environment:checking '/home/nkh/ROS2/CHAPT4/install/chapt4_interfaces/bin'
[0.551s] INFO:colcon.colcon_core.shell:Creating package script '/home/nkh/ROS2/CHAPT4/install/chapt4_interfaces/share/chapt4_interfaces/package.ps1'
[0.552s] INFO:colcon.colcon_core.shell:Creating package descriptor '/home/nkh/ROS2/CHAPT4/install/chapt4_interfaces/share/chapt4_interfaces/package.dsv'
[0.552s] INFO:colcon.colcon_core.shell:Creating package script '/home/nkh/ROS2/CHAPT4/install/chapt4_interfaces/share/chapt4_interfaces/package.sh'
[0.553s] INFO:colcon.colcon_core.shell:Creating package script '/home/nkh/ROS2/CHAPT4/install/chapt4_interfaces/share/chapt4_interfaces/package.bash'
[0.554s] INFO:colcon.colcon_core.shell:Creating package script '/home/nkh/ROS2/CHAPT4/install/chapt4_interfaces/share/chapt4_interfaces/package.zsh'
[0.555s] Level 1:colcon.colcon_core.environment:create_file_with_runtime_dependencies(/home/nkh/ROS2/CHAPT4/install/chapt4_interfaces/share/colcon-core/packages/chapt4_interfaces)
[0.555s] Level 1:colcon.colcon_core.environment:create_environment_scripts_only(chapt4_interfaces)
[0.556s] Level 1:colcon.colcon_core.environment:checking '/home/nkh/ROS2/CHAPT4/install/chapt4_interfaces' for CMake module files
[0.556s] Level 1:colcon.colcon_core.environment:checking '/home/nkh/ROS2/CHAPT4/install/chapt4_interfaces' for CMake config files
[0.556s] Level 1:colcon.colcon_core.shell:create_environment_hook('chapt4_interfaces', 'cmake_prefix_path')
[0.556s] INFO:colcon.colcon_core.shell:Creating environment hook '/home/nkh/ROS2/CHAPT4/install/chapt4_interfaces/share/chapt4_interfaces/hook/cmake_prefix_path.ps1'
[0.556s] INFO:colcon.colcon_core.shell:Creating environment descriptor '/home/nkh/ROS2/CHAPT4/install/chapt4_interfaces/share/chapt4_interfaces/hook/cmake_prefix_path.dsv'
[0.557s] INFO:colcon.colcon_core.shell:Creating environment hook '/home/nkh/ROS2/CHAPT4/install/chapt4_interfaces/share/chapt4_interfaces/hook/cmake_prefix_path.sh'
[0.557s] Level 1:colcon.colcon_core.environment:checking '/home/nkh/ROS2/CHAPT4/install/chapt4_interfaces/lib'
[0.557s] Level 1:colcon.colcon_core.shell:create_environment_hook('chapt4_interfaces', 'ld_library_path_lib')
[0.557s] INFO:colcon.colcon_core.shell:Creating environment hook '/home/nkh/ROS2/CHAPT4/install/chapt4_interfaces/share/chapt4_interfaces/hook/ld_library_path_lib.ps1'
[0.557s] INFO:colcon.colcon_core.shell:Creating environment descriptor '/home/nkh/ROS2/CHAPT4/install/chapt4_interfaces/share/chapt4_interfaces/hook/ld_library_path_lib.dsv'
[0.558s] INFO:colcon.colcon_core.shell:Creating environment hook '/home/nkh/ROS2/CHAPT4/install/chapt4_interfaces/share/chapt4_interfaces/hook/ld_library_path_lib.sh'
[0.558s] Level 1:colcon.colcon_core.environment:checking '/home/nkh/ROS2/CHAPT4/install/chapt4_interfaces/bin'
[0.558s] Level 1:colcon.colcon_core.environment:checking '/home/nkh/ROS2/CHAPT4/install/chapt4_interfaces/lib/pkgconfig/chapt4_interfaces.pc'
[0.558s] Level 1:colcon.colcon_core.environment:checking '/home/nkh/ROS2/CHAPT4/install/chapt4_interfaces/lib/python3.10/site-packages'
[0.558s] Level 1:colcon.colcon_core.environment:checking '/home/nkh/ROS2/CHAPT4/install/chapt4_interfaces/bin'
[0.558s] INFO:colcon.colcon_core.shell:Creating package script '/home/nkh/ROS2/CHAPT4/install/chapt4_interfaces/share/chapt4_interfaces/package.ps1'
[0.559s] INFO:colcon.colcon_core.shell:Creating package descriptor '/home/nkh/ROS2/CHAPT4/install/chapt4_interfaces/share/chapt4_interfaces/package.dsv'
[0.559s] INFO:colcon.colcon_core.shell:Creating package script '/home/nkh/ROS2/CHAPT4/install/chapt4_interfaces/share/chapt4_interfaces/package.sh'
[0.559s] INFO:colcon.colcon_core.shell:Creating package script '/home/nkh/ROS2/CHAPT4/install/chapt4_interfaces/share/chapt4_interfaces/package.bash'
[0.560s] INFO:colcon.colcon_core.shell:Creating package script '/home/nkh/ROS2/CHAPT4/install/chapt4_interfaces/share/chapt4_interfaces/package.zsh'
[0.560s] Level 1:colcon.colcon_core.environment:create_file_with_runtime_dependencies(/home/nkh/ROS2/CHAPT4/install/chapt4_interfaces/share/colcon-core/packages/chapt4_interfaces)
[0.560s] INFO:colcon.colcon_ros.task.ament_cmake.build:Building ROS package in '/home/nkh/ROS2/CHAPT4/src/demo_cpp_service' with build type 'ament_cmake'
[0.560s] INFO:colcon.colcon_cmake.task.cmake.build:Building CMake package in '/home/nkh/ROS2/CHAPT4/src/demo_cpp_service'
[0.561s] INFO:colcon.colcon_core.shell:Skip shell extension 'powershell' for command environment: Not usable outside of PowerShell
[0.561s] DEBUG:colcon.colcon_core.shell:Skip shell extension 'dsv' for command environment
[0.562s] INFO:colcon.colcon_ros.task.ament_python.build:Building ROS package in '/home/nkh/ROS2/CHAPT4/src/demo_python_service' with build type 'ament_python'
[0.562s] Level 1:colcon.colcon_core.shell:create_environment_hook('demo_python_service', 'ament_prefix_path')
[0.562s] INFO:colcon.colcon_core.shell:Creating environment hook '/home/nkh/ROS2/CHAPT4/install/demo_python_service/share/demo_python_service/hook/ament_prefix_path.ps1'
[0.563s] INFO:colcon.colcon_core.shell:Creating environment descriptor '/home/nkh/ROS2/CHAPT4/install/demo_python_service/share/demo_python_service/hook/ament_prefix_path.dsv'
[0.563s] INFO:colcon.colcon_core.shell:Creating environment hook '/home/nkh/ROS2/CHAPT4/install/demo_python_service/share/demo_python_service/hook/ament_prefix_path.sh'
[0.563s] INFO:colcon.colcon_core.shell:Skip shell extension 'powershell' for command environment: Not usable outside of PowerShell
[0.563s] DEBUG:colcon.colcon_core.shell:Skip shell extension 'dsv' for command environment
[0.569s] DEBUG:colcon.colcon_core.event_handler.log_command:Invoking command in '/home/nkh/ROS2/CHAPT4/build/demo_cpp_service': AMENT_PREFIX_PATH=/home/nkh/ROS2/CHAPT4/install/chapt4_interfaces:${AMENT_PREFIX_PATH} CMAKE_PREFIX_PATH=/home/nkh/ROS2/CHAPT4/install/chapt4_interfaces:/opt/ros/humble LD_LIBRARY_PATH=/home/nkh/ROS2/CHAPT4/install/chapt4_interfaces/lib:${LD_LIBRARY_PATH} PYTHONPATH=/home/nkh/ROS2/CHAPT4/install/chapt4_interfaces/local/lib/python3.10/dist-packages:${PYTHONPATH} /usr/bin/cmake --build /home/nkh/ROS2/CHAPT4/build/demo_cpp_service -- -j8 -l8
[0.694s] INFO:colcon.colcon_core.task.python.build:Building Python package in '/home/nkh/ROS2/CHAPT4/src/demo_python_service'
[0.694s] INFO:colcon.colcon_core.shell:Skip shell extension 'powershell' for command environment: Not usable outside of PowerShell
[0.694s] DEBUG:colcon.colcon_core.shell:Skip shell extension 'dsv' for command environment
[0.885s] DEBUG:colcon.colcon_core.event_handler.log_command:Invoking command in '/home/nkh/ROS2/CHAPT4/src/demo_python_service': AMENT_PREFIX_PATH=/home/nkh/ROS2/CHAPT4/install/chapt4_interfaces:${AMENT_PREFIX_PATH} CMAKE_PREFIX_PATH=/home/nkh/ROS2/CHAPT4/install/chapt4_interfaces LD_LIBRARY_PATH=/home/nkh/ROS2/CHAPT4/install/chapt4_interfaces/lib:${LD_LIBRARY_PATH} PYTHONPATH=/home/nkh/ROS2/CHAPT4/build/demo_python_service/prefix_override:/usr/lib/python3/dist-packages/colcon_core/task/python/colcon_distutils_commands:/home/nkh/ROS2/CHAPT4/install/demo_python_service/lib/python3.10/site-packages:/home/nkh/ROS2/CHAPT4/install/chapt4_interfaces/local/lib/python3.10/dist-packages:${PYTHONPATH} /usr/bin/python3 -W ignore:setup.py install is deprecated -W ignore:easy_install command is deprecated setup.py egg_info --egg-base ../../build/demo_python_service build --build-base /home/nkh/ROS2/CHAPT4/build/demo_python_service/build install --record /home/nkh/ROS2/CHAPT4/build/demo_python_service/install.log --single-version-externally-managed install_data
[1.021s] Level 1:colcon.colcon_core.environment:checking '/home/nkh/ROS2/CHAPT4/install/demo_python_service' for CMake module files
[1.021s] DEBUG:colcon.colcon_core.event_handler.log_command:Invoked command in '/home/nkh/ROS2/CHAPT4/src/demo_python_service' returned '0': AMENT_PREFIX_PATH=/home/nkh/ROS2/CHAPT4/install/chapt4_interfaces:${AMENT_PREFIX_PATH} CMAKE_PREFIX_PATH=/home/nkh/ROS2/CHAPT4/install/chapt4_interfaces LD_LIBRARY_PATH=/home/nkh/ROS2/CHAPT4/install/chapt4_interfaces/lib:${LD_LIBRARY_PATH} PYTHONPATH=/home/nkh/ROS2/CHAPT4/build/demo_python_service/prefix_override:/usr/lib/python3/dist-packages/colcon_core/task/python/colcon_distutils_commands:/home/nkh/ROS2/CHAPT4/install/demo_python_service/lib/python3.10/site-packages:/home/nkh/ROS2/CHAPT4/install/chapt4_interfaces/local/lib/python3.10/dist-packages:${PYTHONPATH} /usr/bin/python3 -W ignore:setup.py install is deprecated -W ignore:easy_install command is deprecated setup.py egg_info --egg-base ../../build/demo_python_service build --build-base /home/nkh/ROS2/CHAPT4/build/demo_python_service/build install --record /home/nkh/ROS2/CHAPT4/build/demo_python_service/install.log --single-version-externally-managed install_data
[1.022s] Level 1:colcon.colcon_core.environment:checking '/home/nkh/ROS2/CHAPT4/install/demo_python_service' for CMake config files
[1.023s] Level 1:colcon.colcon_core.environment:checking '/home/nkh/ROS2/CHAPT4/install/demo_python_service/lib'
[1.023s] Level 1:colcon.colcon_core.environment:checking '/home/nkh/ROS2/CHAPT4/install/demo_python_service/bin'
[1.023s] Level 1:colcon.colcon_core.environment:checking '/home/nkh/ROS2/CHAPT4/install/demo_python_service/lib/pkgconfig/demo_python_service.pc'
[1.023s] Level 1:colcon.colcon_core.environment:checking '/home/nkh/ROS2/CHAPT4/install/demo_python_service/lib/python3.10/site-packages'
[1.023s] Level 1:colcon.colcon_core.shell:create_environment_hook('demo_python_service', 'pythonpath')
[1.024s] INFO:colcon.colcon_core.shell:Creating environment hook '/home/nkh/ROS2/CHAPT4/install/demo_python_service/share/demo_python_service/hook/pythonpath.ps1'
[1.024s] INFO:colcon.colcon_core.shell:Creating environment descriptor '/home/nkh/ROS2/CHAPT4/install/demo_python_service/share/demo_python_service/hook/pythonpath.dsv'
[1.024s] INFO:colcon.colcon_core.shell:Creating environment hook '/home/nkh/ROS2/CHAPT4/install/demo_python_service/share/demo_python_service/hook/pythonpath.sh'
[1.025s] Level 1:colcon.colcon_core.environment:checking '/home/nkh/ROS2/CHAPT4/install/demo_python_service/bin'
[1.025s] Level 1:colcon.colcon_core.environment:create_environment_scripts_only(demo_python_service)
[1.025s] INFO:colcon.colcon_core.shell:Creating package script '/home/nkh/ROS2/CHAPT4/install/demo_python_service/share/demo_python_service/package.ps1'
[1.025s] INFO:colcon.colcon_core.shell:Creating package descriptor '/home/nkh/ROS2/CHAPT4/install/demo_python_service/share/demo_python_service/package.dsv'
[1.025s] INFO:colcon.colcon_core.shell:Creating package script '/home/nkh/ROS2/CHAPT4/install/demo_python_service/share/demo_python_service/package.sh'
[1.026s] INFO:colcon.colcon_core.shell:Creating package script '/home/nkh/ROS2/CHAPT4/install/demo_python_service/share/demo_python_service/package.bash'
[1.029s] INFO:colcon.colcon_core.shell:Creating package script '/home/nkh/ROS2/CHAPT4/install/demo_python_service/share/demo_python_service/package.zsh'
[1.030s] Level 1:colcon.colcon_core.environment:create_file_with_runtime_dependencies(/home/nkh/ROS2/CHAPT4/install/demo_python_service/share/colcon-core/packages/demo_python_service)
[5.268s] DEBUG:colcon.colcon_core.event_handler.log_command:Invoked command in '/home/nkh/ROS2/CHAPT4/build/demo_cpp_service' returned '0': AMENT_PREFIX_PATH=/home/nkh/ROS2/CHAPT4/install/chapt4_interfaces:${AMENT_PREFIX_PATH} CMAKE_PREFIX_PATH=/home/nkh/ROS2/CHAPT4/install/chapt4_interfaces:/opt/ros/humble LD_LIBRARY_PATH=/home/nkh/ROS2/CHAPT4/install/chapt4_interfaces/lib:${LD_LIBRARY_PATH} PYTHONPATH=/home/nkh/ROS2/CHAPT4/install/chapt4_interfaces/local/lib/python3.10/dist-packages:${PYTHONPATH} /usr/bin/cmake --build /home/nkh/ROS2/CHAPT4/build/demo_cpp_service -- -j8 -l8
[5.269s] DEBUG:colcon.colcon_core.event_handler.log_command:Invoking command in '/home/nkh/ROS2/CHAPT4/build/demo_cpp_service': AMENT_PREFIX_PATH=/home/nkh/ROS2/CHAPT4/install/chapt4_interfaces:${AMENT_PREFIX_PATH} CMAKE_PREFIX_PATH=/home/nkh/ROS2/CHAPT4/install/chapt4_interfaces:/opt/ros/humble LD_LIBRARY_PATH=/home/nkh/ROS2/CHAPT4/install/chapt4_interfaces/lib:${LD_LIBRARY_PATH} PYTHONPATH=/home/nkh/ROS2/CHAPT4/install/chapt4_interfaces/local/lib/python3.10/dist-packages:${PYTHONPATH} /usr/bin/cmake --install /home/nkh/ROS2/CHAPT4/build/demo_cpp_service
[5.275s] Level 1:colcon.colcon_core.environment:create_environment_scripts_only(demo_cpp_service)
[5.276s] Level 1:colcon.colcon_core.environment:checking '/home/nkh/ROS2/CHAPT4/install/demo_cpp_service' for CMake module files
[5.276s] DEBUG:colcon.colcon_core.event_handler.log_command:Invoked command in '/home/nkh/ROS2/CHAPT4/build/demo_cpp_service' returned '0': AMENT_PREFIX_PATH=/home/nkh/ROS2/CHAPT4/install/chapt4_interfaces:${AMENT_PREFIX_PATH} CMAKE_PREFIX_PATH=/home/nkh/ROS2/CHAPT4/install/chapt4_interfaces:/opt/ros/humble LD_LIBRARY_PATH=/home/nkh/ROS2/CHAPT4/install/chapt4_interfaces/lib:${LD_LIBRARY_PATH} PYTHONPATH=/home/nkh/ROS2/CHAPT4/install/chapt4_interfaces/local/lib/python3.10/dist-packages:${PYTHONPATH} /usr/bin/cmake --install /home/nkh/ROS2/CHAPT4/build/demo_cpp_service
[5.276s] Level 1:colcon.colcon_core.environment:checking '/home/nkh/ROS2/CHAPT4/install/demo_cpp_service' for CMake config files
[5.276s] Level 1:colcon.colcon_core.shell:create_environment_hook('demo_cpp_service', 'cmake_prefix_path')
[5.276s] INFO:colcon.colcon_core.shell:Creating environment hook '/home/nkh/ROS2/CHAPT4/install/demo_cpp_service/share/demo_cpp_service/hook/cmake_prefix_path.ps1'
[5.277s] INFO:colcon.colcon_core.shell:Creating environment descriptor '/home/nkh/ROS2/CHAPT4/install/demo_cpp_service/share/demo_cpp_service/hook/cmake_prefix_path.dsv'
[5.277s] INFO:colcon.colcon_core.shell:Creating environment hook '/home/nkh/ROS2/CHAPT4/install/demo_cpp_service/share/demo_cpp_service/hook/cmake_prefix_path.sh'
[5.277s] Level 1:colcon.colcon_core.environment:checking '/home/nkh/ROS2/CHAPT4/install/demo_cpp_service/lib'
[5.278s] Level 1:colcon.colcon_core.environment:checking '/home/nkh/ROS2/CHAPT4/install/demo_cpp_service/bin'
[5.278s] Level 1:colcon.colcon_core.environment:checking '/home/nkh/ROS2/CHAPT4/install/demo_cpp_service/lib/pkgconfig/demo_cpp_service.pc'
[5.278s] Level 1:colcon.colcon_core.environment:checking '/home/nkh/ROS2/CHAPT4/install/demo_cpp_service/lib/python3.10/site-packages'
[5.278s] Level 1:colcon.colcon_core.environment:checking '/home/nkh/ROS2/CHAPT4/install/demo_cpp_service/bin'
[5.278s] INFO:colcon.colcon_core.shell:Creating package script '/home/nkh/ROS2/CHAPT4/install/demo_cpp_service/share/demo_cpp_service/package.ps1'
[5.278s] INFO:colcon.colcon_core.shell:Creating package descriptor '/home/nkh/ROS2/CHAPT4/install/demo_cpp_service/share/demo_cpp_service/package.dsv'
[5.279s] INFO:colcon.colcon_core.shell:Creating package script '/home/nkh/ROS2/CHAPT4/install/demo_cpp_service/share/demo_cpp_service/package.sh'
[5.279s] INFO:colcon.colcon_core.shell:Creating package script '/home/nkh/ROS2/CHAPT4/install/demo_cpp_service/share/demo_cpp_service/package.bash'
[5.279s] INFO:colcon.colcon_core.shell:Creating package script '/home/nkh/ROS2/CHAPT4/install/demo_cpp_service/share/demo_cpp_service/package.zsh'
[5.280s] Level 1:colcon.colcon_core.environment:create_file_with_runtime_dependencies(/home/nkh/ROS2/CHAPT4/install/demo_cpp_service/share/colcon-core/packages/demo_cpp_service)
[5.280s] Level 1:colcon.colcon_core.environment:create_environment_scripts_only(demo_cpp_service)
[5.280s] Level 1:colcon.colcon_core.environment:checking '/home/nkh/ROS2/CHAPT4/install/demo_cpp_service' for CMake module files
[5.281s] Level 1:colcon.colcon_core.environment:checking '/home/nkh/ROS2/CHAPT4/install/demo_cpp_service' for CMake config files
[5.281s] Level 1:colcon.colcon_core.shell:create_environment_hook('demo_cpp_service', 'cmake_prefix_path')
[5.281s] INFO:colcon.colcon_core.shell:Creating environment hook '/home/nkh/ROS2/CHAPT4/install/demo_cpp_service/share/demo_cpp_service/hook/cmake_prefix_path.ps1'
[5.281s] INFO:colcon.colcon_core.shell:Creating environment descriptor '/home/nkh/ROS2/CHAPT4/install/demo_cpp_service/share/demo_cpp_service/hook/cmake_prefix_path.dsv'
[5.282s] INFO:colcon.colcon_core.shell:Creating environment hook '/home/nkh/ROS2/CHAPT4/install/demo_cpp_service/share/demo_cpp_service/hook/cmake_prefix_path.sh'
[5.282s] Level 1:colcon.colcon_core.environment:checking '/home/nkh/ROS2/CHAPT4/install/demo_cpp_service/lib'
[5.282s] Level 1:colcon.colcon_core.environment:checking '/home/nkh/ROS2/CHAPT4/install/demo_cpp_service/bin'
[5.282s] Level 1:colcon.colcon_core.environment:checking '/home/nkh/ROS2/CHAPT4/install/demo_cpp_service/lib/pkgconfig/demo_cpp_service.pc'
[5.282s] Level 1:colcon.colcon_core.environment:checking '/home/nkh/ROS2/CHAPT4/install/demo_cpp_service/lib/python3.10/site-packages'
[5.282s] Level 1:colcon.colcon_core.environment:checking '/home/nkh/ROS2/CHAPT4/install/demo_cpp_service/bin'
[5.282s] INFO:colcon.colcon_core.shell:Creating package script '/home/nkh/ROS2/CHAPT4/install/demo_cpp_service/share/demo_cpp_service/package.ps1'
[5.283s] INFO:colcon.colcon_core.shell:Creating package descriptor '/home/nkh/ROS2/CHAPT4/install/demo_cpp_service/share/demo_cpp_service/package.dsv'
[5.283s] INFO:colcon.colcon_core.shell:Creating package script '/home/nkh/ROS2/CHAPT4/install/demo_cpp_service/share/demo_cpp_service/package.sh'
[5.283s] INFO:colcon.colcon_core.shell:Creating package script '/home/nkh/ROS2/CHAPT4/install/demo_cpp_service/share/demo_cpp_service/package.bash'
[5.284s] INFO:colcon.colcon_core.shell:Creating package script '/home/nkh/ROS2/CHAPT4/install/demo_cpp_service/share/demo_cpp_service/package.zsh'
[5.284s] Level 1:colcon.colcon_core.environment:create_file_with_runtime_dependencies(/home/nkh/ROS2/CHAPT4/install/demo_cpp_service/share/colcon-core/packages/demo_cpp_service)
[5.284s] DEBUG:colcon.colcon_parallel_executor.executor.parallel:closing loop
[5.285s] DEBUG:colcon.colcon_parallel_executor.executor.parallel:loop closed
[5.285s] DEBUG:colcon.colcon_parallel_executor.executor.parallel:run_until_complete finished with '0'
[5.285s] DEBUG:colcon.colcon_core.event_reactor:joining thread
[5.289s] INFO:colcon.colcon_core.plugin_system:Skipping extension 'colcon_notification.desktop_notification.terminal_notifier': Not used on non-Darwin systems
[5.289s] INFO:colcon.colcon_core.plugin_system:Skipping extension 'colcon_notification.desktop_notification.win32': Not used on non-Windows systems
[5.289s] INFO:colcon.colcon_notification.desktop_notification:Sending desktop notification using 'notify2'
[5.309s] DEBUG:colcon.colcon_core.event_reactor:joined thread
[5.309s] INFO:colcon.colcon_core.shell:Creating prefix script '/home/nkh/ROS2/CHAPT4/install/local_setup.ps1'
[5.310s] INFO:colcon.colcon_core.shell:Creating prefix util module '/home/nkh/ROS2/CHAPT4/install/_local_setup_util_ps1.py'
[5.311s] INFO:colcon.colcon_core.shell:Creating prefix chain script '/home/nkh/ROS2/CHAPT4/install/setup.ps1'
[5.312s] INFO:colcon.colcon_core.shell:Creating prefix script '/home/nkh/ROS2/CHAPT4/install/local_setup.sh'
[5.312s] INFO:colcon.colcon_core.shell:Creating prefix util module '/home/nkh/ROS2/CHAPT4/install/_local_setup_util_sh.py'
[5.313s] INFO:colcon.colcon_core.shell:Creating prefix chain script '/home/nkh/ROS2/CHAPT4/install/setup.sh'
[5.313s] INFO:colcon.colcon_core.shell:Creating prefix script '/home/nkh/ROS2/CHAPT4/install/local_setup.bash'
[5.314s] INFO:colcon.colcon_core.shell:Creating prefix chain script '/home/nkh/ROS2/CHAPT4/install/setup.bash'
[5.314s] INFO:colcon.colcon_core.shell:Creating prefix script '/home/nkh/ROS2/CHAPT4/install/local_setup.zsh'
[5.315s] INFO:colcon.colcon_core.shell:Creating prefix chain script '/home/nkh/ROS2/CHAPT4/install/setup.zsh'
