[0.010s] Invoking command in '/home/nkh/ROS2/CHAPT5/build/demo_cpp_tf': CMAKE_PREFIX_PATH=/opt/ros/humble /usr/bin/cmake --build /home/nkh/ROS2/CHAPT5/build/demo_cpp_tf -- -j8 -l8
[0.038s] [35m[1mConsolidate compiler generated dependencies of target tf_listener[0m
[0.045s] [ 33%] Built target dynamic_tf_boardcaster
[0.046s] [ 66%] Built target static_tf_boardcaster
[0.048s] [ 83%] [32mBuilding CXX object CMakeFiles/tf_listener.dir/src/tf_listener.cpp.o[0m
[4.601s] [100%] [32m[1mLinking CXX executable tf_listener[0m
[4.837s] [100%] Built target tf_listener
[4.843s] Invoked command in '/home/nkh/ROS2/CHAPT5/build/demo_cpp_tf' returned '0': CMAKE_PREFIX_PATH=/opt/ros/humble /usr/bin/cmake --build /home/nkh/ROS2/CHAPT5/build/demo_cpp_tf -- -j8 -l8
[4.848s] Invoking command in '/home/nkh/ROS2/CHAPT5/build/demo_cpp_tf': CMAKE_PREFIX_PATH=/opt/ros/humble /usr/bin/cmake --install /home/nkh/ROS2/CHAPT5/build/demo_cpp_tf
[4.852s] -- Install configuration: ""
[4.852s] -- Up-to-date: /home/nkh/ROS2/CHAPT5/install/demo_cpp_tf/lib/demo_cpp_tf/static_tf_boardcaster
[4.852s] -- Up-to-date: /home/nkh/ROS2/CHAPT5/install/demo_cpp_tf/lib/demo_cpp_tf/dynamic_tf_boardcaster
[4.852s] -- Installing: /home/nkh/ROS2/CHAPT5/install/demo_cpp_tf/lib/demo_cpp_tf/tf_listener
[4.855s] -- Set runtime path of "/home/nkh/ROS2/CHAPT5/install/demo_cpp_tf/lib/demo_cpp_tf/tf_listener" to ""
[4.855s] -- Up-to-date: /home/nkh/ROS2/CHAPT5/install/demo_cpp_tf/share/ament_index/resource_index/package_run_dependencies/demo_cpp_tf
[4.855s] -- Installing: /home/nkh/ROS2/CHAPT5/install/demo_cpp_tf/share/ament_index/resource_index/parent_prefix_path/demo_cpp_tf
[4.855s] -- Up-to-date: /home/nkh/ROS2/CHAPT5/install/demo_cpp_tf/share/demo_cpp_tf/environment/ament_prefix_path.sh
[4.855s] -- Installing: /home/nkh/ROS2/CHAPT5/install/demo_cpp_tf/share/demo_cpp_tf/environment/ament_prefix_path.dsv
[4.855s] -- Up-to-date: /home/nkh/ROS2/CHAPT5/install/demo_cpp_tf/share/demo_cpp_tf/environment/path.sh
[4.856s] -- Installing: /home/nkh/ROS2/CHAPT5/install/demo_cpp_tf/share/demo_cpp_tf/environment/path.dsv
[4.856s] -- Up-to-date: /home/nkh/ROS2/CHAPT5/install/demo_cpp_tf/share/demo_cpp_tf/local_setup.bash
[4.856s] -- Up-to-date: /home/nkh/ROS2/CHAPT5/install/demo_cpp_tf/share/demo_cpp_tf/local_setup.sh
[4.857s] -- Up-to-date: /home/nkh/ROS2/CHAPT5/install/demo_cpp_tf/share/demo_cpp_tf/local_setup.zsh
[4.857s] -- Installing: /home/nkh/ROS2/CHAPT5/install/demo_cpp_tf/share/demo_cpp_tf/local_setup.dsv
[4.857s] -- Installing: /home/nkh/ROS2/CHAPT5/install/demo_cpp_tf/share/demo_cpp_tf/package.dsv
[4.857s] -- Up-to-date: /home/nkh/ROS2/CHAPT5/install/demo_cpp_tf/share/ament_index/resource_index/packages/demo_cpp_tf
[4.857s] -- Up-to-date: /home/nkh/ROS2/CHAPT5/install/demo_cpp_tf/share/demo_cpp_tf/cmake/demo_cpp_tfConfig.cmake
[4.857s] -- Up-to-date: /home/nkh/ROS2/CHAPT5/install/demo_cpp_tf/share/demo_cpp_tf/cmake/demo_cpp_tfConfig-version.cmake
[4.857s] -- Up-to-date: /home/nkh/ROS2/CHAPT5/install/demo_cpp_tf/share/demo_cpp_tf/package.xml
[4.857s] Invoked command in '/home/nkh/ROS2/CHAPT5/build/demo_cpp_tf' returned '0': CMAKE_PREFIX_PATH=/opt/ros/humble /usr/bin/cmake --install /home/nkh/ROS2/CHAPT5/build/demo_cpp_tf
