[0.009s] Invoking command in '/home/nkh/ROS2/CHAPT2/cpp_1/chapt2_ws/build/demo_cpp_pkg': CMAKE_PREFIX_PATH=${CMAKE_PREFIX_PATH}:/opt/ros/humble /usr/bin/cmake --build /home/nkh/ROS2/CHAPT2/cpp_1/chapt2_ws/build/demo_cpp_pkg -- -j8 -l8
[0.046s] [35m[1mConsolidate compiler generated dependencies of target learn_thread[0m
[0.051s] [ 14%] Built target learn_shared_ptr
[0.052s] [ 35%] Built target learn_auto
[0.053s] [ 42%] Built target learn_lambda
[0.053s] [ 57%] Built target cpp_node
[0.053s] [ 71%] Built target learn_functional
[0.056s] [ 78%] [32mBuilding CXX object CMakeFiles/learn_thread.dir/src/learn_thread.cpp.o[0m
[0.056s] [ 92%] Built target person_node
[0.724s] [01m[K/home/nkh/ROS2/CHAPT2/cpp_1/chapt2_ws/src/demo_cpp_pkg/src/learn_thread.cpp:[m[K In member function ‘[01m[Kvoid Download::start_download(const string&, const string&, const std::function<void(const std::__cxx11::basic_string<char>&, const std::__cxx11::basic_string<char>&)>&)[m[K’:
[0.724s] [01m[K/home/nkh/ROS2/CHAPT2/cpp_1/chapt2_ws/src/demo_cpp_pkg/src/learn_thread.cpp:21:14:[m[K [01;35m[Kwarning: [m[Kvariable ‘[01m[Kdownload_fun[m[K’ set but not used [[01;35m[K]8;;https://gcc.gnu.org/onlinedocs/gcc/Warning-Options.html#index-Wunused-but-set-variable-Wunused-but-set-variable]8;;[m[K]
[0.724s]    21 |         auto [01;35m[Kdownload_fun[m[K = std::bind(&Download::download,this,std::placeholders::_1,std::placeholders::_2,std::placeholders::_3);
[0.725s]       |              [01;35m[K^~~~~~~~~~~~[m[K
[0.813s] In file included from [01m[K/usr/include/c++/11/thread:43[m[K,
[0.813s]                  from [01m[K/home/nkh/ROS2/CHAPT2/cpp_1/chapt2_ws/src/demo_cpp_pkg/src/learn_thread.cpp:2[m[K:
[0.813s] /usr/include/c++/11/bits/std_thread.h: In instantiation of ‘[01m[Kstd::thread::thread(_Callable&&, _Args&& ...) [with _Callable = const std::__cxx11::basic_string<char>&; _Args = {const std::__cxx11::basic_string<char, std::char_traits<char>, std::allocator<char> >&, const std::function<void(const std::__cxx11::basic_string<char, std::char_traits<char>, std::allocator<char> >&, const std::__cxx11::basic_string<char, std::char_traits<char>, std::allocator<char> >&)>&}; <template-parameter-1-3> = void][m[K’:
[0.813s] [01m[K/home/nkh/ROS2/CHAPT2/cpp_1/chapt2_ws/src/demo_cpp_pkg/src/learn_thread.cpp:22:57:[m[K   required from here
[0.813s] [01m[K/usr/include/c++/11/bits/std_thread.h:130:72:[m[K [01;31m[Kerror: [m[Kstatic assertion failed: std::thread arguments must be invocable after conversion to rvalues
[0.813s]   130 |                                       typename decay<_Args>::type...>::[01;31m[Kvalue[m[K,
[0.813s]       |                                                                        [01;31m[K^~~~~[m[K
[0.813s] [01m[K/usr/include/c++/11/bits/std_thread.h:130:72:[m[K [01;36m[Knote: [m[K‘[01m[Kstd::integral_constant<bool, false>::value[m[K’ evaluates to false
[0.816s] /usr/include/c++/11/bits/std_thread.h: In instantiation of ‘[01m[Kstruct std::thread::_Invoker<std::tuple<std::__cxx11::basic_string<char, std::char_traits<char>, std::allocator<char> >, std::__cxx11::basic_string<char, std::char_traits<char>, std::allocator<char> >, std::function<void(const std::__cxx11::basic_string<char, std::char_traits<char>, std::allocator<char> >&, const std::__cxx11::basic_string<char, std::char_traits<char>, std::allocator<char> >&)> > >[m[K’:
[0.816s] [01m[K/usr/include/c++/11/bits/std_thread.h:203:13:[m[K   required from ‘[01m[Kstruct std::thread::_State_impl<std::thread::_Invoker<std::tuple<std::__cxx11::basic_string<char, std::char_traits<char>, std::allocator<char> >, std::__cxx11::basic_string<char, std::char_traits<char>, std::allocator<char> >, std::function<void(const std::__cxx11::basic_string<char, std::char_traits<char>, std::allocator<char> >&, const std::__cxx11::basic_string<char, std::char_traits<char>, std::allocator<char> >&)> > > >[m[K’
[0.816s] [01m[K/usr/include/c++/11/bits/std_thread.h:143:29:[m[K   required from ‘[01m[Kstd::thread::thread(_Callable&&, _Args&& ...) [with _Callable = const std::__cxx11::basic_string<char>&; _Args = {const std::__cxx11::basic_string<char, std::char_traits<char>, std::allocator<char> >&, const std::function<void(const std::__cxx11::basic_string<char, std::char_traits<char>, std::allocator<char> >&, const std::__cxx11::basic_string<char, std::char_traits<char>, std::allocator<char> >&)>&}; <template-parameter-1-3> = void][m[K’
[0.816s] [01m[K/home/nkh/ROS2/CHAPT2/cpp_1/chapt2_ws/src/demo_cpp_pkg/src/learn_thread.cpp:22:57:[m[K   required from here
[0.816s] [01m[K/usr/include/c++/11/bits/std_thread.h:258:11:[m[K [01;31m[Kerror: [m[Kno type named ‘[01m[Ktype[m[K’ in ‘[01m[Kstruct std::thread::_Invoker<std::tuple<std::__cxx11::basic_string<char, std::char_traits<char>, std::allocator<char> >, std::__cxx11::basic_string<char, std::char_traits<char>, std::allocator<char> >, std::function<void(const std::__cxx11::basic_string<char, std::char_traits<char>, std::allocator<char> >&, const std::__cxx11::basic_string<char, std::char_traits<char>, std::allocator<char> >&)> > >::__result<std::tuple<std::__cxx11::basic_string<char, std::char_traits<char>, std::allocator<char> >, std::__cxx11::basic_string<char, std::char_traits<char>, std::allocator<char> >, std::function<void(const std::__cxx11::basic_string<char, std::char_traits<char>, std::allocator<char> >&, const std::__cxx11::basic_string<char, std::char_traits<char>, std::allocator<char> >&)> > >[m[K’
[0.816s]   258 |           [01;31m[K_M_invoke[m[K(_Index_tuple<_Ind...>)
[0.816s]       |           [01;31m[K^~~~~~~~~[m[K
[0.816s] [01m[K/usr/include/c++/11/bits/std_thread.h:262:9:[m[K [01;31m[Kerror: [m[Kno type named ‘[01m[Ktype[m[K’ in ‘[01m[Kstruct std::thread::_Invoker<std::tuple<std::__cxx11::basic_string<char, std::char_traits<char>, std::allocator<char> >, std::__cxx11::basic_string<char, std::char_traits<char>, std::allocator<char> >, std::function<void(const std::__cxx11::basic_string<char, std::char_traits<char>, std::allocator<char> >&, const std::__cxx11::basic_string<char, std::char_traits<char>, std::allocator<char> >&)> > >::__result<std::tuple<std::__cxx11::basic_string<char, std::char_traits<char>, std::allocator<char> >, std::__cxx11::basic_string<char, std::char_traits<char>, std::allocator<char> >, std::function<void(const std::__cxx11::basic_string<char, std::char_traits<char>, std::allocator<char> >&, const std::__cxx11::basic_string<char, std::char_traits<char>, std::allocator<char> >&)> > >[m[K’
[0.817s]   262 |         [01;31m[Koperator[m[K()()
[0.817s]       |         [01;31m[K^~~~~~~~[m[K
[1.495s] gmake[2]: *** [CMakeFiles/learn_thread.dir/build.make:76：CMakeFiles/learn_thread.dir/src/learn_thread.cpp.o] 错误 1
[1.496s] gmake[1]: *** [CMakeFiles/Makefile2:305：CMakeFiles/learn_thread.dir/all] 错误 2
[1.496s] gmake: *** [Makefile:146：all] 错误 2
[1.498s] Invoked command in '/home/nkh/ROS2/CHAPT2/cpp_1/chapt2_ws/build/demo_cpp_pkg' returned '2': CMAKE_PREFIX_PATH=${CMAKE_PREFIX_PATH}:/opt/ros/humble /usr/bin/cmake --build /home/nkh/ROS2/CHAPT2/cpp_1/chapt2_ws/build/demo_cpp_pkg -- -j8 -l8
