[0.376s] Invoking command in '/home/nkh/ROS2/CHAPT4/src/demo_python_service': PYTHONPATH=/home/nkh/ROS2/CHAPT4/build/demo_python_service/prefix_override:/usr/lib/python3/dist-packages/colcon_core/task/python/colcon_distutils_commands:/home/nkh/ROS2/CHAPT4/install/demo_python_service/lib/python3.10/site-packages:${PYTHONPATH} /usr/bin/python3 -W ignore:setup.py install is deprecated -W ignore:easy_install command is deprecated setup.py egg_info --egg-base ../../build/demo_python_service build --build-base /home/nkh/ROS2/CHAPT4/build/demo_python_service/build install --record /home/nkh/ROS2/CHAPT4/build/demo_python_service/install.log --single-version-externally-managed install_data
[0.475s] running egg_info
[0.475s] writing ../../build/demo_python_service/demo_python_service.egg-info/PKG-INFO
[0.475s] writing dependency_links to ../../build/demo_python_service/demo_python_service.egg-info/dependency_links.txt
[0.475s] writing entry points to ../../build/demo_python_service/demo_python_service.egg-info/entry_points.txt
[0.475s] writing requirements to ../../build/demo_python_service/demo_python_service.egg-info/requires.txt
[0.475s] writing top-level names to ../../build/demo_python_service/demo_python_service.egg-info/top_level.txt
[0.477s] reading manifest file '../../build/demo_python_service/demo_python_service.egg-info/SOURCES.txt'
[0.477s] adding license file 'LICENSE'
[0.478s] writing manifest file '../../build/demo_python_service/demo_python_service.egg-info/SOURCES.txt'
[0.478s] running build
[0.478s] running build_py
[0.478s] copying demo_python_service/face_detect_node.py -> /home/nkh/ROS2/CHAPT4/build/demo_python_service/build/lib/demo_python_service
[0.478s] running install
[0.479s] running install_lib
[0.479s] copying /home/nkh/ROS2/CHAPT4/build/demo_python_service/build/lib/demo_python_service/face_detect_node.py -> /home/nkh/ROS2/CHAPT4/install/demo_python_service/lib/python3.10/site-packages/demo_python_service
[0.479s] byte-compiling /home/nkh/ROS2/CHAPT4/install/demo_python_service/lib/python3.10/site-packages/demo_python_service/face_detect_node.py to face_detect_node.cpython-310.pyc
[0.479s] running install_data
[0.479s] running install_egg_info
[0.480s] removing '/home/nkh/ROS2/CHAPT4/install/demo_python_service/lib/python3.10/site-packages/demo_python_service-0.0.0-py3.10.egg-info' (and everything under it)
[0.480s] Copying ../../build/demo_python_service/demo_python_service.egg-info to /home/nkh/ROS2/CHAPT4/install/demo_python_service/lib/python3.10/site-packages/demo_python_service-0.0.0-py3.10.egg-info
[0.481s] running install_scripts
[0.491s] Installing learn_face_detect=demo_python_service.learn_face_detect:mainface_detect_node script to /home/nkh/ROS2/CHAPT4/install/demo_python_service/lib/demo_python_service
[0.491s] writing list of installed files to '/home/nkh/ROS2/CHAPT4/build/demo_python_service/install.log'
[0.502s] Invoked command in '/home/nkh/ROS2/CHAPT4/src/demo_python_service' returned '0': PYTHONPATH=/home/nkh/ROS2/CHAPT4/build/demo_python_service/prefix_override:/usr/lib/python3/dist-packages/colcon_core/task/python/colcon_distutils_commands:/home/nkh/ROS2/CHAPT4/install/demo_python_service/lib/python3.10/site-packages:${PYTHONPATH} /usr/bin/python3 -W ignore:setup.py install is deprecated -W ignore:easy_install command is deprecated setup.py egg_info --egg-base ../../build/demo_python_service build --build-base /home/nkh/ROS2/CHAPT4/build/demo_python_service/build install --record /home/nkh/ROS2/CHAPT4/build/demo_python_service/install.log --single-version-externally-managed install_data
