[0.010s] Invoking command in '/home/nkh/ROS2/CHAPT2/cpp_1/chapt2_ws/build/demo_cpp_pkg': CMAKE_PREFIX_PATH=${CMAKE_PREFIX_PATH}:/opt/ros/humble /usr/bin/cmake --build /home/nkh/ROS2/CHAPT2/cpp_1/chapt2_ws/build/demo_cpp_pkg -- -j8 -l8
[0.050s] [ 14%] Built target learn_auto
[0.051s] [ 28%] Built target learn_lambda
[0.051s] [ 42%] Built target learn_functional
[0.052s] [ 57%] Built target person_node
[0.052s] [ 71%] Built target cpp_node
[0.052s] [ 78%] [32mBuilding CXX object CMakeFiles/learn_thread.dir/src/learn_thread.cpp.o[0m
[0.052s] [ 92%] Built target learn_shared_ptr
[3.140s] [100%] [32m[1mLinking CXX executable learn_thread[0m
[3.271s] [100%] Built target learn_thread
[3.279s] Invoked command in '/home/nkh/ROS2/CHAPT2/cpp_1/chapt2_ws/build/demo_cpp_pkg' returned '0': CMAKE_PREFIX_PATH=${CMAKE_PREFIX_PATH}:/opt/ros/humble /usr/bin/cmake --build /home/nkh/ROS2/CHAPT2/cpp_1/chapt2_ws/build/demo_cpp_pkg -- -j8 -l8
[3.286s] Invoking command in '/home/nkh/ROS2/CHAPT2/cpp_1/chapt2_ws/build/demo_cpp_pkg': CMAKE_PREFIX_PATH=${CMAKE_PREFIX_PATH}:/opt/ros/humble /usr/bin/cmake --install /home/nkh/ROS2/CHAPT2/cpp_1/chapt2_ws/build/demo_cpp_pkg
[3.291s] -- Install configuration: ""
[3.291s] -- Up-to-date: /home/nkh/ROS2/CHAPT2/cpp_1/chapt2_ws/install/demo_cpp_pkg/lib/demo_cpp_pkg/cpp_node
[3.292s] -- Up-to-date: /home/nkh/ROS2/CHAPT2/cpp_1/chapt2_ws/install/demo_cpp_pkg/lib/demo_cpp_pkg/person_node
[3.292s] -- Up-to-date: /home/nkh/ROS2/CHAPT2/cpp_1/chapt2_ws/install/demo_cpp_pkg/lib/demo_cpp_pkg/learn_auto
[3.292s] -- Up-to-date: /home/nkh/ROS2/CHAPT2/cpp_1/chapt2_ws/install/demo_cpp_pkg/lib/demo_cpp_pkg/learn_shared_ptr
[3.292s] -- Up-to-date: /home/nkh/ROS2/CHAPT2/cpp_1/chapt2_ws/install/demo_cpp_pkg/lib/demo_cpp_pkg/learn_lambda
[3.293s] -- Up-to-date: /home/nkh/ROS2/CHAPT2/cpp_1/chapt2_ws/install/demo_cpp_pkg/lib/demo_cpp_pkg/learn_functional
[3.293s] -- Installing: /home/nkh/ROS2/CHAPT2/cpp_1/chapt2_ws/install/demo_cpp_pkg/lib/demo_cpp_pkg/learn_thread
[3.295s] -- Up-to-date: /home/nkh/ROS2/CHAPT2/cpp_1/chapt2_ws/install/demo_cpp_pkg/share/ament_index/resource_index/package_run_dependencies/demo_cpp_pkg
[3.295s] -- Up-to-date: /home/nkh/ROS2/CHAPT2/cpp_1/chapt2_ws/install/demo_cpp_pkg/share/ament_index/resource_index/parent_prefix_path/demo_cpp_pkg
[3.295s] -- Up-to-date: /home/nkh/ROS2/CHAPT2/cpp_1/chapt2_ws/install/demo_cpp_pkg/share/demo_cpp_pkg/environment/ament_prefix_path.sh
[3.295s] -- Up-to-date: /home/nkh/ROS2/CHAPT2/cpp_1/chapt2_ws/install/demo_cpp_pkg/share/demo_cpp_pkg/environment/ament_prefix_path.dsv
[3.295s] -- Up-to-date: /home/nkh/ROS2/CHAPT2/cpp_1/chapt2_ws/install/demo_cpp_pkg/share/demo_cpp_pkg/environment/path.sh
[3.296s] -- Up-to-date: /home/nkh/ROS2/CHAPT2/cpp_1/chapt2_ws/install/demo_cpp_pkg/share/demo_cpp_pkg/environment/path.dsv
[3.296s] -- Up-to-date: /home/nkh/ROS2/CHAPT2/cpp_1/chapt2_ws/install/demo_cpp_pkg/share/demo_cpp_pkg/local_setup.bash
[3.296s] -- Up-to-date: /home/nkh/ROS2/CHAPT2/cpp_1/chapt2_ws/install/demo_cpp_pkg/share/demo_cpp_pkg/local_setup.sh
[3.296s] -- Up-to-date: /home/nkh/ROS2/CHAPT2/cpp_1/chapt2_ws/install/demo_cpp_pkg/share/demo_cpp_pkg/local_setup.zsh
[3.296s] -- Up-to-date: /home/nkh/ROS2/CHAPT2/cpp_1/chapt2_ws/install/demo_cpp_pkg/share/demo_cpp_pkg/local_setup.dsv
[3.296s] -- Installing: /home/nkh/ROS2/CHAPT2/cpp_1/chapt2_ws/install/demo_cpp_pkg/share/demo_cpp_pkg/package.dsv
[3.296s] -- Up-to-date: /home/nkh/ROS2/CHAPT2/cpp_1/chapt2_ws/install/demo_cpp_pkg/share/ament_index/resource_index/packages/demo_cpp_pkg
[3.296s] -- Up-to-date: /home/nkh/ROS2/CHAPT2/cpp_1/chapt2_ws/install/demo_cpp_pkg/share/demo_cpp_pkg/cmake/demo_cpp_pkgConfig.cmake
[3.296s] -- Up-to-date: /home/nkh/ROS2/CHAPT2/cpp_1/chapt2_ws/install/demo_cpp_pkg/share/demo_cpp_pkg/cmake/demo_cpp_pkgConfig-version.cmake
[3.296s] -- Up-to-date: /home/nkh/ROS2/CHAPT2/cpp_1/chapt2_ws/install/demo_cpp_pkg/share/demo_cpp_pkg/package.xml
[3.297s] Invoked command in '/home/nkh/ROS2/CHAPT2/cpp_1/chapt2_ws/build/demo_cpp_pkg' returned '0': CMAKE_PREFIX_PATH=${CMAKE_PREFIX_PATH}:/opt/ros/humble /usr/bin/cmake --install /home/nkh/ROS2/CHAPT2/cpp_1/chapt2_ws/build/demo_cpp_pkg
