In file included from [01m[K/opt/ros/humble/include/rclcpp/rclcpp/logging.hpp:24[m[K,
                 from [01m[K/opt/ros/humble/include/rclcpp/rclcpp/client.hpp:40[m[K,
                 from [01m[K/opt/ros/humble/include/rclcpp/rclcpp/callback_group.hpp:24[m[K,
                 from [01m[K/opt/ros/humble/include/rclcpp/rclcpp/any_executable.hpp:20[m[K,
                 from [01m[K/opt/ros/humble/include/rclcpp/rclcpp/memory_strategy.hpp:25[m[K,
                 from [01m[K/opt/ros/humble/include/rclcpp/rclcpp/memory_strategies.hpp:18[m[K,
                 from [01m[K/opt/ros/humble/include/rclcpp/rclcpp/executor_options.hpp:20[m[K,
                 from [01m[K/opt/ros/humble/include/rclcpp/rclcpp/executor.hpp:37[m[K,
                 from [01m[K/opt/ros/humble/include/rclcpp/rclcpp/executors/multi_threaded_executor.hpp:25[m[K,
                 from [01m[K/opt/ros/humble/include/rclcpp/rclcpp/executors.hpp:21[m[K,
                 from [01m[K/opt/ros/humble/include/rclcpp/rclcpp/rclcpp.hpp:155[m[K,
                 from [01m[K/home/nkh/ROS2/CHAPT4/src/demo_cpp_service/src/partol_client.cpp:1[m[K:
[01m[K/home/nkh/ROS2/CHAPT4/src/demo_cpp_service/src/partol_client.cpp:[m[K In lambda function:
[01m[K/home/nkh/ROS2/CHAPT4/src/demo_cpp_service/src/partol_client.cpp:35:48:[m[K [01;35m[Kwarning: [m[Kformat ‘[01m[K%d[m[K’ expects argument of type ‘[01m[Kint[m[K’, but argument 5 has type ‘[01m[Kdouble[m[K’ [[01;35m[K]8;;https://gcc.gnu.org/onlinedocs/gcc/Warning-Options.html#index-Wformat=-Wformat=]8;;[m[K]
   35 |                 RCLCPP_INFO(this->get_logger(),[01;35m[K"准备好目标点%d,%d"[m[K,[32m[Krequest->target_x[m[K,request->target_y);
      |                                                [01;35m[K^~~~~~~~~~~~~~~~~~~[m[K [32m[K~~~~~~~~~~~~~~~~~[m[K
      |                                                                             [32m[K|[m[K
      |                                                                             [32m[Kdouble[m[K
[01m[K/home/nkh/ROS2/CHAPT4/src/demo_cpp_service/src/partol_client.cpp:35:62:[m[K [01;36m[Knote: [m[Kformat string is defined here
   35 |                 RCLCPP_INFO(this->get_logger(),"准备好目标点[01;36m[K%d[m[K,%d",request->target_x,request->target_y);
      |                                                             [01;36m[K~^[m[K
      |                                                              [01;36m[K|[m[K
      |                                                              [01;36m[Kint[m[K
      |                                                             [32m[K%f[m[K
In file included from [01m[K/opt/ros/humble/include/rclcpp/rclcpp/logging.hpp:24[m[K,
                 from [01m[K/opt/ros/humble/include/rclcpp/rclcpp/client.hpp:40[m[K,
                 from [01m[K/opt/ros/humble/include/rclcpp/rclcpp/callback_group.hpp:24[m[K,
                 from [01m[K/opt/ros/humble/include/rclcpp/rclcpp/any_executable.hpp:20[m[K,
                 from [01m[K/opt/ros/humble/include/rclcpp/rclcpp/memory_strategy.hpp:25[m[K,
                 from [01m[K/opt/ros/humble/include/rclcpp/rclcpp/memory_strategies.hpp:18[m[K,
                 from [01m[K/opt/ros/humble/include/rclcpp/rclcpp/executor_options.hpp:20[m[K,
                 from [01m[K/opt/ros/humble/include/rclcpp/rclcpp/executor.hpp:37[m[K,
                 from [01m[K/opt/ros/humble/include/rclcpp/rclcpp/executors/multi_threaded_executor.hpp:25[m[K,
                 from [01m[K/opt/ros/humble/include/rclcpp/rclcpp/executors.hpp:21[m[K,
                 from [01m[K/opt/ros/humble/include/rclcpp/rclcpp/rclcpp.hpp:155[m[K,
                 from [01m[K/home/nkh/ROS2/CHAPT4/src/demo_cpp_service/src/partol_client.cpp:1[m[K:
[01m[K/home/nkh/ROS2/CHAPT4/src/demo_cpp_service/src/partol_client.cpp:35:48:[m[K [01;35m[Kwarning: [m[Kformat ‘[01m[K%d[m[K’ expects argument of type ‘[01m[Kint[m[K’, but argument 6 has type ‘[01m[Kdouble[m[K’ [[01;35m[K]8;;https://gcc.gnu.org/onlinedocs/gcc/Warning-Options.html#index-Wformat=-Wformat=]8;;[m[K]
   35 |                 RCLCPP_INFO(this->get_logger(),[01;35m[K"准备好目标点%d,%d"[m[K,request->target_x,[32m[Krequest->target_y[m[K);
      |                                                [01;35m[K^~~~~~~~~~~~~~~~~~~[m[K                   [32m[K~~~~~~~~~~~~~~~~~[m[K
      |                                                                                               [32m[K|[m[K
      |                                                                                               [32m[Kdouble[m[K
[01m[K/home/nkh/ROS2/CHAPT4/src/demo_cpp_service/src/partol_client.cpp:35:65:[m[K [01;36m[Knote: [m[Kformat string is defined here
   35 |                 RCLCPP_INFO(this->get_logger(),"准备好目标点%d,[01;36m[K%d[m[K",request->target_x,request->target_y);
      |                                                                [01;36m[K~^[m[K
      |                                                                 [01;36m[K|[m[K
      |                                                                 [01;36m[Kint[m[K
      |                                                                [32m[K%f[m[K
