[0.283s] Invoking command in '/home/nkh/ROS2/CHAPT5/src/demo_python_tf': PYTHONPATH=/home/nkh/ROS2/CHAPT5/build/demo_python_tf/prefix_override:/usr/lib/python3/dist-packages/colcon_core/task/python/colcon_distutils_commands:/home/nkh/ROS2/CHAPT5/install/demo_python_tf/lib/python3.10/site-packages:${PYTHONPATH} /usr/bin/python3 -W ignore:setup.py install is deprecated -W ignore:easy_install command is deprecated setup.py egg_info --egg-base ../../build/demo_python_tf build --build-base /home/nkh/ROS2/CHAPT5/build/demo_python_tf/build install --record /home/nkh/ROS2/CHAPT5/build/demo_python_tf/install.log --single-version-externally-managed install_data
[0.386s] running egg_info
[0.387s] writing ../../build/demo_python_tf/demo_python_tf.egg-info/PKG-INFO
[0.387s] writing dependency_links to ../../build/demo_python_tf/demo_python_tf.egg-info/dependency_links.txt
[0.387s] writing entry points to ../../build/demo_python_tf/demo_python_tf.egg-info/entry_points.txt
[0.389s] writing requirements to ../../build/demo_python_tf/demo_python_tf.egg-info/requires.txt
[0.390s] writing top-level names to ../../build/demo_python_tf/demo_python_tf.egg-info/top_level.txt
[0.390s] reading manifest file '../../build/demo_python_tf/demo_python_tf.egg-info/SOURCES.txt'
[0.390s] adding license file 'LICENSE'
[0.390s] writing manifest file '../../build/demo_python_tf/demo_python_tf.egg-info/SOURCES.txt'
[0.390s] running build
[0.390s] running build_py
[0.390s] copying demo_python_tf/dynamic_tf_boardcaster.py -> /home/nkh/ROS2/CHAPT5/build/demo_python_tf/build/lib/demo_python_tf
[0.390s] running install
[0.391s] running install_lib
[0.391s] copying /home/nkh/ROS2/CHAPT5/build/demo_python_tf/build/lib/demo_python_tf/dynamic_tf_boardcaster.py -> /home/nkh/ROS2/CHAPT5/install/demo_python_tf/lib/python3.10/site-packages/demo_python_tf
[0.391s] byte-compiling /home/nkh/ROS2/CHAPT5/install/demo_python_tf/lib/python3.10/site-packages/demo_python_tf/dynamic_tf_boardcaster.py to dynamic_tf_boardcaster.cpython-310.pyc
[0.391s] running install_data
[0.391s] running install_egg_info
[0.391s] removing '/home/nkh/ROS2/CHAPT5/install/demo_python_tf/lib/python3.10/site-packages/demo_python_tf-0.0.0-py3.10.egg-info' (and everything under it)
[0.391s] Copying ../../build/demo_python_tf/demo_python_tf.egg-info to /home/nkh/ROS2/CHAPT5/install/demo_python_tf/lib/python3.10/site-packages/demo_python_tf-0.0.0-py3.10.egg-info
[0.391s] running install_scripts
[0.402s] Installing dynamic_tf_boardcaster script to /home/nkh/ROS2/CHAPT5/install/demo_python_tf/lib/demo_python_tf
[0.402s] Installing static_tf_boardcaster script to /home/nkh/ROS2/CHAPT5/install/demo_python_tf/lib/demo_python_tf
[0.403s] writing list of installed files to '/home/nkh/ROS2/CHAPT5/build/demo_python_tf/install.log'
[0.415s] Invoked command in '/home/nkh/ROS2/CHAPT5/src/demo_python_tf' returned '0': PYTHONPATH=/home/nkh/ROS2/CHAPT5/build/demo_python_tf/prefix_override:/usr/lib/python3/dist-packages/colcon_core/task/python/colcon_distutils_commands:/home/nkh/ROS2/CHAPT5/install/demo_python_tf/lib/python3.10/site-packages:${PYTHONPATH} /usr/bin/python3 -W ignore:setup.py install is deprecated -W ignore:easy_install command is deprecated setup.py egg_info --egg-base ../../build/demo_python_tf build --build-base /home/nkh/ROS2/CHAPT5/build/demo_python_tf/build install --record /home/nkh/ROS2/CHAPT5/build/demo_python_tf/install.log --single-version-externally-managed install_data
