[0.062s] DEBUG:colcon:Command line arguments: ['/usr/bin/colcon', 'build']
[0.062s] DEBUG:colcon:Parsed command line arguments: Namespace(log_base=None, log_level=None, verb_name='build', build_base='build', install_base='install', merge_install=False, symlink_install=False, test_result_base=None, continue_on_error=False, executor='parallel', parallel_workers=8, event_handlers=None, ignore_user_meta=False, metas=['./colcon.meta'], base_paths=['.'], packages_ignore=None, packages_ignore_regex=None, paths=None, packages_up_to=None, packages_up_to_regex=None, packages_above=None, packages_above_and_dependencies=None, packages_above_depth=None, packages_select_by_dep=None, packages_skip_by_dep=None, packages_skip_up_to=None, packages_select_build_failed=False, packages_skip_build_finished=False, packages_select_test_failures=False, packages_skip_test_passed=False, packages_select=None, packages_skip=None, packages_select_regex=None, packages_skip_regex=None, packages_start=None, packages_end=None, allow_overriding=[], cmake_args=None, cmake_target=None, cmake_target_skip_unavailable=False, cmake_clean_cache=False, cmake_clean_first=False, cmake_force_configure=False, ament_cmake_args=None, catkin_cmake_args=None, catkin_skip_building_tests=False, verb_parser=<colcon_defaults.argument_parser.defaults.DefaultArgumentsDecorator object at 0x73e49d0afbb0>, verb_extension=<colcon_core.verb.build.BuildVerb object at 0x73e49d0af6a0>, main=<bound method BuildVerb.main of <colcon_core.verb.build.BuildVerb object at 0x73e49d0af6a0>>)
[0.135s] Level 1:colcon.colcon_core.package_discovery:discover_packages(colcon_meta) check parameters
[0.135s] Level 1:colcon.colcon_core.package_discovery:discover_packages(recursive) check parameters
[0.135s] Level 1:colcon.colcon_core.package_discovery:discover_packages(ignore) check parameters
[0.135s] Level 1:colcon.colcon_core.package_discovery:discover_packages(path) check parameters
[0.135s] Level 1:colcon.colcon_core.package_discovery:discover_packages(colcon_meta) discover
[0.135s] Level 1:colcon.colcon_core.package_discovery:discover_packages(recursive) discover
[0.135s] INFO:colcon.colcon_core.package_discovery:Crawling recursively for packages in '/home/nkh/ROS2/CHAPT4'
[0.135s] Level 1:colcon.colcon_core.package_identification:_identify(.) by extensions ['ignore', 'ignore_ament_install']
[0.135s] Level 1:colcon.colcon_core.package_identification:_identify(.) by extension 'ignore'
[0.135s] Level 1:colcon.colcon_core.package_identification:_identify(.) by extension 'ignore_ament_install'
[0.135s] Level 1:colcon.colcon_core.package_identification:_identify(.) by extensions ['colcon_pkg']
[0.135s] Level 1:colcon.colcon_core.package_identification:_identify(.) by extension 'colcon_pkg'
[0.135s] Level 1:colcon.colcon_core.package_identification:_identify(.) by extensions ['colcon_meta']
[0.135s] Level 1:colcon.colcon_core.package_identification:_identify(.) by extension 'colcon_meta'
[0.135s] Level 1:colcon.colcon_core.package_identification:_identify(.) by extensions ['ros']
[0.136s] Level 1:colcon.colcon_core.package_identification:_identify(.) by extension 'ros'
[0.141s] Level 1:colcon.colcon_core.package_identification:_identify(.) by extensions ['cmake', 'python']
[0.141s] Level 1:colcon.colcon_core.package_identification:_identify(.) by extension 'cmake'
[0.142s] Level 1:colcon.colcon_core.package_identification:_identify(.) by extension 'python'
[0.142s] Level 1:colcon.colcon_core.package_identification:_identify(.) by extensions ['python_setup_py']
[0.142s] Level 1:colcon.colcon_core.package_identification:_identify(.) by extension 'python_setup_py'
[0.142s] Level 1:colcon.colcon_core.package_identification:_identify(build) by extensions ['ignore', 'ignore_ament_install']
[0.142s] Level 1:colcon.colcon_core.package_identification:_identify(build) by extension 'ignore'
[0.142s] Level 1:colcon.colcon_core.package_identification:_identify(build) ignored
[0.142s] Level 1:colcon.colcon_core.package_identification:_identify(install) by extensions ['ignore', 'ignore_ament_install']
[0.142s] Level 1:colcon.colcon_core.package_identification:_identify(install) by extension 'ignore'
[0.142s] Level 1:colcon.colcon_core.package_identification:_identify(install) ignored
[0.142s] Level 1:colcon.colcon_core.package_identification:_identify(log) by extensions ['ignore', 'ignore_ament_install']
[0.142s] Level 1:colcon.colcon_core.package_identification:_identify(log) by extension 'ignore'
[0.142s] Level 1:colcon.colcon_core.package_identification:_identify(log) ignored
[0.142s] Level 1:colcon.colcon_core.package_identification:_identify(src) by extensions ['ignore', 'ignore_ament_install']
[0.142s] Level 1:colcon.colcon_core.package_identification:_identify(src) by extension 'ignore'
[0.142s] Level 1:colcon.colcon_core.package_identification:_identify(src) by extension 'ignore_ament_install'
[0.142s] Level 1:colcon.colcon_core.package_identification:_identify(src) by extensions ['colcon_pkg']
[0.142s] Level 1:colcon.colcon_core.package_identification:_identify(src) by extension 'colcon_pkg'
[0.142s] Level 1:colcon.colcon_core.package_identification:_identify(src) by extensions ['colcon_meta']
[0.142s] Level 1:colcon.colcon_core.package_identification:_identify(src) by extension 'colcon_meta'
[0.142s] Level 1:colcon.colcon_core.package_identification:_identify(src) by extensions ['ros']
[0.142s] Level 1:colcon.colcon_core.package_identification:_identify(src) by extension 'ros'
[0.142s] Level 1:colcon.colcon_core.package_identification:_identify(src) by extensions ['cmake', 'python']
[0.142s] Level 1:colcon.colcon_core.package_identification:_identify(src) by extension 'cmake'
[0.142s] Level 1:colcon.colcon_core.package_identification:_identify(src) by extension 'python'
[0.142s] Level 1:colcon.colcon_core.package_identification:_identify(src) by extensions ['python_setup_py']
[0.142s] Level 1:colcon.colcon_core.package_identification:_identify(src) by extension 'python_setup_py'
[0.142s] Level 1:colcon.colcon_core.package_identification:_identify(src/chapt4_interfaces) by extensions ['ignore', 'ignore_ament_install']
[0.142s] Level 1:colcon.colcon_core.package_identification:_identify(src/chapt4_interfaces) by extension 'ignore'
[0.142s] Level 1:colcon.colcon_core.package_identification:_identify(src/chapt4_interfaces) by extension 'ignore_ament_install'
[0.143s] Level 1:colcon.colcon_core.package_identification:_identify(src/chapt4_interfaces) by extensions ['colcon_pkg']
[0.143s] Level 1:colcon.colcon_core.package_identification:_identify(src/chapt4_interfaces) by extension 'colcon_pkg'
[0.143s] Level 1:colcon.colcon_core.package_identification:_identify(src/chapt4_interfaces) by extensions ['colcon_meta']
[0.143s] Level 1:colcon.colcon_core.package_identification:_identify(src/chapt4_interfaces) by extension 'colcon_meta'
[0.143s] Level 1:colcon.colcon_core.package_identification:_identify(src/chapt4_interfaces) by extensions ['ros']
[0.143s] Level 1:colcon.colcon_core.package_identification:_identify(src/chapt4_interfaces) by extension 'ros'
[0.144s] DEBUG:colcon.colcon_core.package_identification:Package 'src/chapt4_interfaces' with type 'ros.ament_cmake' and name 'chapt4_interfaces'
[0.144s] Level 1:colcon.colcon_core.package_identification:_identify(src/demo_cpp_service) by extensions ['ignore', 'ignore_ament_install']
[0.144s] Level 1:colcon.colcon_core.package_identification:_identify(src/demo_cpp_service) by extension 'ignore'
[0.144s] Level 1:colcon.colcon_core.package_identification:_identify(src/demo_cpp_service) by extension 'ignore_ament_install'
[0.144s] Level 1:colcon.colcon_core.package_identification:_identify(src/demo_cpp_service) by extensions ['colcon_pkg']
[0.144s] Level 1:colcon.colcon_core.package_identification:_identify(src/demo_cpp_service) by extension 'colcon_pkg'
[0.144s] Level 1:colcon.colcon_core.package_identification:_identify(src/demo_cpp_service) by extensions ['colcon_meta']
[0.144s] Level 1:colcon.colcon_core.package_identification:_identify(src/demo_cpp_service) by extension 'colcon_meta'
[0.144s] Level 1:colcon.colcon_core.package_identification:_identify(src/demo_cpp_service) by extensions ['ros']
[0.144s] Level 1:colcon.colcon_core.package_identification:_identify(src/demo_cpp_service) by extension 'ros'
[0.145s] DEBUG:colcon.colcon_core.package_identification:Package 'src/demo_cpp_service' with type 'ros.ament_cmake' and name 'demo_cpp_service'
[0.145s] Level 1:colcon.colcon_core.package_identification:_identify(src/demo_python_service) by extensions ['ignore', 'ignore_ament_install']
[0.145s] Level 1:colcon.colcon_core.package_identification:_identify(src/demo_python_service) by extension 'ignore'
[0.145s] Level 1:colcon.colcon_core.package_identification:_identify(src/demo_python_service) by extension 'ignore_ament_install'
[0.145s] Level 1:colcon.colcon_core.package_identification:_identify(src/demo_python_service) by extensions ['colcon_pkg']
[0.145s] Level 1:colcon.colcon_core.package_identification:_identify(src/demo_python_service) by extension 'colcon_pkg'
[0.145s] Level 1:colcon.colcon_core.package_identification:_identify(src/demo_python_service) by extensions ['colcon_meta']
[0.145s] Level 1:colcon.colcon_core.package_identification:_identify(src/demo_python_service) by extension 'colcon_meta'
[0.145s] Level 1:colcon.colcon_core.package_identification:_identify(src/demo_python_service) by extensions ['ros']
[0.145s] Level 1:colcon.colcon_core.package_identification:_identify(src/demo_python_service) by extension 'ros'
[0.145s] DEBUG:colcon.colcon_core.package_identification:Package 'src/demo_python_service' with type 'ros.ament_python' and name 'demo_python_service'
[0.145s] Level 1:colcon.colcon_core.package_discovery:discover_packages(recursive) using defaults
[0.145s] Level 1:colcon.colcon_core.package_discovery:discover_packages(ignore) discover
[0.145s] Level 1:colcon.colcon_core.package_discovery:discover_packages(ignore) using defaults
[0.145s] Level 1:colcon.colcon_core.package_discovery:discover_packages(path) discover
[0.145s] Level 1:colcon.colcon_core.package_discovery:discover_packages(path) using defaults
[0.156s] Level 1:colcon.colcon_core.package_discovery:discover_packages(prefix_path) check parameters
[0.156s] Level 1:colcon.colcon_core.package_discovery:discover_packages(prefix_path) discover
[0.157s] DEBUG:colcon.colcon_installed_package_information.package_discovery:Found 3 installed packages in /home/nkh/ROS2/CHAPT4/install
[0.157s] DEBUG:colcon.colcon_installed_package_information.package_discovery:Found 271 installed packages in /opt/ros/humble
[0.158s] Level 1:colcon.colcon_core.package_discovery:discover_packages(prefix_path) using defaults
[0.179s] Level 5:colcon.colcon_core.verb:set package 'chapt4_interfaces' build argument 'cmake_args' from command line to 'None'
[0.179s] Level 5:colcon.colcon_core.verb:set package 'chapt4_interfaces' build argument 'cmake_target' from command line to 'None'
[0.179s] Level 5:colcon.colcon_core.verb:set package 'chapt4_interfaces' build argument 'cmake_target_skip_unavailable' from command line to 'False'
[0.179s] Level 5:colcon.colcon_core.verb:set package 'chapt4_interfaces' build argument 'cmake_clean_cache' from command line to 'False'
[0.179s] Level 5:colcon.colcon_core.verb:set package 'chapt4_interfaces' build argument 'cmake_clean_first' from command line to 'False'
[0.179s] Level 5:colcon.colcon_core.verb:set package 'chapt4_interfaces' build argument 'cmake_force_configure' from command line to 'False'
[0.179s] Level 5:colcon.colcon_core.verb:set package 'chapt4_interfaces' build argument 'ament_cmake_args' from command line to 'None'
[0.179s] Level 5:colcon.colcon_core.verb:set package 'chapt4_interfaces' build argument 'catkin_cmake_args' from command line to 'None'
[0.179s] Level 5:colcon.colcon_core.verb:set package 'chapt4_interfaces' build argument 'catkin_skip_building_tests' from command line to 'False'
[0.179s] DEBUG:colcon.colcon_core.verb:Building package 'chapt4_interfaces' with the following arguments: {'ament_cmake_args': None, 'build_base': '/home/nkh/ROS2/CHAPT4/build/chapt4_interfaces', 'catkin_cmake_args': None, 'catkin_skip_building_tests': False, 'cmake_args': None, 'cmake_clean_cache': False, 'cmake_clean_first': False, 'cmake_force_configure': False, 'cmake_target': None, 'cmake_target_skip_unavailable': False, 'install_base': '/home/nkh/ROS2/CHAPT4/install/chapt4_interfaces', 'merge_install': False, 'path': '/home/nkh/ROS2/CHAPT4/src/chapt4_interfaces', 'symlink_install': False, 'test_result_base': None}
[0.179s] Level 5:colcon.colcon_core.verb:set package 'demo_cpp_service' build argument 'cmake_args' from command line to 'None'
[0.179s] Level 5:colcon.colcon_core.verb:set package 'demo_cpp_service' build argument 'cmake_target' from command line to 'None'
[0.179s] Level 5:colcon.colcon_core.verb:set package 'demo_cpp_service' build argument 'cmake_target_skip_unavailable' from command line to 'False'
[0.179s] Level 5:colcon.colcon_core.verb:set package 'demo_cpp_service' build argument 'cmake_clean_cache' from command line to 'False'
[0.179s] Level 5:colcon.colcon_core.verb:set package 'demo_cpp_service' build argument 'cmake_clean_first' from command line to 'False'
[0.179s] Level 5:colcon.colcon_core.verb:set package 'demo_cpp_service' build argument 'cmake_force_configure' from command line to 'False'
[0.180s] Level 5:colcon.colcon_core.verb:set package 'demo_cpp_service' build argument 'ament_cmake_args' from command line to 'None'
[0.180s] Level 5:colcon.colcon_core.verb:set package 'demo_cpp_service' build argument 'catkin_cmake_args' from command line to 'None'
[0.180s] Level 5:colcon.colcon_core.verb:set package 'demo_cpp_service' build argument 'catkin_skip_building_tests' from command line to 'False'
[0.180s] DEBUG:colcon.colcon_core.verb:Building package 'demo_cpp_service' with the following arguments: {'ament_cmake_args': None, 'build_base': '/home/nkh/ROS2/CHAPT4/build/demo_cpp_service', 'catkin_cmake_args': None, 'catkin_skip_building_tests': False, 'cmake_args': None, 'cmake_clean_cache': False, 'cmake_clean_first': False, 'cmake_force_configure': False, 'cmake_target': None, 'cmake_target_skip_unavailable': False, 'install_base': '/home/nkh/ROS2/CHAPT4/install/demo_cpp_service', 'merge_install': False, 'path': '/home/nkh/ROS2/CHAPT4/src/demo_cpp_service', 'symlink_install': False, 'test_result_base': None}
[0.180s] Level 5:colcon.colcon_core.verb:set package 'demo_python_service' build argument 'cmake_args' from command line to 'None'
[0.180s] Level 5:colcon.colcon_core.verb:set package 'demo_python_service' build argument 'cmake_target' from command line to 'None'
[0.180s] Level 5:colcon.colcon_core.verb:set package 'demo_python_service' build argument 'cmake_target_skip_unavailable' from command line to 'False'
[0.180s] Level 5:colcon.colcon_core.verb:set package 'demo_python_service' build argument 'cmake_clean_cache' from command line to 'False'
[0.180s] Level 5:colcon.colcon_core.verb:set package 'demo_python_service' build argument 'cmake_clean_first' from command line to 'False'
[0.180s] Level 5:colcon.colcon_core.verb:set package 'demo_python_service' build argument 'cmake_force_configure' from command line to 'False'
[0.180s] Level 5:colcon.colcon_core.verb:set package 'demo_python_service' build argument 'ament_cmake_args' from command line to 'None'
[0.180s] Level 5:colcon.colcon_core.verb:set package 'demo_python_service' build argument 'catkin_cmake_args' from command line to 'None'
[0.180s] Level 5:colcon.colcon_core.verb:set package 'demo_python_service' build argument 'catkin_skip_building_tests' from command line to 'False'
[0.180s] DEBUG:colcon.colcon_core.verb:Building package 'demo_python_service' with the following arguments: {'ament_cmake_args': None, 'build_base': '/home/nkh/ROS2/CHAPT4/build/demo_python_service', 'catkin_cmake_args': None, 'catkin_skip_building_tests': False, 'cmake_args': None, 'cmake_clean_cache': False, 'cmake_clean_first': False, 'cmake_force_configure': False, 'cmake_target': None, 'cmake_target_skip_unavailable': False, 'install_base': '/home/nkh/ROS2/CHAPT4/install/demo_python_service', 'merge_install': False, 'path': '/home/nkh/ROS2/CHAPT4/src/demo_python_service', 'symlink_install': False, 'test_result_base': None}
[0.180s] INFO:colcon.colcon_core.executor:Executing jobs using 'parallel' executor
[0.181s] DEBUG:colcon.colcon_parallel_executor.executor.parallel:run_until_complete
[0.181s] INFO:colcon.colcon_ros.task.ament_cmake.build:Building ROS package in '/home/nkh/ROS2/CHAPT4/src/chapt4_interfaces' with build type 'ament_cmake'
[0.181s] INFO:colcon.colcon_cmake.task.cmake.build:Building CMake package in '/home/nkh/ROS2/CHAPT4/src/chapt4_interfaces'
[0.182s] INFO:colcon.colcon_core.plugin_system:Skipping extension 'colcon_core.shell.bat': Not used on non-Windows systems
[0.182s] INFO:colcon.colcon_core.shell:Skip shell extension 'powershell' for command environment: Not usable outside of PowerShell
[0.182s] DEBUG:colcon.colcon_core.shell:Skip shell extension 'dsv' for command environment
[0.188s] DEBUG:colcon.colcon_core.event_handler.log_command:Invoking command in '/home/nkh/ROS2/CHAPT4/build/chapt4_interfaces': CMAKE_PREFIX_PATH=${CMAKE_PREFIX_PATH}:/home/nkh/ROS2/CHAPT4/install/demo_python_service:/opt/ros/humble /usr/bin/cmake --build /home/nkh/ROS2/CHAPT4/build/chapt4_interfaces -- -j8 -l8
[0.362s] DEBUG:colcon.colcon_core.event_handler.log_command:Invoked command in '/home/nkh/ROS2/CHAPT4/build/chapt4_interfaces' returned '0': CMAKE_PREFIX_PATH=${CMAKE_PREFIX_PATH}:/home/nkh/ROS2/CHAPT4/install/demo_python_service:/opt/ros/humble /usr/bin/cmake --build /home/nkh/ROS2/CHAPT4/build/chapt4_interfaces -- -j8 -l8
[0.369s] DEBUG:colcon.colcon_core.event_handler.log_command:Invoking command in '/home/nkh/ROS2/CHAPT4/build/chapt4_interfaces': CMAKE_PREFIX_PATH=${CMAKE_PREFIX_PATH}:/home/nkh/ROS2/CHAPT4/install/demo_python_service:/opt/ros/humble /usr/bin/cmake --install /home/nkh/ROS2/CHAPT4/build/chapt4_interfaces
[0.397s] Level 1:colcon.colcon_core.environment:create_environment_scripts_only(chapt4_interfaces)
[0.397s] DEBUG:colcon.colcon_core.event_handler.log_command:Invoked command in '/home/nkh/ROS2/CHAPT4/build/chapt4_interfaces' returned '0': CMAKE_PREFIX_PATH=${CMAKE_PREFIX_PATH}:/home/nkh/ROS2/CHAPT4/install/demo_python_service:/opt/ros/humble /usr/bin/cmake --install /home/nkh/ROS2/CHAPT4/build/chapt4_interfaces
[0.398s] Level 1:colcon.colcon_core.environment:checking '/home/nkh/ROS2/CHAPT4/install/chapt4_interfaces' for CMake module files
[0.399s] Level 1:colcon.colcon_core.environment:checking '/home/nkh/ROS2/CHAPT4/install/chapt4_interfaces' for CMake config files
[0.399s] Level 1:colcon.colcon_core.shell:create_environment_hook('chapt4_interfaces', 'cmake_prefix_path')
[0.399s] INFO:colcon.colcon_core.shell:Creating environment hook '/home/nkh/ROS2/CHAPT4/install/chapt4_interfaces/share/chapt4_interfaces/hook/cmake_prefix_path.ps1'
[0.399s] INFO:colcon.colcon_core.shell:Creating environment descriptor '/home/nkh/ROS2/CHAPT4/install/chapt4_interfaces/share/chapt4_interfaces/hook/cmake_prefix_path.dsv'
[0.400s] INFO:colcon.colcon_core.shell:Creating environment hook '/home/nkh/ROS2/CHAPT4/install/chapt4_interfaces/share/chapt4_interfaces/hook/cmake_prefix_path.sh'
[0.400s] Level 1:colcon.colcon_core.environment:checking '/home/nkh/ROS2/CHAPT4/install/chapt4_interfaces/lib'
[0.400s] Level 1:colcon.colcon_core.shell:create_environment_hook('chapt4_interfaces', 'ld_library_path_lib')
[0.400s] INFO:colcon.colcon_core.shell:Creating environment hook '/home/nkh/ROS2/CHAPT4/install/chapt4_interfaces/share/chapt4_interfaces/hook/ld_library_path_lib.ps1'
[0.401s] INFO:colcon.colcon_core.shell:Creating environment descriptor '/home/nkh/ROS2/CHAPT4/install/chapt4_interfaces/share/chapt4_interfaces/hook/ld_library_path_lib.dsv'
[0.401s] INFO:colcon.colcon_core.shell:Creating environment hook '/home/nkh/ROS2/CHAPT4/install/chapt4_interfaces/share/chapt4_interfaces/hook/ld_library_path_lib.sh'
[0.401s] Level 1:colcon.colcon_core.environment:checking '/home/nkh/ROS2/CHAPT4/install/chapt4_interfaces/bin'
[0.401s] Level 1:colcon.colcon_core.environment:checking '/home/nkh/ROS2/CHAPT4/install/chapt4_interfaces/lib/pkgconfig/chapt4_interfaces.pc'
[0.401s] Level 1:colcon.colcon_core.environment:checking '/home/nkh/ROS2/CHAPT4/install/chapt4_interfaces/lib/python3.10/site-packages'
[0.401s] Level 1:colcon.colcon_core.environment:checking '/home/nkh/ROS2/CHAPT4/install/chapt4_interfaces/bin'
[0.402s] INFO:colcon.colcon_core.shell:Creating package script '/home/nkh/ROS2/CHAPT4/install/chapt4_interfaces/share/chapt4_interfaces/package.ps1'
[0.402s] INFO:colcon.colcon_core.shell:Creating package descriptor '/home/nkh/ROS2/CHAPT4/install/chapt4_interfaces/share/chapt4_interfaces/package.dsv'
[0.402s] INFO:colcon.colcon_core.shell:Creating package script '/home/nkh/ROS2/CHAPT4/install/chapt4_interfaces/share/chapt4_interfaces/package.sh'
[0.403s] INFO:colcon.colcon_core.shell:Creating package script '/home/nkh/ROS2/CHAPT4/install/chapt4_interfaces/share/chapt4_interfaces/package.bash'
[0.403s] INFO:colcon.colcon_core.shell:Creating package script '/home/nkh/ROS2/CHAPT4/install/chapt4_interfaces/share/chapt4_interfaces/package.zsh'
[0.404s] Level 1:colcon.colcon_core.environment:create_file_with_runtime_dependencies(/home/nkh/ROS2/CHAPT4/install/chapt4_interfaces/share/colcon-core/packages/chapt4_interfaces)
[0.404s] Level 1:colcon.colcon_core.environment:create_environment_scripts_only(chapt4_interfaces)
[0.404s] Level 1:colcon.colcon_core.environment:checking '/home/nkh/ROS2/CHAPT4/install/chapt4_interfaces' for CMake module files
[0.404s] Level 1:colcon.colcon_core.environment:checking '/home/nkh/ROS2/CHAPT4/install/chapt4_interfaces' for CMake config files
[0.404s] Level 1:colcon.colcon_core.shell:create_environment_hook('chapt4_interfaces', 'cmake_prefix_path')
[0.404s] INFO:colcon.colcon_core.shell:Creating environment hook '/home/nkh/ROS2/CHAPT4/install/chapt4_interfaces/share/chapt4_interfaces/hook/cmake_prefix_path.ps1'
[0.405s] INFO:colcon.colcon_core.shell:Creating environment descriptor '/home/nkh/ROS2/CHAPT4/install/chapt4_interfaces/share/chapt4_interfaces/hook/cmake_prefix_path.dsv'
[0.405s] INFO:colcon.colcon_core.shell:Creating environment hook '/home/nkh/ROS2/CHAPT4/install/chapt4_interfaces/share/chapt4_interfaces/hook/cmake_prefix_path.sh'
[0.405s] Level 1:colcon.colcon_core.environment:checking '/home/nkh/ROS2/CHAPT4/install/chapt4_interfaces/lib'
[0.406s] Level 1:colcon.colcon_core.shell:create_environment_hook('chapt4_interfaces', 'ld_library_path_lib')
[0.406s] INFO:colcon.colcon_core.shell:Creating environment hook '/home/nkh/ROS2/CHAPT4/install/chapt4_interfaces/share/chapt4_interfaces/hook/ld_library_path_lib.ps1'
[0.406s] INFO:colcon.colcon_core.shell:Creating environment descriptor '/home/nkh/ROS2/CHAPT4/install/chapt4_interfaces/share/chapt4_interfaces/hook/ld_library_path_lib.dsv'
[0.406s] INFO:colcon.colcon_core.shell:Creating environment hook '/home/nkh/ROS2/CHAPT4/install/chapt4_interfaces/share/chapt4_interfaces/hook/ld_library_path_lib.sh'
[0.406s] Level 1:colcon.colcon_core.environment:checking '/home/nkh/ROS2/CHAPT4/install/chapt4_interfaces/bin'
[0.406s] Level 1:colcon.colcon_core.environment:checking '/home/nkh/ROS2/CHAPT4/install/chapt4_interfaces/lib/pkgconfig/chapt4_interfaces.pc'
[0.406s] Level 1:colcon.colcon_core.environment:checking '/home/nkh/ROS2/CHAPT4/install/chapt4_interfaces/lib/python3.10/site-packages'
[0.407s] Level 1:colcon.colcon_core.environment:checking '/home/nkh/ROS2/CHAPT4/install/chapt4_interfaces/bin'
[0.407s] INFO:colcon.colcon_core.shell:Creating package script '/home/nkh/ROS2/CHAPT4/install/chapt4_interfaces/share/chapt4_interfaces/package.ps1'
[0.407s] INFO:colcon.colcon_core.shell:Creating package descriptor '/home/nkh/ROS2/CHAPT4/install/chapt4_interfaces/share/chapt4_interfaces/package.dsv'
[0.407s] INFO:colcon.colcon_core.shell:Creating package script '/home/nkh/ROS2/CHAPT4/install/chapt4_interfaces/share/chapt4_interfaces/package.sh'
[0.408s] INFO:colcon.colcon_core.shell:Creating package script '/home/nkh/ROS2/CHAPT4/install/chapt4_interfaces/share/chapt4_interfaces/package.bash'
[0.408s] INFO:colcon.colcon_core.shell:Creating package script '/home/nkh/ROS2/CHAPT4/install/chapt4_interfaces/share/chapt4_interfaces/package.zsh'
[0.408s] Level 1:colcon.colcon_core.environment:create_file_with_runtime_dependencies(/home/nkh/ROS2/CHAPT4/install/chapt4_interfaces/share/colcon-core/packages/chapt4_interfaces)
[0.408s] INFO:colcon.colcon_ros.task.ament_cmake.build:Building ROS package in '/home/nkh/ROS2/CHAPT4/src/demo_cpp_service' with build type 'ament_cmake'
[0.409s] INFO:colcon.colcon_cmake.task.cmake.build:Building CMake package in '/home/nkh/ROS2/CHAPT4/src/demo_cpp_service'
[0.409s] INFO:colcon.colcon_core.shell:Skip shell extension 'powershell' for command environment: Not usable outside of PowerShell
[0.409s] DEBUG:colcon.colcon_core.shell:Skip shell extension 'dsv' for command environment
[0.411s] INFO:colcon.colcon_ros.task.ament_python.build:Building ROS package in '/home/nkh/ROS2/CHAPT4/src/demo_python_service' with build type 'ament_python'
[0.411s] Level 1:colcon.colcon_core.shell:create_environment_hook('demo_python_service', 'ament_prefix_path')
[0.411s] INFO:colcon.colcon_core.shell:Creating environment hook '/home/nkh/ROS2/CHAPT4/install/demo_python_service/share/demo_python_service/hook/ament_prefix_path.ps1'
[0.412s] INFO:colcon.colcon_core.shell:Creating environment descriptor '/home/nkh/ROS2/CHAPT4/install/demo_python_service/share/demo_python_service/hook/ament_prefix_path.dsv'
[0.412s] INFO:colcon.colcon_core.shell:Creating environment hook '/home/nkh/ROS2/CHAPT4/install/demo_python_service/share/demo_python_service/hook/ament_prefix_path.sh'
[0.413s] INFO:colcon.colcon_core.shell:Skip shell extension 'powershell' for command environment: Not usable outside of PowerShell
[0.413s] DEBUG:colcon.colcon_core.shell:Skip shell extension 'dsv' for command environment
[0.417s] DEBUG:colcon.colcon_core.event_handler.log_command:Invoking command in '/home/nkh/ROS2/CHAPT4/build/demo_cpp_service': CMAKE_PREFIX_PATH=/home/nkh/ROS2/CHAPT4/install/chapt4_interfaces:/home/nkh/ROS2/CHAPT4/install/demo_cpp_service:/home/nkh/ROS2/CHAPT4/install/demo_python_service:/opt/ros/humble /usr/bin/cmake --build /home/nkh/ROS2/CHAPT4/build/demo_cpp_service -- -j8 -l8
[0.536s] INFO:colcon.colcon_core.task.python.build:Building Python package in '/home/nkh/ROS2/CHAPT4/src/demo_python_service'
[0.536s] INFO:colcon.colcon_core.shell:Skip shell extension 'powershell' for command environment: Not usable outside of PowerShell
[0.536s] DEBUG:colcon.colcon_core.shell:Skip shell extension 'dsv' for command environment
[0.697s] DEBUG:colcon.colcon_core.event_handler.log_command:Invoking command in '/home/nkh/ROS2/CHAPT4/src/demo_python_service': CMAKE_PREFIX_PATH=/home/nkh/ROS2/CHAPT4/install/chapt4_interfaces:/home/nkh/ROS2/CHAPT4/install/demo_cpp_service PYTHONPATH=/home/nkh/ROS2/CHAPT4/build/demo_python_service/prefix_override:/usr/lib/python3/dist-packages/colcon_core/task/python/colcon_distutils_commands:/home/nkh/ROS2/CHAPT4/install/demo_python_service/lib/python3.10/site-packages:${PYTHONPATH} /usr/bin/python3 -W ignore:setup.py install is deprecated -W ignore:easy_install command is deprecated setup.py egg_info --egg-base ../../build/demo_python_service build --build-base /home/nkh/ROS2/CHAPT4/build/demo_python_service/build install --record /home/nkh/ROS2/CHAPT4/build/demo_python_service/install.log --single-version-externally-managed install_data
[0.837s] Level 1:colcon.colcon_core.environment:checking '/home/nkh/ROS2/CHAPT4/install/demo_python_service' for CMake module files
[0.837s] Level 1:colcon.colcon_core.environment:checking '/home/nkh/ROS2/CHAPT4/install/demo_python_service' for CMake config files
[0.837s] Level 1:colcon.colcon_core.environment:checking '/home/nkh/ROS2/CHAPT4/install/demo_python_service/lib'
[0.837s] Level 1:colcon.colcon_core.environment:checking '/home/nkh/ROS2/CHAPT4/install/demo_python_service/bin'
[0.837s] Level 1:colcon.colcon_core.environment:checking '/home/nkh/ROS2/CHAPT4/install/demo_python_service/lib/pkgconfig/demo_python_service.pc'
[0.837s] Level 1:colcon.colcon_core.environment:checking '/home/nkh/ROS2/CHAPT4/install/demo_python_service/lib/python3.10/site-packages'
[0.837s] Level 1:colcon.colcon_core.shell:create_environment_hook('demo_python_service', 'pythonpath')
[0.838s] INFO:colcon.colcon_core.shell:Creating environment hook '/home/nkh/ROS2/CHAPT4/install/demo_python_service/share/demo_python_service/hook/pythonpath.ps1'
[0.838s] INFO:colcon.colcon_core.shell:Creating environment descriptor '/home/nkh/ROS2/CHAPT4/install/demo_python_service/share/demo_python_service/hook/pythonpath.dsv'
[0.839s] DEBUG:colcon.colcon_core.event_handler.log_command:Invoked command in '/home/nkh/ROS2/CHAPT4/src/demo_python_service' returned '0': CMAKE_PREFIX_PATH=/home/nkh/ROS2/CHAPT4/install/chapt4_interfaces:/home/nkh/ROS2/CHAPT4/install/demo_cpp_service PYTHONPATH=/home/nkh/ROS2/CHAPT4/build/demo_python_service/prefix_override:/usr/lib/python3/dist-packages/colcon_core/task/python/colcon_distutils_commands:/home/nkh/ROS2/CHAPT4/install/demo_python_service/lib/python3.10/site-packages:${PYTHONPATH} /usr/bin/python3 -W ignore:setup.py install is deprecated -W ignore:easy_install command is deprecated setup.py egg_info --egg-base ../../build/demo_python_service build --build-base /home/nkh/ROS2/CHAPT4/build/demo_python_service/build install --record /home/nkh/ROS2/CHAPT4/build/demo_python_service/install.log --single-version-externally-managed install_data
[0.839s] INFO:colcon.colcon_core.shell:Creating environment hook '/home/nkh/ROS2/CHAPT4/install/demo_python_service/share/demo_python_service/hook/pythonpath.sh'
[0.840s] Level 1:colcon.colcon_core.environment:checking '/home/nkh/ROS2/CHAPT4/install/demo_python_service/bin'
[0.840s] Level 1:colcon.colcon_core.environment:create_environment_scripts_only(demo_python_service)
[0.840s] INFO:colcon.colcon_core.shell:Creating package script '/home/nkh/ROS2/CHAPT4/install/demo_python_service/share/demo_python_service/package.ps1'
[0.840s] INFO:colcon.colcon_core.shell:Creating package descriptor '/home/nkh/ROS2/CHAPT4/install/demo_python_service/share/demo_python_service/package.dsv'
[0.840s] INFO:colcon.colcon_core.shell:Creating package script '/home/nkh/ROS2/CHAPT4/install/demo_python_service/share/demo_python_service/package.sh'
[0.841s] INFO:colcon.colcon_core.shell:Creating package script '/home/nkh/ROS2/CHAPT4/install/demo_python_service/share/demo_python_service/package.bash'
[0.841s] INFO:colcon.colcon_core.shell:Creating package script '/home/nkh/ROS2/CHAPT4/install/demo_python_service/share/demo_python_service/package.zsh'
[0.842s] Level 1:colcon.colcon_core.environment:create_file_with_runtime_dependencies(/home/nkh/ROS2/CHAPT4/install/demo_python_service/share/colcon-core/packages/demo_python_service)
[2.389s] DEBUG:colcon.colcon_core.event_handler.log_command:Invoked command in '/home/nkh/ROS2/CHAPT4/build/demo_cpp_service' returned '0': CMAKE_PREFIX_PATH=/home/nkh/ROS2/CHAPT4/install/chapt4_interfaces:/home/nkh/ROS2/CHAPT4/install/demo_cpp_service:/home/nkh/ROS2/CHAPT4/install/demo_python_service:/opt/ros/humble /usr/bin/cmake --build /home/nkh/ROS2/CHAPT4/build/demo_cpp_service -- -j8 -l8
[2.389s] DEBUG:colcon.colcon_core.event_handler.log_command:Invoking command in '/home/nkh/ROS2/CHAPT4/build/demo_cpp_service': CMAKE_PREFIX_PATH=/home/nkh/ROS2/CHAPT4/install/chapt4_interfaces:/home/nkh/ROS2/CHAPT4/install/demo_cpp_service:/home/nkh/ROS2/CHAPT4/install/demo_python_service:/opt/ros/humble /usr/bin/cmake --install /home/nkh/ROS2/CHAPT4/build/demo_cpp_service
[2.394s] Level 1:colcon.colcon_core.environment:create_environment_scripts_only(demo_cpp_service)
[2.395s] DEBUG:colcon.colcon_core.event_handler.log_command:Invoked command in '/home/nkh/ROS2/CHAPT4/build/demo_cpp_service' returned '0': CMAKE_PREFIX_PATH=/home/nkh/ROS2/CHAPT4/install/chapt4_interfaces:/home/nkh/ROS2/CHAPT4/install/demo_cpp_service:/home/nkh/ROS2/CHAPT4/install/demo_python_service:/opt/ros/humble /usr/bin/cmake --install /home/nkh/ROS2/CHAPT4/build/demo_cpp_service
[2.396s] Level 1:colcon.colcon_core.environment:checking '/home/nkh/ROS2/CHAPT4/install/demo_cpp_service' for CMake module files
[2.396s] Level 1:colcon.colcon_core.environment:checking '/home/nkh/ROS2/CHAPT4/install/demo_cpp_service' for CMake config files
[2.396s] Level 1:colcon.colcon_core.shell:create_environment_hook('demo_cpp_service', 'cmake_prefix_path')
[2.396s] INFO:colcon.colcon_core.shell:Creating environment hook '/home/nkh/ROS2/CHAPT4/install/demo_cpp_service/share/demo_cpp_service/hook/cmake_prefix_path.ps1'
[2.397s] INFO:colcon.colcon_core.shell:Creating environment descriptor '/home/nkh/ROS2/CHAPT4/install/demo_cpp_service/share/demo_cpp_service/hook/cmake_prefix_path.dsv'
[2.397s] INFO:colcon.colcon_core.shell:Creating environment hook '/home/nkh/ROS2/CHAPT4/install/demo_cpp_service/share/demo_cpp_service/hook/cmake_prefix_path.sh'
[2.397s] Level 1:colcon.colcon_core.environment:checking '/home/nkh/ROS2/CHAPT4/install/demo_cpp_service/lib'
[2.397s] Level 1:colcon.colcon_core.environment:checking '/home/nkh/ROS2/CHAPT4/install/demo_cpp_service/bin'
[2.397s] Level 1:colcon.colcon_core.environment:checking '/home/nkh/ROS2/CHAPT4/install/demo_cpp_service/lib/pkgconfig/demo_cpp_service.pc'
[2.397s] Level 1:colcon.colcon_core.environment:checking '/home/nkh/ROS2/CHAPT4/install/demo_cpp_service/lib/python3.10/site-packages'
[2.398s] Level 1:colcon.colcon_core.environment:checking '/home/nkh/ROS2/CHAPT4/install/demo_cpp_service/bin'
[2.398s] INFO:colcon.colcon_core.shell:Creating package script '/home/nkh/ROS2/CHAPT4/install/demo_cpp_service/share/demo_cpp_service/package.ps1'
[2.398s] INFO:colcon.colcon_core.shell:Creating package descriptor '/home/nkh/ROS2/CHAPT4/install/demo_cpp_service/share/demo_cpp_service/package.dsv'
[2.398s] INFO:colcon.colcon_core.shell:Creating package script '/home/nkh/ROS2/CHAPT4/install/demo_cpp_service/share/demo_cpp_service/package.sh'
[2.399s] INFO:colcon.colcon_core.shell:Creating package script '/home/nkh/ROS2/CHAPT4/install/demo_cpp_service/share/demo_cpp_service/package.bash'
[2.399s] INFO:colcon.colcon_core.shell:Creating package script '/home/nkh/ROS2/CHAPT4/install/demo_cpp_service/share/demo_cpp_service/package.zsh'
[2.399s] Level 1:colcon.colcon_core.environment:create_file_with_runtime_dependencies(/home/nkh/ROS2/CHAPT4/install/demo_cpp_service/share/colcon-core/packages/demo_cpp_service)
[2.399s] Level 1:colcon.colcon_core.environment:create_environment_scripts_only(demo_cpp_service)
[2.399s] Level 1:colcon.colcon_core.environment:checking '/home/nkh/ROS2/CHAPT4/install/demo_cpp_service' for CMake module files
[2.400s] Level 1:colcon.colcon_core.environment:checking '/home/nkh/ROS2/CHAPT4/install/demo_cpp_service' for CMake config files
[2.400s] Level 1:colcon.colcon_core.shell:create_environment_hook('demo_cpp_service', 'cmake_prefix_path')
[2.400s] INFO:colcon.colcon_core.shell:Creating environment hook '/home/nkh/ROS2/CHAPT4/install/demo_cpp_service/share/demo_cpp_service/hook/cmake_prefix_path.ps1'
[2.400s] INFO:colcon.colcon_core.shell:Creating environment descriptor '/home/nkh/ROS2/CHAPT4/install/demo_cpp_service/share/demo_cpp_service/hook/cmake_prefix_path.dsv'
[2.400s] INFO:colcon.colcon_core.shell:Creating environment hook '/home/nkh/ROS2/CHAPT4/install/demo_cpp_service/share/demo_cpp_service/hook/cmake_prefix_path.sh'
[2.401s] Level 1:colcon.colcon_core.environment:checking '/home/nkh/ROS2/CHAPT4/install/demo_cpp_service/lib'
[2.401s] Level 1:colcon.colcon_core.environment:checking '/home/nkh/ROS2/CHAPT4/install/demo_cpp_service/bin'
[2.401s] Level 1:colcon.colcon_core.environment:checking '/home/nkh/ROS2/CHAPT4/install/demo_cpp_service/lib/pkgconfig/demo_cpp_service.pc'
[2.401s] Level 1:colcon.colcon_core.environment:checking '/home/nkh/ROS2/CHAPT4/install/demo_cpp_service/lib/python3.10/site-packages'
[2.401s] Level 1:colcon.colcon_core.environment:checking '/home/nkh/ROS2/CHAPT4/install/demo_cpp_service/bin'
[2.401s] INFO:colcon.colcon_core.shell:Creating package script '/home/nkh/ROS2/CHAPT4/install/demo_cpp_service/share/demo_cpp_service/package.ps1'
[2.401s] INFO:colcon.colcon_core.shell:Creating package descriptor '/home/nkh/ROS2/CHAPT4/install/demo_cpp_service/share/demo_cpp_service/package.dsv'
[2.402s] INFO:colcon.colcon_core.shell:Creating package script '/home/nkh/ROS2/CHAPT4/install/demo_cpp_service/share/demo_cpp_service/package.sh'
[2.402s] INFO:colcon.colcon_core.shell:Creating package script '/home/nkh/ROS2/CHAPT4/install/demo_cpp_service/share/demo_cpp_service/package.bash'
[2.403s] INFO:colcon.colcon_core.shell:Creating package script '/home/nkh/ROS2/CHAPT4/install/demo_cpp_service/share/demo_cpp_service/package.zsh'
[2.403s] Level 1:colcon.colcon_core.environment:create_file_with_runtime_dependencies(/home/nkh/ROS2/CHAPT4/install/demo_cpp_service/share/colcon-core/packages/demo_cpp_service)
[2.403s] DEBUG:colcon.colcon_parallel_executor.executor.parallel:closing loop
[2.403s] DEBUG:colcon.colcon_parallel_executor.executor.parallel:loop closed
[2.403s] DEBUG:colcon.colcon_parallel_executor.executor.parallel:run_until_complete finished with '0'
[2.403s] DEBUG:colcon.colcon_core.event_reactor:joining thread
[2.406s] INFO:colcon.colcon_core.plugin_system:Skipping extension 'colcon_notification.desktop_notification.terminal_notifier': Not used on non-Darwin systems
[2.406s] INFO:colcon.colcon_core.plugin_system:Skipping extension 'colcon_notification.desktop_notification.win32': Not used on non-Windows systems
[2.406s] INFO:colcon.colcon_notification.desktop_notification:Sending desktop notification using 'notify2'
[2.415s] DEBUG:colcon.colcon_core.event_reactor:joined thread
[2.416s] INFO:colcon.colcon_core.shell:Creating prefix script '/home/nkh/ROS2/CHAPT4/install/local_setup.ps1'
[2.417s] INFO:colcon.colcon_core.shell:Creating prefix util module '/home/nkh/ROS2/CHAPT4/install/_local_setup_util_ps1.py'
[2.417s] INFO:colcon.colcon_core.shell:Creating prefix chain script '/home/nkh/ROS2/CHAPT4/install/setup.ps1'
[2.418s] INFO:colcon.colcon_core.shell:Creating prefix script '/home/nkh/ROS2/CHAPT4/install/local_setup.sh'
[2.418s] INFO:colcon.colcon_core.shell:Creating prefix util module '/home/nkh/ROS2/CHAPT4/install/_local_setup_util_sh.py'
[2.419s] INFO:colcon.colcon_core.shell:Creating prefix chain script '/home/nkh/ROS2/CHAPT4/install/setup.sh'
[2.419s] INFO:colcon.colcon_core.shell:Creating prefix script '/home/nkh/ROS2/CHAPT4/install/local_setup.bash'
[2.420s] INFO:colcon.colcon_core.shell:Creating prefix chain script '/home/nkh/ROS2/CHAPT4/install/setup.bash'
[2.420s] INFO:colcon.colcon_core.shell:Creating prefix script '/home/nkh/ROS2/CHAPT4/install/local_setup.zsh'
[2.421s] INFO:colcon.colcon_core.shell:Creating prefix chain script '/home/nkh/ROS2/CHAPT4/install/setup.zsh'
