[0.006s] Invoking command in '/home/nkh/ROS2/CHAPT6/build/fishbot_description': CMAKE_PREFIX_PATH=${CMAKE_PREFIX_PATH}:/opt/ros/humble /usr/bin/cmake --build /home/nkh/ROS2/CHAPT6/build/fishbot_description -- -j8 -l8
[0.032s] Invoked command in '/home/nkh/ROS2/CHAPT6/build/fishbot_description' returned '0': CMAKE_PREFIX_PATH=${CMAKE_PREFIX_PATH}:/opt/ros/humble /usr/bin/cmake --build /home/nkh/ROS2/CHAPT6/build/fishbot_description -- -j8 -l8
[0.038s] Invoking command in '/home/nkh/ROS2/CHAPT6/build/fishbot_description': CMAKE_PREFIX_PATH=${CMAKE_PREFIX_PATH}:/opt/ros/humble /usr/bin/cmake --install /home/nkh/ROS2/CHAPT6/build/fishbot_description
[0.043s] -- Install configuration: ""
[0.043s] -- Up-to-date: /home/nkh/ROS2/CHAPT6/install/fishbot_description/share/fishbot_description/launch
[0.043s] -- Up-to-date: /home/nkh/ROS2/CHAPT6/install/fishbot_description/share/fishbot_description/launch/gazebo_sim_launch.py
[0.043s] -- Up-to-date: /home/nkh/ROS2/CHAPT6/install/fishbot_description/share/fishbot_description/launch/__pycache__
[0.043s] -- Up-to-date: /home/nkh/ROS2/CHAPT6/install/fishbot_description/share/fishbot_description/launch/__pycache__/display_robot_launch.cpython-310.pyc
[0.043s] -- Up-to-date: /home/nkh/ROS2/CHAPT6/install/fishbot_description/share/fishbot_description/launch/display_robot_launch.py
[0.043s] -- Up-to-date: /home/nkh/ROS2/CHAPT6/install/fishbot_description/share/fishbot_description/urdf
[0.043s] -- Up-to-date: /home/nkh/ROS2/CHAPT6/install/fishbot_description/share/fishbot_description/urdf/first_robot.urdf
[0.044s] -- Up-to-date: /home/nkh/ROS2/CHAPT6/install/fishbot_description/share/fishbot_description/urdf/first_robot.pdf
[0.044s] -- Up-to-date: /home/nkh/ROS2/CHAPT6/install/fishbot_description/share/fishbot_description/urdf/fishbot
[0.044s] -- Up-to-date: /home/nkh/ROS2/CHAPT6/install/fishbot_description/share/fishbot_description/urdf/fishbot/base.urdf.xacro
[0.044s] -- Up-to-date: /home/nkh/ROS2/CHAPT6/install/fishbot_description/share/fishbot_description/urdf/fishbot/fishbot.urdf.xacro
[0.044s] -- Up-to-date: /home/nkh/ROS2/CHAPT6/install/fishbot_description/share/fishbot_description/urdf/fishbot/sensor
[0.044s] -- Up-to-date: /home/nkh/ROS2/CHAPT6/install/fishbot_description/share/fishbot_description/urdf/fishbot/sensor/laser.urdf.xacro
[0.044s] -- Up-to-date: /home/nkh/ROS2/CHAPT6/install/fishbot_description/share/fishbot_description/urdf/fishbot/sensor/imu.urdf.xacro
[0.044s] -- Up-to-date: /home/nkh/ROS2/CHAPT6/install/fishbot_description/share/fishbot_description/urdf/fishbot/sensor/camera.urdf.xacro
[0.044s] -- Up-to-date: /home/nkh/ROS2/CHAPT6/install/fishbot_description/share/fishbot_description/urdf/fishbot/actuator
[0.044s] -- Up-to-date: /home/nkh/ROS2/CHAPT6/install/fishbot_description/share/fishbot_description/urdf/fishbot/actuator/wheel.urdf.xacro
[0.044s] -- Up-to-date: /home/nkh/ROS2/CHAPT6/install/fishbot_description/share/fishbot_description/urdf/fishbot/actuator/caster.urdf.xacro
[0.045s] -- Up-to-date: /home/nkh/ROS2/CHAPT6/install/fishbot_description/share/fishbot_description/urdf/fishbot/common_inertial.xacro
[0.045s] -- Up-to-date: /home/nkh/ROS2/CHAPT6/install/fishbot_description/share/fishbot_description/urdf/first_robot.xacro
[0.045s] -- Up-to-date: /home/nkh/ROS2/CHAPT6/install/fishbot_description/share/fishbot_description/urdf/first_robot.gv
[0.045s] -- Up-to-date: /home/nkh/ROS2/CHAPT6/install/fishbot_description/share/fishbot_description/config
[0.045s] -- Up-to-date: /home/nkh/ROS2/CHAPT6/install/fishbot_description/share/fishbot_description/config/display_robot_model.rviz
[0.045s] -- Up-to-date: /home/nkh/ROS2/CHAPT6/install/fishbot_description/share/fishbot_description/world
[0.045s] -- Up-to-date: /home/nkh/ROS2/CHAPT6/install/fishbot_description/share/fishbot_description/world/custom_room.world
[0.045s] -- Installing: /home/nkh/ROS2/CHAPT6/install/fishbot_description/share/fishbot_description/world/1.world
[0.046s] -- Up-to-date: /home/nkh/ROS2/CHAPT6/install/fishbot_description/share/fishbot_description/world/room
[0.046s] -- Up-to-date: /home/nkh/ROS2/CHAPT6/install/fishbot_description/share/fishbot_description/world/room/model.sdf
[0.046s] -- Up-to-date: /home/nkh/ROS2/CHAPT6/install/fishbot_description/share/fishbot_description/world/room/model.config
[0.046s] -- Up-to-date: /home/nkh/ROS2/CHAPT6/install/fishbot_description/share/ament_index/resource_index/package_run_dependencies/fishbot_description
[0.046s] -- Up-to-date: /home/nkh/ROS2/CHAPT6/install/fishbot_description/share/ament_index/resource_index/parent_prefix_path/fishbot_description
[0.046s] -- Up-to-date: /home/nkh/ROS2/CHAPT6/install/fishbot_description/share/fishbot_description/environment/ament_prefix_path.sh
[0.046s] -- Up-to-date: /home/nkh/ROS2/CHAPT6/install/fishbot_description/share/fishbot_description/environment/ament_prefix_path.dsv
[0.046s] -- Up-to-date: /home/nkh/ROS2/CHAPT6/install/fishbot_description/share/fishbot_description/environment/path.sh
[0.046s] -- Up-to-date: /home/nkh/ROS2/CHAPT6/install/fishbot_description/share/fishbot_description/environment/path.dsv
[0.046s] -- Up-to-date: /home/nkh/ROS2/CHAPT6/install/fishbot_description/share/fishbot_description/local_setup.bash
[0.046s] -- Up-to-date: /home/nkh/ROS2/CHAPT6/install/fishbot_description/share/fishbot_description/local_setup.sh
[0.046s] -- Up-to-date: /home/nkh/ROS2/CHAPT6/install/fishbot_description/share/fishbot_description/local_setup.zsh
[0.046s] -- Up-to-date: /home/nkh/ROS2/CHAPT6/install/fishbot_description/share/fishbot_description/local_setup.dsv
[0.047s] -- Installing: /home/nkh/ROS2/CHAPT6/install/fishbot_description/share/fishbot_description/package.dsv
[0.047s] -- Up-to-date: /home/nkh/ROS2/CHAPT6/install/fishbot_description/share/ament_index/resource_index/packages/fishbot_description
[0.047s] -- Up-to-date: /home/nkh/ROS2/CHAPT6/install/fishbot_description/share/fishbot_description/cmake/fishbot_descriptionConfig.cmake
[0.047s] -- Up-to-date: /home/nkh/ROS2/CHAPT6/install/fishbot_description/share/fishbot_description/cmake/fishbot_descriptionConfig-version.cmake
[0.047s] -- Up-to-date: /home/nkh/ROS2/CHAPT6/install/fishbot_description/share/fishbot_description/package.xml
[0.047s] Invoked command in '/home/nkh/ROS2/CHAPT6/build/fishbot_description' returned '0': CMAKE_PREFIX_PATH=${CMAKE_PREFIX_PATH}:/opt/ros/humble /usr/bin/cmake --install /home/nkh/ROS2/CHAPT6/build/fishbot_description
