[0.006s] Invoking command in '/home/nkh/ROS2/CHAPT4/build/chapt4_interfaces': CMAKE_PREFIX_PATH=/opt/ros/humble /usr/bin/cmake --build /home/nkh/ROS2/CHAPT4/build/chapt4_interfaces -- -j8 -l8
[0.019s] -- Found ament_cmake: 1.3.12 (/opt/ros/humble/share/ament_cmake/cmake)
[0.092s] -- Found sensor_msgs: 4.9.0 (/opt/ros/humble/share/sensor_msgs/cmake)
[0.104s] -- Found rosidl_generator_c: 3.1.7 (/opt/ros/humble/share/rosidl_generator_c/cmake)
[0.105s] -- Found rosidl_adapter: 3.1.7 (/opt/ros/humble/share/rosidl_adapter/cmake)
[0.108s] -- Found rosidl_generator_cpp: 3.1.7 (/opt/ros/humble/share/rosidl_generator_cpp/cmake)
[0.113s] -- Using all available rosidl_typesupport_c: rosidl_typesupport_fastrtps_c;rosidl_typesupport_introspection_c
[0.118s] -- Using all available rosidl_typesupport_cpp: rosidl_typesupport_fastrtps_cpp;rosidl_typesupport_introspection_cpp
[0.147s] -- Found rosidl_default_generators: 1.2.0 (/opt/ros/humble/share/rosidl_default_generators/cmake)
[0.309s] -- Found ament_cmake_ros: 0.10.0 (/opt/ros/humble/share/ament_cmake_ros/cmake)
[0.563s] -- Using all available rosidl_typesupport_c: rosidl_typesupport_fastrtps_c;rosidl_typesupport_introspection_c
[0.657s] -- Using all available rosidl_typesupport_cpp: rosidl_typesupport_fastrtps_cpp;rosidl_typesupport_introspection_cpp
[0.670s] -- Found python_cmake_module: 0.10.0 (/opt/ros/humble/share/python_cmake_module/cmake)
[0.684s] -- Using PYTHON_EXECUTABLE: /usr/bin/python3
[0.684s] -- Using PYTHON_INCLUDE_DIRS: /usr/include/python3.10
[0.684s] -- Using PYTHON_LIBRARIES: /usr/lib/x86_64-linux-gnu/libpython3.10.so
[0.707s] -- Found ament_lint_auto: 0.12.14 (/opt/ros/humble/share/ament_lint_auto/cmake)
[0.730s] -- Added test 'lint_cmake' to check CMake code style
[0.731s] -- Added test 'xmllint' to check XML markup files
[0.734s] -- Configuring done
[0.766s] -- Generating done
[0.774s] -- Build files have been written to: /home/nkh/ROS2/CHAPT4/build/chapt4_interfaces
[0.787s] [  2%] [34m[1mGenerating C code for ROS interfaces[0m
[0.794s] [  5%] [34m[1mGenerating C++ code for ROS interfaces[0m
[0.796s] [  5%] Built target ament_cmake_python_copy_chapt4_interfaces
[0.911s] running egg_info
[0.911s] writing chapt4_interfaces.egg-info/PKG-INFO
[0.912s] writing dependency_links to chapt4_interfaces.egg-info/dependency_links.txt
[0.912s] writing top-level names to chapt4_interfaces.egg-info/top_level.txt
[0.914s] reading manifest file 'chapt4_interfaces.egg-info/SOURCES.txt'
[0.914s] writing manifest file 'chapt4_interfaces.egg-info/SOURCES.txt'
[0.927s] [  5%] Built target ament_cmake_python_build_chapt4_interfaces_egg
[0.981s] [35m[1mConsolidate compiler generated dependencies of target chapt4_interfaces__rosidl_generator_c[0m
[0.987s] [  7%] [32mBuilding C object CMakeFiles/chapt4_interfaces__rosidl_generator_c.dir/rosidl_generator_c/chapt4_interfaces/srv/detail/face_detector__functions.c.o[0m
[0.992s] [ 10%] [32mBuilding C object CMakeFiles/chapt4_interfaces__rosidl_generator_c.dir/rosidl_generator_c/chapt4_interfaces/srv/detail/partol__functions.c.o[0m
[0.996s] [ 10%] Built target chapt4_interfaces__cpp
[1.002s] [ 15%] [34m[1mGenerating C++ type support dispatch for ROS interfaces[0m
[1.002s] [ 15%] [34m[1mGenerating C++ type support for eProsima Fast-RTPS[0m
[1.003s] [ 17%] [34m[1mGenerating C++ introspection for ROS interfaces[0m
[1.057s] [ 20%] [32m[1mLinking C shared library libchapt4_interfaces__rosidl_generator_c.so[0m
[1.092s] [ 20%] Built target chapt4_interfaces__rosidl_generator_c
[1.097s] [ 23%] [34m[1mGenerating C type support for eProsima Fast-RTPS[0m
[1.097s] [ 28%] [34m[1mGenerating C introspection for ROS interfaces[0m
[1.098s] [ 28%] [34m[1mGenerating C type support dispatch for ROS interfaces[0m
[1.174s] [35m[1mConsolidate compiler generated dependencies of target chapt4_interfaces__rosidl_typesupport_introspection_cpp[0m
[1.174s] [35m[1mConsolidate compiler generated dependencies of target chapt4_interfaces__rosidl_typesupport_cpp[0m
[1.182s] [ 33%] [32mBuilding CXX object CMakeFiles/chapt4_interfaces__rosidl_typesupport_cpp.dir/rosidl_typesupport_cpp/chapt4_interfaces/srv/partol__type_support.cpp.o[0m
[1.182s] [ 33%] [32mBuilding CXX object CMakeFiles/chapt4_interfaces__rosidl_typesupport_introspection_cpp.dir/rosidl_typesupport_introspection_cpp/chapt4_interfaces/srv/detail/face_detector__type_support.cpp.o[0m
[1.182s] [ 35%] [32mBuilding CXX object CMakeFiles/chapt4_interfaces__rosidl_typesupport_cpp.dir/rosidl_typesupport_cpp/chapt4_interfaces/srv/face_detector__type_support.cpp.o[0m
[1.185s] [ 38%] [32mBuilding CXX object CMakeFiles/chapt4_interfaces__rosidl_typesupport_introspection_cpp.dir/rosidl_typesupport_introspection_cpp/chapt4_interfaces/srv/detail/partol__type_support.cpp.o[0m
[1.225s] [35m[1mConsolidate compiler generated dependencies of target chapt4_interfaces__rosidl_typesupport_fastrtps_cpp[0m
[1.238s] [ 41%] [32mBuilding CXX object CMakeFiles/chapt4_interfaces__rosidl_typesupport_fastrtps_cpp.dir/rosidl_typesupport_fastrtps_cpp/chapt4_interfaces/srv/detail/dds_fastrtps/face_detector__type_support.cpp.o[0m
[1.290s] [35m[1mConsolidate compiler generated dependencies of target chapt4_interfaces__rosidl_typesupport_c[0m
[1.297s] [ 43%] [32mBuilding CXX object CMakeFiles/chapt4_interfaces__rosidl_typesupport_c.dir/rosidl_typesupport_c/chapt4_interfaces/srv/face_detector__type_support.cpp.o[0m
[1.305s] [35m[1mConsolidate compiler generated dependencies of target chapt4_interfaces__rosidl_typesupport_introspection_c[0m
[1.311s] [ 46%] [32mBuilding C object CMakeFiles/chapt4_interfaces__rosidl_typesupport_introspection_c.dir/rosidl_typesupport_introspection_c/chapt4_interfaces/srv/detail/face_detector__type_support.c.o[0m
[1.318s] [35m[1mConsolidate compiler generated dependencies of target chapt4_interfaces__rosidl_typesupport_fastrtps_c[0m
[1.330s] [ 48%] [32mBuilding CXX object CMakeFiles/chapt4_interfaces__rosidl_typesupport_fastrtps_c.dir/rosidl_typesupport_fastrtps_c/chapt4_interfaces/srv/detail/face_detector__type_support_c.cpp.o[0m
[1.343s] [ 51%] [32mBuilding CXX object CMakeFiles/chapt4_interfaces__rosidl_typesupport_c.dir/rosidl_typesupport_c/chapt4_interfaces/srv/partol__type_support.cpp.o[0m
[1.360s] [ 53%] [32m[1mLinking CXX shared library libchapt4_interfaces__rosidl_typesupport_c.so[0m
[1.361s] [ 56%] [32mBuilding C object CMakeFiles/chapt4_interfaces__rosidl_typesupport_introspection_c.dir/rosidl_typesupport_introspection_c/chapt4_interfaces/srv/detail/partol__type_support.c.o[0m
[1.376s] [ 58%] [32mBuilding CXX object CMakeFiles/chapt4_interfaces__rosidl_typesupport_fastrtps_c.dir/rosidl_typesupport_fastrtps_c/chapt4_interfaces/srv/detail/partol__type_support_c.cpp.o[0m
[1.380s] [ 61%] [32m[1mLinking CXX shared library libchapt4_interfaces__rosidl_typesupport_cpp.so[0m
[1.385s] [ 64%] [32m[1mLinking C shared library libchapt4_interfaces__rosidl_typesupport_introspection_c.so[0m
[1.398s] [ 64%] Built target chapt4_interfaces__rosidl_typesupport_c
[1.410s] [ 66%] [32mBuilding CXX object CMakeFiles/chapt4_interfaces__rosidl_typesupport_fastrtps_cpp.dir/rosidl_typesupport_fastrtps_cpp/chapt4_interfaces/srv/detail/dds_fastrtps/partol__type_support.cpp.o[0m
[1.414s] [ 66%] Built target chapt4_interfaces__rosidl_typesupport_introspection_c
[1.417s] [ 66%] Built target chapt4_interfaces__rosidl_typesupport_cpp
[1.509s] [ 69%] [32m[1mLinking CXX shared library libchapt4_interfaces__rosidl_typesupport_introspection_cpp.so[0m
[1.562s] [ 71%] [32m[1mLinking CXX shared library libchapt4_interfaces__rosidl_typesupport_fastrtps_c.so[0m
[1.563s] [ 71%] Built target chapt4_interfaces__rosidl_typesupport_introspection_cpp
[1.607s] [ 71%] Built target chapt4_interfaces__rosidl_typesupport_fastrtps_c
[1.618s] [ 74%] [32m[1mLinking CXX shared library libchapt4_interfaces__rosidl_typesupport_fastrtps_cpp.so[0m
[1.664s] [ 74%] Built target chapt4_interfaces__rosidl_typesupport_fastrtps_cpp
[1.674s] [ 74%] Built target chapt4_interfaces
[1.685s] [ 76%] [34m[1mGenerating Python code for ROS interfaces[0m
[1.959s] [ 76%] Built target chapt4_interfaces__py
[1.965s] [35m[1mConsolidate compiler generated dependencies of target chapt4_interfaces__rosidl_generator_py[0m
[1.971s] [ 82%] [32mBuilding C object CMakeFiles/chapt4_interfaces__rosidl_generator_py.dir/rosidl_generator_py/chapt4_interfaces/srv/_face_detector_s.c.o[0m
[1.971s] [ 82%] [32mBuilding C object CMakeFiles/chapt4_interfaces__rosidl_generator_py.dir/rosidl_generator_py/chapt4_interfaces/srv/_partol_s.c.o[0m
[2.036s] [ 84%] [32m[1mLinking C shared library rosidl_generator_py/chapt4_interfaces/libchapt4_interfaces__rosidl_generator_py.so[0m
[2.058s] [ 84%] Built target chapt4_interfaces__rosidl_generator_py
[2.065s] [35m[1mConsolidate compiler generated dependencies of target chapt4_interfaces__rosidl_typesupport_fastrtps_c__pyext[0m
[2.065s] [35m[1mConsolidate compiler generated dependencies of target chapt4_interfaces__rosidl_typesupport_c__pyext[0m
[2.065s] [35m[1mConsolidate compiler generated dependencies of target chapt4_interfaces__rosidl_typesupport_introspection_c__pyext[0m
[2.071s] [ 87%] [32mBuilding C object CMakeFiles/chapt4_interfaces__rosidl_typesupport_introspection_c__pyext.dir/rosidl_generator_py/chapt4_interfaces/_chapt4_interfaces_s.ep.rosidl_typesupport_introspection_c.c.o[0m
[2.071s] [ 89%] [32mBuilding C object CMakeFiles/chapt4_interfaces__rosidl_typesupport_fastrtps_c__pyext.dir/rosidl_generator_py/chapt4_interfaces/_chapt4_interfaces_s.ep.rosidl_typesupport_fastrtps_c.c.o[0m
[2.074s] [ 92%] [32mBuilding C object CMakeFiles/chapt4_interfaces__rosidl_typesupport_c__pyext.dir/rosidl_generator_py/chapt4_interfaces/_chapt4_interfaces_s.ep.rosidl_typesupport_c.c.o[0m
[2.124s] [ 94%] [32m[1mLinking C shared library rosidl_generator_py/chapt4_interfaces/chapt4_interfaces_s__rosidl_typesupport_introspection_c.cpython-310-x86_64-linux-gnu.so[0m
[2.125s] [ 97%] [32m[1mLinking C shared library rosidl_generator_py/chapt4_interfaces/chapt4_interfaces_s__rosidl_typesupport_fastrtps_c.cpython-310-x86_64-linux-gnu.so[0m
[2.128s] [100%] [32m[1mLinking C shared library rosidl_generator_py/chapt4_interfaces/chapt4_interfaces_s__rosidl_typesupport_c.cpython-310-x86_64-linux-gnu.so[0m
[2.150s] [100%] Built target chapt4_interfaces__rosidl_typesupport_fastrtps_c__pyext
[2.150s] [100%] Built target chapt4_interfaces__rosidl_typesupport_c__pyext
[2.154s] [100%] Built target chapt4_interfaces__rosidl_typesupport_introspection_c__pyext
[2.162s] Invoked command in '/home/nkh/ROS2/CHAPT4/build/chapt4_interfaces' returned '0': CMAKE_PREFIX_PATH=/opt/ros/humble /usr/bin/cmake --build /home/nkh/ROS2/CHAPT4/build/chapt4_interfaces -- -j8 -l8
[2.167s] Invoking command in '/home/nkh/ROS2/CHAPT4/build/chapt4_interfaces': CMAKE_PREFIX_PATH=/opt/ros/humble /usr/bin/cmake --install /home/nkh/ROS2/CHAPT4/build/chapt4_interfaces
[2.174s] -- Install configuration: ""
[2.175s] -- Installing: /home/nkh/ROS2/CHAPT4/install/chapt4_interfaces/share/ament_index/resource_index/rosidl_interfaces/chapt4_interfaces
[2.175s] -- Up-to-date: /home/nkh/ROS2/CHAPT4/install/chapt4_interfaces/include/chapt4_interfaces/chapt4_interfaces
[2.175s] -- Up-to-date: /home/nkh/ROS2/CHAPT4/install/chapt4_interfaces/include/chapt4_interfaces/chapt4_interfaces/msg
[2.175s] -- Up-to-date: /home/nkh/ROS2/CHAPT4/install/chapt4_interfaces/include/chapt4_interfaces/chapt4_interfaces/msg/rosidl_generator_c__visibility_control.h
[2.175s] -- Up-to-date: /home/nkh/ROS2/CHAPT4/install/chapt4_interfaces/include/chapt4_interfaces/chapt4_interfaces/srv
[2.175s] -- Installing: /home/nkh/ROS2/CHAPT4/install/chapt4_interfaces/include/chapt4_interfaces/chapt4_interfaces/srv/face_detector.h
[2.175s] -- Up-to-date: /home/nkh/ROS2/CHAPT4/install/chapt4_interfaces/include/chapt4_interfaces/chapt4_interfaces/srv/detail
[2.175s] -- Installing: /home/nkh/ROS2/CHAPT4/install/chapt4_interfaces/include/chapt4_interfaces/chapt4_interfaces/srv/detail/partol__functions.h
[2.175s] -- Installing: /home/nkh/ROS2/CHAPT4/install/chapt4_interfaces/include/chapt4_interfaces/chapt4_interfaces/srv/detail/face_detector__struct.h
[2.175s] -- Installing: /home/nkh/ROS2/CHAPT4/install/chapt4_interfaces/include/chapt4_interfaces/chapt4_interfaces/srv/detail/partol__struct.h
[2.175s] -- Installing: /home/nkh/ROS2/CHAPT4/install/chapt4_interfaces/include/chapt4_interfaces/chapt4_interfaces/srv/detail/face_detector__functions.h
[2.175s] -- Installing: /home/nkh/ROS2/CHAPT4/install/chapt4_interfaces/include/chapt4_interfaces/chapt4_interfaces/srv/detail/face_detector__type_support.h
[2.175s] -- Installing: /home/nkh/ROS2/CHAPT4/install/chapt4_interfaces/include/chapt4_interfaces/chapt4_interfaces/srv/detail/partol__type_support.h
[2.175s] -- Installing: /home/nkh/ROS2/CHAPT4/install/chapt4_interfaces/include/chapt4_interfaces/chapt4_interfaces/srv/detail/partol__functions.c
[2.175s] -- Installing: /home/nkh/ROS2/CHAPT4/install/chapt4_interfaces/include/chapt4_interfaces/chapt4_interfaces/srv/detail/face_detector__functions.c
[2.175s] -- Installing: /home/nkh/ROS2/CHAPT4/install/chapt4_interfaces/include/chapt4_interfaces/chapt4_interfaces/srv/partol.h
[2.175s] -- Up-to-date: /home/nkh/ROS2/CHAPT4/install/chapt4_interfaces/share/chapt4_interfaces/environment/library_path.sh
[2.175s] -- Installing: /home/nkh/ROS2/CHAPT4/install/chapt4_interfaces/share/chapt4_interfaces/environment/library_path.dsv
[2.175s] -- Installing: /home/nkh/ROS2/CHAPT4/install/chapt4_interfaces/lib/libchapt4_interfaces__rosidl_generator_c.so
[2.175s] -- Set runtime path of "/home/nkh/ROS2/CHAPT4/install/chapt4_interfaces/lib/libchapt4_interfaces__rosidl_generator_c.so" to ""
[2.175s] -- Up-to-date: /home/nkh/ROS2/CHAPT4/install/chapt4_interfaces/include/chapt4_interfaces/chapt4_interfaces
[2.175s] -- Up-to-date: /home/nkh/ROS2/CHAPT4/install/chapt4_interfaces/include/chapt4_interfaces/chapt4_interfaces/msg
[2.175s] -- Up-to-date: /home/nkh/ROS2/CHAPT4/install/chapt4_interfaces/include/chapt4_interfaces/chapt4_interfaces/msg/rosidl_typesupport_fastrtps_c__visibility_control.h
[2.175s] -- Up-to-date: /home/nkh/ROS2/CHAPT4/install/chapt4_interfaces/include/chapt4_interfaces/chapt4_interfaces/srv
[2.176s] -- Up-to-date: /home/nkh/ROS2/CHAPT4/install/chapt4_interfaces/include/chapt4_interfaces/chapt4_interfaces/srv/detail
[2.176s] -- Installing: /home/nkh/ROS2/CHAPT4/install/chapt4_interfaces/include/chapt4_interfaces/chapt4_interfaces/srv/detail/partol__rosidl_typesupport_fastrtps_c.h
[2.176s] -- Installing: /home/nkh/ROS2/CHAPT4/install/chapt4_interfaces/include/chapt4_interfaces/chapt4_interfaces/srv/detail/face_detector__rosidl_typesupport_fastrtps_c.h
[2.176s] -- Installing: /home/nkh/ROS2/CHAPT4/install/chapt4_interfaces/lib/libchapt4_interfaces__rosidl_typesupport_fastrtps_c.so
[2.176s] -- Set runtime path of "/home/nkh/ROS2/CHAPT4/install/chapt4_interfaces/lib/libchapt4_interfaces__rosidl_typesupport_fastrtps_c.so" to ""
[2.176s] -- Up-to-date: /home/nkh/ROS2/CHAPT4/install/chapt4_interfaces/include/chapt4_interfaces/chapt4_interfaces
[2.176s] -- Up-to-date: /home/nkh/ROS2/CHAPT4/install/chapt4_interfaces/include/chapt4_interfaces/chapt4_interfaces/msg
[2.176s] -- Up-to-date: /home/nkh/ROS2/CHAPT4/install/chapt4_interfaces/include/chapt4_interfaces/chapt4_interfaces/msg/rosidl_generator_cpp__visibility_control.hpp
[2.176s] -- Up-to-date: /home/nkh/ROS2/CHAPT4/install/chapt4_interfaces/include/chapt4_interfaces/chapt4_interfaces/srv
[2.176s] -- Installing: /home/nkh/ROS2/CHAPT4/install/chapt4_interfaces/include/chapt4_interfaces/chapt4_interfaces/srv/face_detector.hpp
[2.176s] -- Installing: /home/nkh/ROS2/CHAPT4/install/chapt4_interfaces/include/chapt4_interfaces/chapt4_interfaces/srv/partol.hpp
[2.176s] -- Up-to-date: /home/nkh/ROS2/CHAPT4/install/chapt4_interfaces/include/chapt4_interfaces/chapt4_interfaces/srv/detail
[2.176s] -- Installing: /home/nkh/ROS2/CHAPT4/install/chapt4_interfaces/include/chapt4_interfaces/chapt4_interfaces/srv/detail/partol__traits.hpp
[2.176s] -- Installing: /home/nkh/ROS2/CHAPT4/install/chapt4_interfaces/include/chapt4_interfaces/chapt4_interfaces/srv/detail/face_detector__type_support.hpp
[2.176s] -- Installing: /home/nkh/ROS2/CHAPT4/install/chapt4_interfaces/include/chapt4_interfaces/chapt4_interfaces/srv/detail/partol__builder.hpp
[2.176s] -- Installing: /home/nkh/ROS2/CHAPT4/install/chapt4_interfaces/include/chapt4_interfaces/chapt4_interfaces/srv/detail/partol__type_support.hpp
[2.176s] -- Installing: /home/nkh/ROS2/CHAPT4/install/chapt4_interfaces/include/chapt4_interfaces/chapt4_interfaces/srv/detail/face_detector__builder.hpp
[2.176s] -- Installing: /home/nkh/ROS2/CHAPT4/install/chapt4_interfaces/include/chapt4_interfaces/chapt4_interfaces/srv/detail/face_detector__traits.hpp
[2.176s] -- Installing: /home/nkh/ROS2/CHAPT4/install/chapt4_interfaces/include/chapt4_interfaces/chapt4_interfaces/srv/detail/partol__struct.hpp
[2.176s] -- Installing: /home/nkh/ROS2/CHAPT4/install/chapt4_interfaces/include/chapt4_interfaces/chapt4_interfaces/srv/detail/face_detector__struct.hpp
[2.176s] -- Up-to-date: /home/nkh/ROS2/CHAPT4/install/chapt4_interfaces/include/chapt4_interfaces/chapt4_interfaces
[2.176s] -- Up-to-date: /home/nkh/ROS2/CHAPT4/install/chapt4_interfaces/include/chapt4_interfaces/chapt4_interfaces/msg
[2.176s] -- Up-to-date: /home/nkh/ROS2/CHAPT4/install/chapt4_interfaces/include/chapt4_interfaces/chapt4_interfaces/msg/rosidl_typesupport_fastrtps_cpp__visibility_control.h
[2.176s] -- Up-to-date: /home/nkh/ROS2/CHAPT4/install/chapt4_interfaces/include/chapt4_interfaces/chapt4_interfaces/srv
[2.176s] -- Up-to-date: /home/nkh/ROS2/CHAPT4/install/chapt4_interfaces/include/chapt4_interfaces/chapt4_interfaces/srv/detail
[2.176s] -- Up-to-date: /home/nkh/ROS2/CHAPT4/install/chapt4_interfaces/include/chapt4_interfaces/chapt4_interfaces/srv/detail/dds_fastrtps
[2.176s] -- Installing: /home/nkh/ROS2/CHAPT4/install/chapt4_interfaces/include/chapt4_interfaces/chapt4_interfaces/srv/detail/partol__rosidl_typesupport_fastrtps_cpp.hpp
[2.176s] -- Installing: /home/nkh/ROS2/CHAPT4/install/chapt4_interfaces/include/chapt4_interfaces/chapt4_interfaces/srv/detail/face_detector__rosidl_typesupport_fastrtps_cpp.hpp
[2.176s] -- Installing: /home/nkh/ROS2/CHAPT4/install/chapt4_interfaces/lib/libchapt4_interfaces__rosidl_typesupport_fastrtps_cpp.so
[2.176s] -- Set runtime path of "/home/nkh/ROS2/CHAPT4/install/chapt4_interfaces/lib/libchapt4_interfaces__rosidl_typesupport_fastrtps_cpp.so" to ""
[2.176s] -- Up-to-date: /home/nkh/ROS2/CHAPT4/install/chapt4_interfaces/include/chapt4_interfaces/chapt4_interfaces
[2.176s] -- Up-to-date: /home/nkh/ROS2/CHAPT4/install/chapt4_interfaces/include/chapt4_interfaces/chapt4_interfaces/msg
[2.176s] -- Up-to-date: /home/nkh/ROS2/CHAPT4/install/chapt4_interfaces/include/chapt4_interfaces/chapt4_interfaces/msg/rosidl_typesupport_introspection_c__visibility_control.h
[2.176s] -- Up-to-date: /home/nkh/ROS2/CHAPT4/install/chapt4_interfaces/include/chapt4_interfaces/chapt4_interfaces/srv
[2.176s] -- Up-to-date: /home/nkh/ROS2/CHAPT4/install/chapt4_interfaces/include/chapt4_interfaces/chapt4_interfaces/srv/detail
[2.176s] -- Installing: /home/nkh/ROS2/CHAPT4/install/chapt4_interfaces/include/chapt4_interfaces/chapt4_interfaces/srv/detail/partol__type_support.c
[2.176s] -- Installing: /home/nkh/ROS2/CHAPT4/install/chapt4_interfaces/include/chapt4_interfaces/chapt4_interfaces/srv/detail/face_detector__type_support.c
[2.176s] -- Installing: /home/nkh/ROS2/CHAPT4/install/chapt4_interfaces/include/chapt4_interfaces/chapt4_interfaces/srv/detail/face_detector__rosidl_typesupport_introspection_c.h
[2.176s] -- Installing: /home/nkh/ROS2/CHAPT4/install/chapt4_interfaces/include/chapt4_interfaces/chapt4_interfaces/srv/detail/partol__rosidl_typesupport_introspection_c.h
[2.176s] -- Installing: /home/nkh/ROS2/CHAPT4/install/chapt4_interfaces/lib/libchapt4_interfaces__rosidl_typesupport_introspection_c.so
[2.176s] -- Set runtime path of "/home/nkh/ROS2/CHAPT4/install/chapt4_interfaces/lib/libchapt4_interfaces__rosidl_typesupport_introspection_c.so" to ""
[2.176s] -- Installing: /home/nkh/ROS2/CHAPT4/install/chapt4_interfaces/lib/libchapt4_interfaces__rosidl_typesupport_c.so
[2.176s] -- Set runtime path of "/home/nkh/ROS2/CHAPT4/install/chapt4_interfaces/lib/libchapt4_interfaces__rosidl_typesupport_c.so" to ""
[2.177s] -- Up-to-date: /home/nkh/ROS2/CHAPT4/install/chapt4_interfaces/include/chapt4_interfaces/chapt4_interfaces
[2.177s] -- Up-to-date: /home/nkh/ROS2/CHAPT4/install/chapt4_interfaces/include/chapt4_interfaces/chapt4_interfaces/srv
[2.177s] -- Up-to-date: /home/nkh/ROS2/CHAPT4/install/chapt4_interfaces/include/chapt4_interfaces/chapt4_interfaces/srv/detail
[2.177s] -- Installing: /home/nkh/ROS2/CHAPT4/install/chapt4_interfaces/include/chapt4_interfaces/chapt4_interfaces/srv/detail/face_detector__rosidl_typesupport_introspection_cpp.hpp
[2.177s] -- Installing: /home/nkh/ROS2/CHAPT4/install/chapt4_interfaces/include/chapt4_interfaces/chapt4_interfaces/srv/detail/face_detector__type_support.cpp
[2.177s] -- Installing: /home/nkh/ROS2/CHAPT4/install/chapt4_interfaces/include/chapt4_interfaces/chapt4_interfaces/srv/detail/partol__type_support.cpp
[2.177s] -- Installing: /home/nkh/ROS2/CHAPT4/install/chapt4_interfaces/include/chapt4_interfaces/chapt4_interfaces/srv/detail/partol__rosidl_typesupport_introspection_cpp.hpp
[2.177s] -- Installing: /home/nkh/ROS2/CHAPT4/install/chapt4_interfaces/lib/libchapt4_interfaces__rosidl_typesupport_introspection_cpp.so
[2.177s] -- Set runtime path of "/home/nkh/ROS2/CHAPT4/install/chapt4_interfaces/lib/libchapt4_interfaces__rosidl_typesupport_introspection_cpp.so" to ""
[2.177s] -- Installing: /home/nkh/ROS2/CHAPT4/install/chapt4_interfaces/lib/libchapt4_interfaces__rosidl_typesupport_cpp.so
[2.177s] -- Set runtime path of "/home/nkh/ROS2/CHAPT4/install/chapt4_interfaces/lib/libchapt4_interfaces__rosidl_typesupport_cpp.so" to ""
[2.177s] -- Up-to-date: /home/nkh/ROS2/CHAPT4/install/chapt4_interfaces/share/chapt4_interfaces/environment/pythonpath.sh
[2.177s] -- Installing: /home/nkh/ROS2/CHAPT4/install/chapt4_interfaces/share/chapt4_interfaces/environment/pythonpath.dsv
[2.177s] -- Up-to-date: /home/nkh/ROS2/CHAPT4/install/chapt4_interfaces/local/lib/python3.10/dist-packages/chapt4_interfaces-0.0.0-py3.10.egg-info
[2.177s] -- Installing: /home/nkh/ROS2/CHAPT4/install/chapt4_interfaces/local/lib/python3.10/dist-packages/chapt4_interfaces-0.0.0-py3.10.egg-info/dependency_links.txt
[2.177s] -- Installing: /home/nkh/ROS2/CHAPT4/install/chapt4_interfaces/local/lib/python3.10/dist-packages/chapt4_interfaces-0.0.0-py3.10.egg-info/top_level.txt
[2.177s] -- Installing: /home/nkh/ROS2/CHAPT4/install/chapt4_interfaces/local/lib/python3.10/dist-packages/chapt4_interfaces-0.0.0-py3.10.egg-info/PKG-INFO
[2.177s] -- Installing: /home/nkh/ROS2/CHAPT4/install/chapt4_interfaces/local/lib/python3.10/dist-packages/chapt4_interfaces-0.0.0-py3.10.egg-info/SOURCES.txt
[2.177s] -- Up-to-date: /home/nkh/ROS2/CHAPT4/install/chapt4_interfaces/local/lib/python3.10/dist-packages/chapt4_interfaces
[2.177s] -- Installing: /home/nkh/ROS2/CHAPT4/install/chapt4_interfaces/local/lib/python3.10/dist-packages/chapt4_interfaces/__init__.py
[2.177s] -- Installing: /home/nkh/ROS2/CHAPT4/install/chapt4_interfaces/local/lib/python3.10/dist-packages/chapt4_interfaces/chapt4_interfaces_s__rosidl_typesupport_introspection_c.cpython-310-x86_64-linux-gnu.so
[2.177s] -- Installing: /home/nkh/ROS2/CHAPT4/install/chapt4_interfaces/local/lib/python3.10/dist-packages/chapt4_interfaces/chapt4_interfaces_s__rosidl_typesupport_fastrtps_c.cpython-310-x86_64-linux-gnu.so
[2.179s] -- Installing: /home/nkh/ROS2/CHAPT4/install/chapt4_interfaces/local/lib/python3.10/dist-packages/chapt4_interfaces/chapt4_interfaces_s__rosidl_typesupport_c.cpython-310-x86_64-linux-gnu.so
[2.179s] -- Installing: /home/nkh/ROS2/CHAPT4/install/chapt4_interfaces/local/lib/python3.10/dist-packages/chapt4_interfaces/libchapt4_interfaces__rosidl_generator_py.so
[2.179s] -- Up-to-date: /home/nkh/ROS2/CHAPT4/install/chapt4_interfaces/local/lib/python3.10/dist-packages/chapt4_interfaces/srv
[2.179s] -- Installing: /home/nkh/ROS2/CHAPT4/install/chapt4_interfaces/local/lib/python3.10/dist-packages/chapt4_interfaces/srv/__init__.py
[2.179s] -- Installing: /home/nkh/ROS2/CHAPT4/install/chapt4_interfaces/local/lib/python3.10/dist-packages/chapt4_interfaces/srv/_face_detector.py
[2.179s] -- Installing: /home/nkh/ROS2/CHAPT4/install/chapt4_interfaces/local/lib/python3.10/dist-packages/chapt4_interfaces/srv/_partol_s.c
[2.179s] -- Installing: /home/nkh/ROS2/CHAPT4/install/chapt4_interfaces/local/lib/python3.10/dist-packages/chapt4_interfaces/srv/_partol.py
[2.179s] -- Installing: /home/nkh/ROS2/CHAPT4/install/chapt4_interfaces/local/lib/python3.10/dist-packages/chapt4_interfaces/srv/_face_detector_s.c
[2.179s] -- Installing: /home/nkh/ROS2/CHAPT4/install/chapt4_interfaces/local/lib/python3.10/dist-packages/chapt4_interfaces/_chapt4_interfaces_s.ep.rosidl_typesupport_c.c
[2.179s] -- Installing: /home/nkh/ROS2/CHAPT4/install/chapt4_interfaces/local/lib/python3.10/dist-packages/chapt4_interfaces/_chapt4_interfaces_s.ep.rosidl_typesupport_introspection_c.c
[2.179s] -- Installing: /home/nkh/ROS2/CHAPT4/install/chapt4_interfaces/local/lib/python3.10/dist-packages/chapt4_interfaces/_chapt4_interfaces_s.ep.rosidl_typesupport_fastrtps_c.c
[2.194s] Listing '/home/nkh/ROS2/CHAPT4/install/chapt4_interfaces/local/lib/python3.10/dist-packages/chapt4_interfaces'...
[2.194s] Compiling '/home/nkh/ROS2/CHAPT4/install/chapt4_interfaces/local/lib/python3.10/dist-packages/chapt4_interfaces/__init__.py'...
[2.194s] Listing '/home/nkh/ROS2/CHAPT4/install/chapt4_interfaces/local/lib/python3.10/dist-packages/chapt4_interfaces/srv'...
[2.194s] Compiling '/home/nkh/ROS2/CHAPT4/install/chapt4_interfaces/local/lib/python3.10/dist-packages/chapt4_interfaces/srv/__init__.py'...
[2.194s] Compiling '/home/nkh/ROS2/CHAPT4/install/chapt4_interfaces/local/lib/python3.10/dist-packages/chapt4_interfaces/srv/_face_detector.py'...
[2.194s] Compiling '/home/nkh/ROS2/CHAPT4/install/chapt4_interfaces/local/lib/python3.10/dist-packages/chapt4_interfaces/srv/_partol.py'...
[2.197s] -- Installing: /home/nkh/ROS2/CHAPT4/install/chapt4_interfaces/local/lib/python3.10/dist-packages/chapt4_interfaces/chapt4_interfaces_s__rosidl_typesupport_fastrtps_c.cpython-310-x86_64-linux-gnu.so
[2.197s] -- Set runtime path of "/home/nkh/ROS2/CHAPT4/install/chapt4_interfaces/local/lib/python3.10/dist-packages/chapt4_interfaces/chapt4_interfaces_s__rosidl_typesupport_fastrtps_c.cpython-310-x86_64-linux-gnu.so" to ""
[2.197s] -- Installing: /home/nkh/ROS2/CHAPT4/install/chapt4_interfaces/local/lib/python3.10/dist-packages/chapt4_interfaces/chapt4_interfaces_s__rosidl_typesupport_introspection_c.cpython-310-x86_64-linux-gnu.so
[2.197s] -- Set runtime path of "/home/nkh/ROS2/CHAPT4/install/chapt4_interfaces/local/lib/python3.10/dist-packages/chapt4_interfaces/chapt4_interfaces_s__rosidl_typesupport_introspection_c.cpython-310-x86_64-linux-gnu.so" to ""
[2.197s] -- Installing: /home/nkh/ROS2/CHAPT4/install/chapt4_interfaces/local/lib/python3.10/dist-packages/chapt4_interfaces/chapt4_interfaces_s__rosidl_typesupport_c.cpython-310-x86_64-linux-gnu.so
[2.197s] -- Set runtime path of "/home/nkh/ROS2/CHAPT4/install/chapt4_interfaces/local/lib/python3.10/dist-packages/chapt4_interfaces/chapt4_interfaces_s__rosidl_typesupport_c.cpython-310-x86_64-linux-gnu.so" to ""
[2.197s] -- Installing: /home/nkh/ROS2/CHAPT4/install/chapt4_interfaces/lib/libchapt4_interfaces__rosidl_generator_py.so
[2.197s] -- Set runtime path of "/home/nkh/ROS2/CHAPT4/install/chapt4_interfaces/lib/libchapt4_interfaces__rosidl_generator_py.so" to ""
[2.197s] -- Up-to-date: /home/nkh/ROS2/CHAPT4/install/chapt4_interfaces/share/chapt4_interfaces/srv/FaceDetector.idl
[2.197s] -- Installing: /home/nkh/ROS2/CHAPT4/install/chapt4_interfaces/share/chapt4_interfaces/srv/Partol.idl
[2.198s] -- Up-to-date: /home/nkh/ROS2/CHAPT4/install/chapt4_interfaces/share/chapt4_interfaces/srv/FaceDetector.srv
[2.198s] -- Up-to-date: /home/nkh/ROS2/CHAPT4/install/chapt4_interfaces/share/chapt4_interfaces/srv/FaceDetector_Request.msg
[2.198s] -- Up-to-date: /home/nkh/ROS2/CHAPT4/install/chapt4_interfaces/share/chapt4_interfaces/srv/FaceDetector_Response.msg
[2.198s] -- Installing: /home/nkh/ROS2/CHAPT4/install/chapt4_interfaces/share/chapt4_interfaces/srv/Partol.srv
[2.198s] -- Installing: /home/nkh/ROS2/CHAPT4/install/chapt4_interfaces/share/chapt4_interfaces/srv/Partol_Request.msg
[2.198s] -- Installing: /home/nkh/ROS2/CHAPT4/install/chapt4_interfaces/share/chapt4_interfaces/srv/Partol_Response.msg
[2.198s] -- Up-to-date: /home/nkh/ROS2/CHAPT4/install/chapt4_interfaces/share/ament_index/resource_index/package_run_dependencies/chapt4_interfaces
[2.198s] -- Up-to-date: /home/nkh/ROS2/CHAPT4/install/chapt4_interfaces/share/ament_index/resource_index/parent_prefix_path/chapt4_interfaces
[2.198s] -- Up-to-date: /home/nkh/ROS2/CHAPT4/install/chapt4_interfaces/share/chapt4_interfaces/environment/ament_prefix_path.sh
[2.198s] -- Installing: /home/nkh/ROS2/CHAPT4/install/chapt4_interfaces/share/chapt4_interfaces/environment/ament_prefix_path.dsv
[2.198s] -- Up-to-date: /home/nkh/ROS2/CHAPT4/install/chapt4_interfaces/share/chapt4_interfaces/environment/path.sh
[2.198s] -- Installing: /home/nkh/ROS2/CHAPT4/install/chapt4_interfaces/share/chapt4_interfaces/environment/path.dsv
[2.198s] -- Up-to-date: /home/nkh/ROS2/CHAPT4/install/chapt4_interfaces/share/chapt4_interfaces/local_setup.bash
[2.198s] -- Up-to-date: /home/nkh/ROS2/CHAPT4/install/chapt4_interfaces/share/chapt4_interfaces/local_setup.sh
[2.198s] -- Up-to-date: /home/nkh/ROS2/CHAPT4/install/chapt4_interfaces/share/chapt4_interfaces/local_setup.zsh
[2.198s] -- Installing: /home/nkh/ROS2/CHAPT4/install/chapt4_interfaces/share/chapt4_interfaces/local_setup.dsv
[2.198s] -- Installing: /home/nkh/ROS2/CHAPT4/install/chapt4_interfaces/share/chapt4_interfaces/package.dsv
[2.198s] -- Up-to-date: /home/nkh/ROS2/CHAPT4/install/chapt4_interfaces/share/ament_index/resource_index/packages/chapt4_interfaces
[2.198s] -- Up-to-date: /home/nkh/ROS2/CHAPT4/install/chapt4_interfaces/share/chapt4_interfaces/cmake/export_chapt4_interfaces__rosidl_generator_cExport.cmake
[2.198s] -- Up-to-date: /home/nkh/ROS2/CHAPT4/install/chapt4_interfaces/share/chapt4_interfaces/cmake/export_chapt4_interfaces__rosidl_generator_cExport-noconfig.cmake
[2.199s] -- Up-to-date: /home/nkh/ROS2/CHAPT4/install/chapt4_interfaces/share/chapt4_interfaces/cmake/export_chapt4_interfaces__rosidl_typesupport_fastrtps_cExport.cmake
[2.199s] -- Up-to-date: /home/nkh/ROS2/CHAPT4/install/chapt4_interfaces/share/chapt4_interfaces/cmake/export_chapt4_interfaces__rosidl_typesupport_fastrtps_cExport-noconfig.cmake
[2.199s] -- Up-to-date: /home/nkh/ROS2/CHAPT4/install/chapt4_interfaces/share/chapt4_interfaces/cmake/export_chapt4_interfaces__rosidl_generator_cppExport.cmake
[2.199s] -- Up-to-date: /home/nkh/ROS2/CHAPT4/install/chapt4_interfaces/share/chapt4_interfaces/cmake/export_chapt4_interfaces__rosidl_typesupport_fastrtps_cppExport.cmake
[2.199s] -- Up-to-date: /home/nkh/ROS2/CHAPT4/install/chapt4_interfaces/share/chapt4_interfaces/cmake/export_chapt4_interfaces__rosidl_typesupport_fastrtps_cppExport-noconfig.cmake
[2.199s] -- Up-to-date: /home/nkh/ROS2/CHAPT4/install/chapt4_interfaces/share/chapt4_interfaces/cmake/chapt4_interfaces__rosidl_typesupport_introspection_cExport.cmake
[2.199s] -- Up-to-date: /home/nkh/ROS2/CHAPT4/install/chapt4_interfaces/share/chapt4_interfaces/cmake/chapt4_interfaces__rosidl_typesupport_introspection_cExport-noconfig.cmake
[2.199s] -- Up-to-date: /home/nkh/ROS2/CHAPT4/install/chapt4_interfaces/share/chapt4_interfaces/cmake/chapt4_interfaces__rosidl_typesupport_cExport.cmake
[2.199s] -- Up-to-date: /home/nkh/ROS2/CHAPT4/install/chapt4_interfaces/share/chapt4_interfaces/cmake/chapt4_interfaces__rosidl_typesupport_cExport-noconfig.cmake
[2.199s] -- Up-to-date: /home/nkh/ROS2/CHAPT4/install/chapt4_interfaces/share/chapt4_interfaces/cmake/chapt4_interfaces__rosidl_typesupport_introspection_cppExport.cmake
[2.199s] -- Up-to-date: /home/nkh/ROS2/CHAPT4/install/chapt4_interfaces/share/chapt4_interfaces/cmake/chapt4_interfaces__rosidl_typesupport_introspection_cppExport-noconfig.cmake
[2.199s] -- Up-to-date: /home/nkh/ROS2/CHAPT4/install/chapt4_interfaces/share/chapt4_interfaces/cmake/chapt4_interfaces__rosidl_typesupport_cppExport.cmake
[2.199s] -- Up-to-date: /home/nkh/ROS2/CHAPT4/install/chapt4_interfaces/share/chapt4_interfaces/cmake/chapt4_interfaces__rosidl_typesupport_cppExport-noconfig.cmake
[2.199s] -- Up-to-date: /home/nkh/ROS2/CHAPT4/install/chapt4_interfaces/share/chapt4_interfaces/cmake/export_chapt4_interfaces__rosidl_generator_pyExport.cmake
[2.199s] -- Up-to-date: /home/nkh/ROS2/CHAPT4/install/chapt4_interfaces/share/chapt4_interfaces/cmake/export_chapt4_interfaces__rosidl_generator_pyExport-noconfig.cmake
[2.199s] -- Installing: /home/nkh/ROS2/CHAPT4/install/chapt4_interfaces/share/chapt4_interfaces/cmake/rosidl_cmake-extras.cmake
[2.199s] -- Up-to-date: /home/nkh/ROS2/CHAPT4/install/chapt4_interfaces/share/chapt4_interfaces/cmake/ament_cmake_export_dependencies-extras.cmake
[2.199s] -- Up-to-date: /home/nkh/ROS2/CHAPT4/install/chapt4_interfaces/share/chapt4_interfaces/cmake/ament_cmake_export_include_directories-extras.cmake
[2.199s] -- Up-to-date: /home/nkh/ROS2/CHAPT4/install/chapt4_interfaces/share/chapt4_interfaces/cmake/ament_cmake_export_libraries-extras.cmake
[2.199s] -- Up-to-date: /home/nkh/ROS2/CHAPT4/install/chapt4_interfaces/share/chapt4_interfaces/cmake/ament_cmake_export_targets-extras.cmake
[2.199s] -- Up-to-date: /home/nkh/ROS2/CHAPT4/install/chapt4_interfaces/share/chapt4_interfaces/cmake/rosidl_cmake_export_typesupport_targets-extras.cmake
[2.199s] -- Up-to-date: /home/nkh/ROS2/CHAPT4/install/chapt4_interfaces/share/chapt4_interfaces/cmake/rosidl_cmake_export_typesupport_libraries-extras.cmake
[2.199s] -- Up-to-date: /home/nkh/ROS2/CHAPT4/install/chapt4_interfaces/share/chapt4_interfaces/cmake/chapt4_interfacesConfig.cmake
[2.199s] -- Up-to-date: /home/nkh/ROS2/CHAPT4/install/chapt4_interfaces/share/chapt4_interfaces/cmake/chapt4_interfacesConfig-version.cmake
[2.199s] -- Up-to-date: /home/nkh/ROS2/CHAPT4/install/chapt4_interfaces/share/chapt4_interfaces/package.xml
[2.200s] Invoked command in '/home/nkh/ROS2/CHAPT4/build/chapt4_interfaces' returned '0': CMAKE_PREFIX_PATH=/opt/ros/humble /usr/bin/cmake --install /home/nkh/ROS2/CHAPT4/build/chapt4_interfaces
