[0.006s] Invoking command in '/home/nkh/ROS2/CHAPT3_1/topic_ws/build/demo_cpp_topic': CMAKE_PREFIX_PATH=/opt/ros/humble /usr/bin/cmake /home/nkh/ROS2/CHAPT3_1/topic_ws/src/demo_cpp_topic -DCMAKE_INSTALL_PREFIX=/home/nkh/ROS2/CHAPT3_1/topic_ws/install/demo_cpp_topic
[0.017s] -- Found ament_cmake: 1.3.12 (/opt/ros/humble/share/ament_cmake/cmake)
[0.087s] -- Found rclcpp: 16.0.14 (/opt/ros/humble/share/rclcpp/cmake)
[0.101s] -- Found rosidl_generator_c: 3.1.7 (/opt/ros/humble/share/rosidl_generator_c/cmake)
[0.101s] -- Found rosidl_adapter: 3.1.7 (/opt/ros/humble/share/rosidl_adapter/cmake)
[0.104s] -- Found rosidl_generator_cpp: 3.1.7 (/opt/ros/humble/share/rosidl_generator_cpp/cmake)
[0.110s] -- Using all available rosidl_typesupport_c: rosidl_typesupport_fastrtps_c;rosidl_typesupport_introspection_c
[0.118s] -- Using all available rosidl_typesupport_cpp: rosidl_typesupport_fastrtps_cpp;rosidl_typesupport_introspection_cpp
[0.133s] -- Found rmw_implementation_cmake: 6.1.2 (/opt/ros/humble/share/rmw_implementation_cmake/cmake)
[0.134s] -- Found rmw_fastrtps_cpp: 6.2.8 (/opt/ros/humble/share/rmw_fastrtps_cpp/cmake)
[0.180s] -- Using RMW implementation 'rmw_fastrtps_cpp' as default
[0.204s] -- Found geometry_msgs: 4.9.0 (/opt/ros/humble/share/geometry_msgs/cmake)
[0.214s] -- Found turtlesim: 1.4.2 (/opt/ros/humble/share/turtlesim/cmake)
[0.230s] -- Found ament_lint_auto: 0.12.14 (/opt/ros/humble/share/ament_lint_auto/cmake)
[0.267s] -- Added test 'cppcheck' to perform static code analysis on C / C++ code
[0.267s] -- Configured cppcheck include dirs: 
[0.267s] -- Configured cppcheck exclude dirs and/or files: 
[0.267s] -- Added test 'lint_cmake' to check CMake code style
[0.268s] -- Added test 'uncrustify' to check C / C++ code style
[0.268s] -- Configured uncrustify additional arguments: 
[0.268s] -- Added test 'xmllint' to check XML markup files
[0.268s] -- Configuring done
[0.273s] -- Generating done
[0.275s] -- Build files have been written to: /home/nkh/ROS2/CHAPT3_1/topic_ws/build/demo_cpp_topic
[0.279s] Invoked command in '/home/nkh/ROS2/CHAPT3_1/topic_ws/build/demo_cpp_topic' returned '0': CMAKE_PREFIX_PATH=/opt/ros/humble /usr/bin/cmake /home/nkh/ROS2/CHAPT3_1/topic_ws/src/demo_cpp_topic -DCMAKE_INSTALL_PREFIX=/home/nkh/ROS2/CHAPT3_1/topic_ws/install/demo_cpp_topic
[0.281s] Invoking command in '/home/nkh/ROS2/CHAPT3_1/topic_ws/build/demo_cpp_topic': CMAKE_PREFIX_PATH=/opt/ros/humble /usr/bin/cmake --build /home/nkh/ROS2/CHAPT3_1/topic_ws/build/demo_cpp_topic -- -j8 -l8
[0.306s] [ 50%] [32mBuilding CXX object CMakeFiles/turtle_circle.dir/src/turtle_circle.cpp.o[0m
[2.525s] [100%] [32m[1mLinking CXX executable turtle_circle[0m
[2.662s] [100%] Built target turtle_circle
[2.669s] Invoked command in '/home/nkh/ROS2/CHAPT3_1/topic_ws/build/demo_cpp_topic' returned '0': CMAKE_PREFIX_PATH=/opt/ros/humble /usr/bin/cmake --build /home/nkh/ROS2/CHAPT3_1/topic_ws/build/demo_cpp_topic -- -j8 -l8
[2.675s] Invoking command in '/home/nkh/ROS2/CHAPT3_1/topic_ws/build/demo_cpp_topic': CMAKE_PREFIX_PATH=/opt/ros/humble /usr/bin/cmake --install /home/nkh/ROS2/CHAPT3_1/topic_ws/build/demo_cpp_topic
[2.679s] -- Install configuration: ""
[2.679s] -- Installing: /home/nkh/ROS2/CHAPT3_1/topic_ws/install/demo_cpp_topic/lib/demo_cpp_topic/turtle_circle
[2.679s] -- Set runtime path of "/home/nkh/ROS2/CHAPT3_1/topic_ws/install/demo_cpp_topic/lib/demo_cpp_topic/turtle_circle" to ""
[2.679s] -- Installing: /home/nkh/ROS2/CHAPT3_1/topic_ws/install/demo_cpp_topic/share/ament_index/resource_index/package_run_dependencies/demo_cpp_topic
[2.679s] -- Installing: /home/nkh/ROS2/CHAPT3_1/topic_ws/install/demo_cpp_topic/share/ament_index/resource_index/parent_prefix_path/demo_cpp_topic
[2.679s] -- Installing: /home/nkh/ROS2/CHAPT3_1/topic_ws/install/demo_cpp_topic/share/demo_cpp_topic/environment/ament_prefix_path.sh
[2.679s] -- Installing: /home/nkh/ROS2/CHAPT3_1/topic_ws/install/demo_cpp_topic/share/demo_cpp_topic/environment/ament_prefix_path.dsv
[2.679s] -- Installing: /home/nkh/ROS2/CHAPT3_1/topic_ws/install/demo_cpp_topic/share/demo_cpp_topic/environment/path.sh
[2.679s] -- Installing: /home/nkh/ROS2/CHAPT3_1/topic_ws/install/demo_cpp_topic/share/demo_cpp_topic/environment/path.dsv
[2.679s] -- Installing: /home/nkh/ROS2/CHAPT3_1/topic_ws/install/demo_cpp_topic/share/demo_cpp_topic/local_setup.bash
[2.679s] -- Installing: /home/nkh/ROS2/CHAPT3_1/topic_ws/install/demo_cpp_topic/share/demo_cpp_topic/local_setup.sh
[2.679s] -- Installing: /home/nkh/ROS2/CHAPT3_1/topic_ws/install/demo_cpp_topic/share/demo_cpp_topic/local_setup.zsh
[2.679s] -- Installing: /home/nkh/ROS2/CHAPT3_1/topic_ws/install/demo_cpp_topic/share/demo_cpp_topic/local_setup.dsv
[2.679s] -- Installing: /home/nkh/ROS2/CHAPT3_1/topic_ws/install/demo_cpp_topic/share/demo_cpp_topic/package.dsv
[2.680s] -- Installing: /home/nkh/ROS2/CHAPT3_1/topic_ws/install/demo_cpp_topic/share/ament_index/resource_index/packages/demo_cpp_topic
[2.680s] -- Installing: /home/nkh/ROS2/CHAPT3_1/topic_ws/install/demo_cpp_topic/share/demo_cpp_topic/cmake/demo_cpp_topicConfig.cmake
[2.680s] -- Installing: /home/nkh/ROS2/CHAPT3_1/topic_ws/install/demo_cpp_topic/share/demo_cpp_topic/cmake/demo_cpp_topicConfig-version.cmake
[2.680s] -- Installing: /home/nkh/ROS2/CHAPT3_1/topic_ws/install/demo_cpp_topic/share/demo_cpp_topic/package.xml
[2.681s] Invoked command in '/home/nkh/ROS2/CHAPT3_1/topic_ws/build/demo_cpp_topic' returned '0': CMAKE_PREFIX_PATH=/opt/ros/humble /usr/bin/cmake --install /home/nkh/ROS2/CHAPT3_1/topic_ws/build/demo_cpp_topic
