[0.009s] Invoking command in '/home/nkh/ROS2/CHAPT2/cpp_1/chapt2_ws/build/demo_cpp_pkg': CMAKE_PREFIX_PATH=/opt/ros/humble /usr/bin/cmake --build /home/nkh/ROS2/CHAPT2/cpp_1/chapt2_ws/build/demo_cpp_pkg -- -j8 -l8
[0.042s] [35m[1mConsolidate compiler generated dependencies of target learn_thread[0m
[0.050s] [ 14%] Built target learn_auto
[0.051s] [ 28%] Built target learn_shared_ptr
[0.051s] [ 42%] Built target cpp_node
[0.051s] [ 57%] Built target person_node
[0.053s] [ 71%] Built target learn_functional
[0.053s] [ 85%] Built target learn_lambda
[0.053s] [100%] Built target learn_thread
[0.062s] Invoked command in '/home/nkh/ROS2/CHAPT2/cpp_1/chapt2_ws/build/demo_cpp_pkg' returned '0': CMAKE_PREFIX_PATH=/opt/ros/humble /usr/bin/cmake --build /home/nkh/ROS2/CHAPT2/cpp_1/chapt2_ws/build/demo_cpp_pkg -- -j8 -l8
[0.069s] Invoking command in '/home/nkh/ROS2/CHAPT2/cpp_1/chapt2_ws/build/demo_cpp_pkg': CMAKE_PREFIX_PATH=/opt/ros/humble /usr/bin/cmake --install /home/nkh/ROS2/CHAPT2/cpp_1/chapt2_ws/build/demo_cpp_pkg
[0.073s] -- Install configuration: ""
[0.073s] -- Up-to-date: /home/nkh/ROS2/CHAPT2/cpp_1/chapt2_ws/install/demo_cpp_pkg/lib/demo_cpp_pkg/cpp_node
[0.074s] -- Up-to-date: /home/nkh/ROS2/CHAPT2/cpp_1/chapt2_ws/install/demo_cpp_pkg/lib/demo_cpp_pkg/person_node
[0.074s] -- Up-to-date: /home/nkh/ROS2/CHAPT2/cpp_1/chapt2_ws/install/demo_cpp_pkg/lib/demo_cpp_pkg/learn_auto
[0.075s] -- Up-to-date: /home/nkh/ROS2/CHAPT2/cpp_1/chapt2_ws/install/demo_cpp_pkg/lib/demo_cpp_pkg/learn_shared_ptr
[0.075s] -- Up-to-date: /home/nkh/ROS2/CHAPT2/cpp_1/chapt2_ws/install/demo_cpp_pkg/lib/demo_cpp_pkg/learn_lambda
[0.075s] -- Up-to-date: /home/nkh/ROS2/CHAPT2/cpp_1/chapt2_ws/install/demo_cpp_pkg/lib/demo_cpp_pkg/learn_functional
[0.076s] -- Up-to-date: /home/nkh/ROS2/CHAPT2/cpp_1/chapt2_ws/install/demo_cpp_pkg/lib/demo_cpp_pkg/learn_thread
[0.076s] -- Up-to-date: /home/nkh/ROS2/CHAPT2/cpp_1/chapt2_ws/install/demo_cpp_pkg/share/ament_index/resource_index/package_run_dependencies/demo_cpp_pkg
[0.076s] -- Up-to-date: /home/nkh/ROS2/CHAPT2/cpp_1/chapt2_ws/install/demo_cpp_pkg/share/ament_index/resource_index/parent_prefix_path/demo_cpp_pkg
[0.076s] -- Up-to-date: /home/nkh/ROS2/CHAPT2/cpp_1/chapt2_ws/install/demo_cpp_pkg/share/demo_cpp_pkg/environment/ament_prefix_path.sh
[0.076s] -- Up-to-date: /home/nkh/ROS2/CHAPT2/cpp_1/chapt2_ws/install/demo_cpp_pkg/share/demo_cpp_pkg/environment/ament_prefix_path.dsv
[0.076s] -- Up-to-date: /home/nkh/ROS2/CHAPT2/cpp_1/chapt2_ws/install/demo_cpp_pkg/share/demo_cpp_pkg/environment/path.sh
[0.076s] -- Up-to-date: /home/nkh/ROS2/CHAPT2/cpp_1/chapt2_ws/install/demo_cpp_pkg/share/demo_cpp_pkg/environment/path.dsv
[0.076s] -- Up-to-date: /home/nkh/ROS2/CHAPT2/cpp_1/chapt2_ws/install/demo_cpp_pkg/share/demo_cpp_pkg/local_setup.bash
[0.076s] -- Up-to-date: /home/nkh/ROS2/CHAPT2/cpp_1/chapt2_ws/install/demo_cpp_pkg/share/demo_cpp_pkg/local_setup.sh
[0.076s] -- Up-to-date: /home/nkh/ROS2/CHAPT2/cpp_1/chapt2_ws/install/demo_cpp_pkg/share/demo_cpp_pkg/local_setup.zsh
[0.076s] -- Up-to-date: /home/nkh/ROS2/CHAPT2/cpp_1/chapt2_ws/install/demo_cpp_pkg/share/demo_cpp_pkg/local_setup.dsv
[0.078s] -- Installing: /home/nkh/ROS2/CHAPT2/cpp_1/chapt2_ws/install/demo_cpp_pkg/share/demo_cpp_pkg/package.dsv
[0.078s] -- Up-to-date: /home/nkh/ROS2/CHAPT2/cpp_1/chapt2_ws/install/demo_cpp_pkg/share/ament_index/resource_index/packages/demo_cpp_pkg
[0.078s] -- Up-to-date: /home/nkh/ROS2/CHAPT2/cpp_1/chapt2_ws/install/demo_cpp_pkg/share/demo_cpp_pkg/cmake/demo_cpp_pkgConfig.cmake
[0.078s] -- Up-to-date: /home/nkh/ROS2/CHAPT2/cpp_1/chapt2_ws/install/demo_cpp_pkg/share/demo_cpp_pkg/cmake/demo_cpp_pkgConfig-version.cmake
[0.078s] -- Up-to-date: /home/nkh/ROS2/CHAPT2/cpp_1/chapt2_ws/install/demo_cpp_pkg/share/demo_cpp_pkg/package.xml
[0.079s] Invoked command in '/home/nkh/ROS2/CHAPT2/cpp_1/chapt2_ws/build/demo_cpp_pkg' returned '0': CMAKE_PREFIX_PATH=/opt/ros/humble /usr/bin/cmake --install /home/nkh/ROS2/CHAPT2/cpp_1/chapt2_ws/build/demo_cpp_pkg
