[0.048s] DEBUG:colcon:Command line arguments: ['/usr/bin/colcon', 'build']
[0.048s] DEBUG:colcon:Parsed command line arguments: Namespace(log_base=None, log_level=None, verb_name='build', build_base='build', install_base='install', merge_install=False, symlink_install=False, test_result_base=None, continue_on_error=False, executor='parallel', parallel_workers=8, event_handlers=None, ignore_user_meta=False, metas=['./colcon.meta'], base_paths=['.'], packages_ignore=None, packages_ignore_regex=None, paths=None, packages_up_to=None, packages_up_to_regex=None, packages_above=None, packages_above_and_dependencies=None, packages_above_depth=None, packages_select_by_dep=None, packages_skip_by_dep=None, packages_skip_up_to=None, packages_select_build_failed=False, packages_skip_build_finished=False, packages_select_test_failures=False, packages_skip_test_passed=False, packages_select=None, packages_skip=None, packages_select_regex=None, packages_skip_regex=None, packages_start=None, packages_end=None, allow_overriding=[], cmake_args=None, cmake_target=None, cmake_target_skip_unavailable=False, cmake_clean_cache=False, cmake_clean_first=False, cmake_force_configure=False, ament_cmake_args=None, catkin_cmake_args=None, catkin_skip_building_tests=False, verb_parser=<colcon_defaults.argument_parser.defaults.DefaultArgumentsDecorator object at 0x7fd3dece3580>, verb_extension=<colcon_core.verb.build.BuildVerb object at 0x7fd3dece3070>, main=<bound method BuildVerb.main of <colcon_core.verb.build.BuildVerb object at 0x7fd3dece3070>>)
[0.117s] Level 1:colcon.colcon_core.package_discovery:discover_packages(colcon_meta) check parameters
[0.117s] Level 1:colcon.colcon_core.package_discovery:discover_packages(recursive) check parameters
[0.117s] Level 1:colcon.colcon_core.package_discovery:discover_packages(ignore) check parameters
[0.117s] Level 1:colcon.colcon_core.package_discovery:discover_packages(path) check parameters
[0.117s] Level 1:colcon.colcon_core.package_discovery:discover_packages(colcon_meta) discover
[0.117s] Level 1:colcon.colcon_core.package_discovery:discover_packages(recursive) discover
[0.117s] INFO:colcon.colcon_core.package_discovery:Crawling recursively for packages in '/home/nkh/ROS2/CHAPT3_1/topic_ws'
[0.117s] Level 1:colcon.colcon_core.package_identification:_identify(.) by extensions ['ignore', 'ignore_ament_install']
[0.117s] Level 1:colcon.colcon_core.package_identification:_identify(.) by extension 'ignore'
[0.117s] Level 1:colcon.colcon_core.package_identification:_identify(.) by extension 'ignore_ament_install'
[0.117s] Level 1:colcon.colcon_core.package_identification:_identify(.) by extensions ['colcon_pkg']
[0.117s] Level 1:colcon.colcon_core.package_identification:_identify(.) by extension 'colcon_pkg'
[0.117s] Level 1:colcon.colcon_core.package_identification:_identify(.) by extensions ['colcon_meta']
[0.117s] Level 1:colcon.colcon_core.package_identification:_identify(.) by extension 'colcon_meta'
[0.117s] Level 1:colcon.colcon_core.package_identification:_identify(.) by extensions ['ros']
[0.117s] Level 1:colcon.colcon_core.package_identification:_identify(.) by extension 'ros'
[0.124s] Level 1:colcon.colcon_core.package_identification:_identify(.) by extensions ['cmake', 'python']
[0.124s] Level 1:colcon.colcon_core.package_identification:_identify(.) by extension 'cmake'
[0.125s] Level 1:colcon.colcon_core.package_identification:_identify(.) by extension 'python'
[0.125s] Level 1:colcon.colcon_core.package_identification:_identify(.) by extensions ['python_setup_py']
[0.125s] Level 1:colcon.colcon_core.package_identification:_identify(.) by extension 'python_setup_py'
[0.125s] Level 1:colcon.colcon_core.package_identification:_identify(build) by extensions ['ignore', 'ignore_ament_install']
[0.125s] Level 1:colcon.colcon_core.package_identification:_identify(build) by extension 'ignore'
[0.125s] Level 1:colcon.colcon_core.package_identification:_identify(build) ignored
[0.125s] Level 1:colcon.colcon_core.package_identification:_identify(install) by extensions ['ignore', 'ignore_ament_install']
[0.125s] Level 1:colcon.colcon_core.package_identification:_identify(install) by extension 'ignore'
[0.125s] Level 1:colcon.colcon_core.package_identification:_identify(install) ignored
[0.125s] Level 1:colcon.colcon_core.package_identification:_identify(log) by extensions ['ignore', 'ignore_ament_install']
[0.125s] Level 1:colcon.colcon_core.package_identification:_identify(log) by extension 'ignore'
[0.125s] Level 1:colcon.colcon_core.package_identification:_identify(log) ignored
[0.125s] Level 1:colcon.colcon_core.package_identification:_identify(src) by extensions ['ignore', 'ignore_ament_install']
[0.125s] Level 1:colcon.colcon_core.package_identification:_identify(src) by extension 'ignore'
[0.125s] Level 1:colcon.colcon_core.package_identification:_identify(src) by extension 'ignore_ament_install'
[0.125s] Level 1:colcon.colcon_core.package_identification:_identify(src) by extensions ['colcon_pkg']
[0.125s] Level 1:colcon.colcon_core.package_identification:_identify(src) by extension 'colcon_pkg'
[0.125s] Level 1:colcon.colcon_core.package_identification:_identify(src) by extensions ['colcon_meta']
[0.125s] Level 1:colcon.colcon_core.package_identification:_identify(src) by extension 'colcon_meta'
[0.125s] Level 1:colcon.colcon_core.package_identification:_identify(src) by extensions ['ros']
[0.125s] Level 1:colcon.colcon_core.package_identification:_identify(src) by extension 'ros'
[0.125s] Level 1:colcon.colcon_core.package_identification:_identify(src) by extensions ['cmake', 'python']
[0.125s] Level 1:colcon.colcon_core.package_identification:_identify(src) by extension 'cmake'
[0.125s] Level 1:colcon.colcon_core.package_identification:_identify(src) by extension 'python'
[0.125s] Level 1:colcon.colcon_core.package_identification:_identify(src) by extensions ['python_setup_py']
[0.125s] Level 1:colcon.colcon_core.package_identification:_identify(src) by extension 'python_setup_py'
[0.125s] Level 1:colcon.colcon_core.package_identification:_identify(src/demo_cpp_topic) by extensions ['ignore', 'ignore_ament_install']
[0.125s] Level 1:colcon.colcon_core.package_identification:_identify(src/demo_cpp_topic) by extension 'ignore'
[0.125s] Level 1:colcon.colcon_core.package_identification:_identify(src/demo_cpp_topic) by extension 'ignore_ament_install'
[0.125s] Level 1:colcon.colcon_core.package_identification:_identify(src/demo_cpp_topic) by extensions ['colcon_pkg']
[0.125s] Level 1:colcon.colcon_core.package_identification:_identify(src/demo_cpp_topic) by extension 'colcon_pkg'
[0.125s] Level 1:colcon.colcon_core.package_identification:_identify(src/demo_cpp_topic) by extensions ['colcon_meta']
[0.125s] Level 1:colcon.colcon_core.package_identification:_identify(src/demo_cpp_topic) by extension 'colcon_meta'
[0.125s] Level 1:colcon.colcon_core.package_identification:_identify(src/demo_cpp_topic) by extensions ['ros']
[0.125s] Level 1:colcon.colcon_core.package_identification:_identify(src/demo_cpp_topic) by extension 'ros'
[0.127s] DEBUG:colcon.colcon_core.package_identification:Package 'src/demo_cpp_topic' with type 'ros.ament_cmake' and name 'demo_cpp_topic'
[0.127s] Level 1:colcon.colcon_core.package_discovery:discover_packages(recursive) using defaults
[0.127s] Level 1:colcon.colcon_core.package_discovery:discover_packages(ignore) discover
[0.127s] Level 1:colcon.colcon_core.package_discovery:discover_packages(ignore) using defaults
[0.127s] Level 1:colcon.colcon_core.package_discovery:discover_packages(path) discover
[0.127s] Level 1:colcon.colcon_core.package_discovery:discover_packages(path) using defaults
[0.137s] Level 1:colcon.colcon_core.package_discovery:discover_packages(prefix_path) check parameters
[0.137s] Level 1:colcon.colcon_core.package_discovery:discover_packages(prefix_path) discover
[0.138s] DEBUG:colcon.colcon_installed_package_information.package_discovery:Found 1 installed packages in /home/nkh/ROS2/CHAPT3_1/topic_ws/install
[0.138s] DEBUG:colcon.colcon_installed_package_information.package_discovery:Found 271 installed packages in /opt/ros/humble
[0.140s] Level 1:colcon.colcon_core.package_discovery:discover_packages(prefix_path) using defaults
[0.162s] Level 5:colcon.colcon_core.verb:set package 'demo_cpp_topic' build argument 'cmake_args' from command line to 'None'
[0.162s] Level 5:colcon.colcon_core.verb:set package 'demo_cpp_topic' build argument 'cmake_target' from command line to 'None'
[0.162s] Level 5:colcon.colcon_core.verb:set package 'demo_cpp_topic' build argument 'cmake_target_skip_unavailable' from command line to 'False'
[0.162s] Level 5:colcon.colcon_core.verb:set package 'demo_cpp_topic' build argument 'cmake_clean_cache' from command line to 'False'
[0.162s] Level 5:colcon.colcon_core.verb:set package 'demo_cpp_topic' build argument 'cmake_clean_first' from command line to 'False'
[0.162s] Level 5:colcon.colcon_core.verb:set package 'demo_cpp_topic' build argument 'cmake_force_configure' from command line to 'False'
[0.163s] Level 5:colcon.colcon_core.verb:set package 'demo_cpp_topic' build argument 'ament_cmake_args' from command line to 'None'
[0.163s] Level 5:colcon.colcon_core.verb:set package 'demo_cpp_topic' build argument 'catkin_cmake_args' from command line to 'None'
[0.163s] Level 5:colcon.colcon_core.verb:set package 'demo_cpp_topic' build argument 'catkin_skip_building_tests' from command line to 'False'
[0.163s] DEBUG:colcon.colcon_core.verb:Building package 'demo_cpp_topic' with the following arguments: {'ament_cmake_args': None, 'build_base': '/home/nkh/ROS2/CHAPT3_1/topic_ws/build/demo_cpp_topic', 'catkin_cmake_args': None, 'catkin_skip_building_tests': False, 'cmake_args': None, 'cmake_clean_cache': False, 'cmake_clean_first': False, 'cmake_force_configure': False, 'cmake_target': None, 'cmake_target_skip_unavailable': False, 'install_base': '/home/nkh/ROS2/CHAPT3_1/topic_ws/install/demo_cpp_topic', 'merge_install': False, 'path': '/home/nkh/ROS2/CHAPT3_1/topic_ws/src/demo_cpp_topic', 'symlink_install': False, 'test_result_base': None}
[0.163s] INFO:colcon.colcon_core.executor:Executing jobs using 'parallel' executor
[0.163s] DEBUG:colcon.colcon_parallel_executor.executor.parallel:run_until_complete
[0.163s] INFO:colcon.colcon_ros.task.ament_cmake.build:Building ROS package in '/home/nkh/ROS2/CHAPT3_1/topic_ws/src/demo_cpp_topic' with build type 'ament_cmake'
[0.164s] INFO:colcon.colcon_cmake.task.cmake.build:Building CMake package in '/home/nkh/ROS2/CHAPT3_1/topic_ws/src/demo_cpp_topic'
[0.165s] INFO:colcon.colcon_core.plugin_system:Skipping extension 'colcon_core.shell.bat': Not used on non-Windows systems
[0.165s] INFO:colcon.colcon_core.shell:Skip shell extension 'powershell' for command environment: Not usable outside of PowerShell
[0.165s] DEBUG:colcon.colcon_core.shell:Skip shell extension 'dsv' for command environment
[0.171s] DEBUG:colcon.colcon_core.event_handler.log_command:Invoking command in '/home/nkh/ROS2/CHAPT3_1/topic_ws/build/demo_cpp_topic': CMAKE_PREFIX_PATH=${CMAKE_PREFIX_PATH}:/opt/ros/humble /usr/bin/cmake --build /home/nkh/ROS2/CHAPT3_1/topic_ws/build/demo_cpp_topic -- -j8 -l8
[4.996s] DEBUG:colcon.colcon_core.event_handler.log_command:Invoked command in '/home/nkh/ROS2/CHAPT3_1/topic_ws/build/demo_cpp_topic' returned '0': CMAKE_PREFIX_PATH=${CMAKE_PREFIX_PATH}:/opt/ros/humble /usr/bin/cmake --build /home/nkh/ROS2/CHAPT3_1/topic_ws/build/demo_cpp_topic -- -j8 -l8
[5.001s] DEBUG:colcon.colcon_core.event_handler.log_command:Invoking command in '/home/nkh/ROS2/CHAPT3_1/topic_ws/build/demo_cpp_topic': CMAKE_PREFIX_PATH=${CMAKE_PREFIX_PATH}:/opt/ros/humble /usr/bin/cmake --install /home/nkh/ROS2/CHAPT3_1/topic_ws/build/demo_cpp_topic
[5.009s] Level 1:colcon.colcon_core.environment:create_environment_scripts_only(demo_cpp_topic)
[5.009s] DEBUG:colcon.colcon_core.event_handler.log_command:Invoked command in '/home/nkh/ROS2/CHAPT3_1/topic_ws/build/demo_cpp_topic' returned '0': CMAKE_PREFIX_PATH=${CMAKE_PREFIX_PATH}:/opt/ros/humble /usr/bin/cmake --install /home/nkh/ROS2/CHAPT3_1/topic_ws/build/demo_cpp_topic
[5.010s] Level 1:colcon.colcon_core.environment:checking '/home/nkh/ROS2/CHAPT3_1/topic_ws/install/demo_cpp_topic' for CMake module files
[5.010s] Level 1:colcon.colcon_core.environment:checking '/home/nkh/ROS2/CHAPT3_1/topic_ws/install/demo_cpp_topic' for CMake config files
[5.010s] Level 1:colcon.colcon_core.shell:create_environment_hook('demo_cpp_topic', 'cmake_prefix_path')
[5.010s] INFO:colcon.colcon_core.shell:Creating environment hook '/home/nkh/ROS2/CHAPT3_1/topic_ws/install/demo_cpp_topic/share/demo_cpp_topic/hook/cmake_prefix_path.ps1'
[5.011s] INFO:colcon.colcon_core.shell:Creating environment descriptor '/home/nkh/ROS2/CHAPT3_1/topic_ws/install/demo_cpp_topic/share/demo_cpp_topic/hook/cmake_prefix_path.dsv'
[5.011s] INFO:colcon.colcon_core.shell:Creating environment hook '/home/nkh/ROS2/CHAPT3_1/topic_ws/install/demo_cpp_topic/share/demo_cpp_topic/hook/cmake_prefix_path.sh'
[5.012s] Level 1:colcon.colcon_core.environment:checking '/home/nkh/ROS2/CHAPT3_1/topic_ws/install/demo_cpp_topic/lib'
[5.012s] Level 1:colcon.colcon_core.environment:checking '/home/nkh/ROS2/CHAPT3_1/topic_ws/install/demo_cpp_topic/bin'
[5.012s] Level 1:colcon.colcon_core.environment:checking '/home/nkh/ROS2/CHAPT3_1/topic_ws/install/demo_cpp_topic/lib/pkgconfig/demo_cpp_topic.pc'
[5.012s] Level 1:colcon.colcon_core.environment:checking '/home/nkh/ROS2/CHAPT3_1/topic_ws/install/demo_cpp_topic/lib/python3.10/site-packages'
[5.012s] Level 1:colcon.colcon_core.environment:checking '/home/nkh/ROS2/CHAPT3_1/topic_ws/install/demo_cpp_topic/bin'
[5.012s] INFO:colcon.colcon_core.shell:Creating package script '/home/nkh/ROS2/CHAPT3_1/topic_ws/install/demo_cpp_topic/share/demo_cpp_topic/package.ps1'
[5.013s] INFO:colcon.colcon_core.shell:Creating package descriptor '/home/nkh/ROS2/CHAPT3_1/topic_ws/install/demo_cpp_topic/share/demo_cpp_topic/package.dsv'
[5.013s] INFO:colcon.colcon_core.shell:Creating package script '/home/nkh/ROS2/CHAPT3_1/topic_ws/install/demo_cpp_topic/share/demo_cpp_topic/package.sh'
[5.013s] INFO:colcon.colcon_core.shell:Creating package script '/home/nkh/ROS2/CHAPT3_1/topic_ws/install/demo_cpp_topic/share/demo_cpp_topic/package.bash'
[5.014s] INFO:colcon.colcon_core.shell:Creating package script '/home/nkh/ROS2/CHAPT3_1/topic_ws/install/demo_cpp_topic/share/demo_cpp_topic/package.zsh'
[5.015s] Level 1:colcon.colcon_core.environment:create_file_with_runtime_dependencies(/home/nkh/ROS2/CHAPT3_1/topic_ws/install/demo_cpp_topic/share/colcon-core/packages/demo_cpp_topic)
[5.015s] Level 1:colcon.colcon_core.environment:create_environment_scripts_only(demo_cpp_topic)
[5.015s] Level 1:colcon.colcon_core.environment:checking '/home/nkh/ROS2/CHAPT3_1/topic_ws/install/demo_cpp_topic' for CMake module files
[5.015s] Level 1:colcon.colcon_core.environment:checking '/home/nkh/ROS2/CHAPT3_1/topic_ws/install/demo_cpp_topic' for CMake config files
[5.015s] Level 1:colcon.colcon_core.shell:create_environment_hook('demo_cpp_topic', 'cmake_prefix_path')
[5.016s] INFO:colcon.colcon_core.shell:Creating environment hook '/home/nkh/ROS2/CHAPT3_1/topic_ws/install/demo_cpp_topic/share/demo_cpp_topic/hook/cmake_prefix_path.ps1'
[5.016s] INFO:colcon.colcon_core.shell:Creating environment descriptor '/home/nkh/ROS2/CHAPT3_1/topic_ws/install/demo_cpp_topic/share/demo_cpp_topic/hook/cmake_prefix_path.dsv'
[5.016s] INFO:colcon.colcon_core.shell:Creating environment hook '/home/nkh/ROS2/CHAPT3_1/topic_ws/install/demo_cpp_topic/share/demo_cpp_topic/hook/cmake_prefix_path.sh'
[5.016s] Level 1:colcon.colcon_core.environment:checking '/home/nkh/ROS2/CHAPT3_1/topic_ws/install/demo_cpp_topic/lib'
[5.016s] Level 1:colcon.colcon_core.environment:checking '/home/nkh/ROS2/CHAPT3_1/topic_ws/install/demo_cpp_topic/bin'
[5.016s] Level 1:colcon.colcon_core.environment:checking '/home/nkh/ROS2/CHAPT3_1/topic_ws/install/demo_cpp_topic/lib/pkgconfig/demo_cpp_topic.pc'
[5.017s] Level 1:colcon.colcon_core.environment:checking '/home/nkh/ROS2/CHAPT3_1/topic_ws/install/demo_cpp_topic/lib/python3.10/site-packages'
[5.017s] Level 1:colcon.colcon_core.environment:checking '/home/nkh/ROS2/CHAPT3_1/topic_ws/install/demo_cpp_topic/bin'
[5.017s] INFO:colcon.colcon_core.shell:Creating package script '/home/nkh/ROS2/CHAPT3_1/topic_ws/install/demo_cpp_topic/share/demo_cpp_topic/package.ps1'
[5.017s] INFO:colcon.colcon_core.shell:Creating package descriptor '/home/nkh/ROS2/CHAPT3_1/topic_ws/install/demo_cpp_topic/share/demo_cpp_topic/package.dsv'
[5.017s] INFO:colcon.colcon_core.shell:Creating package script '/home/nkh/ROS2/CHAPT3_1/topic_ws/install/demo_cpp_topic/share/demo_cpp_topic/package.sh'
[5.018s] INFO:colcon.colcon_core.shell:Creating package script '/home/nkh/ROS2/CHAPT3_1/topic_ws/install/demo_cpp_topic/share/demo_cpp_topic/package.bash'
[5.018s] INFO:colcon.colcon_core.shell:Creating package script '/home/nkh/ROS2/CHAPT3_1/topic_ws/install/demo_cpp_topic/share/demo_cpp_topic/package.zsh'
[5.018s] Level 1:colcon.colcon_core.environment:create_file_with_runtime_dependencies(/home/nkh/ROS2/CHAPT3_1/topic_ws/install/demo_cpp_topic/share/colcon-core/packages/demo_cpp_topic)
[5.019s] DEBUG:colcon.colcon_parallel_executor.executor.parallel:closing loop
[5.019s] DEBUG:colcon.colcon_parallel_executor.executor.parallel:loop closed
[5.020s] DEBUG:colcon.colcon_parallel_executor.executor.parallel:run_until_complete finished with '0'
[5.020s] DEBUG:colcon.colcon_core.event_reactor:joining thread
[5.024s] INFO:colcon.colcon_core.plugin_system:Skipping extension 'colcon_notification.desktop_notification.terminal_notifier': Not used on non-Darwin systems
[5.025s] INFO:colcon.colcon_core.plugin_system:Skipping extension 'colcon_notification.desktop_notification.win32': Not used on non-Windows systems
[5.025s] INFO:colcon.colcon_notification.desktop_notification:Sending desktop notification using 'notify2'
[5.034s] DEBUG:colcon.colcon_core.event_reactor:joined thread
[5.034s] INFO:colcon.colcon_core.shell:Creating prefix script '/home/nkh/ROS2/CHAPT3_1/topic_ws/install/local_setup.ps1'
[5.035s] INFO:colcon.colcon_core.shell:Creating prefix util module '/home/nkh/ROS2/CHAPT3_1/topic_ws/install/_local_setup_util_ps1.py'
[5.036s] INFO:colcon.colcon_core.shell:Creating prefix chain script '/home/nkh/ROS2/CHAPT3_1/topic_ws/install/setup.ps1'
[5.036s] INFO:colcon.colcon_core.shell:Creating prefix script '/home/nkh/ROS2/CHAPT3_1/topic_ws/install/local_setup.sh'
[5.037s] INFO:colcon.colcon_core.shell:Creating prefix util module '/home/nkh/ROS2/CHAPT3_1/topic_ws/install/_local_setup_util_sh.py'
[5.038s] INFO:colcon.colcon_core.shell:Creating prefix chain script '/home/nkh/ROS2/CHAPT3_1/topic_ws/install/setup.sh'
[5.038s] INFO:colcon.colcon_core.shell:Creating prefix script '/home/nkh/ROS2/CHAPT3_1/topic_ws/install/local_setup.bash'
[5.039s] INFO:colcon.colcon_core.shell:Creating prefix chain script '/home/nkh/ROS2/CHAPT3_1/topic_ws/install/setup.bash'
[5.039s] INFO:colcon.colcon_core.shell:Creating prefix script '/home/nkh/ROS2/CHAPT3_1/topic_ws/install/local_setup.zsh'
[5.039s] INFO:colcon.colcon_core.shell:Creating prefix chain script '/home/nkh/ROS2/CHAPT3_1/topic_ws/install/setup.zsh'
