[0.009s] Invoking command in '/home/nkh/ROS2/CHAPT4/build/demo_cpp_service': CMAKE_PREFIX_PATH=/home/nkh/ROS2/CHAPT4/install/chapt4_interfaces:/home/nkh/ROS2/CHAPT4/install/demo_cpp_service:/home/nkh/ROS2/CHAPT4/install/demo_python_service:/opt/ros/humble /usr/bin/cmake --build /home/nkh/ROS2/CHAPT4/build/demo_cpp_service -- -j8 -l8
[0.034s] [35m[1mConsolidate compiler generated dependencies of target partol_client[0m
[0.043s] [ 25%] [32mBuilding CXX object CMakeFiles/partol_client.dir/src/partol_client.cpp.o[0m
[0.043s] [ 75%] Built target turtle_control
[1.885s] [100%] [32m[1mLinking CXX executable partol_client[0m
[1.970s] [100%] Built target partol_client
[1.976s] Invoked command in '/home/nkh/ROS2/CHAPT4/build/demo_cpp_service' returned '0': CMAKE_PREFIX_PATH=/home/nkh/ROS2/CHAPT4/install/chapt4_interfaces:/home/nkh/ROS2/CHAPT4/install/demo_cpp_service:/home/nkh/ROS2/CHAPT4/install/demo_python_service:/opt/ros/humble /usr/bin/cmake --build /home/nkh/ROS2/CHAPT4/build/demo_cpp_service -- -j8 -l8
[1.977s] Invoking command in '/home/nkh/ROS2/CHAPT4/build/demo_cpp_service': CMAKE_PREFIX_PATH=/home/nkh/ROS2/CHAPT4/install/chapt4_interfaces:/home/nkh/ROS2/CHAPT4/install/demo_cpp_service:/home/nkh/ROS2/CHAPT4/install/demo_python_service:/opt/ros/humble /usr/bin/cmake --install /home/nkh/ROS2/CHAPT4/build/demo_cpp_service
[1.983s] -- Install configuration: ""
[1.983s] -- Up-to-date: /home/nkh/ROS2/CHAPT4/install/demo_cpp_service/lib/demo_cpp_service/turtle_control
[1.983s] -- Installing: /home/nkh/ROS2/CHAPT4/install/demo_cpp_service/lib/demo_cpp_service/partol_client
[1.983s] -- Set runtime path of "/home/nkh/ROS2/CHAPT4/install/demo_cpp_service/lib/demo_cpp_service/partol_client" to ""
[1.983s] -- Up-to-date: /home/nkh/ROS2/CHAPT4/install/demo_cpp_service/share/ament_index/resource_index/package_run_dependencies/demo_cpp_service
[1.983s] -- Up-to-date: /home/nkh/ROS2/CHAPT4/install/demo_cpp_service/share/ament_index/resource_index/parent_prefix_path/demo_cpp_service
[1.983s] -- Up-to-date: /home/nkh/ROS2/CHAPT4/install/demo_cpp_service/share/demo_cpp_service/environment/ament_prefix_path.sh
[1.983s] -- Up-to-date: /home/nkh/ROS2/CHAPT4/install/demo_cpp_service/share/demo_cpp_service/environment/ament_prefix_path.dsv
[1.983s] -- Up-to-date: /home/nkh/ROS2/CHAPT4/install/demo_cpp_service/share/demo_cpp_service/environment/path.sh
[1.983s] -- Up-to-date: /home/nkh/ROS2/CHAPT4/install/demo_cpp_service/share/demo_cpp_service/environment/path.dsv
[1.983s] -- Up-to-date: /home/nkh/ROS2/CHAPT4/install/demo_cpp_service/share/demo_cpp_service/local_setup.bash
[1.983s] -- Up-to-date: /home/nkh/ROS2/CHAPT4/install/demo_cpp_service/share/demo_cpp_service/local_setup.sh
[1.983s] -- Up-to-date: /home/nkh/ROS2/CHAPT4/install/demo_cpp_service/share/demo_cpp_service/local_setup.zsh
[1.983s] -- Up-to-date: /home/nkh/ROS2/CHAPT4/install/demo_cpp_service/share/demo_cpp_service/local_setup.dsv
[1.983s] -- Installing: /home/nkh/ROS2/CHAPT4/install/demo_cpp_service/share/demo_cpp_service/package.dsv
[1.983s] -- Up-to-date: /home/nkh/ROS2/CHAPT4/install/demo_cpp_service/share/ament_index/resource_index/packages/demo_cpp_service
[1.983s] -- Up-to-date: /home/nkh/ROS2/CHAPT4/install/demo_cpp_service/share/demo_cpp_service/cmake/demo_cpp_serviceConfig.cmake
[1.983s] -- Up-to-date: /home/nkh/ROS2/CHAPT4/install/demo_cpp_service/share/demo_cpp_service/cmake/demo_cpp_serviceConfig-version.cmake
[1.983s] -- Up-to-date: /home/nkh/ROS2/CHAPT4/install/demo_cpp_service/share/demo_cpp_service/package.xml
[1.984s] Invoked command in '/home/nkh/ROS2/CHAPT4/build/demo_cpp_service' returned '0': CMAKE_PREFIX_PATH=/home/nkh/ROS2/CHAPT4/install/chapt4_interfaces:/home/nkh/ROS2/CHAPT4/install/demo_cpp_service:/home/nkh/ROS2/CHAPT4/install/demo_python_service:/opt/ros/humble /usr/bin/cmake --install /home/nkh/ROS2/CHAPT4/build/demo_cpp_service
