[0.010s] Invoking command in '/home/nkh/ROS2/CHAPT5/build/demo_cpp_tf': CMAKE_PREFIX_PATH=${CMAKE_PREFIX_PATH}:/home/nkh/ROS2/CHAPT5/install/demo_python_tf:/opt/ros/humble /usr/bin/cmake --build /home/nkh/ROS2/CHAPT5/build/demo_cpp_tf -- -j8 -l8
[0.040s] [35m[1mConsolidate compiler generated dependencies of target tf_listener[0m
[0.049s] [ 33%] Built target dynamic_tf_boardcaster
[0.049s] [ 66%] Built target static_tf_boardcaster
[0.050s] [ 83%] [32mBuilding CXX object CMakeFiles/tf_listener.dir/src/tf_listener.cpp.o[0m
[4.608s] [100%] [32m[1mLinking CXX executable tf_listener[0m
[4.833s] [100%] Built target tf_listener
[4.839s] Invoked command in '/home/nkh/ROS2/CHAPT5/build/demo_cpp_tf' returned '0': CMAKE_PREFIX_PATH=${CMAKE_PREFIX_PATH}:/home/nkh/ROS2/CHAPT5/install/demo_python_tf:/opt/ros/humble /usr/bin/cmake --build /home/nkh/ROS2/CHAPT5/build/demo_cpp_tf -- -j8 -l8
[4.844s] Invoking command in '/home/nkh/ROS2/CHAPT5/build/demo_cpp_tf': CMAKE_PREFIX_PATH=${CMAKE_PREFIX_PATH}:/home/nkh/ROS2/CHAPT5/install/demo_python_tf:/opt/ros/humble /usr/bin/cmake --install /home/nkh/ROS2/CHAPT5/build/demo_cpp_tf
[4.850s] -- Install configuration: ""
[4.850s] -- Up-to-date: /home/nkh/ROS2/CHAPT5/install/demo_cpp_tf/lib/demo_cpp_tf/static_tf_boardcaster
[4.850s] -- Up-to-date: /home/nkh/ROS2/CHAPT5/install/demo_cpp_tf/lib/demo_cpp_tf/dynamic_tf_boardcaster
[4.851s] -- Installing: /home/nkh/ROS2/CHAPT5/install/demo_cpp_tf/lib/demo_cpp_tf/tf_listener
[4.851s] -- Set runtime path of "/home/nkh/ROS2/CHAPT5/install/demo_cpp_tf/lib/demo_cpp_tf/tf_listener" to ""
[4.852s] -- Up-to-date: /home/nkh/ROS2/CHAPT5/install/demo_cpp_tf/share/ament_index/resource_index/package_run_dependencies/demo_cpp_tf
[4.852s] -- Up-to-date: /home/nkh/ROS2/CHAPT5/install/demo_cpp_tf/share/ament_index/resource_index/parent_prefix_path/demo_cpp_tf
[4.852s] -- Up-to-date: /home/nkh/ROS2/CHAPT5/install/demo_cpp_tf/share/demo_cpp_tf/environment/ament_prefix_path.sh
[4.852s] -- Up-to-date: /home/nkh/ROS2/CHAPT5/install/demo_cpp_tf/share/demo_cpp_tf/environment/ament_prefix_path.dsv
[4.852s] -- Up-to-date: /home/nkh/ROS2/CHAPT5/install/demo_cpp_tf/share/demo_cpp_tf/environment/path.sh
[4.852s] -- Up-to-date: /home/nkh/ROS2/CHAPT5/install/demo_cpp_tf/share/demo_cpp_tf/environment/path.dsv
[4.852s] -- Up-to-date: /home/nkh/ROS2/CHAPT5/install/demo_cpp_tf/share/demo_cpp_tf/local_setup.bash
[4.852s] -- Up-to-date: /home/nkh/ROS2/CHAPT5/install/demo_cpp_tf/share/demo_cpp_tf/local_setup.sh
[4.852s] -- Up-to-date: /home/nkh/ROS2/CHAPT5/install/demo_cpp_tf/share/demo_cpp_tf/local_setup.zsh
[4.852s] -- Up-to-date: /home/nkh/ROS2/CHAPT5/install/demo_cpp_tf/share/demo_cpp_tf/local_setup.dsv
[4.852s] -- Installing: /home/nkh/ROS2/CHAPT5/install/demo_cpp_tf/share/demo_cpp_tf/package.dsv
[4.852s] -- Up-to-date: /home/nkh/ROS2/CHAPT5/install/demo_cpp_tf/share/ament_index/resource_index/packages/demo_cpp_tf
[4.852s] -- Up-to-date: /home/nkh/ROS2/CHAPT5/install/demo_cpp_tf/share/demo_cpp_tf/cmake/demo_cpp_tfConfig.cmake
[4.852s] -- Up-to-date: /home/nkh/ROS2/CHAPT5/install/demo_cpp_tf/share/demo_cpp_tf/cmake/demo_cpp_tfConfig-version.cmake
[4.852s] -- Up-to-date: /home/nkh/ROS2/CHAPT5/install/demo_cpp_tf/share/demo_cpp_tf/package.xml
[4.854s] Invoked command in '/home/nkh/ROS2/CHAPT5/build/demo_cpp_tf' returned '0': CMAKE_PREFIX_PATH=${CMAKE_PREFIX_PATH}:/home/nkh/ROS2/CHAPT5/install/demo_python_tf:/opt/ros/humble /usr/bin/cmake --install /home/nkh/ROS2/CHAPT5/build/demo_cpp_tf
