[0.271s] Invoking command in '/home/nkh/ROS2/CHAPT3/topic_ws/src/demo_python_topic': PYTHONPATH=/home/nkh/ROS2/CHAPT3/topic_ws/build/demo_python_topic/prefix_override:/usr/lib/python3/dist-packages/colcon_core/task/python/colcon_distutils_commands:/home/nkh/ROS2/CHAPT3/topic_ws/install/demo_python_topic/lib/python3.10/site-packages:${PYTHONPATH} /usr/bin/python3 -W ignore:setup.py install is deprecated -W ignore:easy_install command is deprecated setup.py egg_info --egg-base ../../build/demo_python_topic build --build-base /home/nkh/ROS2/CHAPT3/topic_ws/build/demo_python_topic/build install --record /home/nkh/ROS2/CHAPT3/topic_ws/build/demo_python_topic/install.log --single-version-externally-managed install_data
[0.371s] running egg_info
[0.371s] writing ../../build/demo_python_topic/demo_python_topic.egg-info/PKG-INFO
[0.371s] writing dependency_links to ../../build/demo_python_topic/demo_python_topic.egg-info/dependency_links.txt
[0.371s] writing entry points to ../../build/demo_python_topic/demo_python_topic.egg-info/entry_points.txt
[0.371s] writing requirements to ../../build/demo_python_topic/demo_python_topic.egg-info/requires.txt
[0.371s] writing top-level names to ../../build/demo_python_topic/demo_python_topic.egg-info/top_level.txt
[0.372s] reading manifest file '../../build/demo_python_topic/demo_python_topic.egg-info/SOURCES.txt'
[0.372s] adding license file 'LICENSE'
[0.373s] writing manifest file '../../build/demo_python_topic/demo_python_topic.egg-info/SOURCES.txt'
[0.373s] running build
[0.373s] running build_py
[0.373s] copying demo_python_topic/novel_pub_node.py -> /home/nkh/ROS2/CHAPT3/topic_ws/build/demo_python_topic/build/lib/demo_python_topic
[0.373s] running install
[0.373s] running install_lib
[0.374s] copying /home/nkh/ROS2/CHAPT3/topic_ws/build/demo_python_topic/build/lib/demo_python_topic/novel_pub_node.py -> /home/nkh/ROS2/CHAPT3/topic_ws/install/demo_python_topic/lib/python3.10/site-packages/demo_python_topic
[0.374s] byte-compiling /home/nkh/ROS2/CHAPT3/topic_ws/install/demo_python_topic/lib/python3.10/site-packages/demo_python_topic/novel_pub_node.py to novel_pub_node.cpython-310.pyc
[0.374s] running install_data
[0.374s] running install_egg_info
[0.375s] removing '/home/nkh/ROS2/CHAPT3/topic_ws/install/demo_python_topic/lib/python3.10/site-packages/demo_python_topic-0.0.0-py3.10.egg-info' (and everything under it)
[0.378s] Copying ../../build/demo_python_topic/demo_python_topic.egg-info to /home/nkh/ROS2/CHAPT3/topic_ws/install/demo_python_topic/lib/python3.10/site-packages/demo_python_topic-0.0.0-py3.10.egg-info
[0.378s] running install_scripts
[0.387s] Installing novel_pub_node script to /home/nkh/ROS2/CHAPT3/topic_ws/install/demo_python_topic/lib/demo_python_topic
[0.388s] writing list of installed files to '/home/nkh/ROS2/CHAPT3/topic_ws/build/demo_python_topic/install.log'
[0.399s] Invoked command in '/home/nkh/ROS2/CHAPT3/topic_ws/src/demo_python_topic' returned '0': PYTHONPATH=/home/nkh/ROS2/CHAPT3/topic_ws/build/demo_python_topic/prefix_override:/usr/lib/python3/dist-packages/colcon_core/task/python/colcon_distutils_commands:/home/nkh/ROS2/CHAPT3/topic_ws/install/demo_python_topic/lib/python3.10/site-packages:${PYTHONPATH} /usr/bin/python3 -W ignore:setup.py install is deprecated -W ignore:easy_install command is deprecated setup.py egg_info --egg-base ../../build/demo_python_topic build --build-base /home/nkh/ROS2/CHAPT3/topic_ws/build/demo_python_topic/build install --record /home/nkh/ROS2/CHAPT3/topic_ws/build/demo_python_topic/install.log --single-version-externally-managed install_data
