running egg_info
creating ../build/demo_python_pkg/demo_python_pkg.egg-info
writing ../build/demo_python_pkg/demo_python_pkg.egg-info/PKG-INFO
writing dependency_links to ../build/demo_python_pkg/demo_python_pkg.egg-info/dependency_links.txt
writing entry points to ../build/demo_python_pkg/demo_python_pkg.egg-info/entry_points.txt
writing requirements to ../build/demo_python_pkg/demo_python_pkg.egg-info/requires.txt
writing top-level names to ../build/demo_python_pkg/demo_python_pkg.egg-info/top_level.txt
writing manifest file '../build/demo_python_pkg/demo_python_pkg.egg-info/SOURCES.txt'
reading manifest file '../build/demo_python_pkg/demo_python_pkg.egg-info/SOURCES.txt'
adding license file 'LICENSE'
writing manifest file '../build/demo_python_pkg/demo_python_pkg.egg-info/SOURCES.txt'
running build
running build_py
creating /home/nkh/ROS2/CHAPT2/python/build/demo_python_pkg/build
creating /home/nkh/ROS2/CHAPT2/python/build/demo_python_pkg/build/lib
creating /home/nkh/ROS2/CHAPT2/python/build/demo_python_pkg/build/lib/demo_python_pkg
copying demo_python_pkg/__init__.py -> /home/nkh/ROS2/CHAPT2/python/build/demo_python_pkg/build/lib/demo_python_pkg
copying demo_python_pkg/python_node.py -> /home/nkh/ROS2/CHAPT2/python/build/demo_python_pkg/build/lib/demo_python_pkg
running install
running install_lib
creating /home/nkh/ROS2/CHAPT2/python/install/demo_python_pkg/lib/python3.10/site-packages/demo_python_pkg
copying /home/nkh/ROS2/CHAPT2/python/build/demo_python_pkg/build/lib/demo_python_pkg/__init__.py -> /home/nkh/ROS2/CHAPT2/python/install/demo_python_pkg/lib/python3.10/site-packages/demo_python_pkg
copying /home/nkh/ROS2/CHAPT2/python/build/demo_python_pkg/build/lib/demo_python_pkg/python_node.py -> /home/nkh/ROS2/CHAPT2/python/install/demo_python_pkg/lib/python3.10/site-packages/demo_python_pkg
byte-compiling /home/nkh/ROS2/CHAPT2/python/install/demo_python_pkg/lib/python3.10/site-packages/demo_python_pkg/__init__.py to __init__.cpython-310.pyc
byte-compiling /home/nkh/ROS2/CHAPT2/python/install/demo_python_pkg/lib/python3.10/site-packages/demo_python_pkg/python_node.py to python_node.cpython-310.pyc
running install_data
creating /home/nkh/ROS2/CHAPT2/python/install/demo_python_pkg/share/ament_index
creating /home/nkh/ROS2/CHAPT2/python/install/demo_python_pkg/share/ament_index/resource_index
creating /home/nkh/ROS2/CHAPT2/python/install/demo_python_pkg/share/ament_index/resource_index/packages
copying resource/demo_python_pkg -> /home/nkh/ROS2/CHAPT2/python/install/demo_python_pkg/share/ament_index/resource_index/packages
copying package.xml -> /home/nkh/ROS2/CHAPT2/python/install/demo_python_pkg/share/demo_python_pkg
running install_egg_info
Copying ../build/demo_python_pkg/demo_python_pkg.egg-info to /home/nkh/ROS2/CHAPT2/python/install/demo_python_pkg/lib/python3.10/site-packages/demo_python_pkg-0.0.0-py3.10.egg-info
running install_scripts
Installing python_node script to /home/nkh/ROS2/CHAPT2/python/install/demo_python_pkg/lib/demo_python_pkg
writing list of installed files to '/home/nkh/ROS2/CHAPT2/python/build/demo_python_pkg/install.log'
