[0.007s] Invoking command in '/home/nkh/ROS2/CHAPT3_1/topic_ws/build/demo_cpp_topic': CMAKE_PREFIX_PATH=${CMAKE_PREFIX_PATH}:/opt/ros/humble /usr/bin/cmake --build /home/nkh/ROS2/CHAPT3_1/topic_ws/build/demo_cpp_topic -- -j8 -l8
[0.036s] [35m[1mConsolidate compiler generated dependencies of target turtle_control[0m
[0.042s] [ 50%] Built target turtle_circle
[0.043s] [ 75%] [32mBuilding CXX object CMakeFiles/turtle_control.dir/src/turtle_control.cpp.o[0m
[4.606s] [100%] [32m[1mLinking CXX executable turtle_control[0m
[4.825s] [100%] Built target turtle_control
[4.832s] Invoked command in '/home/nkh/ROS2/CHAPT3_1/topic_ws/build/demo_cpp_topic' returned '0': CMAKE_PREFIX_PATH=${CMAKE_PREFIX_PATH}:/opt/ros/humble /usr/bin/cmake --build /home/nkh/ROS2/CHAPT3_1/topic_ws/build/demo_cpp_topic -- -j8 -l8
[4.838s] Invoking command in '/home/nkh/ROS2/CHAPT3_1/topic_ws/build/demo_cpp_topic': CMAKE_PREFIX_PATH=${CMAKE_PREFIX_PATH}:/opt/ros/humble /usr/bin/cmake --install /home/nkh/ROS2/CHAPT3_1/topic_ws/build/demo_cpp_topic
[4.841s] -- Install configuration: ""
[4.841s] -- Up-to-date: /home/nkh/ROS2/CHAPT3_1/topic_ws/install/demo_cpp_topic/lib/demo_cpp_topic/turtle_circle
[4.844s] -- Installing: /home/nkh/ROS2/CHAPT3_1/topic_ws/install/demo_cpp_topic/lib/demo_cpp_topic/turtle_control
[4.844s] -- Set runtime path of "/home/nkh/ROS2/CHAPT3_1/topic_ws/install/demo_cpp_topic/lib/demo_cpp_topic/turtle_control" to ""
[4.844s] -- Up-to-date: /home/nkh/ROS2/CHAPT3_1/topic_ws/install/demo_cpp_topic/share/ament_index/resource_index/package_run_dependencies/demo_cpp_topic
[4.844s] -- Up-to-date: /home/nkh/ROS2/CHAPT3_1/topic_ws/install/demo_cpp_topic/share/ament_index/resource_index/parent_prefix_path/demo_cpp_topic
[4.844s] -- Up-to-date: /home/nkh/ROS2/CHAPT3_1/topic_ws/install/demo_cpp_topic/share/demo_cpp_topic/environment/ament_prefix_path.sh
[4.844s] -- Up-to-date: /home/nkh/ROS2/CHAPT3_1/topic_ws/install/demo_cpp_topic/share/demo_cpp_topic/environment/ament_prefix_path.dsv
[4.844s] -- Up-to-date: /home/nkh/ROS2/CHAPT3_1/topic_ws/install/demo_cpp_topic/share/demo_cpp_topic/environment/path.sh
[4.844s] -- Up-to-date: /home/nkh/ROS2/CHAPT3_1/topic_ws/install/demo_cpp_topic/share/demo_cpp_topic/environment/path.dsv
[4.844s] -- Up-to-date: /home/nkh/ROS2/CHAPT3_1/topic_ws/install/demo_cpp_topic/share/demo_cpp_topic/local_setup.bash
[4.844s] -- Up-to-date: /home/nkh/ROS2/CHAPT3_1/topic_ws/install/demo_cpp_topic/share/demo_cpp_topic/local_setup.sh
[4.844s] -- Up-to-date: /home/nkh/ROS2/CHAPT3_1/topic_ws/install/demo_cpp_topic/share/demo_cpp_topic/local_setup.zsh
[4.844s] -- Up-to-date: /home/nkh/ROS2/CHAPT3_1/topic_ws/install/demo_cpp_topic/share/demo_cpp_topic/local_setup.dsv
[4.844s] -- Installing: /home/nkh/ROS2/CHAPT3_1/topic_ws/install/demo_cpp_topic/share/demo_cpp_topic/package.dsv
[4.844s] -- Up-to-date: /home/nkh/ROS2/CHAPT3_1/topic_ws/install/demo_cpp_topic/share/ament_index/resource_index/packages/demo_cpp_topic
[4.844s] -- Up-to-date: /home/nkh/ROS2/CHAPT3_1/topic_ws/install/demo_cpp_topic/share/demo_cpp_topic/cmake/demo_cpp_topicConfig.cmake
[4.844s] -- Up-to-date: /home/nkh/ROS2/CHAPT3_1/topic_ws/install/demo_cpp_topic/share/demo_cpp_topic/cmake/demo_cpp_topicConfig-version.cmake
[4.844s] -- Up-to-date: /home/nkh/ROS2/CHAPT3_1/topic_ws/install/demo_cpp_topic/share/demo_cpp_topic/package.xml
[4.845s] Invoked command in '/home/nkh/ROS2/CHAPT3_1/topic_ws/build/demo_cpp_topic' returned '0': CMAKE_PREFIX_PATH=${CMAKE_PREFIX_PATH}:/opt/ros/humble /usr/bin/cmake --install /home/nkh/ROS2/CHAPT3_1/topic_ws/build/demo_cpp_topic
